[2026-04-29T05:47:06.252+0000] {processor.py:186} INFO - Started process (PID=9946) to work on /home/ec2-user/environment/async-ai-inference-system/.venv/lib64/python3.9/site-packages/airflow/example_dags/subdags/subdag.py
[2026-04-29T05:47:06.252+0000] {processor.py:914} INFO - Processing file /home/ec2-user/environment/async-ai-inference-system/.venv/lib64/python3.9/site-packages/airflow/example_dags/subdags/subdag.py for tasks to queue
[2026-04-29T05:47:06.254+0000] {logging_mixin.py:190} INFO - [2026-04-29T05:47:06.254+0000] {dagbag.py:588} INFO - Filling up the DagBag from /home/ec2-user/environment/async-ai-inference-system/.venv/lib64/python3.9/site-packages/airflow/example_dags/subdags/subdag.py
[2026-04-29T05:47:06.256+0000] {processor.py:927} WARNING - No viable dags retrieved from /home/ec2-user/environment/async-ai-inference-system/.venv/lib64/python3.9/site-packages/airflow/example_dags/subdags/subdag.py
[2026-04-29T05:47:06.266+0000] {processor.py:208} INFO - Processing /home/ec2-user/environment/async-ai-inference-system/.venv/lib64/python3.9/site-packages/airflow/example_dags/subdags/subdag.py took 0.019 seconds
[2026-04-29T05:50:08.505+0000] {processor.py:186} INFO - Started process (PID=10285) to work on /home/ec2-user/environment/async-ai-inference-system/.venv/lib64/python3.9/site-packages/airflow/example_dags/subdags/subdag.py
[2026-04-29T05:50:08.507+0000] {processor.py:914} INFO - Processing file /home/ec2-user/environment/async-ai-inference-system/.venv/lib64/python3.9/site-packages/airflow/example_dags/subdags/subdag.py for tasks to queue
[2026-04-29T05:50:08.509+0000] {logging_mixin.py:190} INFO - [2026-04-29T05:50:08.508+0000] {dagbag.py:588} INFO - Filling up the DagBag from /home/ec2-user/environment/async-ai-inference-system/.venv/lib64/python3.9/site-packages/airflow/example_dags/subdags/subdag.py
[2026-04-29T05:50:08.510+0000] {processor.py:927} WARNING - No viable dags retrieved from /home/ec2-user/environment/async-ai-inference-system/.venv/lib64/python3.9/site-packages/airflow/example_dags/subdags/subdag.py
[2026-04-29T05:50:08.520+0000] {processor.py:208} INFO - Processing /home/ec2-user/environment/async-ai-inference-system/.venv/lib64/python3.9/site-packages/airflow/example_dags/subdags/subdag.py took 0.020 seconds
[2026-04-29T05:51:07.655+0000] {processor.py:186} INFO - Started process (PID=10430) to work on /home/ec2-user/environment/async-ai-inference-system/.venv/lib64/python3.9/site-packages/airflow/example_dags/subdags/subdag.py
[2026-04-29T05:51:07.656+0000] {processor.py:914} INFO - Processing file /home/ec2-user/environment/async-ai-inference-system/.venv/lib64/python3.9/site-packages/airflow/example_dags/subdags/subdag.py for tasks to queue
[2026-04-29T05:51:07.658+0000] {logging_mixin.py:190} INFO - [2026-04-29T05:51:07.658+0000] {dagbag.py:588} INFO - Filling up the DagBag from /home/ec2-user/environment/async-ai-inference-system/.venv/lib64/python3.9/site-packages/airflow/example_dags/subdags/subdag.py
[2026-04-29T05:51:07.660+0000] {processor.py:927} WARNING - No viable dags retrieved from /home/ec2-user/environment/async-ai-inference-system/.venv/lib64/python3.9/site-packages/airflow/example_dags/subdags/subdag.py
[2026-04-29T05:51:07.669+0000] {processor.py:208} INFO - Processing /home/ec2-user/environment/async-ai-inference-system/.venv/lib64/python3.9/site-packages/airflow/example_dags/subdags/subdag.py took 0.020 seconds
[2026-04-29T05:52:05.121+0000] {processor.py:186} INFO - Started process (PID=10531) to work on /home/ec2-user/environment/async-ai-inference-system/.venv/lib64/python3.9/site-packages/airflow/example_dags/subdags/subdag.py
[2026-04-29T05:52:05.123+0000] {processor.py:914} INFO - Processing file /home/ec2-user/environment/async-ai-inference-system/.venv/lib64/python3.9/site-packages/airflow/example_dags/subdags/subdag.py for tasks to queue
[2026-04-29T05:52:05.124+0000] {logging_mixin.py:190} INFO - [2026-04-29T05:52:05.124+0000] {dagbag.py:588} INFO - Filling up the DagBag from /home/ec2-user/environment/async-ai-inference-system/.venv/lib64/python3.9/site-packages/airflow/example_dags/subdags/subdag.py
[2026-04-29T05:52:05.126+0000] {processor.py:927} WARNING - No viable dags retrieved from /home/ec2-user/environment/async-ai-inference-system/.venv/lib64/python3.9/site-packages/airflow/example_dags/subdags/subdag.py
[2026-04-29T05:52:05.135+0000] {processor.py:208} INFO - Processing /home/ec2-user/environment/async-ai-inference-system/.venv/lib64/python3.9/site-packages/airflow/example_dags/subdags/subdag.py took 0.019 seconds
