[2026-04-29T05:47:02.540+0000] {processor.py:186} INFO - Started process (PID=9940) to work on /home/ec2-user/environment/async-ai-inference-system/.venv/lib64/python3.9/site-packages/airflow/example_dags/plugins/decreasing_priority_weight_strategy.py
[2026-04-29T05:47:02.540+0000] {processor.py:914} INFO - Processing file /home/ec2-user/environment/async-ai-inference-system/.venv/lib64/python3.9/site-packages/airflow/example_dags/plugins/decreasing_priority_weight_strategy.py for tasks to queue
[2026-04-29T05:47:02.542+0000] {logging_mixin.py:190} INFO - [2026-04-29T05:47:02.542+0000] {dagbag.py:588} INFO - Filling up the DagBag from /home/ec2-user/environment/async-ai-inference-system/.venv/lib64/python3.9/site-packages/airflow/example_dags/plugins/decreasing_priority_weight_strategy.py
[2026-04-29T05:47:02.544+0000] {processor.py:927} WARNING - No viable dags retrieved from /home/ec2-user/environment/async-ai-inference-system/.venv/lib64/python3.9/site-packages/airflow/example_dags/plugins/decreasing_priority_weight_strategy.py
[2026-04-29T05:47:02.553+0000] {processor.py:208} INFO - Processing /home/ec2-user/environment/async-ai-inference-system/.venv/lib64/python3.9/site-packages/airflow/example_dags/plugins/decreasing_priority_weight_strategy.py took 0.019 seconds
[2026-04-29T05:50:03.938+0000] {processor.py:186} INFO - Started process (PID=10277) to work on /home/ec2-user/environment/async-ai-inference-system/.venv/lib64/python3.9/site-packages/airflow/example_dags/plugins/decreasing_priority_weight_strategy.py
[2026-04-29T05:50:03.939+0000] {processor.py:914} INFO - Processing file /home/ec2-user/environment/async-ai-inference-system/.venv/lib64/python3.9/site-packages/airflow/example_dags/plugins/decreasing_priority_weight_strategy.py for tasks to queue
[2026-04-29T05:50:03.942+0000] {logging_mixin.py:190} INFO - [2026-04-29T05:50:03.941+0000] {dagbag.py:588} INFO - Filling up the DagBag from /home/ec2-user/environment/async-ai-inference-system/.venv/lib64/python3.9/site-packages/airflow/example_dags/plugins/decreasing_priority_weight_strategy.py
[2026-04-29T05:50:03.943+0000] {processor.py:927} WARNING - No viable dags retrieved from /home/ec2-user/environment/async-ai-inference-system/.venv/lib64/python3.9/site-packages/airflow/example_dags/plugins/decreasing_priority_weight_strategy.py
[2026-04-29T05:50:03.952+0000] {processor.py:208} INFO - Processing /home/ec2-user/environment/async-ai-inference-system/.venv/lib64/python3.9/site-packages/airflow/example_dags/plugins/decreasing_priority_weight_strategy.py took 0.020 seconds
[2026-04-29T05:51:03.645+0000] {processor.py:186} INFO - Started process (PID=10377) to work on /home/ec2-user/environment/async-ai-inference-system/.venv/lib64/python3.9/site-packages/airflow/example_dags/plugins/decreasing_priority_weight_strategy.py
[2026-04-29T05:51:03.646+0000] {processor.py:914} INFO - Processing file /home/ec2-user/environment/async-ai-inference-system/.venv/lib64/python3.9/site-packages/airflow/example_dags/plugins/decreasing_priority_weight_strategy.py for tasks to queue
[2026-04-29T05:51:03.648+0000] {logging_mixin.py:190} INFO - [2026-04-29T05:51:03.647+0000] {dagbag.py:588} INFO - Filling up the DagBag from /home/ec2-user/environment/async-ai-inference-system/.venv/lib64/python3.9/site-packages/airflow/example_dags/plugins/decreasing_priority_weight_strategy.py
[2026-04-29T05:51:03.650+0000] {processor.py:927} WARNING - No viable dags retrieved from /home/ec2-user/environment/async-ai-inference-system/.venv/lib64/python3.9/site-packages/airflow/example_dags/plugins/decreasing_priority_weight_strategy.py
[2026-04-29T05:51:03.659+0000] {processor.py:208} INFO - Processing /home/ec2-user/environment/async-ai-inference-system/.venv/lib64/python3.9/site-packages/airflow/example_dags/plugins/decreasing_priority_weight_strategy.py took 0.020 seconds
[2026-04-29T05:52:01.884+0000] {processor.py:186} INFO - Started process (PID=10515) to work on /home/ec2-user/environment/async-ai-inference-system/.venv/lib64/python3.9/site-packages/airflow/example_dags/plugins/decreasing_priority_weight_strategy.py
[2026-04-29T05:52:01.885+0000] {processor.py:914} INFO - Processing file /home/ec2-user/environment/async-ai-inference-system/.venv/lib64/python3.9/site-packages/airflow/example_dags/plugins/decreasing_priority_weight_strategy.py for tasks to queue
[2026-04-29T05:52:01.887+0000] {logging_mixin.py:190} INFO - [2026-04-29T05:52:01.887+0000] {dagbag.py:588} INFO - Filling up the DagBag from /home/ec2-user/environment/async-ai-inference-system/.venv/lib64/python3.9/site-packages/airflow/example_dags/plugins/decreasing_priority_weight_strategy.py
[2026-04-29T05:52:01.889+0000] {processor.py:927} WARNING - No viable dags retrieved from /home/ec2-user/environment/async-ai-inference-system/.venv/lib64/python3.9/site-packages/airflow/example_dags/plugins/decreasing_priority_weight_strategy.py
[2026-04-29T05:52:01.898+0000] {processor.py:208} INFO - Processing /home/ec2-user/environment/async-ai-inference-system/.venv/lib64/python3.9/site-packages/airflow/example_dags/plugins/decreasing_priority_weight_strategy.py took 0.020 seconds
