[2026-04-29T05:47:03.506+0000] {processor.py:186} INFO - Started process (PID=9941) to work on /home/ec2-user/environment/async-ai-inference-system/.venv/lib64/python3.9/site-packages/airflow/example_dags/plugins/event_listener.py
[2026-04-29T05:47:03.507+0000] {processor.py:914} INFO - Processing file /home/ec2-user/environment/async-ai-inference-system/.venv/lib64/python3.9/site-packages/airflow/example_dags/plugins/event_listener.py for tasks to queue
[2026-04-29T05:47:03.509+0000] {logging_mixin.py:190} INFO - [2026-04-29T05:47:03.508+0000] {dagbag.py:588} INFO - Filling up the DagBag from /home/ec2-user/environment/async-ai-inference-system/.venv/lib64/python3.9/site-packages/airflow/example_dags/plugins/event_listener.py
[2026-04-29T05:47:03.510+0000] {processor.py:927} WARNING - No viable dags retrieved from /home/ec2-user/environment/async-ai-inference-system/.venv/lib64/python3.9/site-packages/airflow/example_dags/plugins/event_listener.py
[2026-04-29T05:47:03.519+0000] {processor.py:208} INFO - Processing /home/ec2-user/environment/async-ai-inference-system/.venv/lib64/python3.9/site-packages/airflow/example_dags/plugins/event_listener.py took 0.019 seconds
[2026-04-29T05:50:05.087+0000] {processor.py:186} INFO - Started process (PID=10278) to work on /home/ec2-user/environment/async-ai-inference-system/.venv/lib64/python3.9/site-packages/airflow/example_dags/plugins/event_listener.py
[2026-04-29T05:50:05.088+0000] {processor.py:914} INFO - Processing file /home/ec2-user/environment/async-ai-inference-system/.venv/lib64/python3.9/site-packages/airflow/example_dags/plugins/event_listener.py for tasks to queue
[2026-04-29T05:50:05.090+0000] {logging_mixin.py:190} INFO - [2026-04-29T05:50:05.089+0000] {dagbag.py:588} INFO - Filling up the DagBag from /home/ec2-user/environment/async-ai-inference-system/.venv/lib64/python3.9/site-packages/airflow/example_dags/plugins/event_listener.py
[2026-04-29T05:50:05.092+0000] {processor.py:927} WARNING - No viable dags retrieved from /home/ec2-user/environment/async-ai-inference-system/.venv/lib64/python3.9/site-packages/airflow/example_dags/plugins/event_listener.py
[2026-04-29T05:50:05.101+0000] {processor.py:208} INFO - Processing /home/ec2-user/environment/async-ai-inference-system/.venv/lib64/python3.9/site-packages/airflow/example_dags/plugins/event_listener.py took 0.019 seconds
[2026-04-29T05:51:04.353+0000] {processor.py:186} INFO - Started process (PID=10378) to work on /home/ec2-user/environment/async-ai-inference-system/.venv/lib64/python3.9/site-packages/airflow/example_dags/plugins/event_listener.py
[2026-04-29T05:51:04.354+0000] {processor.py:914} INFO - Processing file /home/ec2-user/environment/async-ai-inference-system/.venv/lib64/python3.9/site-packages/airflow/example_dags/plugins/event_listener.py for tasks to queue
[2026-04-29T05:51:04.356+0000] {logging_mixin.py:190} INFO - [2026-04-29T05:51:04.356+0000] {dagbag.py:588} INFO - Filling up the DagBag from /home/ec2-user/environment/async-ai-inference-system/.venv/lib64/python3.9/site-packages/airflow/example_dags/plugins/event_listener.py
[2026-04-29T05:51:04.358+0000] {processor.py:927} WARNING - No viable dags retrieved from /home/ec2-user/environment/async-ai-inference-system/.venv/lib64/python3.9/site-packages/airflow/example_dags/plugins/event_listener.py
[2026-04-29T05:51:04.368+0000] {processor.py:208} INFO - Processing /home/ec2-user/environment/async-ai-inference-system/.venv/lib64/python3.9/site-packages/airflow/example_dags/plugins/event_listener.py took 0.020 seconds
[2026-04-29T05:52:03.024+0000] {processor.py:186} INFO - Started process (PID=10528) to work on /home/ec2-user/environment/async-ai-inference-system/.venv/lib64/python3.9/site-packages/airflow/example_dags/plugins/event_listener.py
[2026-04-29T05:52:03.025+0000] {processor.py:914} INFO - Processing file /home/ec2-user/environment/async-ai-inference-system/.venv/lib64/python3.9/site-packages/airflow/example_dags/plugins/event_listener.py for tasks to queue
[2026-04-29T05:52:03.027+0000] {logging_mixin.py:190} INFO - [2026-04-29T05:52:03.027+0000] {dagbag.py:588} INFO - Filling up the DagBag from /home/ec2-user/environment/async-ai-inference-system/.venv/lib64/python3.9/site-packages/airflow/example_dags/plugins/event_listener.py
[2026-04-29T05:52:03.029+0000] {processor.py:927} WARNING - No viable dags retrieved from /home/ec2-user/environment/async-ai-inference-system/.venv/lib64/python3.9/site-packages/airflow/example_dags/plugins/event_listener.py
[2026-04-29T05:52:03.038+0000] {processor.py:208} INFO - Processing /home/ec2-user/environment/async-ai-inference-system/.venv/lib64/python3.9/site-packages/airflow/example_dags/plugins/event_listener.py took 0.020 seconds
