[2026-04-29T05:47:03.964+0000] {processor.py:186} INFO - Started process (PID=9942) to work on /home/ec2-user/environment/async-ai-inference-system/.venv/lib64/python3.9/site-packages/airflow/example_dags/plugins/listener_plugin.py
[2026-04-29T05:47:03.965+0000] {processor.py:914} INFO - Processing file /home/ec2-user/environment/async-ai-inference-system/.venv/lib64/python3.9/site-packages/airflow/example_dags/plugins/listener_plugin.py for tasks to queue
[2026-04-29T05:47:03.968+0000] {logging_mixin.py:190} INFO - [2026-04-29T05:47:03.967+0000] {dagbag.py:588} INFO - Filling up the DagBag from /home/ec2-user/environment/async-ai-inference-system/.venv/lib64/python3.9/site-packages/airflow/example_dags/plugins/listener_plugin.py
[2026-04-29T05:47:03.970+0000] {processor.py:927} WARNING - No viable dags retrieved from /home/ec2-user/environment/async-ai-inference-system/.venv/lib64/python3.9/site-packages/airflow/example_dags/plugins/listener_plugin.py
[2026-04-29T05:47:03.982+0000] {processor.py:208} INFO - Processing /home/ec2-user/environment/async-ai-inference-system/.venv/lib64/python3.9/site-packages/airflow/example_dags/plugins/listener_plugin.py took 0.025 seconds
[2026-04-29T05:50:06.226+0000] {processor.py:186} INFO - Started process (PID=10279) to work on /home/ec2-user/environment/async-ai-inference-system/.venv/lib64/python3.9/site-packages/airflow/example_dags/plugins/listener_plugin.py
[2026-04-29T05:50:06.227+0000] {processor.py:914} INFO - Processing file /home/ec2-user/environment/async-ai-inference-system/.venv/lib64/python3.9/site-packages/airflow/example_dags/plugins/listener_plugin.py for tasks to queue
[2026-04-29T05:50:06.229+0000] {logging_mixin.py:190} INFO - [2026-04-29T05:50:06.228+0000] {dagbag.py:588} INFO - Filling up the DagBag from /home/ec2-user/environment/async-ai-inference-system/.venv/lib64/python3.9/site-packages/airflow/example_dags/plugins/listener_plugin.py
[2026-04-29T05:50:06.230+0000] {processor.py:927} WARNING - No viable dags retrieved from /home/ec2-user/environment/async-ai-inference-system/.venv/lib64/python3.9/site-packages/airflow/example_dags/plugins/listener_plugin.py
[2026-04-29T05:50:06.240+0000] {processor.py:208} INFO - Processing /home/ec2-user/environment/async-ai-inference-system/.venv/lib64/python3.9/site-packages/airflow/example_dags/plugins/listener_plugin.py took 0.019 seconds
[2026-04-29T05:51:05.495+0000] {processor.py:186} INFO - Started process (PID=10427) to work on /home/ec2-user/environment/async-ai-inference-system/.venv/lib64/python3.9/site-packages/airflow/example_dags/plugins/listener_plugin.py
[2026-04-29T05:51:05.496+0000] {processor.py:914} INFO - Processing file /home/ec2-user/environment/async-ai-inference-system/.venv/lib64/python3.9/site-packages/airflow/example_dags/plugins/listener_plugin.py for tasks to queue
[2026-04-29T05:51:05.498+0000] {logging_mixin.py:190} INFO - [2026-04-29T05:51:05.497+0000] {dagbag.py:588} INFO - Filling up the DagBag from /home/ec2-user/environment/async-ai-inference-system/.venv/lib64/python3.9/site-packages/airflow/example_dags/plugins/listener_plugin.py
[2026-04-29T05:51:05.500+0000] {processor.py:927} WARNING - No viable dags retrieved from /home/ec2-user/environment/async-ai-inference-system/.venv/lib64/python3.9/site-packages/airflow/example_dags/plugins/listener_plugin.py
[2026-04-29T05:51:05.509+0000] {processor.py:208} INFO - Processing /home/ec2-user/environment/async-ai-inference-system/.venv/lib64/python3.9/site-packages/airflow/example_dags/plugins/listener_plugin.py took 0.020 seconds
[2026-04-29T05:52:03.601+0000] {processor.py:186} INFO - Started process (PID=10529) to work on /home/ec2-user/environment/async-ai-inference-system/.venv/lib64/python3.9/site-packages/airflow/example_dags/plugins/listener_plugin.py
[2026-04-29T05:52:03.602+0000] {processor.py:914} INFO - Processing file /home/ec2-user/environment/async-ai-inference-system/.venv/lib64/python3.9/site-packages/airflow/example_dags/plugins/listener_plugin.py for tasks to queue
[2026-04-29T05:52:03.604+0000] {logging_mixin.py:190} INFO - [2026-04-29T05:52:03.604+0000] {dagbag.py:588} INFO - Filling up the DagBag from /home/ec2-user/environment/async-ai-inference-system/.venv/lib64/python3.9/site-packages/airflow/example_dags/plugins/listener_plugin.py
[2026-04-29T05:52:03.606+0000] {processor.py:927} WARNING - No viable dags retrieved from /home/ec2-user/environment/async-ai-inference-system/.venv/lib64/python3.9/site-packages/airflow/example_dags/plugins/listener_plugin.py
[2026-04-29T05:52:03.615+0000] {processor.py:208} INFO - Processing /home/ec2-user/environment/async-ai-inference-system/.venv/lib64/python3.9/site-packages/airflow/example_dags/plugins/listener_plugin.py took 0.020 seconds
