[2026-04-29T05:47:05.113+0000] {processor.py:186} INFO - Started process (PID=9943) to work on /home/ec2-user/environment/async-ai-inference-system/.venv/lib64/python3.9/site-packages/airflow/example_dags/plugins/workday.py
[2026-04-29T05:47:05.113+0000] {processor.py:914} INFO - Processing file /home/ec2-user/environment/async-ai-inference-system/.venv/lib64/python3.9/site-packages/airflow/example_dags/plugins/workday.py for tasks to queue
[2026-04-29T05:47:05.115+0000] {logging_mixin.py:190} INFO - [2026-04-29T05:47:05.115+0000] {dagbag.py:588} INFO - Filling up the DagBag from /home/ec2-user/environment/async-ai-inference-system/.venv/lib64/python3.9/site-packages/airflow/example_dags/plugins/workday.py
[2026-04-29T05:47:05.117+0000] {processor.py:927} WARNING - No viable dags retrieved from /home/ec2-user/environment/async-ai-inference-system/.venv/lib64/python3.9/site-packages/airflow/example_dags/plugins/workday.py
[2026-04-29T05:47:05.126+0000] {processor.py:208} INFO - Processing /home/ec2-user/environment/async-ai-inference-system/.venv/lib64/python3.9/site-packages/airflow/example_dags/plugins/workday.py took 0.019 seconds
[2026-04-29T05:50:07.366+0000] {processor.py:186} INFO - Started process (PID=10284) to work on /home/ec2-user/environment/async-ai-inference-system/.venv/lib64/python3.9/site-packages/airflow/example_dags/plugins/workday.py
[2026-04-29T05:50:07.367+0000] {processor.py:914} INFO - Processing file /home/ec2-user/environment/async-ai-inference-system/.venv/lib64/python3.9/site-packages/airflow/example_dags/plugins/workday.py for tasks to queue
[2026-04-29T05:50:07.369+0000] {logging_mixin.py:190} INFO - [2026-04-29T05:50:07.369+0000] {dagbag.py:588} INFO - Filling up the DagBag from /home/ec2-user/environment/async-ai-inference-system/.venv/lib64/python3.9/site-packages/airflow/example_dags/plugins/workday.py
[2026-04-29T05:50:07.371+0000] {processor.py:927} WARNING - No viable dags retrieved from /home/ec2-user/environment/async-ai-inference-system/.venv/lib64/python3.9/site-packages/airflow/example_dags/plugins/workday.py
[2026-04-29T05:50:07.380+0000] {processor.py:208} INFO - Processing /home/ec2-user/environment/async-ai-inference-system/.venv/lib64/python3.9/site-packages/airflow/example_dags/plugins/workday.py took 0.020 seconds
[2026-04-29T05:51:06.506+0000] {processor.py:186} INFO - Started process (PID=10429) to work on /home/ec2-user/environment/async-ai-inference-system/.venv/lib64/python3.9/site-packages/airflow/example_dags/plugins/workday.py
[2026-04-29T05:51:06.507+0000] {processor.py:914} INFO - Processing file /home/ec2-user/environment/async-ai-inference-system/.venv/lib64/python3.9/site-packages/airflow/example_dags/plugins/workday.py for tasks to queue
[2026-04-29T05:51:06.509+0000] {logging_mixin.py:190} INFO - [2026-04-29T05:51:06.509+0000] {dagbag.py:588} INFO - Filling up the DagBag from /home/ec2-user/environment/async-ai-inference-system/.venv/lib64/python3.9/site-packages/airflow/example_dags/plugins/workday.py
[2026-04-29T05:51:06.511+0000] {processor.py:927} WARNING - No viable dags retrieved from /home/ec2-user/environment/async-ai-inference-system/.venv/lib64/python3.9/site-packages/airflow/example_dags/plugins/workday.py
[2026-04-29T05:51:06.520+0000] {processor.py:208} INFO - Processing /home/ec2-user/environment/async-ai-inference-system/.venv/lib64/python3.9/site-packages/airflow/example_dags/plugins/workday.py took 0.020 seconds
[2026-04-29T05:52:04.751+0000] {processor.py:186} INFO - Started process (PID=10530) to work on /home/ec2-user/environment/async-ai-inference-system/.venv/lib64/python3.9/site-packages/airflow/example_dags/plugins/workday.py
[2026-04-29T05:52:04.752+0000] {processor.py:914} INFO - Processing file /home/ec2-user/environment/async-ai-inference-system/.venv/lib64/python3.9/site-packages/airflow/example_dags/plugins/workday.py for tasks to queue
[2026-04-29T05:52:04.754+0000] {logging_mixin.py:190} INFO - [2026-04-29T05:52:04.754+0000] {dagbag.py:588} INFO - Filling up the DagBag from /home/ec2-user/environment/async-ai-inference-system/.venv/lib64/python3.9/site-packages/airflow/example_dags/plugins/workday.py
[2026-04-29T05:52:04.756+0000] {processor.py:927} WARNING - No viable dags retrieved from /home/ec2-user/environment/async-ai-inference-system/.venv/lib64/python3.9/site-packages/airflow/example_dags/plugins/workday.py
[2026-04-29T05:52:04.765+0000] {processor.py:208} INFO - Processing /home/ec2-user/environment/async-ai-inference-system/.venv/lib64/python3.9/site-packages/airflow/example_dags/plugins/workday.py took 0.020 seconds
