[2026-04-29T05:47:34.388+0000] {processor.py:186} INFO - Started process (PID=9982) to work on /home/ec2-user/environment/async-ai-inference-system/.venv/lib64/python3.9/site-packages/airflow/example_dags/example_latest_only_with_trigger.py
[2026-04-29T05:47:34.388+0000] {processor.py:914} INFO - Processing file /home/ec2-user/environment/async-ai-inference-system/.venv/lib64/python3.9/site-packages/airflow/example_dags/example_latest_only_with_trigger.py for tasks to queue
[2026-04-29T05:47:34.390+0000] {logging_mixin.py:190} INFO - [2026-04-29T05:47:34.390+0000] {dagbag.py:588} INFO - Filling up the DagBag from /home/ec2-user/environment/async-ai-inference-system/.venv/lib64/python3.9/site-packages/airflow/example_dags/example_latest_only_with_trigger.py
[2026-04-29T05:47:34.397+0000] {processor.py:925} INFO - DAG(s) 'latest_only_with_trigger' retrieved from /home/ec2-user/environment/async-ai-inference-system/.venv/lib64/python3.9/site-packages/airflow/example_dags/example_latest_only_with_trigger.py
[2026-04-29T05:47:34.618+0000] {logging_mixin.py:190} INFO - [2026-04-29T05:47:34.617+0000] {override.py:1900} INFO - Created Permission View: can read on DAG:latest_only_with_trigger
[2026-04-29T05:47:34.629+0000] {logging_mixin.py:190} INFO - [2026-04-29T05:47:34.628+0000] {override.py:1900} INFO - Created Permission View: can edit on DAG:latest_only_with_trigger
[2026-04-29T05:47:34.637+0000] {logging_mixin.py:190} INFO - [2026-04-29T05:47:34.636+0000] {override.py:1900} INFO - Created Permission View: can delete on DAG:latest_only_with_trigger
[2026-04-29T05:47:34.649+0000] {logging_mixin.py:190} INFO - [2026-04-29T05:47:34.649+0000] {override.py:1900} INFO - Created Permission View: can create on DAG Run:latest_only_with_trigger
[2026-04-29T05:47:34.658+0000] {logging_mixin.py:190} INFO - [2026-04-29T05:47:34.658+0000] {override.py:1900} INFO - Created Permission View: can read on DAG Run:latest_only_with_trigger
[2026-04-29T05:47:34.666+0000] {logging_mixin.py:190} INFO - [2026-04-29T05:47:34.666+0000] {override.py:1900} INFO - Created Permission View: menu access on DAG Run:latest_only_with_trigger
[2026-04-29T05:47:34.674+0000] {logging_mixin.py:190} INFO - [2026-04-29T05:47:34.674+0000] {override.py:1900} INFO - Created Permission View: can delete on DAG Run:latest_only_with_trigger
[2026-04-29T05:47:34.674+0000] {logging_mixin.py:190} INFO - [2026-04-29T05:47:34.674+0000] {dag.py:3239} INFO - Sync 1 DAGs
[2026-04-29T05:47:34.684+0000] {logging_mixin.py:190} INFO - [2026-04-29T05:47:34.684+0000] {dag.py:3262} INFO - Creating ORM DAG for latest_only_with_trigger
[2026-04-29T05:47:34.692+0000] {logging_mixin.py:190} INFO - [2026-04-29T05:47:34.691+0000] {dag.py:4180} INFO - Setting next_dagrun for latest_only_with_trigger to 2026-04-29 00:00:00+00:00, run_after=2026-04-29 04:00:00+00:00
[2026-04-29T05:47:34.709+0000] {processor.py:208} INFO - Processing /home/ec2-user/environment/async-ai-inference-system/.venv/lib64/python3.9/site-packages/airflow/example_dags/example_latest_only_with_trigger.py took 0.327 seconds
[2026-04-29T05:50:28.981+0000] {processor.py:186} INFO - Started process (PID=10316) to work on /home/ec2-user/environment/async-ai-inference-system/.venv/lib64/python3.9/site-packages/airflow/example_dags/example_latest_only_with_trigger.py
[2026-04-29T05:50:28.983+0000] {processor.py:914} INFO - Processing file /home/ec2-user/environment/async-ai-inference-system/.venv/lib64/python3.9/site-packages/airflow/example_dags/example_latest_only_with_trigger.py for tasks to queue
[2026-04-29T05:50:28.984+0000] {logging_mixin.py:190} INFO - [2026-04-29T05:50:28.984+0000] {dagbag.py:588} INFO - Filling up the DagBag from /home/ec2-user/environment/async-ai-inference-system/.venv/lib64/python3.9/site-packages/airflow/example_dags/example_latest_only_with_trigger.py
[2026-04-29T05:50:28.991+0000] {processor.py:925} INFO - DAG(s) 'latest_only_with_trigger' retrieved from /home/ec2-user/environment/async-ai-inference-system/.venv/lib64/python3.9/site-packages/airflow/example_dags/example_latest_only_with_trigger.py
[2026-04-29T05:50:29.006+0000] {logging_mixin.py:190} INFO - [2026-04-29T05:50:29.006+0000] {dag.py:3239} INFO - Sync 1 DAGs
[2026-04-29T05:50:29.024+0000] {logging_mixin.py:190} INFO - [2026-04-29T05:50:29.024+0000] {dag.py:4180} INFO - Setting next_dagrun for latest_only_with_trigger to 2026-04-29 00:00:00+00:00, run_after=2026-04-29 04:00:00+00:00
[2026-04-29T05:50:29.043+0000] {processor.py:208} INFO - Processing /home/ec2-user/environment/async-ai-inference-system/.venv/lib64/python3.9/site-packages/airflow/example_dags/example_latest_only_with_trigger.py took 0.067 seconds
[2026-04-29T05:51:29.807+0000] {processor.py:186} INFO - Started process (PID=10465) to work on /home/ec2-user/environment/async-ai-inference-system/.venv/lib64/python3.9/site-packages/airflow/example_dags/example_latest_only_with_trigger.py
[2026-04-29T05:51:29.809+0000] {processor.py:914} INFO - Processing file /home/ec2-user/environment/async-ai-inference-system/.venv/lib64/python3.9/site-packages/airflow/example_dags/example_latest_only_with_trigger.py for tasks to queue
[2026-04-29T05:51:29.810+0000] {logging_mixin.py:190} INFO - [2026-04-29T05:51:29.810+0000] {dagbag.py:588} INFO - Filling up the DagBag from /home/ec2-user/environment/async-ai-inference-system/.venv/lib64/python3.9/site-packages/airflow/example_dags/example_latest_only_with_trigger.py
[2026-04-29T05:51:29.817+0000] {processor.py:925} INFO - DAG(s) 'latest_only_with_trigger' retrieved from /home/ec2-user/environment/async-ai-inference-system/.venv/lib64/python3.9/site-packages/airflow/example_dags/example_latest_only_with_trigger.py
[2026-04-29T05:51:29.831+0000] {logging_mixin.py:190} INFO - [2026-04-29T05:51:29.831+0000] {dag.py:3239} INFO - Sync 1 DAGs
[2026-04-29T05:51:29.849+0000] {logging_mixin.py:190} INFO - [2026-04-29T05:51:29.849+0000] {dag.py:4180} INFO - Setting next_dagrun for latest_only_with_trigger to 2026-04-29 00:00:00+00:00, run_after=2026-04-29 04:00:00+00:00
[2026-04-29T05:51:29.868+0000] {processor.py:208} INFO - Processing /home/ec2-user/environment/async-ai-inference-system/.venv/lib64/python3.9/site-packages/airflow/example_dags/example_latest_only_with_trigger.py took 0.066 seconds
[2026-04-29T05:52:27.948+0000] {processor.py:186} INFO - Started process (PID=10562) to work on /home/ec2-user/environment/async-ai-inference-system/.venv/lib64/python3.9/site-packages/airflow/example_dags/example_latest_only_with_trigger.py
[2026-04-29T05:52:27.949+0000] {processor.py:914} INFO - Processing file /home/ec2-user/environment/async-ai-inference-system/.venv/lib64/python3.9/site-packages/airflow/example_dags/example_latest_only_with_trigger.py for tasks to queue
[2026-04-29T05:52:27.951+0000] {logging_mixin.py:190} INFO - [2026-04-29T05:52:27.951+0000] {dagbag.py:588} INFO - Filling up the DagBag from /home/ec2-user/environment/async-ai-inference-system/.venv/lib64/python3.9/site-packages/airflow/example_dags/example_latest_only_with_trigger.py
[2026-04-29T05:52:27.959+0000] {processor.py:925} INFO - DAG(s) 'latest_only_with_trigger' retrieved from /home/ec2-user/environment/async-ai-inference-system/.venv/lib64/python3.9/site-packages/airflow/example_dags/example_latest_only_with_trigger.py
[2026-04-29T05:52:27.973+0000] {logging_mixin.py:190} INFO - [2026-04-29T05:52:27.973+0000] {dag.py:3239} INFO - Sync 1 DAGs
[2026-04-29T05:52:27.992+0000] {logging_mixin.py:190} INFO - [2026-04-29T05:52:27.992+0000] {dag.py:4180} INFO - Setting next_dagrun for latest_only_with_trigger to 2026-04-29 00:00:00+00:00, run_after=2026-04-29 04:00:00+00:00
[2026-04-29T05:52:28.135+0000] {processor.py:208} INFO - Processing /home/ec2-user/environment/async-ai-inference-system/.venv/lib64/python3.9/site-packages/airflow/example_dags/example_latest_only_with_trigger.py took 0.192 seconds
