[2026-04-29T05:47:10.286+0000] {processor.py:186} INFO - Started process (PID=9949) to work on /home/ec2-user/environment/async-ai-inference-system/.venv/lib64/python3.9/site-packages/airflow/example_dags/example_branch_datetime_operator.py
[2026-04-29T05:47:10.287+0000] {processor.py:914} INFO - Processing file /home/ec2-user/environment/async-ai-inference-system/.venv/lib64/python3.9/site-packages/airflow/example_dags/example_branch_datetime_operator.py for tasks to queue
[2026-04-29T05:47:10.289+0000] {logging_mixin.py:190} INFO - [2026-04-29T05:47:10.289+0000] {dagbag.py:588} INFO - Filling up the DagBag from /home/ec2-user/environment/async-ai-inference-system/.venv/lib64/python3.9/site-packages/airflow/example_dags/example_branch_datetime_operator.py
[2026-04-29T05:47:10.300+0000] {processor.py:925} INFO - DAG(s) 'example_branch_datetime_operator', 'example_branch_datetime_operator_3', 'example_branch_datetime_operator_2' retrieved from /home/ec2-user/environment/async-ai-inference-system/.venv/lib64/python3.9/site-packages/airflow/example_dags/example_branch_datetime_operator.py
[2026-04-29T05:47:10.393+0000] {logging_mixin.py:190} INFO - [2026-04-29T05:47:10.392+0000] {override.py:1900} INFO - Created Permission View: can read on DAG:example_branch_datetime_operator
[2026-04-29T05:47:10.404+0000] {logging_mixin.py:190} INFO - [2026-04-29T05:47:10.404+0000] {override.py:1900} INFO - Created Permission View: can edit on DAG:example_branch_datetime_operator
[2026-04-29T05:47:10.413+0000] {logging_mixin.py:190} INFO - [2026-04-29T05:47:10.413+0000] {override.py:1900} INFO - Created Permission View: can delete on DAG:example_branch_datetime_operator
[2026-04-29T05:47:10.426+0000] {logging_mixin.py:190} INFO - [2026-04-29T05:47:10.426+0000] {override.py:1900} INFO - Created Permission View: can create on DAG Run:example_branch_datetime_operator
[2026-04-29T05:47:10.435+0000] {logging_mixin.py:190} INFO - [2026-04-29T05:47:10.435+0000] {override.py:1900} INFO - Created Permission View: can read on DAG Run:example_branch_datetime_operator
[2026-04-29T05:47:10.443+0000] {logging_mixin.py:190} INFO - [2026-04-29T05:47:10.443+0000] {override.py:1900} INFO - Created Permission View: menu access on DAG Run:example_branch_datetime_operator
[2026-04-29T05:47:10.452+0000] {logging_mixin.py:190} INFO - [2026-04-29T05:47:10.451+0000] {override.py:1900} INFO - Created Permission View: can delete on DAG Run:example_branch_datetime_operator
[2026-04-29T05:47:10.472+0000] {logging_mixin.py:190} INFO - [2026-04-29T05:47:10.471+0000] {override.py:1900} INFO - Created Permission View: can read on DAG:example_branch_datetime_operator_3
[2026-04-29T05:47:10.480+0000] {logging_mixin.py:190} INFO - [2026-04-29T05:47:10.480+0000] {override.py:1900} INFO - Created Permission View: can edit on DAG:example_branch_datetime_operator_3
[2026-04-29T05:47:10.489+0000] {logging_mixin.py:190} INFO - [2026-04-29T05:47:10.488+0000] {override.py:1900} INFO - Created Permission View: can delete on DAG:example_branch_datetime_operator_3
[2026-04-29T05:47:10.502+0000] {logging_mixin.py:190} INFO - [2026-04-29T05:47:10.501+0000] {override.py:1900} INFO - Created Permission View: can create on DAG Run:example_branch_datetime_operator_3
[2026-04-29T05:47:10.510+0000] {logging_mixin.py:190} INFO - [2026-04-29T05:47:10.510+0000] {override.py:1900} INFO - Created Permission View: can read on DAG Run:example_branch_datetime_operator_3
[2026-04-29T05:47:10.518+0000] {logging_mixin.py:190} INFO - [2026-04-29T05:47:10.518+0000] {override.py:1900} INFO - Created Permission View: menu access on DAG Run:example_branch_datetime_operator_3
[2026-04-29T05:47:10.527+0000] {logging_mixin.py:190} INFO - [2026-04-29T05:47:10.527+0000] {override.py:1900} INFO - Created Permission View: can delete on DAG Run:example_branch_datetime_operator_3
[2026-04-29T05:47:10.546+0000] {logging_mixin.py:190} INFO - [2026-04-29T05:47:10.546+0000] {override.py:1900} INFO - Created Permission View: can read on DAG:example_branch_datetime_operator_2
[2026-04-29T05:47:10.555+0000] {logging_mixin.py:190} INFO - [2026-04-29T05:47:10.555+0000] {override.py:1900} INFO - Created Permission View: can edit on DAG:example_branch_datetime_operator_2
[2026-04-29T05:47:10.563+0000] {logging_mixin.py:190} INFO - [2026-04-29T05:47:10.563+0000] {override.py:1900} INFO - Created Permission View: can delete on DAG:example_branch_datetime_operator_2
[2026-04-29T05:47:10.576+0000] {logging_mixin.py:190} INFO - [2026-04-29T05:47:10.576+0000] {override.py:1900} INFO - Created Permission View: can create on DAG Run:example_branch_datetime_operator_2
[2026-04-29T05:47:10.584+0000] {logging_mixin.py:190} INFO - [2026-04-29T05:47:10.584+0000] {override.py:1900} INFO - Created Permission View: can read on DAG Run:example_branch_datetime_operator_2
[2026-04-29T05:47:10.593+0000] {logging_mixin.py:190} INFO - [2026-04-29T05:47:10.592+0000] {override.py:1900} INFO - Created Permission View: menu access on DAG Run:example_branch_datetime_operator_2
[2026-04-29T05:47:10.601+0000] {logging_mixin.py:190} INFO - [2026-04-29T05:47:10.601+0000] {override.py:1900} INFO - Created Permission View: can delete on DAG Run:example_branch_datetime_operator_2
[2026-04-29T05:47:10.601+0000] {logging_mixin.py:190} INFO - [2026-04-29T05:47:10.601+0000] {dag.py:3239} INFO - Sync 3 DAGs
[2026-04-29T05:47:10.733+0000] {logging_mixin.py:190} INFO - [2026-04-29T05:47:10.733+0000] {dag.py:3262} INFO - Creating ORM DAG for example_branch_datetime_operator
[2026-04-29T05:47:10.734+0000] {logging_mixin.py:190} INFO - [2026-04-29T05:47:10.733+0000] {dag.py:3262} INFO - Creating ORM DAG for example_branch_datetime_operator_2
[2026-04-29T05:47:10.734+0000] {logging_mixin.py:190} INFO - [2026-04-29T05:47:10.734+0000] {dag.py:3262} INFO - Creating ORM DAG for example_branch_datetime_operator_3
[2026-04-29T05:47:10.742+0000] {logging_mixin.py:190} INFO - [2026-04-29T05:47:10.742+0000] {dag.py:4180} INFO - Setting next_dagrun for example_branch_datetime_operator to 2026-04-28 00:00:00+00:00, run_after=2026-04-29 00:00:00+00:00
[2026-04-29T05:47:10.744+0000] {logging_mixin.py:190} INFO - [2026-04-29T05:47:10.744+0000] {dag.py:4180} INFO - Setting next_dagrun for example_branch_datetime_operator_2 to 2026-04-28 00:00:00+00:00, run_after=2026-04-29 00:00:00+00:00
[2026-04-29T05:47:10.746+0000] {logging_mixin.py:190} INFO - [2026-04-29T05:47:10.745+0000] {dag.py:4180} INFO - Setting next_dagrun for example_branch_datetime_operator_3 to 2026-04-28 00:00:00+00:00, run_after=2026-04-29 00:00:00+00:00
[2026-04-29T05:47:10.765+0000] {processor.py:208} INFO - Processing /home/ec2-user/environment/async-ai-inference-system/.venv/lib64/python3.9/site-packages/airflow/example_dags/example_branch_datetime_operator.py took 0.484 seconds
[2026-04-29T05:50:11.257+0000] {processor.py:186} INFO - Started process (PID=10288) to work on /home/ec2-user/environment/async-ai-inference-system/.venv/lib64/python3.9/site-packages/airflow/example_dags/example_branch_datetime_operator.py
[2026-04-29T05:50:11.258+0000] {processor.py:914} INFO - Processing file /home/ec2-user/environment/async-ai-inference-system/.venv/lib64/python3.9/site-packages/airflow/example_dags/example_branch_datetime_operator.py for tasks to queue
[2026-04-29T05:50:11.261+0000] {logging_mixin.py:190} INFO - [2026-04-29T05:50:11.260+0000] {dagbag.py:588} INFO - Filling up the DagBag from /home/ec2-user/environment/async-ai-inference-system/.venv/lib64/python3.9/site-packages/airflow/example_dags/example_branch_datetime_operator.py
[2026-04-29T05:50:11.271+0000] {processor.py:925} INFO - DAG(s) 'example_branch_datetime_operator', 'example_branch_datetime_operator_2', 'example_branch_datetime_operator_3' retrieved from /home/ec2-user/environment/async-ai-inference-system/.venv/lib64/python3.9/site-packages/airflow/example_dags/example_branch_datetime_operator.py
[2026-04-29T05:50:11.292+0000] {logging_mixin.py:190} INFO - [2026-04-29T05:50:11.292+0000] {dag.py:3239} INFO - Sync 3 DAGs
[2026-04-29T05:50:11.313+0000] {logging_mixin.py:190} INFO - [2026-04-29T05:50:11.312+0000] {dag.py:4180} INFO - Setting next_dagrun for example_branch_datetime_operator to 2026-04-28 00:00:00+00:00, run_after=2026-04-29 00:00:00+00:00
[2026-04-29T05:50:11.316+0000] {logging_mixin.py:190} INFO - [2026-04-29T05:50:11.316+0000] {dag.py:4180} INFO - Setting next_dagrun for example_branch_datetime_operator_2 to 2026-04-28 00:00:00+00:00, run_after=2026-04-29 00:00:00+00:00
[2026-04-29T05:50:11.318+0000] {logging_mixin.py:190} INFO - [2026-04-29T05:50:11.318+0000] {dag.py:4180} INFO - Setting next_dagrun for example_branch_datetime_operator_3 to 2026-04-28 00:00:00+00:00, run_after=2026-04-29 00:00:00+00:00
[2026-04-29T05:50:11.335+0000] {processor.py:208} INFO - Processing /home/ec2-user/environment/async-ai-inference-system/.venv/lib64/python3.9/site-packages/airflow/example_dags/example_branch_datetime_operator.py took 0.084 seconds
[2026-04-29T05:51:11.115+0000] {processor.py:186} INFO - Started process (PID=10437) to work on /home/ec2-user/environment/async-ai-inference-system/.venv/lib64/python3.9/site-packages/airflow/example_dags/example_branch_datetime_operator.py
[2026-04-29T05:51:11.116+0000] {processor.py:914} INFO - Processing file /home/ec2-user/environment/async-ai-inference-system/.venv/lib64/python3.9/site-packages/airflow/example_dags/example_branch_datetime_operator.py for tasks to queue
[2026-04-29T05:51:11.118+0000] {logging_mixin.py:190} INFO - [2026-04-29T05:51:11.118+0000] {dagbag.py:588} INFO - Filling up the DagBag from /home/ec2-user/environment/async-ai-inference-system/.venv/lib64/python3.9/site-packages/airflow/example_dags/example_branch_datetime_operator.py
[2026-04-29T05:51:11.129+0000] {processor.py:925} INFO - DAG(s) 'example_branch_datetime_operator_2', 'example_branch_datetime_operator', 'example_branch_datetime_operator_3' retrieved from /home/ec2-user/environment/async-ai-inference-system/.venv/lib64/python3.9/site-packages/airflow/example_dags/example_branch_datetime_operator.py
[2026-04-29T05:51:11.149+0000] {logging_mixin.py:190} INFO - [2026-04-29T05:51:11.148+0000] {dag.py:3239} INFO - Sync 3 DAGs
[2026-04-29T05:51:11.168+0000] {logging_mixin.py:190} INFO - [2026-04-29T05:51:11.168+0000] {dag.py:4180} INFO - Setting next_dagrun for example_branch_datetime_operator to 2026-04-28 00:00:00+00:00, run_after=2026-04-29 00:00:00+00:00
[2026-04-29T05:51:11.173+0000] {logging_mixin.py:190} INFO - [2026-04-29T05:51:11.172+0000] {dag.py:4180} INFO - Setting next_dagrun for example_branch_datetime_operator_2 to 2026-04-28 00:00:00+00:00, run_after=2026-04-29 00:00:00+00:00
[2026-04-29T05:51:11.175+0000] {logging_mixin.py:190} INFO - [2026-04-29T05:51:11.174+0000] {dag.py:4180} INFO - Setting next_dagrun for example_branch_datetime_operator_3 to 2026-04-28 00:00:00+00:00, run_after=2026-04-29 00:00:00+00:00
[2026-04-29T05:51:11.312+0000] {processor.py:208} INFO - Processing /home/ec2-user/environment/async-ai-inference-system/.venv/lib64/python3.9/site-packages/airflow/example_dags/example_branch_datetime_operator.py took 0.203 seconds
[2026-04-29T05:52:08.544+0000] {processor.py:186} INFO - Started process (PID=10534) to work on /home/ec2-user/environment/async-ai-inference-system/.venv/lib64/python3.9/site-packages/airflow/example_dags/example_branch_datetime_operator.py
[2026-04-29T05:52:08.545+0000] {processor.py:914} INFO - Processing file /home/ec2-user/environment/async-ai-inference-system/.venv/lib64/python3.9/site-packages/airflow/example_dags/example_branch_datetime_operator.py for tasks to queue
[2026-04-29T05:52:08.547+0000] {logging_mixin.py:190} INFO - [2026-04-29T05:52:08.547+0000] {dagbag.py:588} INFO - Filling up the DagBag from /home/ec2-user/environment/async-ai-inference-system/.venv/lib64/python3.9/site-packages/airflow/example_dags/example_branch_datetime_operator.py
[2026-04-29T05:52:08.558+0000] {processor.py:925} INFO - DAG(s) 'example_branch_datetime_operator_2', 'example_branch_datetime_operator', 'example_branch_datetime_operator_3' retrieved from /home/ec2-user/environment/async-ai-inference-system/.venv/lib64/python3.9/site-packages/airflow/example_dags/example_branch_datetime_operator.py
[2026-04-29T05:52:08.578+0000] {logging_mixin.py:190} INFO - [2026-04-29T05:52:08.578+0000] {dag.py:3239} INFO - Sync 3 DAGs
[2026-04-29T05:52:08.597+0000] {logging_mixin.py:190} INFO - [2026-04-29T05:52:08.597+0000] {dag.py:4180} INFO - Setting next_dagrun for example_branch_datetime_operator to 2026-04-28 00:00:00+00:00, run_after=2026-04-29 00:00:00+00:00
[2026-04-29T05:52:08.601+0000] {logging_mixin.py:190} INFO - [2026-04-29T05:52:08.601+0000] {dag.py:4180} INFO - Setting next_dagrun for example_branch_datetime_operator_2 to 2026-04-28 00:00:00+00:00, run_after=2026-04-29 00:00:00+00:00
[2026-04-29T05:52:08.603+0000] {logging_mixin.py:190} INFO - [2026-04-29T05:52:08.603+0000] {dag.py:4180} INFO - Setting next_dagrun for example_branch_datetime_operator_3 to 2026-04-28 00:00:00+00:00, run_after=2026-04-29 00:00:00+00:00
[2026-04-29T05:52:08.621+0000] {processor.py:208} INFO - Processing /home/ec2-user/environment/async-ai-inference-system/.venv/lib64/python3.9/site-packages/airflow/example_dags/example_branch_datetime_operator.py took 0.082 seconds
