[2026-04-29T05:47:28.710+0000] {processor.py:186} INFO - Started process (PID=9974) to work on /home/ec2-user/environment/async-ai-inference-system/.venv/lib64/python3.9/site-packages/airflow/example_dags/example_external_task_marker_dag.py
[2026-04-29T05:47:28.711+0000] {processor.py:914} INFO - Processing file /home/ec2-user/environment/async-ai-inference-system/.venv/lib64/python3.9/site-packages/airflow/example_dags/example_external_task_marker_dag.py for tasks to queue
[2026-04-29T05:47:28.713+0000] {logging_mixin.py:190} INFO - [2026-04-29T05:47:28.713+0000] {dagbag.py:588} INFO - Filling up the DagBag from /home/ec2-user/environment/async-ai-inference-system/.venv/lib64/python3.9/site-packages/airflow/example_dags/example_external_task_marker_dag.py
[2026-04-29T05:47:28.720+0000] {processor.py:925} INFO - DAG(s) 'example_external_task_marker_child', 'example_external_task_marker_parent' retrieved from /home/ec2-user/environment/async-ai-inference-system/.venv/lib64/python3.9/site-packages/airflow/example_dags/example_external_task_marker_dag.py
[2026-04-29T05:47:28.813+0000] {logging_mixin.py:190} INFO - [2026-04-29T05:47:28.813+0000] {override.py:1900} INFO - Created Permission View: can read on DAG:example_external_task_marker_child
[2026-04-29T05:47:28.952+0000] {logging_mixin.py:190} INFO - [2026-04-29T05:47:28.951+0000] {override.py:1900} INFO - Created Permission View: can edit on DAG:example_external_task_marker_child
[2026-04-29T05:47:28.961+0000] {logging_mixin.py:190} INFO - [2026-04-29T05:47:28.960+0000] {override.py:1900} INFO - Created Permission View: can delete on DAG:example_external_task_marker_child
[2026-04-29T05:47:28.974+0000] {logging_mixin.py:190} INFO - [2026-04-29T05:47:28.974+0000] {override.py:1900} INFO - Created Permission View: can create on DAG Run:example_external_task_marker_child
[2026-04-29T05:47:28.983+0000] {logging_mixin.py:190} INFO - [2026-04-29T05:47:28.983+0000] {override.py:1900} INFO - Created Permission View: can read on DAG Run:example_external_task_marker_child
[2026-04-29T05:47:28.992+0000] {logging_mixin.py:190} INFO - [2026-04-29T05:47:28.991+0000] {override.py:1900} INFO - Created Permission View: menu access on DAG Run:example_external_task_marker_child
[2026-04-29T05:47:29.000+0000] {logging_mixin.py:190} INFO - [2026-04-29T05:47:29.000+0000] {override.py:1900} INFO - Created Permission View: can delete on DAG Run:example_external_task_marker_child
[2026-04-29T05:47:29.019+0000] {logging_mixin.py:190} INFO - [2026-04-29T05:47:29.018+0000] {override.py:1900} INFO - Created Permission View: can read on DAG:example_external_task_marker_parent
[2026-04-29T05:47:29.028+0000] {logging_mixin.py:190} INFO - [2026-04-29T05:47:29.028+0000] {override.py:1900} INFO - Created Permission View: can edit on DAG:example_external_task_marker_parent
[2026-04-29T05:47:29.036+0000] {logging_mixin.py:190} INFO - [2026-04-29T05:47:29.036+0000] {override.py:1900} INFO - Created Permission View: can delete on DAG:example_external_task_marker_parent
[2026-04-29T05:47:29.050+0000] {logging_mixin.py:190} INFO - [2026-04-29T05:47:29.050+0000] {override.py:1900} INFO - Created Permission View: can create on DAG Run:example_external_task_marker_parent
[2026-04-29T05:47:29.059+0000] {logging_mixin.py:190} INFO - [2026-04-29T05:47:29.058+0000] {override.py:1900} INFO - Created Permission View: can read on DAG Run:example_external_task_marker_parent
[2026-04-29T05:47:29.067+0000] {logging_mixin.py:190} INFO - [2026-04-29T05:47:29.067+0000] {override.py:1900} INFO - Created Permission View: menu access on DAG Run:example_external_task_marker_parent
[2026-04-29T05:47:29.076+0000] {logging_mixin.py:190} INFO - [2026-04-29T05:47:29.075+0000] {override.py:1900} INFO - Created Permission View: can delete on DAG Run:example_external_task_marker_parent
[2026-04-29T05:47:29.076+0000] {logging_mixin.py:190} INFO - [2026-04-29T05:47:29.076+0000] {dag.py:3239} INFO - Sync 2 DAGs
[2026-04-29T05:47:29.088+0000] {logging_mixin.py:190} INFO - [2026-04-29T05:47:29.088+0000] {dag.py:3262} INFO - Creating ORM DAG for example_external_task_marker_child
[2026-04-29T05:47:29.089+0000] {logging_mixin.py:190} INFO - [2026-04-29T05:47:29.088+0000] {dag.py:3262} INFO - Creating ORM DAG for example_external_task_marker_parent
[2026-04-29T05:47:29.089+0000] {logging_mixin.py:190} INFO - [2026-04-29T05:47:29.089+0000] {dag.py:4180} INFO - Setting next_dagrun for example_external_task_marker_child to None, run_after=None
[2026-04-29T05:47:29.090+0000] {logging_mixin.py:190} INFO - [2026-04-29T05:47:29.089+0000] {dag.py:4180} INFO - Setting next_dagrun for example_external_task_marker_parent to None, run_after=None
[2026-04-29T05:47:29.109+0000] {processor.py:208} INFO - Processing /home/ec2-user/environment/async-ai-inference-system/.venv/lib64/python3.9/site-packages/airflow/example_dags/example_external_task_marker_dag.py took 0.404 seconds
[2026-04-29T05:50:24.413+0000] {processor.py:186} INFO - Started process (PID=10312) to work on /home/ec2-user/environment/async-ai-inference-system/.venv/lib64/python3.9/site-packages/airflow/example_dags/example_external_task_marker_dag.py
[2026-04-29T05:50:24.415+0000] {processor.py:914} INFO - Processing file /home/ec2-user/environment/async-ai-inference-system/.venv/lib64/python3.9/site-packages/airflow/example_dags/example_external_task_marker_dag.py for tasks to queue
[2026-04-29T05:50:24.417+0000] {logging_mixin.py:190} INFO - [2026-04-29T05:50:24.417+0000] {dagbag.py:588} INFO - Filling up the DagBag from /home/ec2-user/environment/async-ai-inference-system/.venv/lib64/python3.9/site-packages/airflow/example_dags/example_external_task_marker_dag.py
[2026-04-29T05:50:24.424+0000] {processor.py:925} INFO - DAG(s) 'example_external_task_marker_child', 'example_external_task_marker_parent' retrieved from /home/ec2-user/environment/async-ai-inference-system/.venv/lib64/python3.9/site-packages/airflow/example_dags/example_external_task_marker_dag.py
[2026-04-29T05:50:24.440+0000] {logging_mixin.py:190} INFO - [2026-04-29T05:50:24.440+0000] {dag.py:3239} INFO - Sync 2 DAGs
[2026-04-29T05:50:24.452+0000] {logging_mixin.py:190} INFO - [2026-04-29T05:50:24.452+0000] {dag.py:4180} INFO - Setting next_dagrun for example_external_task_marker_child to None, run_after=None
[2026-04-29T05:50:24.455+0000] {logging_mixin.py:190} INFO - [2026-04-29T05:50:24.455+0000] {dag.py:4180} INFO - Setting next_dagrun for example_external_task_marker_parent to None, run_after=None
[2026-04-29T05:50:24.474+0000] {processor.py:208} INFO - Processing /home/ec2-user/environment/async-ai-inference-system/.venv/lib64/python3.9/site-packages/airflow/example_dags/example_external_task_marker_dag.py took 0.066 seconds
[2026-04-29T05:51:25.800+0000] {processor.py:186} INFO - Started process (PID=10457) to work on /home/ec2-user/environment/async-ai-inference-system/.venv/lib64/python3.9/site-packages/airflow/example_dags/example_external_task_marker_dag.py
[2026-04-29T05:51:25.802+0000] {processor.py:914} INFO - Processing file /home/ec2-user/environment/async-ai-inference-system/.venv/lib64/python3.9/site-packages/airflow/example_dags/example_external_task_marker_dag.py for tasks to queue
[2026-04-29T05:51:25.804+0000] {logging_mixin.py:190} INFO - [2026-04-29T05:51:25.804+0000] {dagbag.py:588} INFO - Filling up the DagBag from /home/ec2-user/environment/async-ai-inference-system/.venv/lib64/python3.9/site-packages/airflow/example_dags/example_external_task_marker_dag.py
[2026-04-29T05:51:25.814+0000] {processor.py:925} INFO - DAG(s) 'example_external_task_marker_child', 'example_external_task_marker_parent' retrieved from /home/ec2-user/environment/async-ai-inference-system/.venv/lib64/python3.9/site-packages/airflow/example_dags/example_external_task_marker_dag.py
[2026-04-29T05:51:25.833+0000] {logging_mixin.py:190} INFO - [2026-04-29T05:51:25.833+0000] {dag.py:3239} INFO - Sync 2 DAGs
[2026-04-29T05:51:25.845+0000] {logging_mixin.py:190} INFO - [2026-04-29T05:51:25.845+0000] {dag.py:4180} INFO - Setting next_dagrun for example_external_task_marker_child to None, run_after=None
[2026-04-29T05:51:25.848+0000] {logging_mixin.py:190} INFO - [2026-04-29T05:51:25.848+0000] {dag.py:4180} INFO - Setting next_dagrun for example_external_task_marker_parent to None, run_after=None
[2026-04-29T05:51:25.865+0000] {processor.py:208} INFO - Processing /home/ec2-user/environment/async-ai-inference-system/.venv/lib64/python3.9/site-packages/airflow/example_dags/example_external_task_marker_dag.py took 0.072 seconds
[2026-04-29T05:52:23.312+0000] {processor.py:186} INFO - Started process (PID=10552) to work on /home/ec2-user/environment/async-ai-inference-system/.venv/lib64/python3.9/site-packages/airflow/example_dags/example_external_task_marker_dag.py
[2026-04-29T05:52:23.313+0000] {processor.py:914} INFO - Processing file /home/ec2-user/environment/async-ai-inference-system/.venv/lib64/python3.9/site-packages/airflow/example_dags/example_external_task_marker_dag.py for tasks to queue
[2026-04-29T05:52:23.315+0000] {logging_mixin.py:190} INFO - [2026-04-29T05:52:23.315+0000] {dagbag.py:588} INFO - Filling up the DagBag from /home/ec2-user/environment/async-ai-inference-system/.venv/lib64/python3.9/site-packages/airflow/example_dags/example_external_task_marker_dag.py
[2026-04-29T05:52:23.322+0000] {processor.py:925} INFO - DAG(s) 'example_external_task_marker_parent', 'example_external_task_marker_child' retrieved from /home/ec2-user/environment/async-ai-inference-system/.venv/lib64/python3.9/site-packages/airflow/example_dags/example_external_task_marker_dag.py
[2026-04-29T05:52:23.338+0000] {logging_mixin.py:190} INFO - [2026-04-29T05:52:23.338+0000] {dag.py:3239} INFO - Sync 2 DAGs
[2026-04-29T05:52:23.350+0000] {logging_mixin.py:190} INFO - [2026-04-29T05:52:23.349+0000] {dag.py:4180} INFO - Setting next_dagrun for example_external_task_marker_child to None, run_after=None
[2026-04-29T05:52:23.352+0000] {logging_mixin.py:190} INFO - [2026-04-29T05:52:23.352+0000] {dag.py:4180} INFO - Setting next_dagrun for example_external_task_marker_parent to None, run_after=None
[2026-04-29T05:52:23.369+0000] {processor.py:208} INFO - Processing /home/ec2-user/environment/async-ai-inference-system/.venv/lib64/python3.9/site-packages/airflow/example_dags/example_external_task_marker_dag.py took 0.063 seconds
