[2026-04-29T05:46:50.791+0000] {processor.py:186} INFO - Started process (PID=9914) to work on /home/ec2-user/environment/async-ai-inference-system/.venv/lib64/python3.9/site-packages/airflow/example_dags/example_trigger_controller_dag.py
[2026-04-29T05:46:50.791+0000] {processor.py:914} INFO - Processing file /home/ec2-user/environment/async-ai-inference-system/.venv/lib64/python3.9/site-packages/airflow/example_dags/example_trigger_controller_dag.py for tasks to queue
[2026-04-29T05:46:50.793+0000] {logging_mixin.py:190} INFO - [2026-04-29T05:46:50.793+0000] {dagbag.py:588} INFO - Filling up the DagBag from /home/ec2-user/environment/async-ai-inference-system/.venv/lib64/python3.9/site-packages/airflow/example_dags/example_trigger_controller_dag.py
[2026-04-29T05:46:50.799+0000] {processor.py:925} INFO - DAG(s) 'example_trigger_controller_dag' retrieved from /home/ec2-user/environment/async-ai-inference-system/.venv/lib64/python3.9/site-packages/airflow/example_dags/example_trigger_controller_dag.py
[2026-04-29T05:46:50.892+0000] {logging_mixin.py:190} INFO - [2026-04-29T05:46:50.892+0000] {override.py:1900} INFO - Created Permission View: can read on DAG:example_trigger_controller_dag
[2026-04-29T05:46:50.904+0000] {logging_mixin.py:190} INFO - [2026-04-29T05:46:50.903+0000] {override.py:1900} INFO - Created Permission View: can edit on DAG:example_trigger_controller_dag
[2026-04-29T05:46:50.912+0000] {logging_mixin.py:190} INFO - [2026-04-29T05:46:50.912+0000] {override.py:1900} INFO - Created Permission View: can delete on DAG:example_trigger_controller_dag
[2026-04-29T05:46:50.926+0000] {logging_mixin.py:190} INFO - [2026-04-29T05:46:50.926+0000] {override.py:1900} INFO - Created Permission View: can create on DAG Run:example_trigger_controller_dag
[2026-04-29T05:46:50.935+0000] {logging_mixin.py:190} INFO - [2026-04-29T05:46:50.934+0000] {override.py:1900} INFO - Created Permission View: can read on DAG Run:example_trigger_controller_dag
[2026-04-29T05:46:50.943+0000] {logging_mixin.py:190} INFO - [2026-04-29T05:46:50.943+0000] {override.py:1900} INFO - Created Permission View: menu access on DAG Run:example_trigger_controller_dag
[2026-04-29T05:46:50.952+0000] {logging_mixin.py:190} INFO - [2026-04-29T05:46:50.952+0000] {override.py:1900} INFO - Created Permission View: can delete on DAG Run:example_trigger_controller_dag
[2026-04-29T05:46:50.952+0000] {logging_mixin.py:190} INFO - [2026-04-29T05:46:50.952+0000] {dag.py:3239} INFO - Sync 1 DAGs
[2026-04-29T05:46:50.963+0000] {logging_mixin.py:190} INFO - [2026-04-29T05:46:50.963+0000] {dag.py:3262} INFO - Creating ORM DAG for example_trigger_controller_dag
[2026-04-29T05:46:50.972+0000] {logging_mixin.py:190} INFO - [2026-04-29T05:46:50.971+0000] {dag.py:4180} INFO - Setting next_dagrun for example_trigger_controller_dag to 2021-01-01 00:00:00+00:00, run_after=2021-01-01 00:00:00+00:00
[2026-04-29T05:46:51.114+0000] {processor.py:208} INFO - Processing /home/ec2-user/environment/async-ai-inference-system/.venv/lib64/python3.9/site-packages/airflow/example_dags/example_trigger_controller_dag.py took 0.329 seconds
[2026-04-29T05:49:54.796+0000] {processor.py:186} INFO - Started process (PID=10255) to work on /home/ec2-user/environment/async-ai-inference-system/.venv/lib64/python3.9/site-packages/airflow/example_dags/example_trigger_controller_dag.py
[2026-04-29T05:49:54.797+0000] {processor.py:914} INFO - Processing file /home/ec2-user/environment/async-ai-inference-system/.venv/lib64/python3.9/site-packages/airflow/example_dags/example_trigger_controller_dag.py for tasks to queue
[2026-04-29T05:49:54.799+0000] {logging_mixin.py:190} INFO - [2026-04-29T05:49:54.799+0000] {dagbag.py:588} INFO - Filling up the DagBag from /home/ec2-user/environment/async-ai-inference-system/.venv/lib64/python3.9/site-packages/airflow/example_dags/example_trigger_controller_dag.py
[2026-04-29T05:49:54.804+0000] {processor.py:925} INFO - DAG(s) 'example_trigger_controller_dag' retrieved from /home/ec2-user/environment/async-ai-inference-system/.venv/lib64/python3.9/site-packages/airflow/example_dags/example_trigger_controller_dag.py
[2026-04-29T05:49:54.819+0000] {logging_mixin.py:190} INFO - [2026-04-29T05:49:54.819+0000] {dag.py:3239} INFO - Sync 1 DAGs
[2026-04-29T05:49:54.836+0000] {logging_mixin.py:190} INFO - [2026-04-29T05:49:54.835+0000] {dag.py:4180} INFO - Setting next_dagrun for example_trigger_controller_dag to 2021-01-01 00:00:00+00:00, run_after=2021-01-01 00:00:00+00:00
[2026-04-29T05:49:54.974+0000] {processor.py:208} INFO - Processing /home/ec2-user/environment/async-ai-inference-system/.venv/lib64/python3.9/site-packages/airflow/example_dags/example_trigger_controller_dag.py took 0.184 seconds
[2026-04-29T05:50:53.347+0000] {processor.py:186} INFO - Started process (PID=10351) to work on /home/ec2-user/environment/async-ai-inference-system/.venv/lib64/python3.9/site-packages/airflow/example_dags/example_trigger_controller_dag.py
[2026-04-29T05:50:53.349+0000] {processor.py:914} INFO - Processing file /home/ec2-user/environment/async-ai-inference-system/.venv/lib64/python3.9/site-packages/airflow/example_dags/example_trigger_controller_dag.py for tasks to queue
[2026-04-29T05:50:53.350+0000] {logging_mixin.py:190} INFO - [2026-04-29T05:50:53.350+0000] {dagbag.py:588} INFO - Filling up the DagBag from /home/ec2-user/environment/async-ai-inference-system/.venv/lib64/python3.9/site-packages/airflow/example_dags/example_trigger_controller_dag.py
[2026-04-29T05:50:53.356+0000] {processor.py:925} INFO - DAG(s) 'example_trigger_controller_dag' retrieved from /home/ec2-user/environment/async-ai-inference-system/.venv/lib64/python3.9/site-packages/airflow/example_dags/example_trigger_controller_dag.py
[2026-04-29T05:50:53.370+0000] {logging_mixin.py:190} INFO - [2026-04-29T05:50:53.370+0000] {dag.py:3239} INFO - Sync 1 DAGs
[2026-04-29T05:50:53.387+0000] {logging_mixin.py:190} INFO - [2026-04-29T05:50:53.387+0000] {dag.py:4180} INFO - Setting next_dagrun for example_trigger_controller_dag to 2021-01-01 00:00:00+00:00, run_after=2021-01-01 00:00:00+00:00
[2026-04-29T05:50:53.406+0000] {processor.py:208} INFO - Processing /home/ec2-user/environment/async-ai-inference-system/.venv/lib64/python3.9/site-packages/airflow/example_dags/example_trigger_controller_dag.py took 0.064 seconds
[2026-04-29T05:51:51.880+0000] {processor.py:186} INFO - Started process (PID=10493) to work on /home/ec2-user/environment/async-ai-inference-system/.venv/lib64/python3.9/site-packages/airflow/example_dags/example_trigger_controller_dag.py
[2026-04-29T05:51:51.881+0000] {processor.py:914} INFO - Processing file /home/ec2-user/environment/async-ai-inference-system/.venv/lib64/python3.9/site-packages/airflow/example_dags/example_trigger_controller_dag.py for tasks to queue
[2026-04-29T05:51:51.883+0000] {logging_mixin.py:190} INFO - [2026-04-29T05:51:51.883+0000] {dagbag.py:588} INFO - Filling up the DagBag from /home/ec2-user/environment/async-ai-inference-system/.venv/lib64/python3.9/site-packages/airflow/example_dags/example_trigger_controller_dag.py
[2026-04-29T05:51:51.889+0000] {processor.py:925} INFO - DAG(s) 'example_trigger_controller_dag' retrieved from /home/ec2-user/environment/async-ai-inference-system/.venv/lib64/python3.9/site-packages/airflow/example_dags/example_trigger_controller_dag.py
[2026-04-29T05:51:51.902+0000] {logging_mixin.py:190} INFO - [2026-04-29T05:51:51.901+0000] {dag.py:3239} INFO - Sync 1 DAGs
[2026-04-29T05:51:51.918+0000] {logging_mixin.py:190} INFO - [2026-04-29T05:51:51.918+0000] {dag.py:4180} INFO - Setting next_dagrun for example_trigger_controller_dag to 2021-01-01 00:00:00+00:00, run_after=2021-01-01 00:00:00+00:00
[2026-04-29T05:51:51.937+0000] {processor.py:208} INFO - Processing /home/ec2-user/environment/async-ai-inference-system/.venv/lib64/python3.9/site-packages/airflow/example_dags/example_trigger_controller_dag.py took 0.063 seconds
