[2026-04-29T05:47:18.022+0000] {processor.py:186} INFO - Started process (PID=9966) to work on /home/ec2-user/environment/async-ai-inference-system/.venv/lib64/python3.9/site-packages/airflow/example_dags/example_complex.py
[2026-04-29T05:47:18.023+0000] {processor.py:914} INFO - Processing file /home/ec2-user/environment/async-ai-inference-system/.venv/lib64/python3.9/site-packages/airflow/example_dags/example_complex.py for tasks to queue
[2026-04-29T05:47:18.024+0000] {logging_mixin.py:190} INFO - [2026-04-29T05:47:18.024+0000] {dagbag.py:588} INFO - Filling up the DagBag from /home/ec2-user/environment/async-ai-inference-system/.venv/lib64/python3.9/site-packages/airflow/example_dags/example_complex.py
[2026-04-29T05:47:18.036+0000] {processor.py:925} INFO - DAG(s) 'example_complex' retrieved from /home/ec2-user/environment/async-ai-inference-system/.venv/lib64/python3.9/site-packages/airflow/example_dags/example_complex.py
[2026-04-29T05:47:18.139+0000] {logging_mixin.py:190} INFO - [2026-04-29T05:47:18.139+0000] {override.py:1900} INFO - Created Permission View: can read on DAG:example_complex
[2026-04-29T05:47:18.152+0000] {logging_mixin.py:190} INFO - [2026-04-29T05:47:18.152+0000] {override.py:1900} INFO - Created Permission View: can edit on DAG:example_complex
[2026-04-29T05:47:18.288+0000] {logging_mixin.py:190} INFO - [2026-04-29T05:47:18.288+0000] {override.py:1900} INFO - Created Permission View: can delete on DAG:example_complex
[2026-04-29T05:47:18.302+0000] {logging_mixin.py:190} INFO - [2026-04-29T05:47:18.301+0000] {override.py:1900} INFO - Created Permission View: can create on DAG Run:example_complex
[2026-04-29T05:47:18.310+0000] {logging_mixin.py:190} INFO - [2026-04-29T05:47:18.310+0000] {override.py:1900} INFO - Created Permission View: can read on DAG Run:example_complex
[2026-04-29T05:47:18.319+0000] {logging_mixin.py:190} INFO - [2026-04-29T05:47:18.319+0000] {override.py:1900} INFO - Created Permission View: menu access on DAG Run:example_complex
[2026-04-29T05:47:18.327+0000] {logging_mixin.py:190} INFO - [2026-04-29T05:47:18.327+0000] {override.py:1900} INFO - Created Permission View: can delete on DAG Run:example_complex
[2026-04-29T05:47:18.327+0000] {logging_mixin.py:190} INFO - [2026-04-29T05:47:18.327+0000] {dag.py:3239} INFO - Sync 1 DAGs
[2026-04-29T05:47:18.337+0000] {logging_mixin.py:190} INFO - [2026-04-29T05:47:18.337+0000] {dag.py:3262} INFO - Creating ORM DAG for example_complex
[2026-04-29T05:47:18.338+0000] {logging_mixin.py:190} INFO - [2026-04-29T05:47:18.338+0000] {dag.py:4180} INFO - Setting next_dagrun for example_complex to None, run_after=None
[2026-04-29T05:47:18.356+0000] {processor.py:208} INFO - Processing /home/ec2-user/environment/async-ai-inference-system/.venv/lib64/python3.9/site-packages/airflow/example_dags/example_complex.py took 0.340 seconds
[2026-04-29T05:50:17.546+0000] {processor.py:186} INFO - Started process (PID=10294) to work on /home/ec2-user/environment/async-ai-inference-system/.venv/lib64/python3.9/site-packages/airflow/example_dags/example_complex.py
[2026-04-29T05:50:17.547+0000] {processor.py:914} INFO - Processing file /home/ec2-user/environment/async-ai-inference-system/.venv/lib64/python3.9/site-packages/airflow/example_dags/example_complex.py for tasks to queue
[2026-04-29T05:50:17.549+0000] {logging_mixin.py:190} INFO - [2026-04-29T05:50:17.549+0000] {dagbag.py:588} INFO - Filling up the DagBag from /home/ec2-user/environment/async-ai-inference-system/.venv/lib64/python3.9/site-packages/airflow/example_dags/example_complex.py
[2026-04-29T05:50:17.561+0000] {processor.py:925} INFO - DAG(s) 'example_complex' retrieved from /home/ec2-user/environment/async-ai-inference-system/.venv/lib64/python3.9/site-packages/airflow/example_dags/example_complex.py
[2026-04-29T05:50:17.588+0000] {logging_mixin.py:190} INFO - [2026-04-29T05:50:17.588+0000] {dag.py:3239} INFO - Sync 1 DAGs
[2026-04-29T05:50:17.600+0000] {logging_mixin.py:190} INFO - [2026-04-29T05:50:17.600+0000] {dag.py:4180} INFO - Setting next_dagrun for example_complex to None, run_after=None
[2026-04-29T05:50:17.619+0000] {processor.py:208} INFO - Processing /home/ec2-user/environment/async-ai-inference-system/.venv/lib64/python3.9/site-packages/airflow/example_dags/example_complex.py took 0.079 seconds
[2026-04-29T05:51:17.021+0000] {processor.py:186} INFO - Started process (PID=10443) to work on /home/ec2-user/environment/async-ai-inference-system/.venv/lib64/python3.9/site-packages/airflow/example_dags/example_complex.py
[2026-04-29T05:51:17.022+0000] {processor.py:914} INFO - Processing file /home/ec2-user/environment/async-ai-inference-system/.venv/lib64/python3.9/site-packages/airflow/example_dags/example_complex.py for tasks to queue
[2026-04-29T05:51:17.024+0000] {logging_mixin.py:190} INFO - [2026-04-29T05:51:17.023+0000] {dagbag.py:588} INFO - Filling up the DagBag from /home/ec2-user/environment/async-ai-inference-system/.venv/lib64/python3.9/site-packages/airflow/example_dags/example_complex.py
[2026-04-29T05:51:17.036+0000] {processor.py:925} INFO - DAG(s) 'example_complex' retrieved from /home/ec2-user/environment/async-ai-inference-system/.venv/lib64/python3.9/site-packages/airflow/example_dags/example_complex.py
[2026-04-29T05:51:17.061+0000] {logging_mixin.py:190} INFO - [2026-04-29T05:51:17.061+0000] {dag.py:3239} INFO - Sync 1 DAGs
[2026-04-29T05:51:17.073+0000] {logging_mixin.py:190} INFO - [2026-04-29T05:51:17.073+0000] {dag.py:4180} INFO - Setting next_dagrun for example_complex to None, run_after=None
[2026-04-29T05:51:17.214+0000] {processor.py:208} INFO - Processing /home/ec2-user/environment/async-ai-inference-system/.venv/lib64/python3.9/site-packages/airflow/example_dags/example_complex.py took 0.199 seconds
[2026-04-29T05:52:13.899+0000] {processor.py:186} INFO - Started process (PID=10544) to work on /home/ec2-user/environment/async-ai-inference-system/.venv/lib64/python3.9/site-packages/airflow/example_dags/example_complex.py
[2026-04-29T05:52:13.901+0000] {processor.py:914} INFO - Processing file /home/ec2-user/environment/async-ai-inference-system/.venv/lib64/python3.9/site-packages/airflow/example_dags/example_complex.py for tasks to queue
[2026-04-29T05:52:13.902+0000] {logging_mixin.py:190} INFO - [2026-04-29T05:52:13.902+0000] {dagbag.py:588} INFO - Filling up the DagBag from /home/ec2-user/environment/async-ai-inference-system/.venv/lib64/python3.9/site-packages/airflow/example_dags/example_complex.py
[2026-04-29T05:52:13.914+0000] {processor.py:925} INFO - DAG(s) 'example_complex' retrieved from /home/ec2-user/environment/async-ai-inference-system/.venv/lib64/python3.9/site-packages/airflow/example_dags/example_complex.py
[2026-04-29T05:52:13.940+0000] {logging_mixin.py:190} INFO - [2026-04-29T05:52:13.940+0000] {dag.py:3239} INFO - Sync 1 DAGs
[2026-04-29T05:52:13.951+0000] {logging_mixin.py:190} INFO - [2026-04-29T05:52:13.951+0000] {dag.py:4180} INFO - Setting next_dagrun for example_complex to None, run_after=None
[2026-04-29T05:52:13.971+0000] {processor.py:208} INFO - Processing /home/ec2-user/environment/async-ai-inference-system/.venv/lib64/python3.9/site-packages/airflow/example_dags/example_complex.py took 0.077 seconds
