[2026-04-29T05:47:31.808+0000] {processor.py:186} INFO - Started process (PID=9980) to work on /home/ec2-user/environment/async-ai-inference-system/.venv/lib64/python3.9/site-packages/airflow/example_dags/example_kubernetes_executor.py
[2026-04-29T05:47:31.808+0000] {processor.py:914} INFO - Processing file /home/ec2-user/environment/async-ai-inference-system/.venv/lib64/python3.9/site-packages/airflow/example_dags/example_kubernetes_executor.py for tasks to queue
[2026-04-29T05:47:31.810+0000] {logging_mixin.py:190} INFO - [2026-04-29T05:47:31.810+0000] {dagbag.py:588} INFO - Filling up the DagBag from /home/ec2-user/environment/async-ai-inference-system/.venv/lib64/python3.9/site-packages/airflow/example_dags/example_kubernetes_executor.py
[2026-04-29T05:47:31.813+0000] {logging_mixin.py:190} INFO - [2026-04-29T05:47:31.812+0000] {example_kubernetes_executor.py:39} WARNING - The example_kubernetes_executor example DAG requires the kubernetes provider. Please install it with: pip install apache-airflow[cncf.kubernetes]
[2026-04-29T05:47:31.813+0000] {processor.py:927} WARNING - No viable dags retrieved from /home/ec2-user/environment/async-ai-inference-system/.venv/lib64/python3.9/site-packages/airflow/example_dags/example_kubernetes_executor.py
[2026-04-29T05:47:31.822+0000] {processor.py:208} INFO - Processing /home/ec2-user/environment/async-ai-inference-system/.venv/lib64/python3.9/site-packages/airflow/example_dags/example_kubernetes_executor.py took 0.020 seconds
[2026-04-29T05:50:26.702+0000] {processor.py:186} INFO - Started process (PID=10314) to work on /home/ec2-user/environment/async-ai-inference-system/.venv/lib64/python3.9/site-packages/airflow/example_dags/example_kubernetes_executor.py
[2026-04-29T05:50:26.704+0000] {processor.py:914} INFO - Processing file /home/ec2-user/environment/async-ai-inference-system/.venv/lib64/python3.9/site-packages/airflow/example_dags/example_kubernetes_executor.py for tasks to queue
[2026-04-29T05:50:26.705+0000] {logging_mixin.py:190} INFO - [2026-04-29T05:50:26.705+0000] {dagbag.py:588} INFO - Filling up the DagBag from /home/ec2-user/environment/async-ai-inference-system/.venv/lib64/python3.9/site-packages/airflow/example_dags/example_kubernetes_executor.py
[2026-04-29T05:50:26.708+0000] {logging_mixin.py:190} INFO - [2026-04-29T05:50:26.708+0000] {example_kubernetes_executor.py:39} WARNING - The example_kubernetes_executor example DAG requires the kubernetes provider. Please install it with: pip install apache-airflow[cncf.kubernetes]
[2026-04-29T05:50:26.708+0000] {processor.py:927} WARNING - No viable dags retrieved from /home/ec2-user/environment/async-ai-inference-system/.venv/lib64/python3.9/site-packages/airflow/example_dags/example_kubernetes_executor.py
[2026-04-29T05:50:26.717+0000] {processor.py:208} INFO - Processing /home/ec2-user/environment/async-ai-inference-system/.venv/lib64/python3.9/site-packages/airflow/example_dags/example_kubernetes_executor.py took 0.020 seconds
[2026-04-29T05:51:27.519+0000] {processor.py:186} INFO - Started process (PID=10463) to work on /home/ec2-user/environment/async-ai-inference-system/.venv/lib64/python3.9/site-packages/airflow/example_dags/example_kubernetes_executor.py
[2026-04-29T05:51:27.520+0000] {processor.py:914} INFO - Processing file /home/ec2-user/environment/async-ai-inference-system/.venv/lib64/python3.9/site-packages/airflow/example_dags/example_kubernetes_executor.py for tasks to queue
[2026-04-29T05:51:27.522+0000] {logging_mixin.py:190} INFO - [2026-04-29T05:51:27.522+0000] {dagbag.py:588} INFO - Filling up the DagBag from /home/ec2-user/environment/async-ai-inference-system/.venv/lib64/python3.9/site-packages/airflow/example_dags/example_kubernetes_executor.py
[2026-04-29T05:51:27.524+0000] {logging_mixin.py:190} INFO - [2026-04-29T05:51:27.524+0000] {example_kubernetes_executor.py:39} WARNING - The example_kubernetes_executor example DAG requires the kubernetes provider. Please install it with: pip install apache-airflow[cncf.kubernetes]
[2026-04-29T05:51:27.524+0000] {processor.py:927} WARNING - No viable dags retrieved from /home/ec2-user/environment/async-ai-inference-system/.venv/lib64/python3.9/site-packages/airflow/example_dags/example_kubernetes_executor.py
[2026-04-29T05:51:27.534+0000] {processor.py:208} INFO - Processing /home/ec2-user/environment/async-ai-inference-system/.venv/lib64/python3.9/site-packages/airflow/example_dags/example_kubernetes_executor.py took 0.020 seconds
[2026-04-29T05:52:25.569+0000] {processor.py:186} INFO - Started process (PID=10560) to work on /home/ec2-user/environment/async-ai-inference-system/.venv/lib64/python3.9/site-packages/airflow/example_dags/example_kubernetes_executor.py
[2026-04-29T05:52:25.571+0000] {processor.py:914} INFO - Processing file /home/ec2-user/environment/async-ai-inference-system/.venv/lib64/python3.9/site-packages/airflow/example_dags/example_kubernetes_executor.py for tasks to queue
[2026-04-29T05:52:25.572+0000] {logging_mixin.py:190} INFO - [2026-04-29T05:52:25.572+0000] {dagbag.py:588} INFO - Filling up the DagBag from /home/ec2-user/environment/async-ai-inference-system/.venv/lib64/python3.9/site-packages/airflow/example_dags/example_kubernetes_executor.py
[2026-04-29T05:52:25.575+0000] {logging_mixin.py:190} INFO - [2026-04-29T05:52:25.575+0000] {example_kubernetes_executor.py:39} WARNING - The example_kubernetes_executor example DAG requires the kubernetes provider. Please install it with: pip install apache-airflow[cncf.kubernetes]
[2026-04-29T05:52:25.575+0000] {processor.py:927} WARNING - No viable dags retrieved from /home/ec2-user/environment/async-ai-inference-system/.venv/lib64/python3.9/site-packages/airflow/example_dags/example_kubernetes_executor.py
[2026-04-29T05:52:25.584+0000] {processor.py:208} INFO - Processing /home/ec2-user/environment/async-ai-inference-system/.venv/lib64/python3.9/site-packages/airflow/example_dags/example_kubernetes_executor.py took 0.020 seconds
