[2026-04-29T05:47:30.253+0000] {processor.py:186} INFO - Started process (PID=9975) to work on /home/ec2-user/environment/async-ai-inference-system/.venv/lib64/python3.9/site-packages/airflow/example_dags/example_inlet_event_extra.py
[2026-04-29T05:47:30.254+0000] {processor.py:914} INFO - Processing file /home/ec2-user/environment/async-ai-inference-system/.venv/lib64/python3.9/site-packages/airflow/example_dags/example_inlet_event_extra.py for tasks to queue
[2026-04-29T05:47:30.256+0000] {logging_mixin.py:190} INFO - [2026-04-29T05:47:30.256+0000] {dagbag.py:588} INFO - Filling up the DagBag from /home/ec2-user/environment/async-ai-inference-system/.venv/lib64/python3.9/site-packages/airflow/example_dags/example_inlet_event_extra.py
[2026-04-29T05:47:30.267+0000] {processor.py:925} INFO - DAG(s) 'read_dataset_event', 'read_dataset_event_from_classic' retrieved from /home/ec2-user/environment/async-ai-inference-system/.venv/lib64/python3.9/site-packages/airflow/example_dags/example_inlet_event_extra.py
[2026-04-29T05:47:30.359+0000] {logging_mixin.py:190} INFO - [2026-04-29T05:47:30.359+0000] {override.py:1900} INFO - Created Permission View: can read on DAG:read_dataset_event
[2026-04-29T05:47:30.501+0000] {logging_mixin.py:190} INFO - [2026-04-29T05:47:30.500+0000] {override.py:1900} INFO - Created Permission View: can edit on DAG:read_dataset_event
[2026-04-29T05:47:30.509+0000] {logging_mixin.py:190} INFO - [2026-04-29T05:47:30.509+0000] {override.py:1900} INFO - Created Permission View: can delete on DAG:read_dataset_event
[2026-04-29T05:47:30.524+0000] {logging_mixin.py:190} INFO - [2026-04-29T05:47:30.524+0000] {override.py:1900} INFO - Created Permission View: can create on DAG Run:read_dataset_event
[2026-04-29T05:47:30.532+0000] {logging_mixin.py:190} INFO - [2026-04-29T05:47:30.532+0000] {override.py:1900} INFO - Created Permission View: can read on DAG Run:read_dataset_event
[2026-04-29T05:47:30.541+0000] {logging_mixin.py:190} INFO - [2026-04-29T05:47:30.540+0000] {override.py:1900} INFO - Created Permission View: menu access on DAG Run:read_dataset_event
[2026-04-29T05:47:30.549+0000] {logging_mixin.py:190} INFO - [2026-04-29T05:47:30.549+0000] {override.py:1900} INFO - Created Permission View: can delete on DAG Run:read_dataset_event
[2026-04-29T05:47:30.567+0000] {logging_mixin.py:190} INFO - [2026-04-29T05:47:30.567+0000] {override.py:1900} INFO - Created Permission View: can read on DAG:read_dataset_event_from_classic
[2026-04-29T05:47:30.576+0000] {logging_mixin.py:190} INFO - [2026-04-29T05:47:30.576+0000] {override.py:1900} INFO - Created Permission View: can edit on DAG:read_dataset_event_from_classic
[2026-04-29T05:47:30.585+0000] {logging_mixin.py:190} INFO - [2026-04-29T05:47:30.584+0000] {override.py:1900} INFO - Created Permission View: can delete on DAG:read_dataset_event_from_classic
[2026-04-29T05:47:30.598+0000] {logging_mixin.py:190} INFO - [2026-04-29T05:47:30.598+0000] {override.py:1900} INFO - Created Permission View: can create on DAG Run:read_dataset_event_from_classic
[2026-04-29T05:47:30.606+0000] {logging_mixin.py:190} INFO - [2026-04-29T05:47:30.606+0000] {override.py:1900} INFO - Created Permission View: can read on DAG Run:read_dataset_event_from_classic
[2026-04-29T05:47:30.615+0000] {logging_mixin.py:190} INFO - [2026-04-29T05:47:30.615+0000] {override.py:1900} INFO - Created Permission View: menu access on DAG Run:read_dataset_event_from_classic
[2026-04-29T05:47:30.623+0000] {logging_mixin.py:190} INFO - [2026-04-29T05:47:30.623+0000] {override.py:1900} INFO - Created Permission View: can delete on DAG Run:read_dataset_event_from_classic
[2026-04-29T05:47:30.624+0000] {logging_mixin.py:190} INFO - [2026-04-29T05:47:30.624+0000] {dag.py:3239} INFO - Sync 2 DAGs
[2026-04-29T05:47:30.634+0000] {logging_mixin.py:190} INFO - [2026-04-29T05:47:30.633+0000] {dag.py:3262} INFO - Creating ORM DAG for read_dataset_event
[2026-04-29T05:47:30.634+0000] {logging_mixin.py:190} INFO - [2026-04-29T05:47:30.634+0000] {dag.py:3262} INFO - Creating ORM DAG for read_dataset_event_from_classic
[2026-04-29T05:47:30.642+0000] {logging_mixin.py:190} INFO - [2026-04-29T05:47:30.642+0000] {dag.py:4180} INFO - Setting next_dagrun for read_dataset_event to 2026-04-28 00:00:00+00:00, run_after=2026-04-29 00:00:00+00:00
[2026-04-29T05:47:30.643+0000] {logging_mixin.py:190} INFO - [2026-04-29T05:47:30.643+0000] {dag.py:4180} INFO - Setting next_dagrun for read_dataset_event_from_classic to 2026-04-28 00:00:00+00:00, run_after=2026-04-29 00:00:00+00:00
[2026-04-29T05:47:30.662+0000] {processor.py:208} INFO - Processing /home/ec2-user/environment/async-ai-inference-system/.venv/lib64/python3.9/site-packages/airflow/example_dags/example_inlet_event_extra.py took 0.414 seconds
[2026-04-29T05:50:25.562+0000] {processor.py:186} INFO - Started process (PID=10313) to work on /home/ec2-user/environment/async-ai-inference-system/.venv/lib64/python3.9/site-packages/airflow/example_dags/example_inlet_event_extra.py
[2026-04-29T05:50:25.563+0000] {processor.py:914} INFO - Processing file /home/ec2-user/environment/async-ai-inference-system/.venv/lib64/python3.9/site-packages/airflow/example_dags/example_inlet_event_extra.py for tasks to queue
[2026-04-29T05:50:25.565+0000] {logging_mixin.py:190} INFO - [2026-04-29T05:50:25.565+0000] {dagbag.py:588} INFO - Filling up the DagBag from /home/ec2-user/environment/async-ai-inference-system/.venv/lib64/python3.9/site-packages/airflow/example_dags/example_inlet_event_extra.py
[2026-04-29T05:50:25.576+0000] {processor.py:925} INFO - DAG(s) 'read_dataset_event_from_classic', 'read_dataset_event' retrieved from /home/ec2-user/environment/async-ai-inference-system/.venv/lib64/python3.9/site-packages/airflow/example_dags/example_inlet_event_extra.py
[2026-04-29T05:50:25.591+0000] {logging_mixin.py:190} INFO - [2026-04-29T05:50:25.591+0000] {dag.py:3239} INFO - Sync 2 DAGs
[2026-04-29T05:50:25.611+0000] {logging_mixin.py:190} INFO - [2026-04-29T05:50:25.611+0000] {dag.py:4180} INFO - Setting next_dagrun for read_dataset_event to 2026-04-28 00:00:00+00:00, run_after=2026-04-29 00:00:00+00:00
[2026-04-29T05:50:25.615+0000] {logging_mixin.py:190} INFO - [2026-04-29T05:50:25.614+0000] {dag.py:4180} INFO - Setting next_dagrun for read_dataset_event_from_classic to 2026-04-28 00:00:00+00:00, run_after=2026-04-29 00:00:00+00:00
[2026-04-29T05:50:25.632+0000] {processor.py:208} INFO - Processing /home/ec2-user/environment/async-ai-inference-system/.venv/lib64/python3.9/site-packages/airflow/example_dags/example_inlet_event_extra.py took 0.075 seconds
[2026-04-29T05:51:26.938+0000] {processor.py:186} INFO - Started process (PID=10462) to work on /home/ec2-user/environment/async-ai-inference-system/.venv/lib64/python3.9/site-packages/airflow/example_dags/example_inlet_event_extra.py
[2026-04-29T05:51:26.940+0000] {processor.py:914} INFO - Processing file /home/ec2-user/environment/async-ai-inference-system/.venv/lib64/python3.9/site-packages/airflow/example_dags/example_inlet_event_extra.py for tasks to queue
[2026-04-29T05:51:26.942+0000] {logging_mixin.py:190} INFO - [2026-04-29T05:51:26.941+0000] {dagbag.py:588} INFO - Filling up the DagBag from /home/ec2-user/environment/async-ai-inference-system/.venv/lib64/python3.9/site-packages/airflow/example_dags/example_inlet_event_extra.py
[2026-04-29T05:51:26.953+0000] {processor.py:925} INFO - DAG(s) 'read_dataset_event_from_classic', 'read_dataset_event' retrieved from /home/ec2-user/environment/async-ai-inference-system/.venv/lib64/python3.9/site-packages/airflow/example_dags/example_inlet_event_extra.py
[2026-04-29T05:51:26.968+0000] {logging_mixin.py:190} INFO - [2026-04-29T05:51:26.968+0000] {dag.py:3239} INFO - Sync 2 DAGs
[2026-04-29T05:51:26.988+0000] {logging_mixin.py:190} INFO - [2026-04-29T05:51:26.987+0000] {dag.py:4180} INFO - Setting next_dagrun for read_dataset_event to 2026-04-28 00:00:00+00:00, run_after=2026-04-29 00:00:00+00:00
[2026-04-29T05:51:26.992+0000] {logging_mixin.py:190} INFO - [2026-04-29T05:51:26.992+0000] {dag.py:4180} INFO - Setting next_dagrun for read_dataset_event_from_classic to 2026-04-28 00:00:00+00:00, run_after=2026-04-29 00:00:00+00:00
[2026-04-29T05:51:27.009+0000] {processor.py:208} INFO - Processing /home/ec2-user/environment/async-ai-inference-system/.venv/lib64/python3.9/site-packages/airflow/example_dags/example_inlet_event_extra.py took 0.076 seconds
[2026-04-29T05:52:24.219+0000] {processor.py:186} INFO - Started process (PID=10559) to work on /home/ec2-user/environment/async-ai-inference-system/.venv/lib64/python3.9/site-packages/airflow/example_dags/example_inlet_event_extra.py
[2026-04-29T05:52:24.221+0000] {processor.py:914} INFO - Processing file /home/ec2-user/environment/async-ai-inference-system/.venv/lib64/python3.9/site-packages/airflow/example_dags/example_inlet_event_extra.py for tasks to queue
[2026-04-29T05:52:24.222+0000] {logging_mixin.py:190} INFO - [2026-04-29T05:52:24.222+0000] {dagbag.py:588} INFO - Filling up the DagBag from /home/ec2-user/environment/async-ai-inference-system/.venv/lib64/python3.9/site-packages/airflow/example_dags/example_inlet_event_extra.py
[2026-04-29T05:52:24.234+0000] {processor.py:925} INFO - DAG(s) 'read_dataset_event_from_classic', 'read_dataset_event' retrieved from /home/ec2-user/environment/async-ai-inference-system/.venv/lib64/python3.9/site-packages/airflow/example_dags/example_inlet_event_extra.py
[2026-04-29T05:52:24.249+0000] {logging_mixin.py:190} INFO - [2026-04-29T05:52:24.249+0000] {dag.py:3239} INFO - Sync 2 DAGs
[2026-04-29T05:52:24.268+0000] {logging_mixin.py:190} INFO - [2026-04-29T05:52:24.268+0000] {dag.py:4180} INFO - Setting next_dagrun for read_dataset_event to 2026-04-28 00:00:00+00:00, run_after=2026-04-29 00:00:00+00:00
[2026-04-29T05:52:24.273+0000] {logging_mixin.py:190} INFO - [2026-04-29T05:52:24.272+0000] {dag.py:4180} INFO - Setting next_dagrun for read_dataset_event_from_classic to 2026-04-28 00:00:00+00:00, run_after=2026-04-29 00:00:00+00:00
[2026-04-29T05:52:24.415+0000] {processor.py:208} INFO - Processing /home/ec2-user/environment/async-ai-inference-system/.venv/lib64/python3.9/site-packages/airflow/example_dags/example_inlet_event_extra.py took 0.201 seconds
