[2026-04-29T05:47:35.806+0000] {processor.py:186} INFO - Started process (PID=9984) to work on /home/ec2-user/environment/async-ai-inference-system/.venv/lib64/python3.9/site-packages/airflow/example_dags/example_nested_branch_dag.py
[2026-04-29T05:47:35.806+0000] {processor.py:914} INFO - Processing file /home/ec2-user/environment/async-ai-inference-system/.venv/lib64/python3.9/site-packages/airflow/example_dags/example_nested_branch_dag.py for tasks to queue
[2026-04-29T05:47:35.808+0000] {logging_mixin.py:190} INFO - [2026-04-29T05:47:35.808+0000] {dagbag.py:588} INFO - Filling up the DagBag from /home/ec2-user/environment/async-ai-inference-system/.venv/lib64/python3.9/site-packages/airflow/example_dags/example_nested_branch_dag.py
[2026-04-29T05:47:35.819+0000] {processor.py:925} INFO - DAG(s) 'example_nested_branch_dag' retrieved from /home/ec2-user/environment/async-ai-inference-system/.venv/lib64/python3.9/site-packages/airflow/example_dags/example_nested_branch_dag.py
[2026-04-29T05:47:36.031+0000] {logging_mixin.py:190} INFO - [2026-04-29T05:47:36.031+0000] {override.py:1900} INFO - Created Permission View: can read on DAG:example_nested_branch_dag
[2026-04-29T05:47:36.043+0000] {logging_mixin.py:190} INFO - [2026-04-29T05:47:36.042+0000] {override.py:1900} INFO - Created Permission View: can edit on DAG:example_nested_branch_dag
[2026-04-29T05:47:36.051+0000] {logging_mixin.py:190} INFO - [2026-04-29T05:47:36.051+0000] {override.py:1900} INFO - Created Permission View: can delete on DAG:example_nested_branch_dag
[2026-04-29T05:47:36.064+0000] {logging_mixin.py:190} INFO - [2026-04-29T05:47:36.064+0000] {override.py:1900} INFO - Created Permission View: can create on DAG Run:example_nested_branch_dag
[2026-04-29T05:47:36.073+0000] {logging_mixin.py:190} INFO - [2026-04-29T05:47:36.072+0000] {override.py:1900} INFO - Created Permission View: can read on DAG Run:example_nested_branch_dag
[2026-04-29T05:47:36.081+0000] {logging_mixin.py:190} INFO - [2026-04-29T05:47:36.081+0000] {override.py:1900} INFO - Created Permission View: menu access on DAG Run:example_nested_branch_dag
[2026-04-29T05:47:36.090+0000] {logging_mixin.py:190} INFO - [2026-04-29T05:47:36.089+0000] {override.py:1900} INFO - Created Permission View: can delete on DAG Run:example_nested_branch_dag
[2026-04-29T05:47:36.090+0000] {logging_mixin.py:190} INFO - [2026-04-29T05:47:36.090+0000] {dag.py:3239} INFO - Sync 1 DAGs
[2026-04-29T05:47:36.100+0000] {logging_mixin.py:190} INFO - [2026-04-29T05:47:36.100+0000] {dag.py:3262} INFO - Creating ORM DAG for example_nested_branch_dag
[2026-04-29T05:47:36.108+0000] {logging_mixin.py:190} INFO - [2026-04-29T05:47:36.108+0000] {dag.py:4180} INFO - Setting next_dagrun for example_nested_branch_dag to 2026-04-28 00:00:00+00:00, run_after=2026-04-29 00:00:00+00:00
[2026-04-29T05:47:36.126+0000] {processor.py:208} INFO - Processing /home/ec2-user/environment/async-ai-inference-system/.venv/lib64/python3.9/site-packages/airflow/example_dags/example_nested_branch_dag.py took 0.326 seconds
[2026-04-29T05:50:29.561+0000] {processor.py:186} INFO - Started process (PID=10318) to work on /home/ec2-user/environment/async-ai-inference-system/.venv/lib64/python3.9/site-packages/airflow/example_dags/example_nested_branch_dag.py
[2026-04-29T05:50:29.562+0000] {processor.py:914} INFO - Processing file /home/ec2-user/environment/async-ai-inference-system/.venv/lib64/python3.9/site-packages/airflow/example_dags/example_nested_branch_dag.py for tasks to queue
[2026-04-29T05:50:29.564+0000] {logging_mixin.py:190} INFO - [2026-04-29T05:50:29.563+0000] {dagbag.py:588} INFO - Filling up the DagBag from /home/ec2-user/environment/async-ai-inference-system/.venv/lib64/python3.9/site-packages/airflow/example_dags/example_nested_branch_dag.py
[2026-04-29T05:50:29.574+0000] {processor.py:925} INFO - DAG(s) 'example_nested_branch_dag' retrieved from /home/ec2-user/environment/async-ai-inference-system/.venv/lib64/python3.9/site-packages/airflow/example_dags/example_nested_branch_dag.py
[2026-04-29T05:50:29.591+0000] {logging_mixin.py:190} INFO - [2026-04-29T05:50:29.590+0000] {dag.py:3239} INFO - Sync 1 DAGs
[2026-04-29T05:50:29.609+0000] {logging_mixin.py:190} INFO - [2026-04-29T05:50:29.609+0000] {dag.py:4180} INFO - Setting next_dagrun for example_nested_branch_dag to 2026-04-28 00:00:00+00:00, run_after=2026-04-29 00:00:00+00:00
[2026-04-29T05:50:29.628+0000] {processor.py:208} INFO - Processing /home/ec2-user/environment/async-ai-inference-system/.venv/lib64/python3.9/site-packages/airflow/example_dags/example_nested_branch_dag.py took 0.072 seconds
[2026-04-29T05:51:31.597+0000] {processor.py:186} INFO - Started process (PID=10467) to work on /home/ec2-user/environment/async-ai-inference-system/.venv/lib64/python3.9/site-packages/airflow/example_dags/example_nested_branch_dag.py
[2026-04-29T05:51:31.598+0000] {processor.py:914} INFO - Processing file /home/ec2-user/environment/async-ai-inference-system/.venv/lib64/python3.9/site-packages/airflow/example_dags/example_nested_branch_dag.py for tasks to queue
[2026-04-29T05:51:31.600+0000] {logging_mixin.py:190} INFO - [2026-04-29T05:51:31.600+0000] {dagbag.py:588} INFO - Filling up the DagBag from /home/ec2-user/environment/async-ai-inference-system/.venv/lib64/python3.9/site-packages/airflow/example_dags/example_nested_branch_dag.py
[2026-04-29T05:51:31.611+0000] {processor.py:925} INFO - DAG(s) 'example_nested_branch_dag' retrieved from /home/ec2-user/environment/async-ai-inference-system/.venv/lib64/python3.9/site-packages/airflow/example_dags/example_nested_branch_dag.py
[2026-04-29T05:51:31.627+0000] {logging_mixin.py:190} INFO - [2026-04-29T05:51:31.626+0000] {dag.py:3239} INFO - Sync 1 DAGs
[2026-04-29T05:51:31.645+0000] {logging_mixin.py:190} INFO - [2026-04-29T05:51:31.645+0000] {dag.py:4180} INFO - Setting next_dagrun for example_nested_branch_dag to 2026-04-28 00:00:00+00:00, run_after=2026-04-29 00:00:00+00:00
[2026-04-29T05:51:31.664+0000] {processor.py:208} INFO - Processing /home/ec2-user/environment/async-ai-inference-system/.venv/lib64/python3.9/site-packages/airflow/example_dags/example_nested_branch_dag.py took 0.072 seconds
[2026-04-29T05:52:29.568+0000] {processor.py:186} INFO - Started process (PID=10568) to work on /home/ec2-user/environment/async-ai-inference-system/.venv/lib64/python3.9/site-packages/airflow/example_dags/example_nested_branch_dag.py
[2026-04-29T05:52:29.569+0000] {processor.py:914} INFO - Processing file /home/ec2-user/environment/async-ai-inference-system/.venv/lib64/python3.9/site-packages/airflow/example_dags/example_nested_branch_dag.py for tasks to queue
[2026-04-29T05:52:29.571+0000] {logging_mixin.py:190} INFO - [2026-04-29T05:52:29.571+0000] {dagbag.py:588} INFO - Filling up the DagBag from /home/ec2-user/environment/async-ai-inference-system/.venv/lib64/python3.9/site-packages/airflow/example_dags/example_nested_branch_dag.py
[2026-04-29T05:52:29.582+0000] {processor.py:925} INFO - DAG(s) 'example_nested_branch_dag' retrieved from /home/ec2-user/environment/async-ai-inference-system/.venv/lib64/python3.9/site-packages/airflow/example_dags/example_nested_branch_dag.py
[2026-04-29T05:52:29.597+0000] {logging_mixin.py:190} INFO - [2026-04-29T05:52:29.597+0000] {dag.py:3239} INFO - Sync 1 DAGs
[2026-04-29T05:52:29.616+0000] {logging_mixin.py:190} INFO - [2026-04-29T05:52:29.616+0000] {dag.py:4180} INFO - Setting next_dagrun for example_nested_branch_dag to 2026-04-28 00:00:00+00:00, run_after=2026-04-29 00:00:00+00:00
[2026-04-29T05:52:29.749+0000] {processor.py:208} INFO - Processing /home/ec2-user/environment/async-ai-inference-system/.venv/lib64/python3.9/site-packages/airflow/example_dags/example_nested_branch_dag.py took 0.187 seconds
