[2026-04-29T05:50:34.709+0000] {processor.py:186} INFO - Started process (PID=10323) to work on /home/ec2-user/environment/async-ai-inference-system/.venv/lib64/python3.9/site-packages/airflow/example_dags/example_python_decorator.py
[2026-04-29T05:50:34.710+0000] {processor.py:914} INFO - Processing file /home/ec2-user/environment/async-ai-inference-system/.venv/lib64/python3.9/site-packages/airflow/example_dags/example_python_decorator.py for tasks to queue
[2026-04-29T05:50:34.712+0000] {logging_mixin.py:190} INFO - [2026-04-29T05:50:34.712+0000] {dagbag.py:588} INFO - Filling up the DagBag from /home/ec2-user/environment/async-ai-inference-system/.venv/lib64/python3.9/site-packages/airflow/example_dags/example_python_decorator.py
[2026-04-29T05:50:34.721+0000] {logging_mixin.py:190} INFO - [2026-04-29T05:50:34.720+0000] {example_python_decorator.py:80} WARNING - The virtalenv_python example task requires virtualenv, please install it.
[2026-04-29T05:50:34.723+0000] {processor.py:925} INFO - DAG(s) 'example_python_decorator' retrieved from /home/ec2-user/environment/async-ai-inference-system/.venv/lib64/python3.9/site-packages/airflow/example_dags/example_python_decorator.py
[2026-04-29T05:50:34.931+0000] {logging_mixin.py:190} INFO - [2026-04-29T05:50:34.931+0000] {override.py:1900} INFO - Created Permission View: can edit on DAG:example_python_decorator
[2026-04-29T05:50:34.943+0000] {logging_mixin.py:190} INFO - [2026-04-29T05:50:34.942+0000] {override.py:1900} INFO - Created Permission View: can delete on DAG:example_python_decorator
[2026-04-29T05:50:34.951+0000] {logging_mixin.py:190} INFO - [2026-04-29T05:50:34.951+0000] {override.py:1900} INFO - Created Permission View: can read on DAG:example_python_decorator
[2026-04-29T05:50:34.965+0000] {logging_mixin.py:190} INFO - [2026-04-29T05:50:34.964+0000] {override.py:1900} INFO - Created Permission View: can create on DAG Run:example_python_decorator
[2026-04-29T05:50:34.974+0000] {logging_mixin.py:190} INFO - [2026-04-29T05:50:34.973+0000] {override.py:1900} INFO - Created Permission View: can delete on DAG Run:example_python_decorator
[2026-04-29T05:50:34.982+0000] {logging_mixin.py:190} INFO - [2026-04-29T05:50:34.982+0000] {override.py:1900} INFO - Created Permission View: menu access on DAG Run:example_python_decorator
[2026-04-29T05:50:34.991+0000] {logging_mixin.py:190} INFO - [2026-04-29T05:50:34.991+0000] {override.py:1900} INFO - Created Permission View: can read on DAG Run:example_python_decorator
[2026-04-29T05:50:34.992+0000] {logging_mixin.py:190} INFO - [2026-04-29T05:50:34.991+0000] {dag.py:3239} INFO - Sync 1 DAGs
[2026-04-29T05:50:35.001+0000] {logging_mixin.py:190} INFO - [2026-04-29T05:50:35.001+0000] {dag.py:3262} INFO - Creating ORM DAG for example_python_decorator
[2026-04-29T05:50:35.002+0000] {logging_mixin.py:190} INFO - [2026-04-29T05:50:35.002+0000] {dag.py:4180} INFO - Setting next_dagrun for example_python_decorator to None, run_after=None
[2026-04-29T05:50:35.020+0000] {processor.py:208} INFO - Processing /home/ec2-user/environment/async-ai-inference-system/.venv/lib64/python3.9/site-packages/airflow/example_dags/example_python_decorator.py took 0.316 seconds
[2026-04-29T05:51:37.119+0000] {processor.py:186} INFO - Started process (PID=10472) to work on /home/ec2-user/environment/async-ai-inference-system/.venv/lib64/python3.9/site-packages/airflow/example_dags/example_python_decorator.py
[2026-04-29T05:51:37.120+0000] {processor.py:914} INFO - Processing file /home/ec2-user/environment/async-ai-inference-system/.venv/lib64/python3.9/site-packages/airflow/example_dags/example_python_decorator.py for tasks to queue
[2026-04-29T05:51:37.122+0000] {logging_mixin.py:190} INFO - [2026-04-29T05:51:37.122+0000] {dagbag.py:588} INFO - Filling up the DagBag from /home/ec2-user/environment/async-ai-inference-system/.venv/lib64/python3.9/site-packages/airflow/example_dags/example_python_decorator.py
[2026-04-29T05:51:37.130+0000] {logging_mixin.py:190} INFO - [2026-04-29T05:51:37.130+0000] {example_python_decorator.py:80} WARNING - The virtalenv_python example task requires virtualenv, please install it.
[2026-04-29T05:51:37.132+0000] {processor.py:925} INFO - DAG(s) 'example_python_decorator' retrieved from /home/ec2-user/environment/async-ai-inference-system/.venv/lib64/python3.9/site-packages/airflow/example_dags/example_python_decorator.py
[2026-04-29T05:51:37.147+0000] {logging_mixin.py:190} INFO - [2026-04-29T05:51:37.147+0000] {dag.py:3239} INFO - Sync 1 DAGs
[2026-04-29T05:51:37.158+0000] {logging_mixin.py:190} INFO - [2026-04-29T05:51:37.158+0000] {dag.py:4180} INFO - Setting next_dagrun for example_python_decorator to None, run_after=None
[2026-04-29T05:51:37.178+0000] {processor.py:208} INFO - Processing /home/ec2-user/environment/async-ai-inference-system/.venv/lib64/python3.9/site-packages/airflow/example_dags/example_python_decorator.py took 0.064 seconds
[2026-04-29T05:52:34.816+0000] {processor.py:186} INFO - Started process (PID=10573) to work on /home/ec2-user/environment/async-ai-inference-system/.venv/lib64/python3.9/site-packages/airflow/example_dags/example_python_decorator.py
[2026-04-29T05:52:34.817+0000] {processor.py:914} INFO - Processing file /home/ec2-user/environment/async-ai-inference-system/.venv/lib64/python3.9/site-packages/airflow/example_dags/example_python_decorator.py for tasks to queue
[2026-04-29T05:52:34.819+0000] {logging_mixin.py:190} INFO - [2026-04-29T05:52:34.819+0000] {dagbag.py:588} INFO - Filling up the DagBag from /home/ec2-user/environment/async-ai-inference-system/.venv/lib64/python3.9/site-packages/airflow/example_dags/example_python_decorator.py
[2026-04-29T05:52:34.827+0000] {logging_mixin.py:190} INFO - [2026-04-29T05:52:34.827+0000] {example_python_decorator.py:80} WARNING - The virtalenv_python example task requires virtualenv, please install it.
[2026-04-29T05:52:34.829+0000] {processor.py:925} INFO - DAG(s) 'example_python_decorator' retrieved from /home/ec2-user/environment/async-ai-inference-system/.venv/lib64/python3.9/site-packages/airflow/example_dags/example_python_decorator.py
[2026-04-29T05:52:34.844+0000] {logging_mixin.py:190} INFO - [2026-04-29T05:52:34.844+0000] {dag.py:3239} INFO - Sync 1 DAGs
[2026-04-29T05:52:34.979+0000] {logging_mixin.py:190} INFO - [2026-04-29T05:52:34.979+0000] {dag.py:4180} INFO - Setting next_dagrun for example_python_decorator to None, run_after=None
[2026-04-29T05:52:34.997+0000] {processor.py:208} INFO - Processing /home/ec2-user/environment/async-ai-inference-system/.venv/lib64/python3.9/site-packages/airflow/example_dags/example_python_decorator.py took 0.186 seconds
