[2026-04-29T05:50:43.051+0000] {processor.py:186} INFO - Started process (PID=10334) to work on /home/ec2-user/environment/async-ai-inference-system/.venv/lib64/python3.9/site-packages/airflow/example_dags/example_short_circuit_decorator.py
[2026-04-29T05:50:43.051+0000] {processor.py:914} INFO - Processing file /home/ec2-user/environment/async-ai-inference-system/.venv/lib64/python3.9/site-packages/airflow/example_dags/example_short_circuit_decorator.py for tasks to queue
[2026-04-29T05:50:43.053+0000] {logging_mixin.py:190} INFO - [2026-04-29T05:50:43.053+0000] {dagbag.py:588} INFO - Filling up the DagBag from /home/ec2-user/environment/async-ai-inference-system/.venv/lib64/python3.9/site-packages/airflow/example_dags/example_short_circuit_decorator.py
[2026-04-29T05:50:43.062+0000] {processor.py:925} INFO - DAG(s) 'example_short_circuit_decorator' retrieved from /home/ec2-user/environment/async-ai-inference-system/.venv/lib64/python3.9/site-packages/airflow/example_dags/example_short_circuit_decorator.py
[2026-04-29T05:50:43.278+0000] {logging_mixin.py:190} INFO - [2026-04-29T05:50:43.277+0000] {override.py:1900} INFO - Created Permission View: can edit on DAG:example_short_circuit_decorator
[2026-04-29T05:50:43.289+0000] {logging_mixin.py:190} INFO - [2026-04-29T05:50:43.288+0000] {override.py:1900} INFO - Created Permission View: can delete on DAG:example_short_circuit_decorator
[2026-04-29T05:50:43.297+0000] {logging_mixin.py:190} INFO - [2026-04-29T05:50:43.297+0000] {override.py:1900} INFO - Created Permission View: can read on DAG:example_short_circuit_decorator
[2026-04-29T05:50:43.310+0000] {logging_mixin.py:190} INFO - [2026-04-29T05:50:43.310+0000] {override.py:1900} INFO - Created Permission View: can create on DAG Run:example_short_circuit_decorator
[2026-04-29T05:50:43.319+0000] {logging_mixin.py:190} INFO - [2026-04-29T05:50:43.319+0000] {override.py:1900} INFO - Created Permission View: can delete on DAG Run:example_short_circuit_decorator
[2026-04-29T05:50:43.327+0000] {logging_mixin.py:190} INFO - [2026-04-29T05:50:43.327+0000] {override.py:1900} INFO - Created Permission View: menu access on DAG Run:example_short_circuit_decorator
[2026-04-29T05:50:43.336+0000] {logging_mixin.py:190} INFO - [2026-04-29T05:50:43.335+0000] {override.py:1900} INFO - Created Permission View: can read on DAG Run:example_short_circuit_decorator
[2026-04-29T05:50:43.336+0000] {logging_mixin.py:190} INFO - [2026-04-29T05:50:43.336+0000] {dag.py:3239} INFO - Sync 1 DAGs
[2026-04-29T05:50:43.346+0000] {logging_mixin.py:190} INFO - [2026-04-29T05:50:43.346+0000] {dag.py:3262} INFO - Creating ORM DAG for example_short_circuit_decorator
[2026-04-29T05:50:43.346+0000] {logging_mixin.py:190} INFO - [2026-04-29T05:50:43.346+0000] {dag.py:4180} INFO - Setting next_dagrun for example_short_circuit_decorator to None, run_after=None
[2026-04-29T05:50:43.364+0000] {processor.py:208} INFO - Processing /home/ec2-user/environment/async-ai-inference-system/.venv/lib64/python3.9/site-packages/airflow/example_dags/example_short_circuit_decorator.py took 0.319 seconds
[2026-04-29T05:51:42.879+0000] {processor.py:186} INFO - Started process (PID=10482) to work on /home/ec2-user/environment/async-ai-inference-system/.venv/lib64/python3.9/site-packages/airflow/example_dags/example_short_circuit_decorator.py
[2026-04-29T05:51:42.880+0000] {processor.py:914} INFO - Processing file /home/ec2-user/environment/async-ai-inference-system/.venv/lib64/python3.9/site-packages/airflow/example_dags/example_short_circuit_decorator.py for tasks to queue
[2026-04-29T05:51:42.882+0000] {logging_mixin.py:190} INFO - [2026-04-29T05:51:42.881+0000] {dagbag.py:588} INFO - Filling up the DagBag from /home/ec2-user/environment/async-ai-inference-system/.venv/lib64/python3.9/site-packages/airflow/example_dags/example_short_circuit_decorator.py
[2026-04-29T05:51:42.891+0000] {processor.py:925} INFO - DAG(s) 'example_short_circuit_decorator' retrieved from /home/ec2-user/environment/async-ai-inference-system/.venv/lib64/python3.9/site-packages/airflow/example_dags/example_short_circuit_decorator.py
[2026-04-29T05:51:42.908+0000] {logging_mixin.py:190} INFO - [2026-04-29T05:51:42.907+0000] {dag.py:3239} INFO - Sync 1 DAGs
[2026-04-29T05:51:42.919+0000] {logging_mixin.py:190} INFO - [2026-04-29T05:51:42.918+0000] {dag.py:4180} INFO - Setting next_dagrun for example_short_circuit_decorator to None, run_after=None
[2026-04-29T05:51:42.937+0000] {processor.py:208} INFO - Processing /home/ec2-user/environment/async-ai-inference-system/.venv/lib64/python3.9/site-packages/airflow/example_dags/example_short_circuit_decorator.py took 0.064 seconds
[2026-04-29T05:52:41.214+0000] {processor.py:186} INFO - Started process (PID=10579) to work on /home/ec2-user/environment/async-ai-inference-system/.venv/lib64/python3.9/site-packages/airflow/example_dags/example_short_circuit_decorator.py
[2026-04-29T05:52:41.215+0000] {processor.py:914} INFO - Processing file /home/ec2-user/environment/async-ai-inference-system/.venv/lib64/python3.9/site-packages/airflow/example_dags/example_short_circuit_decorator.py for tasks to queue
[2026-04-29T05:52:41.217+0000] {logging_mixin.py:190} INFO - [2026-04-29T05:52:41.217+0000] {dagbag.py:588} INFO - Filling up the DagBag from /home/ec2-user/environment/async-ai-inference-system/.venv/lib64/python3.9/site-packages/airflow/example_dags/example_short_circuit_decorator.py
[2026-04-29T05:52:41.226+0000] {processor.py:925} INFO - DAG(s) 'example_short_circuit_decorator' retrieved from /home/ec2-user/environment/async-ai-inference-system/.venv/lib64/python3.9/site-packages/airflow/example_dags/example_short_circuit_decorator.py
[2026-04-29T05:52:41.243+0000] {logging_mixin.py:190} INFO - [2026-04-29T05:52:41.243+0000] {dag.py:3239} INFO - Sync 1 DAGs
[2026-04-29T05:52:41.255+0000] {logging_mixin.py:190} INFO - [2026-04-29T05:52:41.254+0000] {dag.py:4180} INFO - Setting next_dagrun for example_short_circuit_decorator to None, run_after=None
[2026-04-29T05:52:41.274+0000] {processor.py:208} INFO - Processing /home/ec2-user/environment/async-ai-inference-system/.venv/lib64/python3.9/site-packages/airflow/example_dags/example_short_circuit_decorator.py took 0.065 seconds
