[2026-04-29T05:47:32.948+0000] {processor.py:186} INFO - Started process (PID=9981) to work on /home/ec2-user/environment/async-ai-inference-system/.venv/lib64/python3.9/site-packages/airflow/example_dags/example_latest_only.py
[2026-04-29T05:47:32.948+0000] {processor.py:914} INFO - Processing file /home/ec2-user/environment/async-ai-inference-system/.venv/lib64/python3.9/site-packages/airflow/example_dags/example_latest_only.py for tasks to queue
[2026-04-29T05:47:32.950+0000] {logging_mixin.py:190} INFO - [2026-04-29T05:47:32.950+0000] {dagbag.py:588} INFO - Filling up the DagBag from /home/ec2-user/environment/async-ai-inference-system/.venv/lib64/python3.9/site-packages/airflow/example_dags/example_latest_only.py
[2026-04-29T05:47:32.957+0000] {processor.py:925} INFO - DAG(s) 'latest_only' retrieved from /home/ec2-user/environment/async-ai-inference-system/.venv/lib64/python3.9/site-packages/airflow/example_dags/example_latest_only.py
[2026-04-29T05:47:33.175+0000] {logging_mixin.py:190} INFO - [2026-04-29T05:47:33.174+0000] {override.py:1900} INFO - Created Permission View: can read on DAG:latest_only
[2026-04-29T05:47:33.186+0000] {logging_mixin.py:190} INFO - [2026-04-29T05:47:33.186+0000] {override.py:1900} INFO - Created Permission View: can edit on DAG:latest_only
[2026-04-29T05:47:33.195+0000] {logging_mixin.py:190} INFO - [2026-04-29T05:47:33.194+0000] {override.py:1900} INFO - Created Permission View: can delete on DAG:latest_only
[2026-04-29T05:47:33.208+0000] {logging_mixin.py:190} INFO - [2026-04-29T05:47:33.208+0000] {override.py:1900} INFO - Created Permission View: can create on DAG Run:latest_only
[2026-04-29T05:47:33.216+0000] {logging_mixin.py:190} INFO - [2026-04-29T05:47:33.216+0000] {override.py:1900} INFO - Created Permission View: can read on DAG Run:latest_only
[2026-04-29T05:47:33.225+0000] {logging_mixin.py:190} INFO - [2026-04-29T05:47:33.224+0000] {override.py:1900} INFO - Created Permission View: menu access on DAG Run:latest_only
[2026-04-29T05:47:33.233+0000] {logging_mixin.py:190} INFO - [2026-04-29T05:47:33.233+0000] {override.py:1900} INFO - Created Permission View: can delete on DAG Run:latest_only
[2026-04-29T05:47:33.233+0000] {logging_mixin.py:190} INFO - [2026-04-29T05:47:33.233+0000] {dag.py:3239} INFO - Sync 1 DAGs
[2026-04-29T05:47:33.243+0000] {logging_mixin.py:190} INFO - [2026-04-29T05:47:33.243+0000] {dag.py:3262} INFO - Creating ORM DAG for latest_only
[2026-04-29T05:47:33.250+0000] {logging_mixin.py:190} INFO - [2026-04-29T05:47:33.250+0000] {dag.py:4180} INFO - Setting next_dagrun for latest_only to 2026-04-29 00:00:00+00:00, run_after=2026-04-29 04:00:00+00:00
[2026-04-29T05:47:33.267+0000] {processor.py:208} INFO - Processing /home/ec2-user/environment/async-ai-inference-system/.venv/lib64/python3.9/site-packages/airflow/example_dags/example_latest_only.py took 0.325 seconds
[2026-04-29T05:50:27.842+0000] {processor.py:186} INFO - Started process (PID=10315) to work on /home/ec2-user/environment/async-ai-inference-system/.venv/lib64/python3.9/site-packages/airflow/example_dags/example_latest_only.py
[2026-04-29T05:50:27.843+0000] {processor.py:914} INFO - Processing file /home/ec2-user/environment/async-ai-inference-system/.venv/lib64/python3.9/site-packages/airflow/example_dags/example_latest_only.py for tasks to queue
[2026-04-29T05:50:27.845+0000] {logging_mixin.py:190} INFO - [2026-04-29T05:50:27.845+0000] {dagbag.py:588} INFO - Filling up the DagBag from /home/ec2-user/environment/async-ai-inference-system/.venv/lib64/python3.9/site-packages/airflow/example_dags/example_latest_only.py
[2026-04-29T05:50:27.851+0000] {processor.py:925} INFO - DAG(s) 'latest_only' retrieved from /home/ec2-user/environment/async-ai-inference-system/.venv/lib64/python3.9/site-packages/airflow/example_dags/example_latest_only.py
[2026-04-29T05:50:27.865+0000] {logging_mixin.py:190} INFO - [2026-04-29T05:50:27.865+0000] {dag.py:3239} INFO - Sync 1 DAGs
[2026-04-29T05:50:27.883+0000] {logging_mixin.py:190} INFO - [2026-04-29T05:50:27.883+0000] {dag.py:4180} INFO - Setting next_dagrun for latest_only to 2026-04-29 00:00:00+00:00, run_after=2026-04-29 04:00:00+00:00
[2026-04-29T05:50:27.901+0000] {processor.py:208} INFO - Processing /home/ec2-user/environment/async-ai-inference-system/.venv/lib64/python3.9/site-packages/airflow/example_dags/example_latest_only.py took 0.065 seconds
[2026-04-29T05:51:28.668+0000] {processor.py:186} INFO - Started process (PID=10464) to work on /home/ec2-user/environment/async-ai-inference-system/.venv/lib64/python3.9/site-packages/airflow/example_dags/example_latest_only.py
[2026-04-29T05:51:28.669+0000] {processor.py:914} INFO - Processing file /home/ec2-user/environment/async-ai-inference-system/.venv/lib64/python3.9/site-packages/airflow/example_dags/example_latest_only.py for tasks to queue
[2026-04-29T05:51:28.671+0000] {logging_mixin.py:190} INFO - [2026-04-29T05:51:28.671+0000] {dagbag.py:588} INFO - Filling up the DagBag from /home/ec2-user/environment/async-ai-inference-system/.venv/lib64/python3.9/site-packages/airflow/example_dags/example_latest_only.py
[2026-04-29T05:51:28.677+0000] {processor.py:925} INFO - DAG(s) 'latest_only' retrieved from /home/ec2-user/environment/async-ai-inference-system/.venv/lib64/python3.9/site-packages/airflow/example_dags/example_latest_only.py
[2026-04-29T05:51:28.691+0000] {logging_mixin.py:190} INFO - [2026-04-29T05:51:28.691+0000] {dag.py:3239} INFO - Sync 1 DAGs
[2026-04-29T05:51:28.710+0000] {logging_mixin.py:190} INFO - [2026-04-29T05:51:28.709+0000] {dag.py:4180} INFO - Setting next_dagrun for latest_only to 2026-04-29 00:00:00+00:00, run_after=2026-04-29 04:00:00+00:00
[2026-04-29T05:51:28.728+0000] {processor.py:208} INFO - Processing /home/ec2-user/environment/async-ai-inference-system/.venv/lib64/python3.9/site-packages/airflow/example_dags/example_latest_only.py took 0.066 seconds
[2026-04-29T05:52:26.709+0000] {processor.py:186} INFO - Started process (PID=10561) to work on /home/ec2-user/environment/async-ai-inference-system/.venv/lib64/python3.9/site-packages/airflow/example_dags/example_latest_only.py
[2026-04-29T05:52:26.710+0000] {processor.py:914} INFO - Processing file /home/ec2-user/environment/async-ai-inference-system/.venv/lib64/python3.9/site-packages/airflow/example_dags/example_latest_only.py for tasks to queue
[2026-04-29T05:52:26.712+0000] {logging_mixin.py:190} INFO - [2026-04-29T05:52:26.711+0000] {dagbag.py:588} INFO - Filling up the DagBag from /home/ec2-user/environment/async-ai-inference-system/.venv/lib64/python3.9/site-packages/airflow/example_dags/example_latest_only.py
[2026-04-29T05:52:26.718+0000] {processor.py:925} INFO - DAG(s) 'latest_only' retrieved from /home/ec2-user/environment/async-ai-inference-system/.venv/lib64/python3.9/site-packages/airflow/example_dags/example_latest_only.py
[2026-04-29T05:52:26.731+0000] {logging_mixin.py:190} INFO - [2026-04-29T05:52:26.731+0000] {dag.py:3239} INFO - Sync 1 DAGs
[2026-04-29T05:52:26.750+0000] {logging_mixin.py:190} INFO - [2026-04-29T05:52:26.750+0000] {dag.py:4180} INFO - Setting next_dagrun for latest_only to 2026-04-29 00:00:00+00:00, run_after=2026-04-29 04:00:00+00:00
[2026-04-29T05:52:26.888+0000] {processor.py:208} INFO - Processing /home/ec2-user/environment/async-ai-inference-system/.venv/lib64/python3.9/site-packages/airflow/example_dags/example_latest_only.py took 0.185 seconds
