[2026-04-29T05:47:20.895+0000] {processor.py:186} INFO - Started process (PID=9968) to work on /home/ec2-user/environment/async-ai-inference-system/.venv/lib64/python3.9/site-packages/airflow/example_dags/example_dataset_alias.py
[2026-04-29T05:47:20.896+0000] {processor.py:914} INFO - Processing file /home/ec2-user/environment/async-ai-inference-system/.venv/lib64/python3.9/site-packages/airflow/example_dags/example_dataset_alias.py for tasks to queue
[2026-04-29T05:47:20.898+0000] {logging_mixin.py:190} INFO - [2026-04-29T05:47:20.897+0000] {dagbag.py:588} INFO - Filling up the DagBag from /home/ec2-user/environment/async-ai-inference-system/.venv/lib64/python3.9/site-packages/airflow/example_dags/example_dataset_alias.py
[2026-04-29T05:47:20.917+0000] {processor.py:925} INFO - DAG(s) 'dataset_s3_bucket_producer', 'dataset_s3_bucket_consumer', 'dataset_alias_example_alias_consumer', 'dataset_alias_example_alias_producer' retrieved from /home/ec2-user/environment/async-ai-inference-system/.venv/lib64/python3.9/site-packages/airflow/example_dags/example_dataset_alias.py
[2026-04-29T05:47:21.008+0000] {logging_mixin.py:190} INFO - [2026-04-29T05:47:21.008+0000] {override.py:1900} INFO - Created Permission View: can read on DAG:dataset_s3_bucket_producer
[2026-04-29T05:47:21.176+0000] {logging_mixin.py:190} INFO - [2026-04-29T05:47:21.175+0000] {override.py:1900} INFO - Created Permission View: can edit on DAG:dataset_s3_bucket_producer
[2026-04-29T05:47:21.185+0000] {logging_mixin.py:190} INFO - [2026-04-29T05:47:21.184+0000] {override.py:1900} INFO - Created Permission View: can delete on DAG:dataset_s3_bucket_producer
[2026-04-29T05:47:21.198+0000] {logging_mixin.py:190} INFO - [2026-04-29T05:47:21.198+0000] {override.py:1900} INFO - Created Permission View: can create on DAG Run:dataset_s3_bucket_producer
[2026-04-29T05:47:21.207+0000] {logging_mixin.py:190} INFO - [2026-04-29T05:47:21.207+0000] {override.py:1900} INFO - Created Permission View: can read on DAG Run:dataset_s3_bucket_producer
[2026-04-29T05:47:21.215+0000] {logging_mixin.py:190} INFO - [2026-04-29T05:47:21.215+0000] {override.py:1900} INFO - Created Permission View: menu access on DAG Run:dataset_s3_bucket_producer
[2026-04-29T05:47:21.224+0000] {logging_mixin.py:190} INFO - [2026-04-29T05:47:21.224+0000] {override.py:1900} INFO - Created Permission View: can delete on DAG Run:dataset_s3_bucket_producer
[2026-04-29T05:47:21.243+0000] {logging_mixin.py:190} INFO - [2026-04-29T05:47:21.243+0000] {override.py:1900} INFO - Created Permission View: can read on DAG:dataset_s3_bucket_consumer
[2026-04-29T05:47:21.251+0000] {logging_mixin.py:190} INFO - [2026-04-29T05:47:21.251+0000] {override.py:1900} INFO - Created Permission View: can edit on DAG:dataset_s3_bucket_consumer
[2026-04-29T05:47:21.260+0000] {logging_mixin.py:190} INFO - [2026-04-29T05:47:21.260+0000] {override.py:1900} INFO - Created Permission View: can delete on DAG:dataset_s3_bucket_consumer
[2026-04-29T05:47:21.273+0000] {logging_mixin.py:190} INFO - [2026-04-29T05:47:21.272+0000] {override.py:1900} INFO - Created Permission View: can create on DAG Run:dataset_s3_bucket_consumer
[2026-04-29T05:47:21.281+0000] {logging_mixin.py:190} INFO - [2026-04-29T05:47:21.280+0000] {override.py:1900} INFO - Created Permission View: can read on DAG Run:dataset_s3_bucket_consumer
[2026-04-29T05:47:21.289+0000] {logging_mixin.py:190} INFO - [2026-04-29T05:47:21.289+0000] {override.py:1900} INFO - Created Permission View: menu access on DAG Run:dataset_s3_bucket_consumer
[2026-04-29T05:47:21.297+0000] {logging_mixin.py:190} INFO - [2026-04-29T05:47:21.297+0000] {override.py:1900} INFO - Created Permission View: can delete on DAG Run:dataset_s3_bucket_consumer
[2026-04-29T05:47:21.315+0000] {logging_mixin.py:190} INFO - [2026-04-29T05:47:21.315+0000] {override.py:1900} INFO - Created Permission View: can read on DAG:dataset_alias_example_alias_consumer
[2026-04-29T05:47:21.323+0000] {logging_mixin.py:190} INFO - [2026-04-29T05:47:21.323+0000] {override.py:1900} INFO - Created Permission View: can edit on DAG:dataset_alias_example_alias_consumer
[2026-04-29T05:47:21.332+0000] {logging_mixin.py:190} INFO - [2026-04-29T05:47:21.331+0000] {override.py:1900} INFO - Created Permission View: can delete on DAG:dataset_alias_example_alias_consumer
[2026-04-29T05:47:21.344+0000] {logging_mixin.py:190} INFO - [2026-04-29T05:47:21.344+0000] {override.py:1900} INFO - Created Permission View: can create on DAG Run:dataset_alias_example_alias_consumer
[2026-04-29T05:47:21.352+0000] {logging_mixin.py:190} INFO - [2026-04-29T05:47:21.352+0000] {override.py:1900} INFO - Created Permission View: can read on DAG Run:dataset_alias_example_alias_consumer
[2026-04-29T05:47:21.360+0000] {logging_mixin.py:190} INFO - [2026-04-29T05:47:21.360+0000] {override.py:1900} INFO - Created Permission View: menu access on DAG Run:dataset_alias_example_alias_consumer
[2026-04-29T05:47:21.368+0000] {logging_mixin.py:190} INFO - [2026-04-29T05:47:21.368+0000] {override.py:1900} INFO - Created Permission View: can delete on DAG Run:dataset_alias_example_alias_consumer
[2026-04-29T05:47:21.388+0000] {logging_mixin.py:190} INFO - [2026-04-29T05:47:21.388+0000] {override.py:1900} INFO - Created Permission View: can read on DAG:dataset_alias_example_alias_producer
[2026-04-29T05:47:21.397+0000] {logging_mixin.py:190} INFO - [2026-04-29T05:47:21.397+0000] {override.py:1900} INFO - Created Permission View: can edit on DAG:dataset_alias_example_alias_producer
[2026-04-29T05:47:21.406+0000] {logging_mixin.py:190} INFO - [2026-04-29T05:47:21.405+0000] {override.py:1900} INFO - Created Permission View: can delete on DAG:dataset_alias_example_alias_producer
[2026-04-29T05:47:21.418+0000] {logging_mixin.py:190} INFO - [2026-04-29T05:47:21.418+0000] {override.py:1900} INFO - Created Permission View: can create on DAG Run:dataset_alias_example_alias_producer
[2026-04-29T05:47:21.427+0000] {logging_mixin.py:190} INFO - [2026-04-29T05:47:21.427+0000] {override.py:1900} INFO - Created Permission View: can read on DAG Run:dataset_alias_example_alias_producer
[2026-04-29T05:47:21.435+0000] {logging_mixin.py:190} INFO - [2026-04-29T05:47:21.435+0000] {override.py:1900} INFO - Created Permission View: menu access on DAG Run:dataset_alias_example_alias_producer
[2026-04-29T05:47:21.443+0000] {logging_mixin.py:190} INFO - [2026-04-29T05:47:21.443+0000] {override.py:1900} INFO - Created Permission View: can delete on DAG Run:dataset_alias_example_alias_producer
[2026-04-29T05:47:21.443+0000] {logging_mixin.py:190} INFO - [2026-04-29T05:47:21.443+0000] {dag.py:3239} INFO - Sync 4 DAGs
[2026-04-29T05:47:21.453+0000] {logging_mixin.py:190} INFO - [2026-04-29T05:47:21.453+0000] {dag.py:3262} INFO - Creating ORM DAG for dataset_alias_example_alias_consumer
[2026-04-29T05:47:21.454+0000] {logging_mixin.py:190} INFO - [2026-04-29T05:47:21.454+0000] {dag.py:3262} INFO - Creating ORM DAG for dataset_s3_bucket_producer
[2026-04-29T05:47:21.454+0000] {logging_mixin.py:190} INFO - [2026-04-29T05:47:21.454+0000] {dag.py:3262} INFO - Creating ORM DAG for dataset_s3_bucket_consumer
[2026-04-29T05:47:21.454+0000] {logging_mixin.py:190} INFO - [2026-04-29T05:47:21.454+0000] {dag.py:3262} INFO - Creating ORM DAG for dataset_alias_example_alias_producer
[2026-04-29T05:47:21.461+0000] {logging_mixin.py:190} INFO - [2026-04-29T05:47:21.461+0000] {dag.py:4180} INFO - Setting next_dagrun for dataset_alias_example_alias_consumer to None, run_after=None
[2026-04-29T05:47:21.461+0000] {logging_mixin.py:190} INFO - [2026-04-29T05:47:21.461+0000] {dag.py:4180} INFO - Setting next_dagrun for dataset_alias_example_alias_producer to None, run_after=None
[2026-04-29T05:47:21.462+0000] {logging_mixin.py:190} INFO - [2026-04-29T05:47:21.462+0000] {dag.py:4180} INFO - Setting next_dagrun for dataset_s3_bucket_consumer to None, run_after=None
[2026-04-29T05:47:21.462+0000] {logging_mixin.py:190} INFO - [2026-04-29T05:47:21.462+0000] {dag.py:4180} INFO - Setting next_dagrun for dataset_s3_bucket_producer to None, run_after=None
[2026-04-29T05:47:21.487+0000] {processor.py:208} INFO - Processing /home/ec2-user/environment/async-ai-inference-system/.venv/lib64/python3.9/site-packages/airflow/example_dags/example_dataset_alias.py took 0.598 seconds
[2026-04-29T05:50:19.114+0000] {processor.py:186} INFO - Started process (PID=10296) to work on /home/ec2-user/environment/async-ai-inference-system/.venv/lib64/python3.9/site-packages/airflow/example_dags/example_dataset_alias.py
[2026-04-29T05:50:19.116+0000] {processor.py:914} INFO - Processing file /home/ec2-user/environment/async-ai-inference-system/.venv/lib64/python3.9/site-packages/airflow/example_dags/example_dataset_alias.py for tasks to queue
[2026-04-29T05:50:19.117+0000] {logging_mixin.py:190} INFO - [2026-04-29T05:50:19.117+0000] {dagbag.py:588} INFO - Filling up the DagBag from /home/ec2-user/environment/async-ai-inference-system/.venv/lib64/python3.9/site-packages/airflow/example_dags/example_dataset_alias.py
[2026-04-29T05:50:19.137+0000] {processor.py:925} INFO - DAG(s) 'dataset_alias_example_alias_consumer', 'dataset_s3_bucket_consumer', 'dataset_s3_bucket_producer', 'dataset_alias_example_alias_producer' retrieved from /home/ec2-user/environment/async-ai-inference-system/.venv/lib64/python3.9/site-packages/airflow/example_dags/example_dataset_alias.py
[2026-04-29T05:50:19.157+0000] {logging_mixin.py:190} INFO - [2026-04-29T05:50:19.157+0000] {dag.py:3239} INFO - Sync 4 DAGs
[2026-04-29T05:50:19.175+0000] {logging_mixin.py:190} INFO - [2026-04-29T05:50:19.175+0000] {dag.py:4180} INFO - Setting next_dagrun for dataset_alias_example_alias_consumer to None, run_after=None
[2026-04-29T05:50:19.177+0000] {logging_mixin.py:190} INFO - [2026-04-29T05:50:19.177+0000] {dag.py:4180} INFO - Setting next_dagrun for dataset_alias_example_alias_producer to None, run_after=None
[2026-04-29T05:50:19.178+0000] {logging_mixin.py:190} INFO - [2026-04-29T05:50:19.177+0000] {dag.py:4180} INFO - Setting next_dagrun for dataset_s3_bucket_consumer to None, run_after=None
[2026-04-29T05:50:19.178+0000] {logging_mixin.py:190} INFO - [2026-04-29T05:50:19.178+0000] {dag.py:4180} INFO - Setting next_dagrun for dataset_s3_bucket_producer to None, run_after=None
[2026-04-29T05:50:19.200+0000] {processor.py:208} INFO - Processing /home/ec2-user/environment/async-ai-inference-system/.venv/lib64/python3.9/site-packages/airflow/example_dags/example_dataset_alias.py took 0.091 seconds
[2026-04-29T05:51:19.494+0000] {processor.py:186} INFO - Started process (PID=10445) to work on /home/ec2-user/environment/async-ai-inference-system/.venv/lib64/python3.9/site-packages/airflow/example_dags/example_dataset_alias.py
[2026-04-29T05:51:19.495+0000] {processor.py:914} INFO - Processing file /home/ec2-user/environment/async-ai-inference-system/.venv/lib64/python3.9/site-packages/airflow/example_dags/example_dataset_alias.py for tasks to queue
[2026-04-29T05:51:19.497+0000] {logging_mixin.py:190} INFO - [2026-04-29T05:51:19.497+0000] {dagbag.py:588} INFO - Filling up the DagBag from /home/ec2-user/environment/async-ai-inference-system/.venv/lib64/python3.9/site-packages/airflow/example_dags/example_dataset_alias.py
[2026-04-29T05:51:19.517+0000] {processor.py:925} INFO - DAG(s) 'dataset_s3_bucket_consumer', 'dataset_alias_example_alias_consumer', 'dataset_s3_bucket_producer', 'dataset_alias_example_alias_producer' retrieved from /home/ec2-user/environment/async-ai-inference-system/.venv/lib64/python3.9/site-packages/airflow/example_dags/example_dataset_alias.py
[2026-04-29T05:51:19.535+0000] {logging_mixin.py:190} INFO - [2026-04-29T05:51:19.535+0000] {dag.py:3239} INFO - Sync 4 DAGs
[2026-04-29T05:51:19.674+0000] {logging_mixin.py:190} INFO - [2026-04-29T05:51:19.673+0000] {dag.py:4180} INFO - Setting next_dagrun for dataset_alias_example_alias_consumer to None, run_after=None
[2026-04-29T05:51:19.676+0000] {logging_mixin.py:190} INFO - [2026-04-29T05:51:19.675+0000] {dag.py:4180} INFO - Setting next_dagrun for dataset_alias_example_alias_producer to None, run_after=None
[2026-04-29T05:51:19.676+0000] {logging_mixin.py:190} INFO - [2026-04-29T05:51:19.676+0000] {dag.py:4180} INFO - Setting next_dagrun for dataset_s3_bucket_consumer to None, run_after=None
[2026-04-29T05:51:19.677+0000] {logging_mixin.py:190} INFO - [2026-04-29T05:51:19.677+0000] {dag.py:4180} INFO - Setting next_dagrun for dataset_s3_bucket_producer to None, run_after=None
[2026-04-29T05:51:19.698+0000] {processor.py:208} INFO - Processing /home/ec2-user/environment/async-ai-inference-system/.venv/lib64/python3.9/site-packages/airflow/example_dags/example_dataset_alias.py took 0.209 seconds
[2026-04-29T05:52:16.189+0000] {processor.py:186} INFO - Started process (PID=10546) to work on /home/ec2-user/environment/async-ai-inference-system/.venv/lib64/python3.9/site-packages/airflow/example_dags/example_dataset_alias.py
[2026-04-29T05:52:16.190+0000] {processor.py:914} INFO - Processing file /home/ec2-user/environment/async-ai-inference-system/.venv/lib64/python3.9/site-packages/airflow/example_dags/example_dataset_alias.py for tasks to queue
[2026-04-29T05:52:16.192+0000] {logging_mixin.py:190} INFO - [2026-04-29T05:52:16.191+0000] {dagbag.py:588} INFO - Filling up the DagBag from /home/ec2-user/environment/async-ai-inference-system/.venv/lib64/python3.9/site-packages/airflow/example_dags/example_dataset_alias.py
[2026-04-29T05:52:16.212+0000] {processor.py:925} INFO - DAG(s) 'dataset_alias_example_alias_consumer', 'dataset_alias_example_alias_producer', 'dataset_s3_bucket_consumer', 'dataset_s3_bucket_producer' retrieved from /home/ec2-user/environment/async-ai-inference-system/.venv/lib64/python3.9/site-packages/airflow/example_dags/example_dataset_alias.py
[2026-04-29T05:52:16.231+0000] {logging_mixin.py:190} INFO - [2026-04-29T05:52:16.231+0000] {dag.py:3239} INFO - Sync 4 DAGs
[2026-04-29T05:52:16.249+0000] {logging_mixin.py:190} INFO - [2026-04-29T05:52:16.249+0000] {dag.py:4180} INFO - Setting next_dagrun for dataset_alias_example_alias_consumer to None, run_after=None
[2026-04-29T05:52:16.251+0000] {logging_mixin.py:190} INFO - [2026-04-29T05:52:16.251+0000] {dag.py:4180} INFO - Setting next_dagrun for dataset_alias_example_alias_producer to None, run_after=None
[2026-04-29T05:52:16.252+0000] {logging_mixin.py:190} INFO - [2026-04-29T05:52:16.252+0000] {dag.py:4180} INFO - Setting next_dagrun for dataset_s3_bucket_consumer to None, run_after=None
[2026-04-29T05:52:16.253+0000] {logging_mixin.py:190} INFO - [2026-04-29T05:52:16.253+0000] {dag.py:4180} INFO - Setting next_dagrun for dataset_s3_bucket_producer to None, run_after=None
[2026-04-29T05:52:16.395+0000] {processor.py:208} INFO - Processing /home/ec2-user/environment/async-ai-inference-system/.venv/lib64/python3.9/site-packages/airflow/example_dags/example_dataset_alias.py took 0.211 seconds
