[2026-04-29T05:47:19.441+0000] {processor.py:186} INFO - Started process (PID=9967) to work on /home/ec2-user/environment/async-ai-inference-system/.venv/lib64/python3.9/site-packages/airflow/example_dags/example_dag_decorator.py
[2026-04-29T05:47:19.442+0000] {processor.py:914} INFO - Processing file /home/ec2-user/environment/async-ai-inference-system/.venv/lib64/python3.9/site-packages/airflow/example_dags/example_dag_decorator.py for tasks to queue
[2026-04-29T05:47:19.444+0000] {logging_mixin.py:190} INFO - [2026-04-29T05:47:19.444+0000] {dagbag.py:588} INFO - Filling up the DagBag from /home/ec2-user/environment/async-ai-inference-system/.venv/lib64/python3.9/site-packages/airflow/example_dags/example_dag_decorator.py
[2026-04-29T05:47:19.454+0000] {processor.py:925} INFO - DAG(s) 'example_dag_decorator' retrieved from /home/ec2-user/environment/async-ai-inference-system/.venv/lib64/python3.9/site-packages/airflow/example_dags/example_dag_decorator.py
[2026-04-29T05:47:19.549+0000] {logging_mixin.py:190} INFO - [2026-04-29T05:47:19.549+0000] {override.py:1900} INFO - Created Permission View: can read on DAG:example_dag_decorator
[2026-04-29T05:47:19.681+0000] {logging_mixin.py:190} INFO - [2026-04-29T05:47:19.681+0000] {override.py:1900} INFO - Created Permission View: can edit on DAG:example_dag_decorator
[2026-04-29T05:47:19.690+0000] {logging_mixin.py:190} INFO - [2026-04-29T05:47:19.690+0000] {override.py:1900} INFO - Created Permission View: can delete on DAG:example_dag_decorator
[2026-04-29T05:47:19.703+0000] {logging_mixin.py:190} INFO - [2026-04-29T05:47:19.703+0000] {override.py:1900} INFO - Created Permission View: can create on DAG Run:example_dag_decorator
[2026-04-29T05:47:19.711+0000] {logging_mixin.py:190} INFO - [2026-04-29T05:47:19.711+0000] {override.py:1900} INFO - Created Permission View: can read on DAG Run:example_dag_decorator
[2026-04-29T05:47:19.720+0000] {logging_mixin.py:190} INFO - [2026-04-29T05:47:19.719+0000] {override.py:1900} INFO - Created Permission View: menu access on DAG Run:example_dag_decorator
[2026-04-29T05:47:19.728+0000] {logging_mixin.py:190} INFO - [2026-04-29T05:47:19.728+0000] {override.py:1900} INFO - Created Permission View: can delete on DAG Run:example_dag_decorator
[2026-04-29T05:47:19.729+0000] {logging_mixin.py:190} INFO - [2026-04-29T05:47:19.728+0000] {dag.py:3239} INFO - Sync 1 DAGs
[2026-04-29T05:47:19.738+0000] {logging_mixin.py:190} INFO - [2026-04-29T05:47:19.738+0000] {dag.py:3262} INFO - Creating ORM DAG for example_dag_decorator
[2026-04-29T05:47:19.739+0000] {logging_mixin.py:190} INFO - [2026-04-29T05:47:19.739+0000] {dag.py:4180} INFO - Setting next_dagrun for example_dag_decorator to None, run_after=None
[2026-04-29T05:47:19.757+0000] {processor.py:208} INFO - Processing /home/ec2-user/environment/async-ai-inference-system/.venv/lib64/python3.9/site-packages/airflow/example_dags/example_dag_decorator.py took 0.321 seconds
[2026-04-29T05:50:18.686+0000] {processor.py:186} INFO - Started process (PID=10295) to work on /home/ec2-user/environment/async-ai-inference-system/.venv/lib64/python3.9/site-packages/airflow/example_dags/example_dag_decorator.py
[2026-04-29T05:50:18.687+0000] {processor.py:914} INFO - Processing file /home/ec2-user/environment/async-ai-inference-system/.venv/lib64/python3.9/site-packages/airflow/example_dags/example_dag_decorator.py for tasks to queue
[2026-04-29T05:50:18.688+0000] {logging_mixin.py:190} INFO - [2026-04-29T05:50:18.688+0000] {dagbag.py:588} INFO - Filling up the DagBag from /home/ec2-user/environment/async-ai-inference-system/.venv/lib64/python3.9/site-packages/airflow/example_dags/example_dag_decorator.py
[2026-04-29T05:50:18.699+0000] {processor.py:925} INFO - DAG(s) 'example_dag_decorator' retrieved from /home/ec2-user/environment/async-ai-inference-system/.venv/lib64/python3.9/site-packages/airflow/example_dags/example_dag_decorator.py
[2026-04-29T05:50:18.910+0000] {logging_mixin.py:190} INFO - [2026-04-29T05:50:18.910+0000] {dag.py:3239} INFO - Sync 1 DAGs
[2026-04-29T05:50:18.919+0000] {logging_mixin.py:190} INFO - [2026-04-29T05:50:18.919+0000] {dag.py:4180} INFO - Setting next_dagrun for example_dag_decorator to None, run_after=None
[2026-04-29T05:50:18.937+0000] {processor.py:208} INFO - Processing /home/ec2-user/environment/async-ai-inference-system/.venv/lib64/python3.9/site-packages/airflow/example_dags/example_dag_decorator.py took 0.257 seconds
[2026-04-29T05:51:18.371+0000] {processor.py:186} INFO - Started process (PID=10444) to work on /home/ec2-user/environment/async-ai-inference-system/.venv/lib64/python3.9/site-packages/airflow/example_dags/example_dag_decorator.py
[2026-04-29T05:51:18.372+0000] {processor.py:914} INFO - Processing file /home/ec2-user/environment/async-ai-inference-system/.venv/lib64/python3.9/site-packages/airflow/example_dags/example_dag_decorator.py for tasks to queue
[2026-04-29T05:51:18.374+0000] {logging_mixin.py:190} INFO - [2026-04-29T05:51:18.373+0000] {dagbag.py:588} INFO - Filling up the DagBag from /home/ec2-user/environment/async-ai-inference-system/.venv/lib64/python3.9/site-packages/airflow/example_dags/example_dag_decorator.py
[2026-04-29T05:51:18.384+0000] {processor.py:925} INFO - DAG(s) 'example_dag_decorator' retrieved from /home/ec2-user/environment/async-ai-inference-system/.venv/lib64/python3.9/site-packages/airflow/example_dags/example_dag_decorator.py
[2026-04-29T05:51:18.474+0000] {logging_mixin.py:190} INFO - [2026-04-29T05:51:18.474+0000] {dag.py:3239} INFO - Sync 1 DAGs
[2026-04-29T05:51:18.606+0000] {logging_mixin.py:190} INFO - [2026-04-29T05:51:18.606+0000] {dag.py:4180} INFO - Setting next_dagrun for example_dag_decorator to None, run_after=None
[2026-04-29T05:51:18.625+0000] {processor.py:208} INFO - Processing /home/ec2-user/environment/async-ai-inference-system/.venv/lib64/python3.9/site-packages/airflow/example_dags/example_dag_decorator.py took 0.260 seconds
[2026-04-29T05:52:15.049+0000] {processor.py:186} INFO - Started process (PID=10545) to work on /home/ec2-user/environment/async-ai-inference-system/.venv/lib64/python3.9/site-packages/airflow/example_dags/example_dag_decorator.py
[2026-04-29T05:52:15.050+0000] {processor.py:914} INFO - Processing file /home/ec2-user/environment/async-ai-inference-system/.venv/lib64/python3.9/site-packages/airflow/example_dags/example_dag_decorator.py for tasks to queue
[2026-04-29T05:52:15.051+0000] {logging_mixin.py:190} INFO - [2026-04-29T05:52:15.051+0000] {dagbag.py:588} INFO - Filling up the DagBag from /home/ec2-user/environment/async-ai-inference-system/.venv/lib64/python3.9/site-packages/airflow/example_dags/example_dag_decorator.py
[2026-04-29T05:52:15.062+0000] {processor.py:925} INFO - DAG(s) 'example_dag_decorator' retrieved from /home/ec2-user/environment/async-ai-inference-system/.venv/lib64/python3.9/site-packages/airflow/example_dags/example_dag_decorator.py
[2026-04-29T05:52:15.079+0000] {logging_mixin.py:190} INFO - [2026-04-29T05:52:15.079+0000] {dag.py:3239} INFO - Sync 1 DAGs
[2026-04-29T05:52:15.091+0000] {logging_mixin.py:190} INFO - [2026-04-29T05:52:15.091+0000] {dag.py:4180} INFO - Setting next_dagrun for example_dag_decorator to None, run_after=None
[2026-04-29T05:52:15.110+0000] {processor.py:208} INFO - Processing /home/ec2-user/environment/async-ai-inference-system/.venv/lib64/python3.9/site-packages/airflow/example_dags/example_dag_decorator.py took 0.067 seconds
