[2026-04-29T05:50:40.159+0000] {processor.py:186} INFO - Started process (PID=10332) to work on /home/ec2-user/environment/async-ai-inference-system/.venv/lib64/python3.9/site-packages/airflow/example_dags/example_setup_teardown.py
[2026-04-29T05:50:40.160+0000] {processor.py:914} INFO - Processing file /home/ec2-user/environment/async-ai-inference-system/.venv/lib64/python3.9/site-packages/airflow/example_dags/example_setup_teardown.py for tasks to queue
[2026-04-29T05:50:40.162+0000] {logging_mixin.py:190} INFO - [2026-04-29T05:50:40.161+0000] {dagbag.py:588} INFO - Filling up the DagBag from /home/ec2-user/environment/async-ai-inference-system/.venv/lib64/python3.9/site-packages/airflow/example_dags/example_setup_teardown.py
[2026-04-29T05:50:40.169+0000] {processor.py:925} INFO - DAG(s) 'example_setup_teardown' retrieved from /home/ec2-user/environment/async-ai-inference-system/.venv/lib64/python3.9/site-packages/airflow/example_dags/example_setup_teardown.py
[2026-04-29T05:50:40.384+0000] {logging_mixin.py:190} INFO - [2026-04-29T05:50:40.384+0000] {override.py:1900} INFO - Created Permission View: can edit on DAG:example_setup_teardown
[2026-04-29T05:50:40.395+0000] {logging_mixin.py:190} INFO - [2026-04-29T05:50:40.395+0000] {override.py:1900} INFO - Created Permission View: can delete on DAG:example_setup_teardown
[2026-04-29T05:50:40.404+0000] {logging_mixin.py:190} INFO - [2026-04-29T05:50:40.404+0000] {override.py:1900} INFO - Created Permission View: can read on DAG:example_setup_teardown
[2026-04-29T05:50:40.417+0000] {logging_mixin.py:190} INFO - [2026-04-29T05:50:40.417+0000] {override.py:1900} INFO - Created Permission View: can create on DAG Run:example_setup_teardown
[2026-04-29T05:50:40.426+0000] {logging_mixin.py:190} INFO - [2026-04-29T05:50:40.426+0000] {override.py:1900} INFO - Created Permission View: can delete on DAG Run:example_setup_teardown
[2026-04-29T05:50:40.434+0000] {logging_mixin.py:190} INFO - [2026-04-29T05:50:40.434+0000] {override.py:1900} INFO - Created Permission View: menu access on DAG Run:example_setup_teardown
[2026-04-29T05:50:40.443+0000] {logging_mixin.py:190} INFO - [2026-04-29T05:50:40.443+0000] {override.py:1900} INFO - Created Permission View: can read on DAG Run:example_setup_teardown
[2026-04-29T05:50:40.443+0000] {logging_mixin.py:190} INFO - [2026-04-29T05:50:40.443+0000] {dag.py:3239} INFO - Sync 1 DAGs
[2026-04-29T05:50:40.453+0000] {logging_mixin.py:190} INFO - [2026-04-29T05:50:40.453+0000] {dag.py:3262} INFO - Creating ORM DAG for example_setup_teardown
[2026-04-29T05:50:40.453+0000] {logging_mixin.py:190} INFO - [2026-04-29T05:50:40.453+0000] {dag.py:4180} INFO - Setting next_dagrun for example_setup_teardown to None, run_after=None
[2026-04-29T05:50:40.471+0000] {processor.py:208} INFO - Processing /home/ec2-user/environment/async-ai-inference-system/.venv/lib64/python3.9/site-packages/airflow/example_dags/example_setup_teardown.py took 0.317 seconds
[2026-04-29T05:51:40.596+0000] {processor.py:186} INFO - Started process (PID=10476) to work on /home/ec2-user/environment/async-ai-inference-system/.venv/lib64/python3.9/site-packages/airflow/example_dags/example_setup_teardown.py
[2026-04-29T05:51:40.598+0000] {processor.py:914} INFO - Processing file /home/ec2-user/environment/async-ai-inference-system/.venv/lib64/python3.9/site-packages/airflow/example_dags/example_setup_teardown.py for tasks to queue
[2026-04-29T05:51:40.599+0000] {logging_mixin.py:190} INFO - [2026-04-29T05:51:40.599+0000] {dagbag.py:588} INFO - Filling up the DagBag from /home/ec2-user/environment/async-ai-inference-system/.venv/lib64/python3.9/site-packages/airflow/example_dags/example_setup_teardown.py
[2026-04-29T05:51:40.607+0000] {processor.py:925} INFO - DAG(s) 'example_setup_teardown' retrieved from /home/ec2-user/environment/async-ai-inference-system/.venv/lib64/python3.9/site-packages/airflow/example_dags/example_setup_teardown.py
[2026-04-29T05:51:40.622+0000] {logging_mixin.py:190} INFO - [2026-04-29T05:51:40.622+0000] {dag.py:3239} INFO - Sync 1 DAGs
[2026-04-29T05:51:40.634+0000] {logging_mixin.py:190} INFO - [2026-04-29T05:51:40.633+0000] {dag.py:4180} INFO - Setting next_dagrun for example_setup_teardown to None, run_after=None
[2026-04-29T05:51:40.652+0000] {processor.py:208} INFO - Processing /home/ec2-user/environment/async-ai-inference-system/.venv/lib64/python3.9/site-packages/airflow/example_dags/example_setup_teardown.py took 0.062 seconds
[2026-04-29T05:52:38.982+0000] {processor.py:186} INFO - Started process (PID=10577) to work on /home/ec2-user/environment/async-ai-inference-system/.venv/lib64/python3.9/site-packages/airflow/example_dags/example_setup_teardown.py
[2026-04-29T05:52:38.984+0000] {processor.py:914} INFO - Processing file /home/ec2-user/environment/async-ai-inference-system/.venv/lib64/python3.9/site-packages/airflow/example_dags/example_setup_teardown.py for tasks to queue
[2026-04-29T05:52:38.985+0000] {logging_mixin.py:190} INFO - [2026-04-29T05:52:38.985+0000] {dagbag.py:588} INFO - Filling up the DagBag from /home/ec2-user/environment/async-ai-inference-system/.venv/lib64/python3.9/site-packages/airflow/example_dags/example_setup_teardown.py
[2026-04-29T05:52:38.993+0000] {processor.py:925} INFO - DAG(s) 'example_setup_teardown' retrieved from /home/ec2-user/environment/async-ai-inference-system/.venv/lib64/python3.9/site-packages/airflow/example_dags/example_setup_teardown.py
[2026-04-29T05:52:39.008+0000] {logging_mixin.py:190} INFO - [2026-04-29T05:52:39.008+0000] {dag.py:3239} INFO - Sync 1 DAGs
[2026-04-29T05:52:39.140+0000] {logging_mixin.py:190} INFO - [2026-04-29T05:52:39.140+0000] {dag.py:4180} INFO - Setting next_dagrun for example_setup_teardown to None, run_after=None
[2026-04-29T05:52:39.158+0000] {processor.py:208} INFO - Processing /home/ec2-user/environment/async-ai-inference-system/.venv/lib64/python3.9/site-packages/airflow/example_dags/example_setup_teardown.py took 0.181 seconds
