[2026-04-29T05:46:55.949+0000] {processor.py:186} INFO - Started process (PID=9918) to work on /home/ec2-user/environment/async-ai-inference-system/.venv/lib64/python3.9/site-packages/airflow/example_dags/example_xcomargs.py
[2026-04-29T05:46:55.949+0000] {processor.py:914} INFO - Processing file /home/ec2-user/environment/async-ai-inference-system/.venv/lib64/python3.9/site-packages/airflow/example_dags/example_xcomargs.py for tasks to queue
[2026-04-29T05:46:55.951+0000] {logging_mixin.py:190} INFO - [2026-04-29T05:46:55.951+0000] {dagbag.py:588} INFO - Filling up the DagBag from /home/ec2-user/environment/async-ai-inference-system/.venv/lib64/python3.9/site-packages/airflow/example_dags/example_xcomargs.py
[2026-04-29T05:46:55.960+0000] {processor.py:925} INFO - DAG(s) 'example_xcom_args_with_operators', 'example_xcom_args' retrieved from /home/ec2-user/environment/async-ai-inference-system/.venv/lib64/python3.9/site-packages/airflow/example_dags/example_xcomargs.py
[2026-04-29T05:46:56.054+0000] {logging_mixin.py:190} INFO - [2026-04-29T05:46:56.054+0000] {override.py:1900} INFO - Created Permission View: can read on DAG:example_xcom_args_with_operators
[2026-04-29T05:46:56.065+0000] {logging_mixin.py:190} INFO - [2026-04-29T05:46:56.065+0000] {override.py:1900} INFO - Created Permission View: can edit on DAG:example_xcom_args_with_operators
[2026-04-29T05:46:56.074+0000] {logging_mixin.py:190} INFO - [2026-04-29T05:46:56.074+0000] {override.py:1900} INFO - Created Permission View: can delete on DAG:example_xcom_args_with_operators
[2026-04-29T05:46:56.087+0000] {logging_mixin.py:190} INFO - [2026-04-29T05:46:56.087+0000] {override.py:1900} INFO - Created Permission View: can create on DAG Run:example_xcom_args_with_operators
[2026-04-29T05:46:56.096+0000] {logging_mixin.py:190} INFO - [2026-04-29T05:46:56.095+0000] {override.py:1900} INFO - Created Permission View: can read on DAG Run:example_xcom_args_with_operators
[2026-04-29T05:46:56.104+0000] {logging_mixin.py:190} INFO - [2026-04-29T05:46:56.104+0000] {override.py:1900} INFO - Created Permission View: menu access on DAG Run:example_xcom_args_with_operators
[2026-04-29T05:46:56.112+0000] {logging_mixin.py:190} INFO - [2026-04-29T05:46:56.112+0000] {override.py:1900} INFO - Created Permission View: can delete on DAG Run:example_xcom_args_with_operators
[2026-04-29T05:46:56.131+0000] {logging_mixin.py:190} INFO - [2026-04-29T05:46:56.131+0000] {override.py:1900} INFO - Created Permission View: can read on DAG:example_xcom_args
[2026-04-29T05:46:56.139+0000] {logging_mixin.py:190} INFO - [2026-04-29T05:46:56.139+0000] {override.py:1900} INFO - Created Permission View: can edit on DAG:example_xcom_args
[2026-04-29T05:46:56.148+0000] {logging_mixin.py:190} INFO - [2026-04-29T05:46:56.147+0000] {override.py:1900} INFO - Created Permission View: can delete on DAG:example_xcom_args
[2026-04-29T05:46:56.161+0000] {logging_mixin.py:190} INFO - [2026-04-29T05:46:56.160+0000] {override.py:1900} INFO - Created Permission View: can create on DAG Run:example_xcom_args
[2026-04-29T05:46:56.169+0000] {logging_mixin.py:190} INFO - [2026-04-29T05:46:56.169+0000] {override.py:1900} INFO - Created Permission View: can read on DAG Run:example_xcom_args
[2026-04-29T05:46:56.177+0000] {logging_mixin.py:190} INFO - [2026-04-29T05:46:56.177+0000] {override.py:1900} INFO - Created Permission View: menu access on DAG Run:example_xcom_args
[2026-04-29T05:46:56.186+0000] {logging_mixin.py:190} INFO - [2026-04-29T05:46:56.185+0000] {override.py:1900} INFO - Created Permission View: can delete on DAG Run:example_xcom_args
[2026-04-29T05:46:56.186+0000] {logging_mixin.py:190} INFO - [2026-04-29T05:46:56.186+0000] {dag.py:3239} INFO - Sync 2 DAGs
[2026-04-29T05:46:56.198+0000] {logging_mixin.py:190} INFO - [2026-04-29T05:46:56.198+0000] {dag.py:3262} INFO - Creating ORM DAG for example_xcom_args_with_operators
[2026-04-29T05:46:56.198+0000] {logging_mixin.py:190} INFO - [2026-04-29T05:46:56.198+0000] {dag.py:3262} INFO - Creating ORM DAG for example_xcom_args
[2026-04-29T05:46:56.199+0000] {logging_mixin.py:190} INFO - [2026-04-29T05:46:56.199+0000] {dag.py:4180} INFO - Setting next_dagrun for example_xcom_args to None, run_after=None
[2026-04-29T05:46:56.199+0000] {logging_mixin.py:190} INFO - [2026-04-29T05:46:56.199+0000] {dag.py:4180} INFO - Setting next_dagrun for example_xcom_args_with_operators to None, run_after=None
[2026-04-29T05:46:56.345+0000] {processor.py:208} INFO - Processing /home/ec2-user/environment/async-ai-inference-system/.venv/lib64/python3.9/site-packages/airflow/example_dags/example_xcomargs.py took 0.401 seconds
[2026-04-29T05:49:58.789+0000] {processor.py:186} INFO - Started process (PID=10259) to work on /home/ec2-user/environment/async-ai-inference-system/.venv/lib64/python3.9/site-packages/airflow/example_dags/example_xcomargs.py
[2026-04-29T05:49:58.791+0000] {processor.py:914} INFO - Processing file /home/ec2-user/environment/async-ai-inference-system/.venv/lib64/python3.9/site-packages/airflow/example_dags/example_xcomargs.py for tasks to queue
[2026-04-29T05:49:58.793+0000] {logging_mixin.py:190} INFO - [2026-04-29T05:49:58.792+0000] {dagbag.py:588} INFO - Filling up the DagBag from /home/ec2-user/environment/async-ai-inference-system/.venv/lib64/python3.9/site-packages/airflow/example_dags/example_xcomargs.py
[2026-04-29T05:49:58.802+0000] {processor.py:925} INFO - DAG(s) 'example_xcom_args_with_operators', 'example_xcom_args' retrieved from /home/ec2-user/environment/async-ai-inference-system/.venv/lib64/python3.9/site-packages/airflow/example_dags/example_xcomargs.py
[2026-04-29T05:49:58.820+0000] {logging_mixin.py:190} INFO - [2026-04-29T05:49:58.820+0000] {dag.py:3239} INFO - Sync 2 DAGs
[2026-04-29T05:49:58.831+0000] {logging_mixin.py:190} INFO - [2026-04-29T05:49:58.831+0000] {dag.py:4180} INFO - Setting next_dagrun for example_xcom_args to None, run_after=None
[2026-04-29T05:49:58.834+0000] {logging_mixin.py:190} INFO - [2026-04-29T05:49:58.834+0000] {dag.py:4180} INFO - Setting next_dagrun for example_xcom_args_with_operators to None, run_after=None
[2026-04-29T05:49:58.852+0000] {processor.py:208} INFO - Processing /home/ec2-user/environment/async-ai-inference-system/.venv/lib64/python3.9/site-packages/airflow/example_dags/example_xcomargs.py took 0.068 seconds
[2026-04-29T05:50:57.357+0000] {processor.py:186} INFO - Started process (PID=10359) to work on /home/ec2-user/environment/async-ai-inference-system/.venv/lib64/python3.9/site-packages/airflow/example_dags/example_xcomargs.py
[2026-04-29T05:50:57.359+0000] {processor.py:914} INFO - Processing file /home/ec2-user/environment/async-ai-inference-system/.venv/lib64/python3.9/site-packages/airflow/example_dags/example_xcomargs.py for tasks to queue
[2026-04-29T05:50:57.361+0000] {logging_mixin.py:190} INFO - [2026-04-29T05:50:57.361+0000] {dagbag.py:588} INFO - Filling up the DagBag from /home/ec2-user/environment/async-ai-inference-system/.venv/lib64/python3.9/site-packages/airflow/example_dags/example_xcomargs.py
[2026-04-29T05:50:57.371+0000] {processor.py:925} INFO - DAG(s) 'example_xcom_args', 'example_xcom_args_with_operators' retrieved from /home/ec2-user/environment/async-ai-inference-system/.venv/lib64/python3.9/site-packages/airflow/example_dags/example_xcomargs.py
[2026-04-29T05:50:57.387+0000] {logging_mixin.py:190} INFO - [2026-04-29T05:50:57.387+0000] {dag.py:3239} INFO - Sync 2 DAGs
[2026-04-29T05:50:57.398+0000] {logging_mixin.py:190} INFO - [2026-04-29T05:50:57.398+0000] {dag.py:4180} INFO - Setting next_dagrun for example_xcom_args to None, run_after=None
[2026-04-29T05:50:57.401+0000] {logging_mixin.py:190} INFO - [2026-04-29T05:50:57.401+0000] {dag.py:4180} INFO - Setting next_dagrun for example_xcom_args_with_operators to None, run_after=None
[2026-04-29T05:50:57.418+0000] {processor.py:208} INFO - Processing /home/ec2-user/environment/async-ai-inference-system/.venv/lib64/python3.9/site-packages/airflow/example_dags/example_xcomargs.py took 0.067 seconds
[2026-04-29T05:51:55.593+0000] {processor.py:186} INFO - Started process (PID=10503) to work on /home/ec2-user/environment/async-ai-inference-system/.venv/lib64/python3.9/site-packages/airflow/example_dags/example_xcomargs.py
[2026-04-29T05:51:55.594+0000] {processor.py:914} INFO - Processing file /home/ec2-user/environment/async-ai-inference-system/.venv/lib64/python3.9/site-packages/airflow/example_dags/example_xcomargs.py for tasks to queue
[2026-04-29T05:51:55.596+0000] {logging_mixin.py:190} INFO - [2026-04-29T05:51:55.595+0000] {dagbag.py:588} INFO - Filling up the DagBag from /home/ec2-user/environment/async-ai-inference-system/.venv/lib64/python3.9/site-packages/airflow/example_dags/example_xcomargs.py
[2026-04-29T05:51:55.605+0000] {processor.py:925} INFO - DAG(s) 'example_xcom_args', 'example_xcom_args_with_operators' retrieved from /home/ec2-user/environment/async-ai-inference-system/.venv/lib64/python3.9/site-packages/airflow/example_dags/example_xcomargs.py
[2026-04-29T05:51:55.622+0000] {logging_mixin.py:190} INFO - [2026-04-29T05:51:55.622+0000] {dag.py:3239} INFO - Sync 2 DAGs
[2026-04-29T05:51:55.633+0000] {logging_mixin.py:190} INFO - [2026-04-29T05:51:55.633+0000] {dag.py:4180} INFO - Setting next_dagrun for example_xcom_args to None, run_after=None
[2026-04-29T05:51:55.636+0000] {logging_mixin.py:190} INFO - [2026-04-29T05:51:55.636+0000] {dag.py:4180} INFO - Setting next_dagrun for example_xcom_args_with_operators to None, run_after=None
[2026-04-29T05:51:55.653+0000] {processor.py:208} INFO - Processing /home/ec2-user/environment/async-ai-inference-system/.venv/lib64/python3.9/site-packages/airflow/example_dags/example_xcomargs.py took 0.066 seconds
