[2026-04-29T05:47:11.827+0000] {processor.py:186} INFO - Started process (PID=9950) to work on /home/ec2-user/environment/async-ai-inference-system/.venv/lib64/python3.9/site-packages/airflow/example_dags/example_branch_day_of_week_operator.py
[2026-04-29T05:47:11.828+0000] {processor.py:914} INFO - Processing file /home/ec2-user/environment/async-ai-inference-system/.venv/lib64/python3.9/site-packages/airflow/example_dags/example_branch_day_of_week_operator.py for tasks to queue
[2026-04-29T05:47:11.830+0000] {logging_mixin.py:190} INFO - [2026-04-29T05:47:11.830+0000] {dagbag.py:588} INFO - Filling up the DagBag from /home/ec2-user/environment/async-ai-inference-system/.venv/lib64/python3.9/site-packages/airflow/example_dags/example_branch_day_of_week_operator.py
[2026-04-29T05:47:11.839+0000] {processor.py:925} INFO - DAG(s) 'example_weekday_branch_operator' retrieved from /home/ec2-user/environment/async-ai-inference-system/.venv/lib64/python3.9/site-packages/airflow/example_dags/example_branch_day_of_week_operator.py
[2026-04-29T05:47:11.932+0000] {logging_mixin.py:190} INFO - [2026-04-29T05:47:11.931+0000] {override.py:1900} INFO - Created Permission View: can read on DAG:example_weekday_branch_operator
[2026-04-29T05:47:11.943+0000] {logging_mixin.py:190} INFO - [2026-04-29T05:47:11.943+0000] {override.py:1900} INFO - Created Permission View: can edit on DAG:example_weekday_branch_operator
[2026-04-29T05:47:11.951+0000] {logging_mixin.py:190} INFO - [2026-04-29T05:47:11.951+0000] {override.py:1900} INFO - Created Permission View: can delete on DAG:example_weekday_branch_operator
[2026-04-29T05:47:11.965+0000] {logging_mixin.py:190} INFO - [2026-04-29T05:47:11.964+0000] {override.py:1900} INFO - Created Permission View: can create on DAG Run:example_weekday_branch_operator
[2026-04-29T05:47:11.973+0000] {logging_mixin.py:190} INFO - [2026-04-29T05:47:11.973+0000] {override.py:1900} INFO - Created Permission View: can read on DAG Run:example_weekday_branch_operator
[2026-04-29T05:47:11.981+0000] {logging_mixin.py:190} INFO - [2026-04-29T05:47:11.981+0000] {override.py:1900} INFO - Created Permission View: menu access on DAG Run:example_weekday_branch_operator
[2026-04-29T05:47:11.990+0000] {logging_mixin.py:190} INFO - [2026-04-29T05:47:11.989+0000] {override.py:1900} INFO - Created Permission View: can delete on DAG Run:example_weekday_branch_operator
[2026-04-29T05:47:11.990+0000] {logging_mixin.py:190} INFO - [2026-04-29T05:47:11.990+0000] {dag.py:3239} INFO - Sync 1 DAGs
[2026-04-29T05:47:12.129+0000] {logging_mixin.py:190} INFO - [2026-04-29T05:47:12.129+0000] {dag.py:3262} INFO - Creating ORM DAG for example_weekday_branch_operator
[2026-04-29T05:47:12.137+0000] {logging_mixin.py:190} INFO - [2026-04-29T05:47:12.137+0000] {dag.py:4180} INFO - Setting next_dagrun for example_weekday_branch_operator to 2026-04-28 00:00:00+00:00, run_after=2026-04-29 00:00:00+00:00
[2026-04-29T05:47:12.156+0000] {processor.py:208} INFO - Processing /home/ec2-user/environment/async-ai-inference-system/.venv/lib64/python3.9/site-packages/airflow/example_dags/example_branch_day_of_week_operator.py took 0.334 seconds
[2026-04-29T05:50:12.399+0000] {processor.py:186} INFO - Started process (PID=10289) to work on /home/ec2-user/environment/async-ai-inference-system/.venv/lib64/python3.9/site-packages/airflow/example_dags/example_branch_day_of_week_operator.py
[2026-04-29T05:50:12.401+0000] {processor.py:914} INFO - Processing file /home/ec2-user/environment/async-ai-inference-system/.venv/lib64/python3.9/site-packages/airflow/example_dags/example_branch_day_of_week_operator.py for tasks to queue
[2026-04-29T05:50:12.403+0000] {logging_mixin.py:190} INFO - [2026-04-29T05:50:12.403+0000] {dagbag.py:588} INFO - Filling up the DagBag from /home/ec2-user/environment/async-ai-inference-system/.venv/lib64/python3.9/site-packages/airflow/example_dags/example_branch_day_of_week_operator.py
[2026-04-29T05:50:12.412+0000] {processor.py:925} INFO - DAG(s) 'example_weekday_branch_operator' retrieved from /home/ec2-user/environment/async-ai-inference-system/.venv/lib64/python3.9/site-packages/airflow/example_dags/example_branch_day_of_week_operator.py
[2026-04-29T05:50:12.427+0000] {logging_mixin.py:190} INFO - [2026-04-29T05:50:12.427+0000] {dag.py:3239} INFO - Sync 1 DAGs
[2026-04-29T05:50:12.447+0000] {logging_mixin.py:190} INFO - [2026-04-29T05:50:12.446+0000] {dag.py:4180} INFO - Setting next_dagrun for example_weekday_branch_operator to 2026-04-28 00:00:00+00:00, run_after=2026-04-29 00:00:00+00:00
[2026-04-29T05:50:12.466+0000] {processor.py:208} INFO - Processing /home/ec2-user/environment/async-ai-inference-system/.venv/lib64/python3.9/site-packages/airflow/example_dags/example_branch_day_of_week_operator.py took 0.072 seconds
[2026-04-29T05:51:11.653+0000] {processor.py:186} INFO - Started process (PID=10438) to work on /home/ec2-user/environment/async-ai-inference-system/.venv/lib64/python3.9/site-packages/airflow/example_dags/example_branch_day_of_week_operator.py
[2026-04-29T05:51:11.655+0000] {processor.py:914} INFO - Processing file /home/ec2-user/environment/async-ai-inference-system/.venv/lib64/python3.9/site-packages/airflow/example_dags/example_branch_day_of_week_operator.py for tasks to queue
[2026-04-29T05:51:11.657+0000] {logging_mixin.py:190} INFO - [2026-04-29T05:51:11.657+0000] {dagbag.py:588} INFO - Filling up the DagBag from /home/ec2-user/environment/async-ai-inference-system/.venv/lib64/python3.9/site-packages/airflow/example_dags/example_branch_day_of_week_operator.py
[2026-04-29T05:51:11.666+0000] {processor.py:925} INFO - DAG(s) 'example_weekday_branch_operator' retrieved from /home/ec2-user/environment/async-ai-inference-system/.venv/lib64/python3.9/site-packages/airflow/example_dags/example_branch_day_of_week_operator.py
[2026-04-29T05:51:11.680+0000] {logging_mixin.py:190} INFO - [2026-04-29T05:51:11.680+0000] {dag.py:3239} INFO - Sync 1 DAGs
[2026-04-29T05:51:11.700+0000] {logging_mixin.py:190} INFO - [2026-04-29T05:51:11.699+0000] {dag.py:4180} INFO - Setting next_dagrun for example_weekday_branch_operator to 2026-04-28 00:00:00+00:00, run_after=2026-04-29 00:00:00+00:00
[2026-04-29T05:51:11.841+0000] {processor.py:208} INFO - Processing /home/ec2-user/environment/async-ai-inference-system/.venv/lib64/python3.9/site-packages/airflow/example_dags/example_branch_day_of_week_operator.py took 0.193 seconds
[2026-04-29T05:52:08.750+0000] {processor.py:186} INFO - Started process (PID=10535) to work on /home/ec2-user/environment/async-ai-inference-system/.venv/lib64/python3.9/site-packages/airflow/example_dags/example_branch_day_of_week_operator.py
[2026-04-29T05:52:08.751+0000] {processor.py:914} INFO - Processing file /home/ec2-user/environment/async-ai-inference-system/.venv/lib64/python3.9/site-packages/airflow/example_dags/example_branch_day_of_week_operator.py for tasks to queue
[2026-04-29T05:52:08.753+0000] {logging_mixin.py:190} INFO - [2026-04-29T05:52:08.753+0000] {dagbag.py:588} INFO - Filling up the DagBag from /home/ec2-user/environment/async-ai-inference-system/.venv/lib64/python3.9/site-packages/airflow/example_dags/example_branch_day_of_week_operator.py
[2026-04-29T05:52:08.762+0000] {processor.py:925} INFO - DAG(s) 'example_weekday_branch_operator' retrieved from /home/ec2-user/environment/async-ai-inference-system/.venv/lib64/python3.9/site-packages/airflow/example_dags/example_branch_day_of_week_operator.py
[2026-04-29T05:52:08.776+0000] {logging_mixin.py:190} INFO - [2026-04-29T05:52:08.776+0000] {dag.py:3239} INFO - Sync 1 DAGs
[2026-04-29T05:52:08.795+0000] {logging_mixin.py:190} INFO - [2026-04-29T05:52:08.795+0000] {dag.py:4180} INFO - Setting next_dagrun for example_weekday_branch_operator to 2026-04-28 00:00:00+00:00, run_after=2026-04-29 00:00:00+00:00
[2026-04-29T05:52:08.814+0000] {processor.py:208} INFO - Processing /home/ec2-user/environment/async-ai-inference-system/.venv/lib64/python3.9/site-packages/airflow/example_dags/example_branch_day_of_week_operator.py took 0.070 seconds
