[2026-04-29T05:47:14.285+0000] {processor.py:186} INFO - Started process (PID=9953) to work on /home/ec2-user/environment/async-ai-inference-system/.venv/lib64/python3.9/site-packages/airflow/example_dags/example_branch_operator.py
[2026-04-29T05:47:14.286+0000] {processor.py:914} INFO - Processing file /home/ec2-user/environment/async-ai-inference-system/.venv/lib64/python3.9/site-packages/airflow/example_dags/example_branch_operator.py for tasks to queue
[2026-04-29T05:47:14.288+0000] {logging_mixin.py:190} INFO - [2026-04-29T05:47:14.288+0000] {dagbag.py:588} INFO - Filling up the DagBag from /home/ec2-user/environment/async-ai-inference-system/.venv/lib64/python3.9/site-packages/airflow/example_dags/example_branch_operator.py
[2026-04-29T05:47:14.290+0000] {processor.py:927} WARNING - No viable dags retrieved from /home/ec2-user/environment/async-ai-inference-system/.venv/lib64/python3.9/site-packages/airflow/example_dags/example_branch_operator.py
[2026-04-29T05:47:14.300+0000] {processor.py:208} INFO - Processing /home/ec2-user/environment/async-ai-inference-system/.venv/lib64/python3.9/site-packages/airflow/example_dags/example_branch_operator.py took 0.020 seconds
[2026-04-29T05:50:14.117+0000] {processor.py:186} INFO - Started process (PID=10291) to work on /home/ec2-user/environment/async-ai-inference-system/.venv/lib64/python3.9/site-packages/airflow/example_dags/example_branch_operator.py
[2026-04-29T05:50:14.118+0000] {processor.py:914} INFO - Processing file /home/ec2-user/environment/async-ai-inference-system/.venv/lib64/python3.9/site-packages/airflow/example_dags/example_branch_operator.py for tasks to queue
[2026-04-29T05:50:14.120+0000] {logging_mixin.py:190} INFO - [2026-04-29T05:50:14.120+0000] {dagbag.py:588} INFO - Filling up the DagBag from /home/ec2-user/environment/async-ai-inference-system/.venv/lib64/python3.9/site-packages/airflow/example_dags/example_branch_operator.py
[2026-04-29T05:50:14.122+0000] {processor.py:927} WARNING - No viable dags retrieved from /home/ec2-user/environment/async-ai-inference-system/.venv/lib64/python3.9/site-packages/airflow/example_dags/example_branch_operator.py
[2026-04-29T05:50:14.131+0000] {processor.py:208} INFO - Processing /home/ec2-user/environment/async-ai-inference-system/.venv/lib64/python3.9/site-packages/airflow/example_dags/example_branch_operator.py took 0.019 seconds
[2026-04-29T05:51:14.263+0000] {processor.py:186} INFO - Started process (PID=10440) to work on /home/ec2-user/environment/async-ai-inference-system/.venv/lib64/python3.9/site-packages/airflow/example_dags/example_branch_operator.py
[2026-04-29T05:51:14.264+0000] {processor.py:914} INFO - Processing file /home/ec2-user/environment/async-ai-inference-system/.venv/lib64/python3.9/site-packages/airflow/example_dags/example_branch_operator.py for tasks to queue
[2026-04-29T05:51:14.266+0000] {logging_mixin.py:190} INFO - [2026-04-29T05:51:14.265+0000] {dagbag.py:588} INFO - Filling up the DagBag from /home/ec2-user/environment/async-ai-inference-system/.venv/lib64/python3.9/site-packages/airflow/example_dags/example_branch_operator.py
[2026-04-29T05:51:14.268+0000] {processor.py:927} WARNING - No viable dags retrieved from /home/ec2-user/environment/async-ai-inference-system/.venv/lib64/python3.9/site-packages/airflow/example_dags/example_branch_operator.py
[2026-04-29T05:51:14.277+0000] {processor.py:208} INFO - Processing /home/ec2-user/environment/async-ai-inference-system/.venv/lib64/python3.9/site-packages/airflow/example_dags/example_branch_operator.py took 0.020 seconds
[2026-04-29T05:52:10.884+0000] {processor.py:186} INFO - Started process (PID=10537) to work on /home/ec2-user/environment/async-ai-inference-system/.venv/lib64/python3.9/site-packages/airflow/example_dags/example_branch_operator.py
[2026-04-29T05:52:10.886+0000] {processor.py:914} INFO - Processing file /home/ec2-user/environment/async-ai-inference-system/.venv/lib64/python3.9/site-packages/airflow/example_dags/example_branch_operator.py for tasks to queue
[2026-04-29T05:52:10.887+0000] {logging_mixin.py:190} INFO - [2026-04-29T05:52:10.887+0000] {dagbag.py:588} INFO - Filling up the DagBag from /home/ec2-user/environment/async-ai-inference-system/.venv/lib64/python3.9/site-packages/airflow/example_dags/example_branch_operator.py
[2026-04-29T05:52:10.890+0000] {processor.py:927} WARNING - No viable dags retrieved from /home/ec2-user/environment/async-ai-inference-system/.venv/lib64/python3.9/site-packages/airflow/example_dags/example_branch_operator.py
[2026-04-29T05:52:10.899+0000] {processor.py:208} INFO - Processing /home/ec2-user/environment/async-ai-inference-system/.venv/lib64/python3.9/site-packages/airflow/example_dags/example_branch_operator.py took 0.020 seconds
