[2026-04-29T05:47:38.801+0000] {processor.py:186} INFO - Started process (PID=9986) to work on /home/ec2-user/environment/async-ai-inference-system/.venv/lib64/python3.9/site-packages/airflow/example_dags/example_params_trigger_ui.py
[2026-04-29T05:47:38.801+0000] {processor.py:914} INFO - Processing file /home/ec2-user/environment/async-ai-inference-system/.venv/lib64/python3.9/site-packages/airflow/example_dags/example_params_trigger_ui.py for tasks to queue
[2026-04-29T05:47:38.803+0000] {logging_mixin.py:190} INFO - [2026-04-29T05:47:38.803+0000] {dagbag.py:588} INFO - Filling up the DagBag from /home/ec2-user/environment/async-ai-inference-system/.venv/lib64/python3.9/site-packages/airflow/example_dags/example_params_trigger_ui.py
[2026-04-29T05:47:38.814+0000] {processor.py:925} INFO - DAG(s) 'example_params_trigger_ui' retrieved from /home/ec2-user/environment/async-ai-inference-system/.venv/lib64/python3.9/site-packages/airflow/example_dags/example_params_trigger_ui.py
[2026-04-29T05:47:39.057+0000] {logging_mixin.py:190} INFO - [2026-04-29T05:47:39.056+0000] {override.py:1900} INFO - Created Permission View: can read on DAG:example_params_trigger_ui
[2026-04-29T05:47:39.069+0000] {logging_mixin.py:190} INFO - [2026-04-29T05:47:39.069+0000] {override.py:1900} INFO - Created Permission View: can edit on DAG:example_params_trigger_ui
[2026-04-29T05:47:39.079+0000] {logging_mixin.py:190} INFO - [2026-04-29T05:47:39.079+0000] {override.py:1900} INFO - Created Permission View: can delete on DAG:example_params_trigger_ui
[2026-04-29T05:47:39.093+0000] {logging_mixin.py:190} INFO - [2026-04-29T05:47:39.092+0000] {override.py:1900} INFO - Created Permission View: can create on DAG Run:example_params_trigger_ui
[2026-04-29T05:47:39.102+0000] {logging_mixin.py:190} INFO - [2026-04-29T05:47:39.101+0000] {override.py:1900} INFO - Created Permission View: can read on DAG Run:example_params_trigger_ui
[2026-04-29T05:47:39.110+0000] {logging_mixin.py:190} INFO - [2026-04-29T05:47:39.110+0000] {override.py:1900} INFO - Created Permission View: menu access on DAG Run:example_params_trigger_ui
[2026-04-29T05:47:39.119+0000] {logging_mixin.py:190} INFO - [2026-04-29T05:47:39.119+0000] {override.py:1900} INFO - Created Permission View: can delete on DAG Run:example_params_trigger_ui
[2026-04-29T05:47:39.119+0000] {logging_mixin.py:190} INFO - [2026-04-29T05:47:39.119+0000] {dag.py:3239} INFO - Sync 1 DAGs
[2026-04-29T05:47:39.129+0000] {logging_mixin.py:190} INFO - [2026-04-29T05:47:39.129+0000] {dag.py:3262} INFO - Creating ORM DAG for example_params_trigger_ui
[2026-04-29T05:47:39.130+0000] {logging_mixin.py:190} INFO - [2026-04-29T05:47:39.129+0000] {dag.py:4180} INFO - Setting next_dagrun for example_params_trigger_ui to None, run_after=None
[2026-04-29T05:47:39.149+0000] {processor.py:208} INFO - Processing /home/ec2-user/environment/async-ai-inference-system/.venv/lib64/python3.9/site-packages/airflow/example_dags/example_params_trigger_ui.py took 0.354 seconds
[2026-04-29T05:50:31.850+0000] {processor.py:186} INFO - Started process (PID=10320) to work on /home/ec2-user/environment/async-ai-inference-system/.venv/lib64/python3.9/site-packages/airflow/example_dags/example_params_trigger_ui.py
[2026-04-29T05:50:31.851+0000] {processor.py:914} INFO - Processing file /home/ec2-user/environment/async-ai-inference-system/.venv/lib64/python3.9/site-packages/airflow/example_dags/example_params_trigger_ui.py for tasks to queue
[2026-04-29T05:50:31.853+0000] {logging_mixin.py:190} INFO - [2026-04-29T05:50:31.853+0000] {dagbag.py:588} INFO - Filling up the DagBag from /home/ec2-user/environment/async-ai-inference-system/.venv/lib64/python3.9/site-packages/airflow/example_dags/example_params_trigger_ui.py
[2026-04-29T05:50:31.864+0000] {processor.py:925} INFO - DAG(s) 'example_params_trigger_ui' retrieved from /home/ec2-user/environment/async-ai-inference-system/.venv/lib64/python3.9/site-packages/airflow/example_dags/example_params_trigger_ui.py
[2026-04-29T05:50:31.903+0000] {logging_mixin.py:190} INFO - [2026-04-29T05:50:31.902+0000] {dag.py:3239} INFO - Sync 1 DAGs
[2026-04-29T05:50:31.914+0000] {logging_mixin.py:190} INFO - [2026-04-29T05:50:31.914+0000] {dag.py:4180} INFO - Setting next_dagrun for example_params_trigger_ui to None, run_after=None
[2026-04-29T05:50:31.933+0000] {processor.py:208} INFO - Processing /home/ec2-user/environment/async-ai-inference-system/.venv/lib64/python3.9/site-packages/airflow/example_dags/example_params_trigger_ui.py took 0.089 seconds
[2026-04-29T05:51:33.816+0000] {processor.py:186} INFO - Started process (PID=10469) to work on /home/ec2-user/environment/async-ai-inference-system/.venv/lib64/python3.9/site-packages/airflow/example_dags/example_params_trigger_ui.py
[2026-04-29T05:51:33.817+0000] {processor.py:914} INFO - Processing file /home/ec2-user/environment/async-ai-inference-system/.venv/lib64/python3.9/site-packages/airflow/example_dags/example_params_trigger_ui.py for tasks to queue
[2026-04-29T05:51:33.819+0000] {logging_mixin.py:190} INFO - [2026-04-29T05:51:33.819+0000] {dagbag.py:588} INFO - Filling up the DagBag from /home/ec2-user/environment/async-ai-inference-system/.venv/lib64/python3.9/site-packages/airflow/example_dags/example_params_trigger_ui.py
[2026-04-29T05:51:33.829+0000] {processor.py:925} INFO - DAG(s) 'example_params_trigger_ui' retrieved from /home/ec2-user/environment/async-ai-inference-system/.venv/lib64/python3.9/site-packages/airflow/example_dags/example_params_trigger_ui.py
[2026-04-29T05:51:33.868+0000] {logging_mixin.py:190} INFO - [2026-04-29T05:51:33.868+0000] {dag.py:3239} INFO - Sync 1 DAGs
[2026-04-29T05:51:33.880+0000] {logging_mixin.py:190} INFO - [2026-04-29T05:51:33.880+0000] {dag.py:4180} INFO - Setting next_dagrun for example_params_trigger_ui to None, run_after=None
[2026-04-29T05:51:33.899+0000] {processor.py:208} INFO - Processing /home/ec2-user/environment/async-ai-inference-system/.venv/lib64/python3.9/site-packages/airflow/example_dags/example_params_trigger_ui.py took 0.089 seconds
[2026-04-29T05:52:31.167+0000] {processor.py:186} INFO - Started process (PID=10570) to work on /home/ec2-user/environment/async-ai-inference-system/.venv/lib64/python3.9/site-packages/airflow/example_dags/example_params_trigger_ui.py
[2026-04-29T05:52:31.168+0000] {processor.py:914} INFO - Processing file /home/ec2-user/environment/async-ai-inference-system/.venv/lib64/python3.9/site-packages/airflow/example_dags/example_params_trigger_ui.py for tasks to queue
[2026-04-29T05:52:31.170+0000] {logging_mixin.py:190} INFO - [2026-04-29T05:52:31.169+0000] {dagbag.py:588} INFO - Filling up the DagBag from /home/ec2-user/environment/async-ai-inference-system/.venv/lib64/python3.9/site-packages/airflow/example_dags/example_params_trigger_ui.py
[2026-04-29T05:52:31.180+0000] {processor.py:925} INFO - DAG(s) 'example_params_trigger_ui' retrieved from /home/ec2-user/environment/async-ai-inference-system/.venv/lib64/python3.9/site-packages/airflow/example_dags/example_params_trigger_ui.py
[2026-04-29T05:52:31.218+0000] {logging_mixin.py:190} INFO - [2026-04-29T05:52:31.218+0000] {dag.py:3239} INFO - Sync 1 DAGs
[2026-04-29T05:52:31.348+0000] {logging_mixin.py:190} INFO - [2026-04-29T05:52:31.348+0000] {dag.py:4180} INFO - Setting next_dagrun for example_params_trigger_ui to None, run_after=None
[2026-04-29T05:52:31.367+0000] {processor.py:208} INFO - Processing /home/ec2-user/environment/async-ai-inference-system/.venv/lib64/python3.9/site-packages/airflow/example_dags/example_params_trigger_ui.py took 0.205 seconds
