[2026-04-29T05:47:26.342+0000] {processor.py:186} INFO - Started process (PID=9972) to work on /home/ec2-user/environment/async-ai-inference-system/.venv/lib64/python3.9/site-packages/airflow/example_dags/example_dynamic_task_mapping.py
[2026-04-29T05:47:26.343+0000] {processor.py:914} INFO - Processing file /home/ec2-user/environment/async-ai-inference-system/.venv/lib64/python3.9/site-packages/airflow/example_dags/example_dynamic_task_mapping.py for tasks to queue
[2026-04-29T05:47:26.344+0000] {logging_mixin.py:190} INFO - [2026-04-29T05:47:26.344+0000] {dagbag.py:588} INFO - Filling up the DagBag from /home/ec2-user/environment/async-ai-inference-system/.venv/lib64/python3.9/site-packages/airflow/example_dags/example_dynamic_task_mapping.py
[2026-04-29T05:47:26.352+0000] {processor.py:925} INFO - DAG(s) 'example_dynamic_task_mapping' retrieved from /home/ec2-user/environment/async-ai-inference-system/.venv/lib64/python3.9/site-packages/airflow/example_dags/example_dynamic_task_mapping.py
[2026-04-29T05:47:26.446+0000] {logging_mixin.py:190} INFO - [2026-04-29T05:47:26.445+0000] {override.py:1900} INFO - Created Permission View: can read on DAG:example_dynamic_task_mapping
[2026-04-29T05:47:26.579+0000] {logging_mixin.py:190} INFO - [2026-04-29T05:47:26.579+0000] {override.py:1900} INFO - Created Permission View: can edit on DAG:example_dynamic_task_mapping
[2026-04-29T05:47:26.587+0000] {logging_mixin.py:190} INFO - [2026-04-29T05:47:26.587+0000] {override.py:1900} INFO - Created Permission View: can delete on DAG:example_dynamic_task_mapping
[2026-04-29T05:47:26.601+0000] {logging_mixin.py:190} INFO - [2026-04-29T05:47:26.600+0000] {override.py:1900} INFO - Created Permission View: can create on DAG Run:example_dynamic_task_mapping
[2026-04-29T05:47:26.609+0000] {logging_mixin.py:190} INFO - [2026-04-29T05:47:26.609+0000] {override.py:1900} INFO - Created Permission View: can read on DAG Run:example_dynamic_task_mapping
[2026-04-29T05:47:26.618+0000] {logging_mixin.py:190} INFO - [2026-04-29T05:47:26.617+0000] {override.py:1900} INFO - Created Permission View: menu access on DAG Run:example_dynamic_task_mapping
[2026-04-29T05:47:26.626+0000] {logging_mixin.py:190} INFO - [2026-04-29T05:47:26.626+0000] {override.py:1900} INFO - Created Permission View: can delete on DAG Run:example_dynamic_task_mapping
[2026-04-29T05:47:26.626+0000] {logging_mixin.py:190} INFO - [2026-04-29T05:47:26.626+0000] {dag.py:3239} INFO - Sync 1 DAGs
[2026-04-29T05:47:26.636+0000] {logging_mixin.py:190} INFO - [2026-04-29T05:47:26.636+0000] {dag.py:3262} INFO - Creating ORM DAG for example_dynamic_task_mapping
[2026-04-29T05:47:26.636+0000] {logging_mixin.py:190} INFO - [2026-04-29T05:47:26.636+0000] {dag.py:4180} INFO - Setting next_dagrun for example_dynamic_task_mapping to None, run_after=None
[2026-04-29T05:47:26.652+0000] {processor.py:208} INFO - Processing /home/ec2-user/environment/async-ai-inference-system/.venv/lib64/python3.9/site-packages/airflow/example_dags/example_dynamic_task_mapping.py took 0.315 seconds
[2026-04-29T05:50:22.797+0000] {processor.py:186} INFO - Started process (PID=10310) to work on /home/ec2-user/environment/async-ai-inference-system/.venv/lib64/python3.9/site-packages/airflow/example_dags/example_dynamic_task_mapping.py
[2026-04-29T05:50:22.798+0000] {processor.py:914} INFO - Processing file /home/ec2-user/environment/async-ai-inference-system/.venv/lib64/python3.9/site-packages/airflow/example_dags/example_dynamic_task_mapping.py for tasks to queue
[2026-04-29T05:50:22.800+0000] {logging_mixin.py:190} INFO - [2026-04-29T05:50:22.800+0000] {dagbag.py:588} INFO - Filling up the DagBag from /home/ec2-user/environment/async-ai-inference-system/.venv/lib64/python3.9/site-packages/airflow/example_dags/example_dynamic_task_mapping.py
[2026-04-29T05:50:22.808+0000] {processor.py:925} INFO - DAG(s) 'example_dynamic_task_mapping' retrieved from /home/ec2-user/environment/async-ai-inference-system/.venv/lib64/python3.9/site-packages/airflow/example_dags/example_dynamic_task_mapping.py
[2026-04-29T05:50:22.823+0000] {logging_mixin.py:190} INFO - [2026-04-29T05:50:22.823+0000] {dag.py:3239} INFO - Sync 1 DAGs
[2026-04-29T05:50:22.835+0000] {logging_mixin.py:190} INFO - [2026-04-29T05:50:22.835+0000] {dag.py:4180} INFO - Setting next_dagrun for example_dynamic_task_mapping to None, run_after=None
[2026-04-29T05:50:22.853+0000] {processor.py:208} INFO - Processing /home/ec2-user/environment/async-ai-inference-system/.venv/lib64/python3.9/site-packages/airflow/example_dags/example_dynamic_task_mapping.py took 0.062 seconds
[2026-04-29T05:51:23.518+0000] {processor.py:186} INFO - Started process (PID=10455) to work on /home/ec2-user/environment/async-ai-inference-system/.venv/lib64/python3.9/site-packages/airflow/example_dags/example_dynamic_task_mapping.py
[2026-04-29T05:51:23.520+0000] {processor.py:914} INFO - Processing file /home/ec2-user/environment/async-ai-inference-system/.venv/lib64/python3.9/site-packages/airflow/example_dags/example_dynamic_task_mapping.py for tasks to queue
[2026-04-29T05:51:23.521+0000] {logging_mixin.py:190} INFO - [2026-04-29T05:51:23.521+0000] {dagbag.py:588} INFO - Filling up the DagBag from /home/ec2-user/environment/async-ai-inference-system/.venv/lib64/python3.9/site-packages/airflow/example_dags/example_dynamic_task_mapping.py
[2026-04-29T05:51:23.530+0000] {processor.py:925} INFO - DAG(s) 'example_dynamic_task_mapping' retrieved from /home/ec2-user/environment/async-ai-inference-system/.venv/lib64/python3.9/site-packages/airflow/example_dags/example_dynamic_task_mapping.py
[2026-04-29T05:51:23.545+0000] {logging_mixin.py:190} INFO - [2026-04-29T05:51:23.544+0000] {dag.py:3239} INFO - Sync 1 DAGs
[2026-04-29T05:51:23.557+0000] {logging_mixin.py:190} INFO - [2026-04-29T05:51:23.557+0000] {dag.py:4180} INFO - Setting next_dagrun for example_dynamic_task_mapping to None, run_after=None
[2026-04-29T05:51:23.577+0000] {processor.py:208} INFO - Processing /home/ec2-user/environment/async-ai-inference-system/.venv/lib64/python3.9/site-packages/airflow/example_dags/example_dynamic_task_mapping.py took 0.064 seconds
[2026-04-29T05:52:21.025+0000] {processor.py:186} INFO - Started process (PID=10550) to work on /home/ec2-user/environment/async-ai-inference-system/.venv/lib64/python3.9/site-packages/airflow/example_dags/example_dynamic_task_mapping.py
[2026-04-29T05:52:21.027+0000] {processor.py:914} INFO - Processing file /home/ec2-user/environment/async-ai-inference-system/.venv/lib64/python3.9/site-packages/airflow/example_dags/example_dynamic_task_mapping.py for tasks to queue
[2026-04-29T05:52:21.028+0000] {logging_mixin.py:190} INFO - [2026-04-29T05:52:21.028+0000] {dagbag.py:588} INFO - Filling up the DagBag from /home/ec2-user/environment/async-ai-inference-system/.venv/lib64/python3.9/site-packages/airflow/example_dags/example_dynamic_task_mapping.py
[2026-04-29T05:52:21.036+0000] {processor.py:925} INFO - DAG(s) 'example_dynamic_task_mapping' retrieved from /home/ec2-user/environment/async-ai-inference-system/.venv/lib64/python3.9/site-packages/airflow/example_dags/example_dynamic_task_mapping.py
[2026-04-29T05:52:21.049+0000] {logging_mixin.py:190} INFO - [2026-04-29T05:52:21.049+0000] {dag.py:3239} INFO - Sync 1 DAGs
[2026-04-29T05:52:21.060+0000] {logging_mixin.py:190} INFO - [2026-04-29T05:52:21.060+0000] {dag.py:4180} INFO - Setting next_dagrun for example_dynamic_task_mapping to None, run_after=None
[2026-04-29T05:52:21.081+0000] {processor.py:208} INFO - Processing /home/ec2-user/environment/async-ai-inference-system/.venv/lib64/python3.9/site-packages/airflow/example_dags/example_dynamic_task_mapping.py took 0.061 seconds
