[2026-04-29T05:50:36.160+0000] {processor.py:186} INFO - Started process (PID=10324) to work on /home/ec2-user/environment/async-ai-inference-system/.venv/lib64/python3.9/site-packages/airflow/example_dags/example_python_operator.py
[2026-04-29T05:50:36.161+0000] {processor.py:914} INFO - Processing file /home/ec2-user/environment/async-ai-inference-system/.venv/lib64/python3.9/site-packages/airflow/example_dags/example_python_operator.py for tasks to queue
[2026-04-29T05:50:36.162+0000] {logging_mixin.py:190} INFO - [2026-04-29T05:50:36.162+0000] {dagbag.py:588} INFO - Filling up the DagBag from /home/ec2-user/environment/async-ai-inference-system/.venv/lib64/python3.9/site-packages/airflow/example_dags/example_python_operator.py
[2026-04-29T05:50:36.169+0000] {logging_mixin.py:190} INFO - [2026-04-29T05:50:36.169+0000] {example_python_operator.py:93} WARNING - The virtalenv_python example task requires virtualenv, please install it.
[2026-04-29T05:50:36.171+0000] {processor.py:925} INFO - DAG(s) 'example_python_operator' retrieved from /home/ec2-user/environment/async-ai-inference-system/.venv/lib64/python3.9/site-packages/airflow/example_dags/example_python_operator.py
[2026-04-29T05:50:36.385+0000] {logging_mixin.py:190} INFO - [2026-04-29T05:50:36.384+0000] {override.py:1900} INFO - Created Permission View: can edit on DAG:example_python_operator
[2026-04-29T05:50:36.395+0000] {logging_mixin.py:190} INFO - [2026-04-29T05:50:36.395+0000] {override.py:1900} INFO - Created Permission View: can delete on DAG:example_python_operator
[2026-04-29T05:50:36.404+0000] {logging_mixin.py:190} INFO - [2026-04-29T05:50:36.403+0000] {override.py:1900} INFO - Created Permission View: can read on DAG:example_python_operator
[2026-04-29T05:50:36.417+0000] {logging_mixin.py:190} INFO - [2026-04-29T05:50:36.416+0000] {override.py:1900} INFO - Created Permission View: can create on DAG Run:example_python_operator
[2026-04-29T05:50:36.425+0000] {logging_mixin.py:190} INFO - [2026-04-29T05:50:36.425+0000] {override.py:1900} INFO - Created Permission View: can delete on DAG Run:example_python_operator
[2026-04-29T05:50:36.433+0000] {logging_mixin.py:190} INFO - [2026-04-29T05:50:36.433+0000] {override.py:1900} INFO - Created Permission View: menu access on DAG Run:example_python_operator
[2026-04-29T05:50:36.442+0000] {logging_mixin.py:190} INFO - [2026-04-29T05:50:36.441+0000] {override.py:1900} INFO - Created Permission View: can read on DAG Run:example_python_operator
[2026-04-29T05:50:36.442+0000] {logging_mixin.py:190} INFO - [2026-04-29T05:50:36.442+0000] {dag.py:3239} INFO - Sync 1 DAGs
[2026-04-29T05:50:36.451+0000] {logging_mixin.py:190} INFO - [2026-04-29T05:50:36.451+0000] {dag.py:3262} INFO - Creating ORM DAG for example_python_operator
[2026-04-29T05:50:36.452+0000] {logging_mixin.py:190} INFO - [2026-04-29T05:50:36.452+0000] {dag.py:4180} INFO - Setting next_dagrun for example_python_operator to None, run_after=None
[2026-04-29T05:50:36.470+0000] {processor.py:208} INFO - Processing /home/ec2-user/environment/async-ai-inference-system/.venv/lib64/python3.9/site-packages/airflow/example_dags/example_python_operator.py took 0.315 seconds
[2026-04-29T05:51:37.815+0000] {processor.py:186} INFO - Started process (PID=10473) to work on /home/ec2-user/environment/async-ai-inference-system/.venv/lib64/python3.9/site-packages/airflow/example_dags/example_python_operator.py
[2026-04-29T05:51:37.817+0000] {processor.py:914} INFO - Processing file /home/ec2-user/environment/async-ai-inference-system/.venv/lib64/python3.9/site-packages/airflow/example_dags/example_python_operator.py for tasks to queue
[2026-04-29T05:51:37.818+0000] {logging_mixin.py:190} INFO - [2026-04-29T05:51:37.818+0000] {dagbag.py:588} INFO - Filling up the DagBag from /home/ec2-user/environment/async-ai-inference-system/.venv/lib64/python3.9/site-packages/airflow/example_dags/example_python_operator.py
[2026-04-29T05:51:37.825+0000] {logging_mixin.py:190} INFO - [2026-04-29T05:51:37.824+0000] {example_python_operator.py:93} WARNING - The virtalenv_python example task requires virtualenv, please install it.
[2026-04-29T05:51:37.827+0000] {processor.py:925} INFO - DAG(s) 'example_python_operator' retrieved from /home/ec2-user/environment/async-ai-inference-system/.venv/lib64/python3.9/site-packages/airflow/example_dags/example_python_operator.py
[2026-04-29T05:51:37.842+0000] {logging_mixin.py:190} INFO - [2026-04-29T05:51:37.842+0000] {dag.py:3239} INFO - Sync 1 DAGs
[2026-04-29T05:51:37.853+0000] {logging_mixin.py:190} INFO - [2026-04-29T05:51:37.853+0000] {dag.py:4180} INFO - Setting next_dagrun for example_python_operator to None, run_after=None
[2026-04-29T05:51:37.872+0000] {processor.py:208} INFO - Processing /home/ec2-user/environment/async-ai-inference-system/.venv/lib64/python3.9/site-packages/airflow/example_dags/example_python_operator.py took 0.063 seconds
[2026-04-29T05:52:35.362+0000] {processor.py:186} INFO - Started process (PID=10574) to work on /home/ec2-user/environment/async-ai-inference-system/.venv/lib64/python3.9/site-packages/airflow/example_dags/example_python_operator.py
[2026-04-29T05:52:35.363+0000] {processor.py:914} INFO - Processing file /home/ec2-user/environment/async-ai-inference-system/.venv/lib64/python3.9/site-packages/airflow/example_dags/example_python_operator.py for tasks to queue
[2026-04-29T05:52:35.365+0000] {logging_mixin.py:190} INFO - [2026-04-29T05:52:35.365+0000] {dagbag.py:588} INFO - Filling up the DagBag from /home/ec2-user/environment/async-ai-inference-system/.venv/lib64/python3.9/site-packages/airflow/example_dags/example_python_operator.py
[2026-04-29T05:52:35.371+0000] {logging_mixin.py:190} INFO - [2026-04-29T05:52:35.371+0000] {example_python_operator.py:93} WARNING - The virtalenv_python example task requires virtualenv, please install it.
[2026-04-29T05:52:35.373+0000] {processor.py:925} INFO - DAG(s) 'example_python_operator' retrieved from /home/ec2-user/environment/async-ai-inference-system/.venv/lib64/python3.9/site-packages/airflow/example_dags/example_python_operator.py
[2026-04-29T05:52:35.388+0000] {logging_mixin.py:190} INFO - [2026-04-29T05:52:35.388+0000] {dag.py:3239} INFO - Sync 1 DAGs
[2026-04-29T05:52:35.400+0000] {logging_mixin.py:190} INFO - [2026-04-29T05:52:35.400+0000] {dag.py:4180} INFO - Setting next_dagrun for example_python_operator to None, run_after=None
[2026-04-29T05:52:35.539+0000] {processor.py:208} INFO - Processing /home/ec2-user/environment/async-ai-inference-system/.venv/lib64/python3.9/site-packages/airflow/example_dags/example_python_operator.py took 0.182 seconds
