[2026-04-29T05:47:16.581+0000] {processor.py:186} INFO - Started process (PID=9959) to work on /home/ec2-user/environment/async-ai-inference-system/.venv/lib64/python3.9/site-packages/airflow/example_dags/example_branch_python_dop_operator_3.py
[2026-04-29T05:47:16.581+0000] {processor.py:914} INFO - Processing file /home/ec2-user/environment/async-ai-inference-system/.venv/lib64/python3.9/site-packages/airflow/example_dags/example_branch_python_dop_operator_3.py for tasks to queue
[2026-04-29T05:47:16.583+0000] {logging_mixin.py:190} INFO - [2026-04-29T05:47:16.583+0000] {dagbag.py:588} INFO - Filling up the DagBag from /home/ec2-user/environment/async-ai-inference-system/.venv/lib64/python3.9/site-packages/airflow/example_dags/example_branch_python_dop_operator_3.py
[2026-04-29T05:47:16.592+0000] {processor.py:925} INFO - DAG(s) 'example_branch_dop_operator_v3' retrieved from /home/ec2-user/environment/async-ai-inference-system/.venv/lib64/python3.9/site-packages/airflow/example_dags/example_branch_python_dop_operator_3.py
[2026-04-29T05:47:16.685+0000] {logging_mixin.py:190} INFO - [2026-04-29T05:47:16.685+0000] {override.py:1900} INFO - Created Permission View: can read on DAG:example_branch_dop_operator_v3
[2026-04-29T05:47:16.697+0000] {logging_mixin.py:190} INFO - [2026-04-29T05:47:16.697+0000] {override.py:1900} INFO - Created Permission View: can edit on DAG:example_branch_dop_operator_v3
[2026-04-29T05:47:16.705+0000] {logging_mixin.py:190} INFO - [2026-04-29T05:47:16.705+0000] {override.py:1900} INFO - Created Permission View: can delete on DAG:example_branch_dop_operator_v3
[2026-04-29T05:47:16.719+0000] {logging_mixin.py:190} INFO - [2026-04-29T05:47:16.718+0000] {override.py:1900} INFO - Created Permission View: can create on DAG Run:example_branch_dop_operator_v3
[2026-04-29T05:47:16.727+0000] {logging_mixin.py:190} INFO - [2026-04-29T05:47:16.727+0000] {override.py:1900} INFO - Created Permission View: can read on DAG Run:example_branch_dop_operator_v3
[2026-04-29T05:47:16.736+0000] {logging_mixin.py:190} INFO - [2026-04-29T05:47:16.735+0000] {override.py:1900} INFO - Created Permission View: menu access on DAG Run:example_branch_dop_operator_v3
[2026-04-29T05:47:16.745+0000] {logging_mixin.py:190} INFO - [2026-04-29T05:47:16.745+0000] {override.py:1900} INFO - Created Permission View: can delete on DAG Run:example_branch_dop_operator_v3
[2026-04-29T05:47:16.746+0000] {logging_mixin.py:190} INFO - [2026-04-29T05:47:16.745+0000] {dag.py:3239} INFO - Sync 1 DAGs
[2026-04-29T05:47:16.880+0000] {logging_mixin.py:190} INFO - [2026-04-29T05:47:16.880+0000] {dag.py:3262} INFO - Creating ORM DAG for example_branch_dop_operator_v3
[2026-04-29T05:47:16.891+0000] {logging_mixin.py:190} INFO - [2026-04-29T05:47:16.891+0000] {dag.py:4180} INFO - Setting next_dagrun for example_branch_dop_operator_v3 to 2026-04-29 05:46:00+00:00, run_after=2026-04-29 05:47:00+00:00
[2026-04-29T05:47:16.908+0000] {processor.py:208} INFO - Processing /home/ec2-user/environment/async-ai-inference-system/.venv/lib64/python3.9/site-packages/airflow/example_dags/example_branch_python_dop_operator_3.py took 0.333 seconds
[2026-04-29T05:50:16.406+0000] {processor.py:186} INFO - Started process (PID=10293) to work on /home/ec2-user/environment/async-ai-inference-system/.venv/lib64/python3.9/site-packages/airflow/example_dags/example_branch_python_dop_operator_3.py
[2026-04-29T05:50:16.407+0000] {processor.py:914} INFO - Processing file /home/ec2-user/environment/async-ai-inference-system/.venv/lib64/python3.9/site-packages/airflow/example_dags/example_branch_python_dop_operator_3.py for tasks to queue
[2026-04-29T05:50:16.409+0000] {logging_mixin.py:190} INFO - [2026-04-29T05:50:16.408+0000] {dagbag.py:588} INFO - Filling up the DagBag from /home/ec2-user/environment/async-ai-inference-system/.venv/lib64/python3.9/site-packages/airflow/example_dags/example_branch_python_dop_operator_3.py
[2026-04-29T05:50:16.418+0000] {processor.py:925} INFO - DAG(s) 'example_branch_dop_operator_v3' retrieved from /home/ec2-user/environment/async-ai-inference-system/.venv/lib64/python3.9/site-packages/airflow/example_dags/example_branch_python_dop_operator_3.py
[2026-04-29T05:50:16.433+0000] {logging_mixin.py:190} INFO - [2026-04-29T05:50:16.433+0000] {dag.py:3239} INFO - Sync 1 DAGs
[2026-04-29T05:50:16.455+0000] {logging_mixin.py:190} INFO - [2026-04-29T05:50:16.455+0000] {dag.py:4180} INFO - Setting next_dagrun for example_branch_dop_operator_v3 to 2026-04-29 05:49:00+00:00, run_after=2026-04-29 05:50:00+00:00
[2026-04-29T05:50:16.473+0000] {processor.py:208} INFO - Processing /home/ec2-user/environment/async-ai-inference-system/.venv/lib64/python3.9/site-packages/airflow/example_dags/example_branch_python_dop_operator_3.py took 0.073 seconds
[2026-04-29T05:51:16.542+0000] {processor.py:186} INFO - Started process (PID=10442) to work on /home/ec2-user/environment/async-ai-inference-system/.venv/lib64/python3.9/site-packages/airflow/example_dags/example_branch_python_dop_operator_3.py
[2026-04-29T05:51:16.543+0000] {processor.py:914} INFO - Processing file /home/ec2-user/environment/async-ai-inference-system/.venv/lib64/python3.9/site-packages/airflow/example_dags/example_branch_python_dop_operator_3.py for tasks to queue
[2026-04-29T05:51:16.545+0000] {logging_mixin.py:190} INFO - [2026-04-29T05:51:16.545+0000] {dagbag.py:588} INFO - Filling up the DagBag from /home/ec2-user/environment/async-ai-inference-system/.venv/lib64/python3.9/site-packages/airflow/example_dags/example_branch_python_dop_operator_3.py
[2026-04-29T05:51:16.555+0000] {processor.py:925} INFO - DAG(s) 'example_branch_dop_operator_v3' retrieved from /home/ec2-user/environment/async-ai-inference-system/.venv/lib64/python3.9/site-packages/airflow/example_dags/example_branch_python_dop_operator_3.py
[2026-04-29T05:51:16.569+0000] {logging_mixin.py:190} INFO - [2026-04-29T05:51:16.569+0000] {dag.py:3239} INFO - Sync 1 DAGs
[2026-04-29T05:51:16.592+0000] {logging_mixin.py:190} INFO - [2026-04-29T05:51:16.592+0000] {dag.py:4180} INFO - Setting next_dagrun for example_branch_dop_operator_v3 to 2026-04-29 05:50:00+00:00, run_after=2026-04-29 05:51:00+00:00
[2026-04-29T05:51:16.739+0000] {processor.py:208} INFO - Processing /home/ec2-user/environment/async-ai-inference-system/.venv/lib64/python3.9/site-packages/airflow/example_dags/example_branch_python_dop_operator_3.py took 0.202 seconds
[2026-04-29T05:52:13.166+0000] {processor.py:186} INFO - Started process (PID=10539) to work on /home/ec2-user/environment/async-ai-inference-system/.venv/lib64/python3.9/site-packages/airflow/example_dags/example_branch_python_dop_operator_3.py
[2026-04-29T05:52:13.168+0000] {processor.py:914} INFO - Processing file /home/ec2-user/environment/async-ai-inference-system/.venv/lib64/python3.9/site-packages/airflow/example_dags/example_branch_python_dop_operator_3.py for tasks to queue
[2026-04-29T05:52:13.170+0000] {logging_mixin.py:190} INFO - [2026-04-29T05:52:13.170+0000] {dagbag.py:588} INFO - Filling up the DagBag from /home/ec2-user/environment/async-ai-inference-system/.venv/lib64/python3.9/site-packages/airflow/example_dags/example_branch_python_dop_operator_3.py
[2026-04-29T05:52:13.179+0000] {processor.py:925} INFO - DAG(s) 'example_branch_dop_operator_v3' retrieved from /home/ec2-user/environment/async-ai-inference-system/.venv/lib64/python3.9/site-packages/airflow/example_dags/example_branch_python_dop_operator_3.py
[2026-04-29T05:52:13.193+0000] {logging_mixin.py:190} INFO - [2026-04-29T05:52:13.193+0000] {dag.py:3239} INFO - Sync 1 DAGs
[2026-04-29T05:52:13.215+0000] {logging_mixin.py:190} INFO - [2026-04-29T05:52:13.215+0000] {dag.py:4180} INFO - Setting next_dagrun for example_branch_dop_operator_v3 to 2026-04-29 05:51:00+00:00, run_after=2026-04-29 05:52:00+00:00
[2026-04-29T05:52:13.234+0000] {processor.py:208} INFO - Processing /home/ec2-user/environment/async-ai-inference-system/.venv/lib64/python3.9/site-packages/airflow/example_dags/example_branch_python_dop_operator_3.py took 0.073 seconds
