[2026-04-29T05:50:39.046+0000] {processor.py:186} INFO - Started process (PID=10331) to work on /home/ec2-user/environment/async-ai-inference-system/.venv/lib64/python3.9/site-packages/airflow/example_dags/example_sensors.py
[2026-04-29T05:50:39.047+0000] {processor.py:914} INFO - Processing file /home/ec2-user/environment/async-ai-inference-system/.venv/lib64/python3.9/site-packages/airflow/example_dags/example_sensors.py for tasks to queue
[2026-04-29T05:50:39.049+0000] {logging_mixin.py:190} INFO - [2026-04-29T05:50:39.049+0000] {dagbag.py:588} INFO - Filling up the DagBag from /home/ec2-user/environment/async-ai-inference-system/.venv/lib64/python3.9/site-packages/airflow/example_dags/example_sensors.py
[2026-04-29T05:50:39.059+0000] {processor.py:925} INFO - DAG(s) 'example_sensors' retrieved from /home/ec2-user/environment/async-ai-inference-system/.venv/lib64/python3.9/site-packages/airflow/example_dags/example_sensors.py
[2026-04-29T05:50:39.279+0000] {logging_mixin.py:190} INFO - [2026-04-29T05:50:39.279+0000] {override.py:1900} INFO - Created Permission View: can edit on DAG:example_sensors
[2026-04-29T05:50:39.290+0000] {logging_mixin.py:190} INFO - [2026-04-29T05:50:39.290+0000] {override.py:1900} INFO - Created Permission View: can delete on DAG:example_sensors
[2026-04-29T05:50:39.299+0000] {logging_mixin.py:190} INFO - [2026-04-29T05:50:39.298+0000] {override.py:1900} INFO - Created Permission View: can read on DAG:example_sensors
[2026-04-29T05:50:39.312+0000] {logging_mixin.py:190} INFO - [2026-04-29T05:50:39.311+0000] {override.py:1900} INFO - Created Permission View: can create on DAG Run:example_sensors
[2026-04-29T05:50:39.321+0000] {logging_mixin.py:190} INFO - [2026-04-29T05:50:39.320+0000] {override.py:1900} INFO - Created Permission View: can delete on DAG Run:example_sensors
[2026-04-29T05:50:39.330+0000] {logging_mixin.py:190} INFO - [2026-04-29T05:50:39.329+0000] {override.py:1900} INFO - Created Permission View: menu access on DAG Run:example_sensors
[2026-04-29T05:50:39.338+0000] {logging_mixin.py:190} INFO - [2026-04-29T05:50:39.338+0000] {override.py:1900} INFO - Created Permission View: can read on DAG Run:example_sensors
[2026-04-29T05:50:39.339+0000] {logging_mixin.py:190} INFO - [2026-04-29T05:50:39.338+0000] {dag.py:3239} INFO - Sync 1 DAGs
[2026-04-29T05:50:39.349+0000] {logging_mixin.py:190} INFO - [2026-04-29T05:50:39.349+0000] {dag.py:3262} INFO - Creating ORM DAG for example_sensors
[2026-04-29T05:50:39.349+0000] {logging_mixin.py:190} INFO - [2026-04-29T05:50:39.349+0000] {dag.py:4180} INFO - Setting next_dagrun for example_sensors to None, run_after=None
[2026-04-29T05:50:39.370+0000] {processor.py:208} INFO - Processing /home/ec2-user/environment/async-ai-inference-system/.venv/lib64/python3.9/site-packages/airflow/example_dags/example_sensors.py took 0.332 seconds
[2026-04-29T05:51:40.105+0000] {processor.py:186} INFO - Started process (PID=10475) to work on /home/ec2-user/environment/async-ai-inference-system/.venv/lib64/python3.9/site-packages/airflow/example_dags/example_sensors.py
[2026-04-29T05:51:40.106+0000] {processor.py:914} INFO - Processing file /home/ec2-user/environment/async-ai-inference-system/.venv/lib64/python3.9/site-packages/airflow/example_dags/example_sensors.py for tasks to queue
[2026-04-29T05:51:40.108+0000] {logging_mixin.py:190} INFO - [2026-04-29T05:51:40.107+0000] {dagbag.py:588} INFO - Filling up the DagBag from /home/ec2-user/environment/async-ai-inference-system/.venv/lib64/python3.9/site-packages/airflow/example_dags/example_sensors.py
[2026-04-29T05:51:40.118+0000] {processor.py:925} INFO - DAG(s) 'example_sensors' retrieved from /home/ec2-user/environment/async-ai-inference-system/.venv/lib64/python3.9/site-packages/airflow/example_dags/example_sensors.py
[2026-04-29T05:51:40.137+0000] {logging_mixin.py:190} INFO - [2026-04-29T05:51:40.137+0000] {dag.py:3239} INFO - Sync 1 DAGs
[2026-04-29T05:51:40.147+0000] {logging_mixin.py:190} INFO - [2026-04-29T05:51:40.147+0000] {dag.py:4180} INFO - Setting next_dagrun for example_sensors to None, run_after=None
[2026-04-29T05:51:40.166+0000] {processor.py:208} INFO - Processing /home/ec2-user/environment/async-ai-inference-system/.venv/lib64/python3.9/site-packages/airflow/example_dags/example_sensors.py took 0.066 seconds
[2026-04-29T05:52:37.843+0000] {processor.py:186} INFO - Started process (PID=10576) to work on /home/ec2-user/environment/async-ai-inference-system/.venv/lib64/python3.9/site-packages/airflow/example_dags/example_sensors.py
[2026-04-29T05:52:37.844+0000] {processor.py:914} INFO - Processing file /home/ec2-user/environment/async-ai-inference-system/.venv/lib64/python3.9/site-packages/airflow/example_dags/example_sensors.py for tasks to queue
[2026-04-29T05:52:37.846+0000] {logging_mixin.py:190} INFO - [2026-04-29T05:52:37.845+0000] {dagbag.py:588} INFO - Filling up the DagBag from /home/ec2-user/environment/async-ai-inference-system/.venv/lib64/python3.9/site-packages/airflow/example_dags/example_sensors.py
[2026-04-29T05:52:37.856+0000] {processor.py:925} INFO - DAG(s) 'example_sensors' retrieved from /home/ec2-user/environment/async-ai-inference-system/.venv/lib64/python3.9/site-packages/airflow/example_dags/example_sensors.py
[2026-04-29T05:52:37.875+0000] {logging_mixin.py:190} INFO - [2026-04-29T05:52:37.875+0000] {dag.py:3239} INFO - Sync 1 DAGs
[2026-04-29T05:52:37.886+0000] {logging_mixin.py:190} INFO - [2026-04-29T05:52:37.886+0000] {dag.py:4180} INFO - Setting next_dagrun for example_sensors to None, run_after=None
[2026-04-29T05:52:37.905+0000] {processor.py:208} INFO - Processing /home/ec2-user/environment/async-ai-inference-system/.venv/lib64/python3.9/site-packages/airflow/example_dags/example_sensors.py took 0.068 seconds
