[2026-04-29T05:50:44.491+0000] {processor.py:186} INFO - Started process (PID=10335) to work on /home/ec2-user/environment/async-ai-inference-system/.venv/lib64/python3.9/site-packages/airflow/example_dags/example_short_circuit_operator.py
[2026-04-29T05:50:44.492+0000] {processor.py:914} INFO - Processing file /home/ec2-user/environment/async-ai-inference-system/.venv/lib64/python3.9/site-packages/airflow/example_dags/example_short_circuit_operator.py for tasks to queue
[2026-04-29T05:50:44.494+0000] {logging_mixin.py:190} INFO - [2026-04-29T05:50:44.494+0000] {dagbag.py:588} INFO - Filling up the DagBag from /home/ec2-user/environment/async-ai-inference-system/.venv/lib64/python3.9/site-packages/airflow/example_dags/example_short_circuit_operator.py
[2026-04-29T05:50:44.502+0000] {processor.py:925} INFO - DAG(s) 'example_short_circuit_operator' retrieved from /home/ec2-user/environment/async-ai-inference-system/.venv/lib64/python3.9/site-packages/airflow/example_dags/example_short_circuit_operator.py
[2026-04-29T05:50:44.723+0000] {logging_mixin.py:190} INFO - [2026-04-29T05:50:44.723+0000] {override.py:1900} INFO - Created Permission View: can edit on DAG:example_short_circuit_operator
[2026-04-29T05:50:44.734+0000] {logging_mixin.py:190} INFO - [2026-04-29T05:50:44.734+0000] {override.py:1900} INFO - Created Permission View: can delete on DAG:example_short_circuit_operator
[2026-04-29T05:50:44.743+0000] {logging_mixin.py:190} INFO - [2026-04-29T05:50:44.742+0000] {override.py:1900} INFO - Created Permission View: can read on DAG:example_short_circuit_operator
[2026-04-29T05:50:44.755+0000] {logging_mixin.py:190} INFO - [2026-04-29T05:50:44.755+0000] {override.py:1900} INFO - Created Permission View: can create on DAG Run:example_short_circuit_operator
[2026-04-29T05:50:44.764+0000] {logging_mixin.py:190} INFO - [2026-04-29T05:50:44.763+0000] {override.py:1900} INFO - Created Permission View: can delete on DAG Run:example_short_circuit_operator
[2026-04-29T05:50:44.772+0000] {logging_mixin.py:190} INFO - [2026-04-29T05:50:44.772+0000] {override.py:1900} INFO - Created Permission View: menu access on DAG Run:example_short_circuit_operator
[2026-04-29T05:50:44.780+0000] {logging_mixin.py:190} INFO - [2026-04-29T05:50:44.780+0000] {override.py:1900} INFO - Created Permission View: can read on DAG Run:example_short_circuit_operator
[2026-04-29T05:50:44.780+0000] {logging_mixin.py:190} INFO - [2026-04-29T05:50:44.780+0000] {dag.py:3239} INFO - Sync 1 DAGs
[2026-04-29T05:50:44.790+0000] {logging_mixin.py:190} INFO - [2026-04-29T05:50:44.790+0000] {dag.py:3262} INFO - Creating ORM DAG for example_short_circuit_operator
[2026-04-29T05:50:44.790+0000] {logging_mixin.py:190} INFO - [2026-04-29T05:50:44.790+0000] {dag.py:4180} INFO - Setting next_dagrun for example_short_circuit_operator to None, run_after=None
[2026-04-29T05:50:44.808+0000] {processor.py:208} INFO - Processing /home/ec2-user/environment/async-ai-inference-system/.venv/lib64/python3.9/site-packages/airflow/example_dags/example_short_circuit_operator.py took 0.322 seconds
[2026-04-29T05:51:44.027+0000] {processor.py:186} INFO - Started process (PID=10483) to work on /home/ec2-user/environment/async-ai-inference-system/.venv/lib64/python3.9/site-packages/airflow/example_dags/example_short_circuit_operator.py
[2026-04-29T05:51:44.029+0000] {processor.py:914} INFO - Processing file /home/ec2-user/environment/async-ai-inference-system/.venv/lib64/python3.9/site-packages/airflow/example_dags/example_short_circuit_operator.py for tasks to queue
[2026-04-29T05:51:44.030+0000] {logging_mixin.py:190} INFO - [2026-04-29T05:51:44.030+0000] {dagbag.py:588} INFO - Filling up the DagBag from /home/ec2-user/environment/async-ai-inference-system/.venv/lib64/python3.9/site-packages/airflow/example_dags/example_short_circuit_operator.py
[2026-04-29T05:51:44.039+0000] {processor.py:925} INFO - DAG(s) 'example_short_circuit_operator' retrieved from /home/ec2-user/environment/async-ai-inference-system/.venv/lib64/python3.9/site-packages/airflow/example_dags/example_short_circuit_operator.py
[2026-04-29T05:51:44.056+0000] {logging_mixin.py:190} INFO - [2026-04-29T05:51:44.055+0000] {dag.py:3239} INFO - Sync 1 DAGs
[2026-04-29T05:51:44.067+0000] {logging_mixin.py:190} INFO - [2026-04-29T05:51:44.066+0000] {dag.py:4180} INFO - Setting next_dagrun for example_short_circuit_operator to None, run_after=None
[2026-04-29T05:51:44.085+0000] {processor.py:208} INFO - Processing /home/ec2-user/environment/async-ai-inference-system/.venv/lib64/python3.9/site-packages/airflow/example_dags/example_short_circuit_operator.py took 0.063 seconds
[2026-04-29T05:52:41.509+0000] {processor.py:186} INFO - Started process (PID=10580) to work on /home/ec2-user/environment/async-ai-inference-system/.venv/lib64/python3.9/site-packages/airflow/example_dags/example_short_circuit_operator.py
[2026-04-29T05:52:41.510+0000] {processor.py:914} INFO - Processing file /home/ec2-user/environment/async-ai-inference-system/.venv/lib64/python3.9/site-packages/airflow/example_dags/example_short_circuit_operator.py for tasks to queue
[2026-04-29T05:52:41.512+0000] {logging_mixin.py:190} INFO - [2026-04-29T05:52:41.511+0000] {dagbag.py:588} INFO - Filling up the DagBag from /home/ec2-user/environment/async-ai-inference-system/.venv/lib64/python3.9/site-packages/airflow/example_dags/example_short_circuit_operator.py
[2026-04-29T05:52:41.520+0000] {processor.py:925} INFO - DAG(s) 'example_short_circuit_operator' retrieved from /home/ec2-user/environment/async-ai-inference-system/.venv/lib64/python3.9/site-packages/airflow/example_dags/example_short_circuit_operator.py
[2026-04-29T05:52:41.537+0000] {logging_mixin.py:190} INFO - [2026-04-29T05:52:41.537+0000] {dag.py:3239} INFO - Sync 1 DAGs
[2026-04-29T05:52:41.549+0000] {logging_mixin.py:190} INFO - [2026-04-29T05:52:41.549+0000] {dag.py:4180} INFO - Setting next_dagrun for example_short_circuit_operator to None, run_after=None
[2026-04-29T05:52:41.568+0000] {processor.py:208} INFO - Processing /home/ec2-user/environment/async-ai-inference-system/.venv/lib64/python3.9/site-packages/airflow/example_dags/example_short_circuit_operator.py took 0.065 seconds
