[2026-04-29T05:46:49.343+0000] {processor.py:186} INFO - Started process (PID=9913) to work on /home/ec2-user/environment/async-ai-inference-system/.venv/lib64/python3.9/site-packages/airflow/example_dags/example_time_delta_sensor_async.py
[2026-04-29T05:46:49.344+0000] {processor.py:914} INFO - Processing file /home/ec2-user/environment/async-ai-inference-system/.venv/lib64/python3.9/site-packages/airflow/example_dags/example_time_delta_sensor_async.py for tasks to queue
[2026-04-29T05:46:49.346+0000] {logging_mixin.py:190} INFO - [2026-04-29T05:46:49.346+0000] {dagbag.py:588} INFO - Filling up the DagBag from /home/ec2-user/environment/async-ai-inference-system/.venv/lib64/python3.9/site-packages/airflow/example_dags/example_time_delta_sensor_async.py
[2026-04-29T05:46:49.353+0000] {processor.py:925} INFO - DAG(s) 'example_time_delta_sensor_async' retrieved from /home/ec2-user/environment/async-ai-inference-system/.venv/lib64/python3.9/site-packages/airflow/example_dags/example_time_delta_sensor_async.py
[2026-04-29T05:46:49.449+0000] {logging_mixin.py:190} INFO - [2026-04-29T05:46:49.449+0000] {override.py:1900} INFO - Created Permission View: can read on DAG:example_time_delta_sensor_async
[2026-04-29T05:46:49.461+0000] {logging_mixin.py:190} INFO - [2026-04-29T05:46:49.460+0000] {override.py:1900} INFO - Created Permission View: can edit on DAG:example_time_delta_sensor_async
[2026-04-29T05:46:49.469+0000] {logging_mixin.py:190} INFO - [2026-04-29T05:46:49.469+0000] {override.py:1900} INFO - Created Permission View: can delete on DAG:example_time_delta_sensor_async
[2026-04-29T05:46:49.483+0000] {logging_mixin.py:190} INFO - [2026-04-29T05:46:49.482+0000] {override.py:1900} INFO - Created Permission View: can create on DAG Run:example_time_delta_sensor_async
[2026-04-29T05:46:49.491+0000] {logging_mixin.py:190} INFO - [2026-04-29T05:46:49.491+0000] {override.py:1900} INFO - Created Permission View: can read on DAG Run:example_time_delta_sensor_async
[2026-04-29T05:46:49.500+0000] {logging_mixin.py:190} INFO - [2026-04-29T05:46:49.499+0000] {override.py:1900} INFO - Created Permission View: menu access on DAG Run:example_time_delta_sensor_async
[2026-04-29T05:46:49.508+0000] {logging_mixin.py:190} INFO - [2026-04-29T05:46:49.508+0000] {override.py:1900} INFO - Created Permission View: can delete on DAG Run:example_time_delta_sensor_async
[2026-04-29T05:46:49.508+0000] {logging_mixin.py:190} INFO - [2026-04-29T05:46:49.508+0000] {dag.py:3239} INFO - Sync 1 DAGs
[2026-04-29T05:46:49.519+0000] {logging_mixin.py:190} INFO - [2026-04-29T05:46:49.519+0000] {dag.py:3262} INFO - Creating ORM DAG for example_time_delta_sensor_async
[2026-04-29T05:46:49.520+0000] {logging_mixin.py:190} INFO - [2026-04-29T05:46:49.520+0000] {dag.py:4180} INFO - Setting next_dagrun for example_time_delta_sensor_async to None, run_after=None
[2026-04-29T05:46:49.661+0000] {processor.py:208} INFO - Processing /home/ec2-user/environment/async-ai-inference-system/.venv/lib64/python3.9/site-packages/airflow/example_dags/example_time_delta_sensor_async.py took 0.323 seconds
[2026-04-29T05:49:53.638+0000] {processor.py:186} INFO - Started process (PID=10232) to work on /home/ec2-user/environment/async-ai-inference-system/.venv/lib64/python3.9/site-packages/airflow/example_dags/example_time_delta_sensor_async.py
[2026-04-29T05:49:53.639+0000] {processor.py:914} INFO - Processing file /home/ec2-user/environment/async-ai-inference-system/.venv/lib64/python3.9/site-packages/airflow/example_dags/example_time_delta_sensor_async.py for tasks to queue
[2026-04-29T05:49:53.641+0000] {logging_mixin.py:190} INFO - [2026-04-29T05:49:53.640+0000] {dagbag.py:588} INFO - Filling up the DagBag from /home/ec2-user/environment/async-ai-inference-system/.venv/lib64/python3.9/site-packages/airflow/example_dags/example_time_delta_sensor_async.py
[2026-04-29T05:49:53.648+0000] {processor.py:925} INFO - DAG(s) 'example_time_delta_sensor_async' retrieved from /home/ec2-user/environment/async-ai-inference-system/.venv/lib64/python3.9/site-packages/airflow/example_dags/example_time_delta_sensor_async.py
[2026-04-29T05:49:53.667+0000] {logging_mixin.py:190} INFO - [2026-04-29T05:49:53.667+0000] {dag.py:3239} INFO - Sync 1 DAGs
[2026-04-29T05:49:53.678+0000] {logging_mixin.py:190} INFO - [2026-04-29T05:49:53.678+0000] {dag.py:4180} INFO - Setting next_dagrun for example_time_delta_sensor_async to None, run_after=None
[2026-04-29T05:49:53.698+0000] {processor.py:208} INFO - Processing /home/ec2-user/environment/async-ai-inference-system/.venv/lib64/python3.9/site-packages/airflow/example_dags/example_time_delta_sensor_async.py took 0.066 seconds
[2026-04-29T05:50:52.208+0000] {processor.py:186} INFO - Started process (PID=10344) to work on /home/ec2-user/environment/async-ai-inference-system/.venv/lib64/python3.9/site-packages/airflow/example_dags/example_time_delta_sensor_async.py
[2026-04-29T05:50:52.210+0000] {processor.py:914} INFO - Processing file /home/ec2-user/environment/async-ai-inference-system/.venv/lib64/python3.9/site-packages/airflow/example_dags/example_time_delta_sensor_async.py for tasks to queue
[2026-04-29T05:50:52.211+0000] {logging_mixin.py:190} INFO - [2026-04-29T05:50:52.211+0000] {dagbag.py:588} INFO - Filling up the DagBag from /home/ec2-user/environment/async-ai-inference-system/.venv/lib64/python3.9/site-packages/airflow/example_dags/example_time_delta_sensor_async.py
[2026-04-29T05:50:52.218+0000] {processor.py:925} INFO - DAG(s) 'example_time_delta_sensor_async' retrieved from /home/ec2-user/environment/async-ai-inference-system/.venv/lib64/python3.9/site-packages/airflow/example_dags/example_time_delta_sensor_async.py
[2026-04-29T05:50:52.231+0000] {logging_mixin.py:190} INFO - [2026-04-29T05:50:52.231+0000] {dag.py:3239} INFO - Sync 1 DAGs
[2026-04-29T05:50:52.243+0000] {logging_mixin.py:190} INFO - [2026-04-29T05:50:52.243+0000] {dag.py:4180} INFO - Setting next_dagrun for example_time_delta_sensor_async to None, run_after=None
[2026-04-29T05:50:52.263+0000] {processor.py:208} INFO - Processing /home/ec2-user/environment/async-ai-inference-system/.venv/lib64/python3.9/site-packages/airflow/example_dags/example_time_delta_sensor_async.py took 0.060 seconds
[2026-04-29T05:51:50.738+0000] {processor.py:186} INFO - Started process (PID=10492) to work on /home/ec2-user/environment/async-ai-inference-system/.venv/lib64/python3.9/site-packages/airflow/example_dags/example_time_delta_sensor_async.py
[2026-04-29T05:51:50.739+0000] {processor.py:914} INFO - Processing file /home/ec2-user/environment/async-ai-inference-system/.venv/lib64/python3.9/site-packages/airflow/example_dags/example_time_delta_sensor_async.py for tasks to queue
[2026-04-29T05:51:50.742+0000] {logging_mixin.py:190} INFO - [2026-04-29T05:51:50.741+0000] {dagbag.py:588} INFO - Filling up the DagBag from /home/ec2-user/environment/async-ai-inference-system/.venv/lib64/python3.9/site-packages/airflow/example_dags/example_time_delta_sensor_async.py
[2026-04-29T05:51:50.749+0000] {processor.py:925} INFO - DAG(s) 'example_time_delta_sensor_async' retrieved from /home/ec2-user/environment/async-ai-inference-system/.venv/lib64/python3.9/site-packages/airflow/example_dags/example_time_delta_sensor_async.py
[2026-04-29T05:51:50.763+0000] {logging_mixin.py:190} INFO - [2026-04-29T05:51:50.763+0000] {dag.py:3239} INFO - Sync 1 DAGs
[2026-04-29T05:51:50.774+0000] {logging_mixin.py:190} INFO - [2026-04-29T05:51:50.774+0000] {dag.py:4180} INFO - Setting next_dagrun for example_time_delta_sensor_async to None, run_after=None
[2026-04-29T05:51:50.794+0000] {processor.py:208} INFO - Processing /home/ec2-user/environment/async-ai-inference-system/.venv/lib64/python3.9/site-packages/airflow/example_dags/example_time_delta_sensor_async.py took 0.062 seconds
