[2026-04-29T05:47:23.712+0000] {processor.py:186} INFO - Started process (PID=9970) to work on /home/ec2-user/environment/async-ai-inference-system/.venv/lib64/python3.9/site-packages/airflow/example_dags/example_datasets.py
[2026-04-29T05:47:23.713+0000] {processor.py:914} INFO - Processing file /home/ec2-user/environment/async-ai-inference-system/.venv/lib64/python3.9/site-packages/airflow/example_dags/example_datasets.py for tasks to queue
[2026-04-29T05:47:23.714+0000] {logging_mixin.py:190} INFO - [2026-04-29T05:47:23.714+0000] {dagbag.py:588} INFO - Filling up the DagBag from /home/ec2-user/environment/async-ai-inference-system/.venv/lib64/python3.9/site-packages/airflow/example_dags/example_datasets.py
[2026-04-29T05:47:23.729+0000] {processor.py:925} INFO - DAG(s) 'consume_1_or_2_with_dataset_expressions', 'dataset_consumes_1_never_scheduled', 'dataset_consumes_1_and_2', 'conditional_dataset_and_time_based_timetable', 'consume_1_or_both_2_and_3_with_dataset_expressions', 'dataset_produces_1', 'dataset_consumes_unknown_never_scheduled', 'dataset_produces_2', 'consume_1_and_2_with_dataset_expressions', 'dataset_consumes_1' retrieved from /home/ec2-user/environment/async-ai-inference-system/.venv/lib64/python3.9/site-packages/airflow/example_dags/example_datasets.py
[2026-04-29T05:47:23.943+0000] {logging_mixin.py:190} INFO - [2026-04-29T05:47:23.943+0000] {override.py:1900} INFO - Created Permission View: can read on DAG:consume_1_or_2_with_dataset_expressions
[2026-04-29T05:47:23.955+0000] {logging_mixin.py:190} INFO - [2026-04-29T05:47:23.954+0000] {override.py:1900} INFO - Created Permission View: can edit on DAG:consume_1_or_2_with_dataset_expressions
[2026-04-29T05:47:23.963+0000] {logging_mixin.py:190} INFO - [2026-04-29T05:47:23.963+0000] {override.py:1900} INFO - Created Permission View: can delete on DAG:consume_1_or_2_with_dataset_expressions
[2026-04-29T05:47:23.976+0000] {logging_mixin.py:190} INFO - [2026-04-29T05:47:23.976+0000] {override.py:1900} INFO - Created Permission View: can create on DAG Run:consume_1_or_2_with_dataset_expressions
[2026-04-29T05:47:23.985+0000] {logging_mixin.py:190} INFO - [2026-04-29T05:47:23.985+0000] {override.py:1900} INFO - Created Permission View: can read on DAG Run:consume_1_or_2_with_dataset_expressions
[2026-04-29T05:47:23.993+0000] {logging_mixin.py:190} INFO - [2026-04-29T05:47:23.993+0000] {override.py:1900} INFO - Created Permission View: menu access on DAG Run:consume_1_or_2_with_dataset_expressions
[2026-04-29T05:47:24.001+0000] {logging_mixin.py:190} INFO - [2026-04-29T05:47:24.001+0000] {override.py:1900} INFO - Created Permission View: can delete on DAG Run:consume_1_or_2_with_dataset_expressions
[2026-04-29T05:47:24.019+0000] {logging_mixin.py:190} INFO - [2026-04-29T05:47:24.019+0000] {override.py:1900} INFO - Created Permission View: can read on DAG:dataset_consumes_1_never_scheduled
[2026-04-29T05:47:24.029+0000] {logging_mixin.py:190} INFO - [2026-04-29T05:47:24.028+0000] {override.py:1900} INFO - Created Permission View: can edit on DAG:dataset_consumes_1_never_scheduled
[2026-04-29T05:47:24.037+0000] {logging_mixin.py:190} INFO - [2026-04-29T05:47:24.036+0000] {override.py:1900} INFO - Created Permission View: can delete on DAG:dataset_consumes_1_never_scheduled
[2026-04-29T05:47:24.050+0000] {logging_mixin.py:190} INFO - [2026-04-29T05:47:24.049+0000] {override.py:1900} INFO - Created Permission View: can create on DAG Run:dataset_consumes_1_never_scheduled
[2026-04-29T05:47:24.058+0000] {logging_mixin.py:190} INFO - [2026-04-29T05:47:24.058+0000] {override.py:1900} INFO - Created Permission View: can read on DAG Run:dataset_consumes_1_never_scheduled
[2026-04-29T05:47:24.066+0000] {logging_mixin.py:190} INFO - [2026-04-29T05:47:24.066+0000] {override.py:1900} INFO - Created Permission View: menu access on DAG Run:dataset_consumes_1_never_scheduled
[2026-04-29T05:47:24.074+0000] {logging_mixin.py:190} INFO - [2026-04-29T05:47:24.074+0000] {override.py:1900} INFO - Created Permission View: can delete on DAG Run:dataset_consumes_1_never_scheduled
[2026-04-29T05:47:24.093+0000] {logging_mixin.py:190} INFO - [2026-04-29T05:47:24.093+0000] {override.py:1900} INFO - Created Permission View: can read on DAG:dataset_consumes_1_and_2
[2026-04-29T05:47:24.102+0000] {logging_mixin.py:190} INFO - [2026-04-29T05:47:24.101+0000] {override.py:1900} INFO - Created Permission View: can edit on DAG:dataset_consumes_1_and_2
[2026-04-29T05:47:24.110+0000] {logging_mixin.py:190} INFO - [2026-04-29T05:47:24.110+0000] {override.py:1900} INFO - Created Permission View: can delete on DAG:dataset_consumes_1_and_2
[2026-04-29T05:47:24.123+0000] {logging_mixin.py:190} INFO - [2026-04-29T05:47:24.122+0000] {override.py:1900} INFO - Created Permission View: can create on DAG Run:dataset_consumes_1_and_2
[2026-04-29T05:47:24.131+0000] {logging_mixin.py:190} INFO - [2026-04-29T05:47:24.131+0000] {override.py:1900} INFO - Created Permission View: can read on DAG Run:dataset_consumes_1_and_2
[2026-04-29T05:47:24.139+0000] {logging_mixin.py:190} INFO - [2026-04-29T05:47:24.139+0000] {override.py:1900} INFO - Created Permission View: menu access on DAG Run:dataset_consumes_1_and_2
[2026-04-29T05:47:24.147+0000] {logging_mixin.py:190} INFO - [2026-04-29T05:47:24.147+0000] {override.py:1900} INFO - Created Permission View: can delete on DAG Run:dataset_consumes_1_and_2
[2026-04-29T05:47:24.166+0000] {logging_mixin.py:190} INFO - [2026-04-29T05:47:24.166+0000] {override.py:1900} INFO - Created Permission View: can read on DAG:conditional_dataset_and_time_based_timetable
[2026-04-29T05:47:24.174+0000] {logging_mixin.py:190} INFO - [2026-04-29T05:47:24.174+0000] {override.py:1900} INFO - Created Permission View: can edit on DAG:conditional_dataset_and_time_based_timetable
[2026-04-29T05:47:24.182+0000] {logging_mixin.py:190} INFO - [2026-04-29T05:47:24.182+0000] {override.py:1900} INFO - Created Permission View: can delete on DAG:conditional_dataset_and_time_based_timetable
[2026-04-29T05:47:24.195+0000] {logging_mixin.py:190} INFO - [2026-04-29T05:47:24.195+0000] {override.py:1900} INFO - Created Permission View: can create on DAG Run:conditional_dataset_and_time_based_timetable
[2026-04-29T05:47:24.203+0000] {logging_mixin.py:190} INFO - [2026-04-29T05:47:24.203+0000] {override.py:1900} INFO - Created Permission View: can read on DAG Run:conditional_dataset_and_time_based_timetable
[2026-04-29T05:47:24.211+0000] {logging_mixin.py:190} INFO - [2026-04-29T05:47:24.211+0000] {override.py:1900} INFO - Created Permission View: menu access on DAG Run:conditional_dataset_and_time_based_timetable
[2026-04-29T05:47:24.220+0000] {logging_mixin.py:190} INFO - [2026-04-29T05:47:24.219+0000] {override.py:1900} INFO - Created Permission View: can delete on DAG Run:conditional_dataset_and_time_based_timetable
[2026-04-29T05:47:24.237+0000] {logging_mixin.py:190} INFO - [2026-04-29T05:47:24.237+0000] {override.py:1900} INFO - Created Permission View: can read on DAG:consume_1_or_both_2_and_3_with_dataset_expressions
[2026-04-29T05:47:24.246+0000] {logging_mixin.py:190} INFO - [2026-04-29T05:47:24.246+0000] {override.py:1900} INFO - Created Permission View: can edit on DAG:consume_1_or_both_2_and_3_with_dataset_expressions
[2026-04-29T05:47:24.254+0000] {logging_mixin.py:190} INFO - [2026-04-29T05:47:24.254+0000] {override.py:1900} INFO - Created Permission View: can delete on DAG:consume_1_or_both_2_and_3_with_dataset_expressions
[2026-04-29T05:47:24.267+0000] {logging_mixin.py:190} INFO - [2026-04-29T05:47:24.266+0000] {override.py:1900} INFO - Created Permission View: can create on DAG Run:consume_1_or_both_2_and_3_with_dataset_expressions
[2026-04-29T05:47:24.275+0000] {logging_mixin.py:190} INFO - [2026-04-29T05:47:24.275+0000] {override.py:1900} INFO - Created Permission View: can read on DAG Run:consume_1_or_both_2_and_3_with_dataset_expressions
[2026-04-29T05:47:24.283+0000] {logging_mixin.py:190} INFO - [2026-04-29T05:47:24.283+0000] {override.py:1900} INFO - Created Permission View: menu access on DAG Run:consume_1_or_both_2_and_3_with_dataset_expressions
[2026-04-29T05:47:24.291+0000] {logging_mixin.py:190} INFO - [2026-04-29T05:47:24.291+0000] {override.py:1900} INFO - Created Permission View: can delete on DAG Run:consume_1_or_both_2_and_3_with_dataset_expressions
[2026-04-29T05:47:24.308+0000] {logging_mixin.py:190} INFO - [2026-04-29T05:47:24.308+0000] {override.py:1900} INFO - Created Permission View: can read on DAG:dataset_produces_1
[2026-04-29T05:47:24.317+0000] {logging_mixin.py:190} INFO - [2026-04-29T05:47:24.317+0000] {override.py:1900} INFO - Created Permission View: can edit on DAG:dataset_produces_1
[2026-04-29T05:47:24.325+0000] {logging_mixin.py:190} INFO - [2026-04-29T05:47:24.325+0000] {override.py:1900} INFO - Created Permission View: can delete on DAG:dataset_produces_1
[2026-04-29T05:47:24.338+0000] {logging_mixin.py:190} INFO - [2026-04-29T05:47:24.338+0000] {override.py:1900} INFO - Created Permission View: can create on DAG Run:dataset_produces_1
[2026-04-29T05:47:24.347+0000] {logging_mixin.py:190} INFO - [2026-04-29T05:47:24.346+0000] {override.py:1900} INFO - Created Permission View: can read on DAG Run:dataset_produces_1
[2026-04-29T05:47:24.355+0000] {logging_mixin.py:190} INFO - [2026-04-29T05:47:24.355+0000] {override.py:1900} INFO - Created Permission View: menu access on DAG Run:dataset_produces_1
[2026-04-29T05:47:24.363+0000] {logging_mixin.py:190} INFO - [2026-04-29T05:47:24.363+0000] {override.py:1900} INFO - Created Permission View: can delete on DAG Run:dataset_produces_1
[2026-04-29T05:47:24.382+0000] {logging_mixin.py:190} INFO - [2026-04-29T05:47:24.381+0000] {override.py:1900} INFO - Created Permission View: can read on DAG:dataset_consumes_unknown_never_scheduled
[2026-04-29T05:47:24.390+0000] {logging_mixin.py:190} INFO - [2026-04-29T05:47:24.389+0000] {override.py:1900} INFO - Created Permission View: can edit on DAG:dataset_consumes_unknown_never_scheduled
[2026-04-29T05:47:24.398+0000] {logging_mixin.py:190} INFO - [2026-04-29T05:47:24.397+0000] {override.py:1900} INFO - Created Permission View: can delete on DAG:dataset_consumes_unknown_never_scheduled
[2026-04-29T05:47:24.411+0000] {logging_mixin.py:190} INFO - [2026-04-29T05:47:24.410+0000] {override.py:1900} INFO - Created Permission View: can create on DAG Run:dataset_consumes_unknown_never_scheduled
[2026-04-29T05:47:24.419+0000] {logging_mixin.py:190} INFO - [2026-04-29T05:47:24.418+0000] {override.py:1900} INFO - Created Permission View: can read on DAG Run:dataset_consumes_unknown_never_scheduled
[2026-04-29T05:47:24.427+0000] {logging_mixin.py:190} INFO - [2026-04-29T05:47:24.427+0000] {override.py:1900} INFO - Created Permission View: menu access on DAG Run:dataset_consumes_unknown_never_scheduled
[2026-04-29T05:47:24.435+0000] {logging_mixin.py:190} INFO - [2026-04-29T05:47:24.435+0000] {override.py:1900} INFO - Created Permission View: can delete on DAG Run:dataset_consumes_unknown_never_scheduled
[2026-04-29T05:47:24.454+0000] {logging_mixin.py:190} INFO - [2026-04-29T05:47:24.454+0000] {override.py:1900} INFO - Created Permission View: can read on DAG:dataset_produces_2
[2026-04-29T05:47:24.462+0000] {logging_mixin.py:190} INFO - [2026-04-29T05:47:24.462+0000] {override.py:1900} INFO - Created Permission View: can edit on DAG:dataset_produces_2
[2026-04-29T05:47:24.470+0000] {logging_mixin.py:190} INFO - [2026-04-29T05:47:24.470+0000] {override.py:1900} INFO - Created Permission View: can delete on DAG:dataset_produces_2
[2026-04-29T05:47:24.483+0000] {logging_mixin.py:190} INFO - [2026-04-29T05:47:24.483+0000] {override.py:1900} INFO - Created Permission View: can create on DAG Run:dataset_produces_2
[2026-04-29T05:47:24.491+0000] {logging_mixin.py:190} INFO - [2026-04-29T05:47:24.491+0000] {override.py:1900} INFO - Created Permission View: can read on DAG Run:dataset_produces_2
[2026-04-29T05:47:24.499+0000] {logging_mixin.py:190} INFO - [2026-04-29T05:47:24.498+0000] {override.py:1900} INFO - Created Permission View: menu access on DAG Run:dataset_produces_2
[2026-04-29T05:47:24.507+0000] {logging_mixin.py:190} INFO - [2026-04-29T05:47:24.506+0000] {override.py:1900} INFO - Created Permission View: can delete on DAG Run:dataset_produces_2
[2026-04-29T05:47:24.525+0000] {logging_mixin.py:190} INFO - [2026-04-29T05:47:24.525+0000] {override.py:1900} INFO - Created Permission View: can read on DAG:consume_1_and_2_with_dataset_expressions
[2026-04-29T05:47:24.533+0000] {logging_mixin.py:190} INFO - [2026-04-29T05:47:24.533+0000] {override.py:1900} INFO - Created Permission View: can edit on DAG:consume_1_and_2_with_dataset_expressions
[2026-04-29T05:47:24.541+0000] {logging_mixin.py:190} INFO - [2026-04-29T05:47:24.541+0000] {override.py:1900} INFO - Created Permission View: can delete on DAG:consume_1_and_2_with_dataset_expressions
[2026-04-29T05:47:24.554+0000] {logging_mixin.py:190} INFO - [2026-04-29T05:47:24.553+0000] {override.py:1900} INFO - Created Permission View: can create on DAG Run:consume_1_and_2_with_dataset_expressions
[2026-04-29T05:47:24.562+0000] {logging_mixin.py:190} INFO - [2026-04-29T05:47:24.561+0000] {override.py:1900} INFO - Created Permission View: can read on DAG Run:consume_1_and_2_with_dataset_expressions
[2026-04-29T05:47:24.570+0000] {logging_mixin.py:190} INFO - [2026-04-29T05:47:24.569+0000] {override.py:1900} INFO - Created Permission View: menu access on DAG Run:consume_1_and_2_with_dataset_expressions
[2026-04-29T05:47:24.578+0000] {logging_mixin.py:190} INFO - [2026-04-29T05:47:24.577+0000] {override.py:1900} INFO - Created Permission View: can delete on DAG Run:consume_1_and_2_with_dataset_expressions
[2026-04-29T05:47:24.596+0000] {logging_mixin.py:190} INFO - [2026-04-29T05:47:24.596+0000] {override.py:1900} INFO - Created Permission View: can read on DAG:dataset_consumes_1
[2026-04-29T05:47:24.604+0000] {logging_mixin.py:190} INFO - [2026-04-29T05:47:24.604+0000] {override.py:1900} INFO - Created Permission View: can edit on DAG:dataset_consumes_1
[2026-04-29T05:47:24.612+0000] {logging_mixin.py:190} INFO - [2026-04-29T05:47:24.612+0000] {override.py:1900} INFO - Created Permission View: can delete on DAG:dataset_consumes_1
[2026-04-29T05:47:24.625+0000] {logging_mixin.py:190} INFO - [2026-04-29T05:47:24.624+0000] {override.py:1900} INFO - Created Permission View: can create on DAG Run:dataset_consumes_1
[2026-04-29T05:47:24.633+0000] {logging_mixin.py:190} INFO - [2026-04-29T05:47:24.632+0000] {override.py:1900} INFO - Created Permission View: can read on DAG Run:dataset_consumes_1
[2026-04-29T05:47:24.641+0000] {logging_mixin.py:190} INFO - [2026-04-29T05:47:24.640+0000] {override.py:1900} INFO - Created Permission View: menu access on DAG Run:dataset_consumes_1
[2026-04-29T05:47:24.649+0000] {logging_mixin.py:190} INFO - [2026-04-29T05:47:24.649+0000] {override.py:1900} INFO - Created Permission View: can delete on DAG Run:dataset_consumes_1
[2026-04-29T05:47:24.649+0000] {logging_mixin.py:190} INFO - [2026-04-29T05:47:24.649+0000] {dag.py:3239} INFO - Sync 10 DAGs
[2026-04-29T05:47:24.659+0000] {logging_mixin.py:190} INFO - [2026-04-29T05:47:24.659+0000] {dag.py:3262} INFO - Creating ORM DAG for dataset_consumes_unknown_never_scheduled
[2026-04-29T05:47:24.660+0000] {logging_mixin.py:190} INFO - [2026-04-29T05:47:24.660+0000] {dag.py:3262} INFO - Creating ORM DAG for dataset_produces_1
[2026-04-29T05:47:24.660+0000] {logging_mixin.py:190} INFO - [2026-04-29T05:47:24.660+0000] {dag.py:3262} INFO - Creating ORM DAG for consume_1_and_2_with_dataset_expressions
[2026-04-29T05:47:24.661+0000] {logging_mixin.py:190} INFO - [2026-04-29T05:47:24.660+0000] {dag.py:3262} INFO - Creating ORM DAG for consume_1_or_both_2_and_3_with_dataset_expressions
[2026-04-29T05:47:24.661+0000] {logging_mixin.py:190} INFO - [2026-04-29T05:47:24.661+0000] {dag.py:3262} INFO - Creating ORM DAG for dataset_consumes_1_never_scheduled
[2026-04-29T05:47:24.661+0000] {logging_mixin.py:190} INFO - [2026-04-29T05:47:24.661+0000] {dag.py:3262} INFO - Creating ORM DAG for dataset_consumes_1_and_2
[2026-04-29T05:47:24.662+0000] {logging_mixin.py:190} INFO - [2026-04-29T05:47:24.662+0000] {dag.py:3262} INFO - Creating ORM DAG for dataset_produces_2
[2026-04-29T05:47:24.662+0000] {logging_mixin.py:190} INFO - [2026-04-29T05:47:24.662+0000] {dag.py:3262} INFO - Creating ORM DAG for conditional_dataset_and_time_based_timetable
[2026-04-29T05:47:24.663+0000] {logging_mixin.py:190} INFO - [2026-04-29T05:47:24.662+0000] {dag.py:3262} INFO - Creating ORM DAG for dataset_consumes_1
[2026-04-29T05:47:24.663+0000] {logging_mixin.py:190} INFO - [2026-04-29T05:47:24.663+0000] {dag.py:3262} INFO - Creating ORM DAG for consume_1_or_2_with_dataset_expressions
[2026-04-29T05:47:24.671+0000] {logging_mixin.py:190} INFO - [2026-04-29T05:47:24.671+0000] {dag.py:4180} INFO - Setting next_dagrun for conditional_dataset_and_time_based_timetable to 2026-04-29 01:00:00+00:00, run_after=2026-04-29 01:00:00+00:00
[2026-04-29T05:47:24.671+0000] {logging_mixin.py:190} INFO - [2026-04-29T05:47:24.671+0000] {dag.py:4180} INFO - Setting next_dagrun for consume_1_and_2_with_dataset_expressions to None, run_after=None
[2026-04-29T05:47:24.672+0000] {logging_mixin.py:190} INFO - [2026-04-29T05:47:24.671+0000] {dag.py:4180} INFO - Setting next_dagrun for consume_1_or_2_with_dataset_expressions to None, run_after=None
[2026-04-29T05:47:24.672+0000] {logging_mixin.py:190} INFO - [2026-04-29T05:47:24.672+0000] {dag.py:4180} INFO - Setting next_dagrun for consume_1_or_both_2_and_3_with_dataset_expressions to None, run_after=None
[2026-04-29T05:47:24.672+0000] {logging_mixin.py:190} INFO - [2026-04-29T05:47:24.672+0000] {dag.py:4180} INFO - Setting next_dagrun for dataset_consumes_1 to None, run_after=None
[2026-04-29T05:47:24.672+0000] {logging_mixin.py:190} INFO - [2026-04-29T05:47:24.672+0000] {dag.py:4180} INFO - Setting next_dagrun for dataset_consumes_1_and_2 to None, run_after=None
[2026-04-29T05:47:24.673+0000] {logging_mixin.py:190} INFO - [2026-04-29T05:47:24.673+0000] {dag.py:4180} INFO - Setting next_dagrun for dataset_consumes_1_never_scheduled to None, run_after=None
[2026-04-29T05:47:24.673+0000] {logging_mixin.py:190} INFO - [2026-04-29T05:47:24.673+0000] {dag.py:4180} INFO - Setting next_dagrun for dataset_consumes_unknown_never_scheduled to None, run_after=None
[2026-04-29T05:47:24.675+0000] {logging_mixin.py:190} INFO - [2026-04-29T05:47:24.675+0000] {dag.py:4180} INFO - Setting next_dagrun for dataset_produces_1 to 2026-04-28 00:00:00+00:00, run_after=2026-04-29 00:00:00+00:00
[2026-04-29T05:47:24.675+0000] {logging_mixin.py:190} INFO - [2026-04-29T05:47:24.675+0000] {dag.py:4180} INFO - Setting next_dagrun for dataset_produces_2 to None, run_after=None
[2026-04-29T05:47:24.707+0000] {processor.py:208} INFO - Processing /home/ec2-user/environment/async-ai-inference-system/.venv/lib64/python3.9/site-packages/airflow/example_dags/example_datasets.py took 1.000 seconds
[2026-04-29T05:50:20.414+0000] {processor.py:186} INFO - Started process (PID=10298) to work on /home/ec2-user/environment/async-ai-inference-system/.venv/lib64/python3.9/site-packages/airflow/example_dags/example_datasets.py
[2026-04-29T05:50:20.415+0000] {processor.py:914} INFO - Processing file /home/ec2-user/environment/async-ai-inference-system/.venv/lib64/python3.9/site-packages/airflow/example_dags/example_datasets.py for tasks to queue
[2026-04-29T05:50:20.417+0000] {logging_mixin.py:190} INFO - [2026-04-29T05:50:20.417+0000] {dagbag.py:588} INFO - Filling up the DagBag from /home/ec2-user/environment/async-ai-inference-system/.venv/lib64/python3.9/site-packages/airflow/example_dags/example_datasets.py
[2026-04-29T05:50:20.431+0000] {processor.py:925} INFO - DAG(s) 'conditional_dataset_and_time_based_timetable', 'consume_1_or_both_2_and_3_with_dataset_expressions', 'dataset_produces_1', 'dataset_consumes_1_and_2', 'consume_1_and_2_with_dataset_expressions', 'dataset_consumes_1_never_scheduled', 'consume_1_or_2_with_dataset_expressions', 'dataset_consumes_unknown_never_scheduled', 'dataset_consumes_1', 'dataset_produces_2' retrieved from /home/ec2-user/environment/async-ai-inference-system/.venv/lib64/python3.9/site-packages/airflow/example_dags/example_datasets.py
[2026-04-29T05:50:20.465+0000] {logging_mixin.py:190} INFO - [2026-04-29T05:50:20.465+0000] {dag.py:3239} INFO - Sync 10 DAGs
[2026-04-29T05:50:20.493+0000] {logging_mixin.py:190} INFO - [2026-04-29T05:50:20.492+0000] {dag.py:4180} INFO - Setting next_dagrun for conditional_dataset_and_time_based_timetable to 2026-04-29 01:00:00+00:00, run_after=2026-04-29 01:00:00+00:00
[2026-04-29T05:50:20.497+0000] {logging_mixin.py:190} INFO - [2026-04-29T05:50:20.496+0000] {dag.py:4180} INFO - Setting next_dagrun for consume_1_and_2_with_dataset_expressions to None, run_after=None
[2026-04-29T05:50:20.498+0000] {logging_mixin.py:190} INFO - [2026-04-29T05:50:20.498+0000] {dag.py:4180} INFO - Setting next_dagrun for consume_1_or_2_with_dataset_expressions to None, run_after=None
[2026-04-29T05:50:20.500+0000] {logging_mixin.py:190} INFO - [2026-04-29T05:50:20.499+0000] {dag.py:4180} INFO - Setting next_dagrun for consume_1_or_both_2_and_3_with_dataset_expressions to None, run_after=None
[2026-04-29T05:50:20.501+0000] {logging_mixin.py:190} INFO - [2026-04-29T05:50:20.501+0000] {dag.py:4180} INFO - Setting next_dagrun for dataset_consumes_1 to None, run_after=None
[2026-04-29T05:50:20.502+0000] {logging_mixin.py:190} INFO - [2026-04-29T05:50:20.502+0000] {dag.py:4180} INFO - Setting next_dagrun for dataset_consumes_1_and_2 to None, run_after=None
[2026-04-29T05:50:20.503+0000] {logging_mixin.py:190} INFO - [2026-04-29T05:50:20.503+0000] {dag.py:4180} INFO - Setting next_dagrun for dataset_consumes_1_never_scheduled to None, run_after=None
[2026-04-29T05:50:20.504+0000] {logging_mixin.py:190} INFO - [2026-04-29T05:50:20.504+0000] {dag.py:4180} INFO - Setting next_dagrun for dataset_consumes_unknown_never_scheduled to None, run_after=None
[2026-04-29T05:50:20.506+0000] {logging_mixin.py:190} INFO - [2026-04-29T05:50:20.506+0000] {dag.py:4180} INFO - Setting next_dagrun for dataset_produces_1 to 2026-04-28 00:00:00+00:00, run_after=2026-04-29 00:00:00+00:00
[2026-04-29T05:50:20.507+0000] {logging_mixin.py:190} INFO - [2026-04-29T05:50:20.507+0000] {dag.py:4180} INFO - Setting next_dagrun for dataset_produces_2 to None, run_after=None
[2026-04-29T05:50:20.542+0000] {processor.py:208} INFO - Processing /home/ec2-user/environment/async-ai-inference-system/.venv/lib64/python3.9/site-packages/airflow/example_dags/example_datasets.py took 0.134 seconds
[2026-04-29T05:51:21.457+0000] {processor.py:186} INFO - Started process (PID=10447) to work on /home/ec2-user/environment/async-ai-inference-system/.venv/lib64/python3.9/site-packages/airflow/example_dags/example_datasets.py
[2026-04-29T05:51:21.458+0000] {processor.py:914} INFO - Processing file /home/ec2-user/environment/async-ai-inference-system/.venv/lib64/python3.9/site-packages/airflow/example_dags/example_datasets.py for tasks to queue
[2026-04-29T05:51:21.460+0000] {logging_mixin.py:190} INFO - [2026-04-29T05:51:21.460+0000] {dagbag.py:588} INFO - Filling up the DagBag from /home/ec2-user/environment/async-ai-inference-system/.venv/lib64/python3.9/site-packages/airflow/example_dags/example_datasets.py
[2026-04-29T05:51:21.474+0000] {processor.py:925} INFO - DAG(s) 'consume_1_or_both_2_and_3_with_dataset_expressions', 'dataset_produces_2', 'dataset_produces_1', 'consume_1_and_2_with_dataset_expressions', 'consume_1_or_2_with_dataset_expressions', 'conditional_dataset_and_time_based_timetable', 'dataset_consumes_1_and_2', 'dataset_consumes_1_never_scheduled', 'dataset_consumes_unknown_never_scheduled', 'dataset_consumes_1' retrieved from /home/ec2-user/environment/async-ai-inference-system/.venv/lib64/python3.9/site-packages/airflow/example_dags/example_datasets.py
[2026-04-29T05:51:21.506+0000] {logging_mixin.py:190} INFO - [2026-04-29T05:51:21.505+0000] {dag.py:3239} INFO - Sync 10 DAGs
[2026-04-29T05:51:21.526+0000] {logging_mixin.py:190} INFO - [2026-04-29T05:51:21.526+0000] {dag.py:4180} INFO - Setting next_dagrun for conditional_dataset_and_time_based_timetable to 2026-04-29 01:00:00+00:00, run_after=2026-04-29 01:00:00+00:00
[2026-04-29T05:51:21.529+0000] {logging_mixin.py:190} INFO - [2026-04-29T05:51:21.529+0000] {dag.py:4180} INFO - Setting next_dagrun for consume_1_and_2_with_dataset_expressions to None, run_after=None
[2026-04-29T05:51:21.530+0000] {logging_mixin.py:190} INFO - [2026-04-29T05:51:21.530+0000] {dag.py:4180} INFO - Setting next_dagrun for consume_1_or_2_with_dataset_expressions to None, run_after=None
[2026-04-29T05:51:21.531+0000] {logging_mixin.py:190} INFO - [2026-04-29T05:51:21.530+0000] {dag.py:4180} INFO - Setting next_dagrun for consume_1_or_both_2_and_3_with_dataset_expressions to None, run_after=None
[2026-04-29T05:51:21.531+0000] {logging_mixin.py:190} INFO - [2026-04-29T05:51:21.531+0000] {dag.py:4180} INFO - Setting next_dagrun for dataset_consumes_1 to None, run_after=None
[2026-04-29T05:51:21.532+0000] {logging_mixin.py:190} INFO - [2026-04-29T05:51:21.532+0000] {dag.py:4180} INFO - Setting next_dagrun for dataset_consumes_1_and_2 to None, run_after=None
[2026-04-29T05:51:21.533+0000] {logging_mixin.py:190} INFO - [2026-04-29T05:51:21.533+0000] {dag.py:4180} INFO - Setting next_dagrun for dataset_consumes_1_never_scheduled to None, run_after=None
[2026-04-29T05:51:21.534+0000] {logging_mixin.py:190} INFO - [2026-04-29T05:51:21.533+0000] {dag.py:4180} INFO - Setting next_dagrun for dataset_consumes_unknown_never_scheduled to None, run_after=None
[2026-04-29T05:51:21.535+0000] {logging_mixin.py:190} INFO - [2026-04-29T05:51:21.535+0000] {dag.py:4180} INFO - Setting next_dagrun for dataset_produces_1 to 2026-04-28 00:00:00+00:00, run_after=2026-04-29 00:00:00+00:00
[2026-04-29T05:51:21.536+0000] {logging_mixin.py:190} INFO - [2026-04-29T05:51:21.536+0000] {dag.py:4180} INFO - Setting next_dagrun for dataset_produces_2 to None, run_after=None
[2026-04-29T05:51:21.564+0000] {processor.py:208} INFO - Processing /home/ec2-user/environment/async-ai-inference-system/.venv/lib64/python3.9/site-packages/airflow/example_dags/example_datasets.py took 0.112 seconds
[2026-04-29T05:52:18.871+0000] {processor.py:186} INFO - Started process (PID=10548) to work on /home/ec2-user/environment/async-ai-inference-system/.venv/lib64/python3.9/site-packages/airflow/example_dags/example_datasets.py
[2026-04-29T05:52:18.872+0000] {processor.py:914} INFO - Processing file /home/ec2-user/environment/async-ai-inference-system/.venv/lib64/python3.9/site-packages/airflow/example_dags/example_datasets.py for tasks to queue
[2026-04-29T05:52:18.874+0000] {logging_mixin.py:190} INFO - [2026-04-29T05:52:18.874+0000] {dagbag.py:588} INFO - Filling up the DagBag from /home/ec2-user/environment/async-ai-inference-system/.venv/lib64/python3.9/site-packages/airflow/example_dags/example_datasets.py
[2026-04-29T05:52:18.888+0000] {processor.py:925} INFO - DAG(s) 'dataset_consumes_1_and_2', 'consume_1_and_2_with_dataset_expressions', 'conditional_dataset_and_time_based_timetable', 'consume_1_or_both_2_and_3_with_dataset_expressions', 'dataset_consumes_unknown_never_scheduled', 'dataset_produces_2', 'consume_1_or_2_with_dataset_expressions', 'dataset_produces_1', 'dataset_consumes_1_never_scheduled', 'dataset_consumes_1' retrieved from /home/ec2-user/environment/async-ai-inference-system/.venv/lib64/python3.9/site-packages/airflow/example_dags/example_datasets.py
[2026-04-29T05:52:18.920+0000] {logging_mixin.py:190} INFO - [2026-04-29T05:52:18.920+0000] {dag.py:3239} INFO - Sync 10 DAGs
[2026-04-29T05:52:19.061+0000] {logging_mixin.py:190} INFO - [2026-04-29T05:52:19.061+0000] {dag.py:4180} INFO - Setting next_dagrun for conditional_dataset_and_time_based_timetable to 2026-04-29 01:00:00+00:00, run_after=2026-04-29 01:00:00+00:00
[2026-04-29T05:52:19.065+0000] {logging_mixin.py:190} INFO - [2026-04-29T05:52:19.064+0000] {dag.py:4180} INFO - Setting next_dagrun for consume_1_and_2_with_dataset_expressions to None, run_after=None
[2026-04-29T05:52:19.066+0000] {logging_mixin.py:190} INFO - [2026-04-29T05:52:19.065+0000] {dag.py:4180} INFO - Setting next_dagrun for consume_1_or_2_with_dataset_expressions to None, run_after=None
[2026-04-29T05:52:19.066+0000] {logging_mixin.py:190} INFO - [2026-04-29T05:52:19.066+0000] {dag.py:4180} INFO - Setting next_dagrun for consume_1_or_both_2_and_3_with_dataset_expressions to None, run_after=None
[2026-04-29T05:52:19.067+0000] {logging_mixin.py:190} INFO - [2026-04-29T05:52:19.067+0000] {dag.py:4180} INFO - Setting next_dagrun for dataset_consumes_1 to None, run_after=None
[2026-04-29T05:52:19.068+0000] {logging_mixin.py:190} INFO - [2026-04-29T05:52:19.068+0000] {dag.py:4180} INFO - Setting next_dagrun for dataset_consumes_1_and_2 to None, run_after=None
[2026-04-29T05:52:19.069+0000] {logging_mixin.py:190} INFO - [2026-04-29T05:52:19.069+0000] {dag.py:4180} INFO - Setting next_dagrun for dataset_consumes_1_never_scheduled to None, run_after=None
[2026-04-29T05:52:19.069+0000] {logging_mixin.py:190} INFO - [2026-04-29T05:52:19.069+0000] {dag.py:4180} INFO - Setting next_dagrun for dataset_consumes_unknown_never_scheduled to None, run_after=None
[2026-04-29T05:52:19.071+0000] {logging_mixin.py:190} INFO - [2026-04-29T05:52:19.071+0000] {dag.py:4180} INFO - Setting next_dagrun for dataset_produces_1 to 2026-04-28 00:00:00+00:00, run_after=2026-04-29 00:00:00+00:00
[2026-04-29T05:52:19.072+0000] {logging_mixin.py:190} INFO - [2026-04-29T05:52:19.072+0000] {dag.py:4180} INFO - Setting next_dagrun for dataset_produces_2 to None, run_after=None
[2026-04-29T05:52:19.099+0000] {processor.py:208} INFO - Processing /home/ec2-user/environment/async-ai-inference-system/.venv/lib64/python3.9/site-packages/airflow/example_dags/example_datasets.py took 0.233 seconds
