[2026-04-29T05:46:45.089+0000] {processor.py:186} INFO - Started process (PID=9900) to work on /home/ec2-user/environment/async-ai-inference-system/.venv/lib64/python3.9/site-packages/airflow/example_dags/example_subdag_operator.py
[2026-04-29T05:46:45.089+0000] {processor.py:914} INFO - Processing file /home/ec2-user/environment/async-ai-inference-system/.venv/lib64/python3.9/site-packages/airflow/example_dags/example_subdag_operator.py for tasks to queue
[2026-04-29T05:46:45.091+0000] {logging_mixin.py:190} INFO - [2026-04-29T05:46:45.091+0000] {dagbag.py:588} INFO - Filling up the DagBag from /home/ec2-user/environment/async-ai-inference-system/.venv/lib64/python3.9/site-packages/airflow/example_dags/example_subdag_operator.py
[2026-04-29T05:46:45.116+0000] {processor.py:925} INFO - DAG(s) 'example_subdag_operator.section-1', 'example_subdag_operator.section-2', 'example_subdag_operator' retrieved from /home/ec2-user/environment/async-ai-inference-system/.venv/lib64/python3.9/site-packages/airflow/example_dags/example_subdag_operator.py
[2026-04-29T05:46:45.210+0000] {logging_mixin.py:190} INFO - [2026-04-29T05:46:45.210+0000] {override.py:1900} INFO - Created Permission View: can read on DAG:example_subdag_operator
[2026-04-29T05:46:45.222+0000] {logging_mixin.py:190} INFO - [2026-04-29T05:46:45.222+0000] {override.py:1900} INFO - Created Permission View: can edit on DAG:example_subdag_operator
[2026-04-29T05:46:45.230+0000] {logging_mixin.py:190} INFO - [2026-04-29T05:46:45.230+0000] {override.py:1900} INFO - Created Permission View: can delete on DAG:example_subdag_operator
[2026-04-29T05:46:45.244+0000] {logging_mixin.py:190} INFO - [2026-04-29T05:46:45.243+0000] {override.py:1900} INFO - Created Permission View: can create on DAG Run:example_subdag_operator
[2026-04-29T05:46:45.252+0000] {logging_mixin.py:190} INFO - [2026-04-29T05:46:45.252+0000] {override.py:1900} INFO - Created Permission View: can read on DAG Run:example_subdag_operator
[2026-04-29T05:46:45.260+0000] {logging_mixin.py:190} INFO - [2026-04-29T05:46:45.260+0000] {override.py:1900} INFO - Created Permission View: menu access on DAG Run:example_subdag_operator
[2026-04-29T05:46:45.269+0000] {logging_mixin.py:190} INFO - [2026-04-29T05:46:45.269+0000] {override.py:1900} INFO - Created Permission View: can delete on DAG Run:example_subdag_operator
[2026-04-29T05:46:45.269+0000] {logging_mixin.py:190} INFO - [2026-04-29T05:46:45.269+0000] {dag.py:3239} INFO - Sync 3 DAGs
[2026-04-29T05:46:45.280+0000] {logging_mixin.py:190} INFO - [2026-04-29T05:46:45.280+0000] {dag.py:3262} INFO - Creating ORM DAG for example_subdag_operator.section-1
[2026-04-29T05:46:45.280+0000] {logging_mixin.py:190} INFO - [2026-04-29T05:46:45.280+0000] {dag.py:3262} INFO - Creating ORM DAG for example_subdag_operator.section-2
[2026-04-29T05:46:45.281+0000] {logging_mixin.py:190} INFO - [2026-04-29T05:46:45.281+0000] {dag.py:3262} INFO - Creating ORM DAG for example_subdag_operator
[2026-04-29T05:46:45.288+0000] {logging_mixin.py:190} INFO - [2026-04-29T05:46:45.288+0000] {dag.py:4180} INFO - Setting next_dagrun for example_subdag_operator to 2022-01-01 00:00:00+00:00, run_after=2022-01-01 00:00:00+00:00
[2026-04-29T05:46:45.288+0000] {logging_mixin.py:190} INFO - [2026-04-29T05:46:45.288+0000] {dag.py:4180} INFO - Setting next_dagrun for example_subdag_operator.section-1 to None, run_after=None
[2026-04-29T05:46:45.289+0000] {logging_mixin.py:190} INFO - [2026-04-29T05:46:45.289+0000] {dag.py:4180} INFO - Setting next_dagrun for example_subdag_operator.section-2 to None, run_after=None
[2026-04-29T05:46:45.294+0000] {logging_mixin.py:190} INFO - [2026-04-29T05:46:45.294+0000] {dag.py:3239} INFO - Sync 2 DAGs
[2026-04-29T05:46:45.299+0000] {logging_mixin.py:190} INFO - [2026-04-29T05:46:45.299+0000] {dag.py:4180} INFO - Setting next_dagrun for example_subdag_operator.section-1 to None, run_after=None
[2026-04-29T05:46:45.301+0000] {logging_mixin.py:190} INFO - [2026-04-29T05:46:45.301+0000] {dag.py:4180} INFO - Setting next_dagrun for example_subdag_operator.section-2 to None, run_after=None
[2026-04-29T05:46:45.437+0000] {processor.py:208} INFO - Processing /home/ec2-user/environment/async-ai-inference-system/.venv/lib64/python3.9/site-packages/airflow/example_dags/example_subdag_operator.py took 0.354 seconds
[2026-04-29T05:49:50.571+0000] {processor.py:186} INFO - Started process (PID=10158) to work on /home/ec2-user/environment/async-ai-inference-system/.venv/lib64/python3.9/site-packages/airflow/example_dags/example_subdag_operator.py
[2026-04-29T05:49:50.572+0000] {processor.py:914} INFO - Processing file /home/ec2-user/environment/async-ai-inference-system/.venv/lib64/python3.9/site-packages/airflow/example_dags/example_subdag_operator.py for tasks to queue
[2026-04-29T05:49:50.574+0000] {logging_mixin.py:190} INFO - [2026-04-29T05:49:50.574+0000] {dagbag.py:588} INFO - Filling up the DagBag from /home/ec2-user/environment/async-ai-inference-system/.venv/lib64/python3.9/site-packages/airflow/example_dags/example_subdag_operator.py
[2026-04-29T05:49:50.598+0000] {processor.py:925} INFO - DAG(s) 'example_subdag_operator.section-1', 'example_subdag_operator.section-2', 'example_subdag_operator' retrieved from /home/ec2-user/environment/async-ai-inference-system/.venv/lib64/python3.9/site-packages/airflow/example_dags/example_subdag_operator.py
[2026-04-29T05:49:50.616+0000] {logging_mixin.py:190} INFO - [2026-04-29T05:49:50.616+0000] {dag.py:3239} INFO - Sync 3 DAGs
[2026-04-29T05:49:50.633+0000] {logging_mixin.py:190} INFO - [2026-04-29T05:49:50.633+0000] {dag.py:4180} INFO - Setting next_dagrun for example_subdag_operator to 2022-01-01 00:00:00+00:00, run_after=2022-01-01 00:00:00+00:00
[2026-04-29T05:49:50.636+0000] {logging_mixin.py:190} INFO - [2026-04-29T05:49:50.635+0000] {dag.py:4180} INFO - Setting next_dagrun for example_subdag_operator.section-1 to None, run_after=None
[2026-04-29T05:49:50.636+0000] {logging_mixin.py:190} INFO - [2026-04-29T05:49:50.636+0000] {dag.py:4180} INFO - Setting next_dagrun for example_subdag_operator.section-2 to None, run_after=None
[2026-04-29T05:49:50.641+0000] {logging_mixin.py:190} INFO - [2026-04-29T05:49:50.641+0000] {dag.py:3239} INFO - Sync 2 DAGs
[2026-04-29T05:49:50.644+0000] {logging_mixin.py:190} INFO - [2026-04-29T05:49:50.644+0000] {dag.py:4180} INFO - Setting next_dagrun for example_subdag_operator.section-1 to None, run_after=None
[2026-04-29T05:49:50.645+0000] {logging_mixin.py:190} INFO - [2026-04-29T05:49:50.645+0000] {dag.py:4180} INFO - Setting next_dagrun for example_subdag_operator.section-2 to None, run_after=None
[2026-04-29T05:49:50.658+0000] {processor.py:208} INFO - Processing /home/ec2-user/environment/async-ai-inference-system/.venv/lib64/python3.9/site-packages/airflow/example_dags/example_subdag_operator.py took 0.092 seconds
[2026-04-29T05:50:49.488+0000] {processor.py:186} INFO - Started process (PID=10341) to work on /home/ec2-user/environment/async-ai-inference-system/.venv/lib64/python3.9/site-packages/airflow/example_dags/example_subdag_operator.py
[2026-04-29T05:50:49.490+0000] {processor.py:914} INFO - Processing file /home/ec2-user/environment/async-ai-inference-system/.venv/lib64/python3.9/site-packages/airflow/example_dags/example_subdag_operator.py for tasks to queue
[2026-04-29T05:50:49.492+0000] {logging_mixin.py:190} INFO - [2026-04-29T05:50:49.491+0000] {dagbag.py:588} INFO - Filling up the DagBag from /home/ec2-user/environment/async-ai-inference-system/.venv/lib64/python3.9/site-packages/airflow/example_dags/example_subdag_operator.py
[2026-04-29T05:50:49.512+0000] {processor.py:925} INFO - DAG(s) 'example_subdag_operator.section-1', 'example_subdag_operator.section-2', 'example_subdag_operator' retrieved from /home/ec2-user/environment/async-ai-inference-system/.venv/lib64/python3.9/site-packages/airflow/example_dags/example_subdag_operator.py
[2026-04-29T05:50:49.526+0000] {logging_mixin.py:190} INFO - [2026-04-29T05:50:49.525+0000] {dag.py:3239} INFO - Sync 3 DAGs
[2026-04-29T05:50:49.543+0000] {logging_mixin.py:190} INFO - [2026-04-29T05:50:49.543+0000] {dag.py:4180} INFO - Setting next_dagrun for example_subdag_operator to 2022-01-01 00:00:00+00:00, run_after=2022-01-01 00:00:00+00:00
[2026-04-29T05:50:49.546+0000] {logging_mixin.py:190} INFO - [2026-04-29T05:50:49.546+0000] {dag.py:4180} INFO - Setting next_dagrun for example_subdag_operator.section-1 to None, run_after=None
[2026-04-29T05:50:49.547+0000] {logging_mixin.py:190} INFO - [2026-04-29T05:50:49.546+0000] {dag.py:4180} INFO - Setting next_dagrun for example_subdag_operator.section-2 to None, run_after=None
[2026-04-29T05:50:49.551+0000] {logging_mixin.py:190} INFO - [2026-04-29T05:50:49.551+0000] {dag.py:3239} INFO - Sync 2 DAGs
[2026-04-29T05:50:49.555+0000] {logging_mixin.py:190} INFO - [2026-04-29T05:50:49.555+0000] {dag.py:4180} INFO - Setting next_dagrun for example_subdag_operator.section-1 to None, run_after=None
[2026-04-29T05:50:49.555+0000] {logging_mixin.py:190} INFO - [2026-04-29T05:50:49.555+0000] {dag.py:4180} INFO - Setting next_dagrun for example_subdag_operator.section-2 to None, run_after=None
[2026-04-29T05:50:49.568+0000] {processor.py:208} INFO - Processing /home/ec2-user/environment/async-ai-inference-system/.venv/lib64/python3.9/site-packages/airflow/example_dags/example_subdag_operator.py took 0.086 seconds
[2026-04-29T05:51:48.637+0000] {processor.py:186} INFO - Started process (PID=10489) to work on /home/ec2-user/environment/async-ai-inference-system/.venv/lib64/python3.9/site-packages/airflow/example_dags/example_subdag_operator.py
[2026-04-29T05:51:48.638+0000] {processor.py:914} INFO - Processing file /home/ec2-user/environment/async-ai-inference-system/.venv/lib64/python3.9/site-packages/airflow/example_dags/example_subdag_operator.py for tasks to queue
[2026-04-29T05:51:48.640+0000] {logging_mixin.py:190} INFO - [2026-04-29T05:51:48.640+0000] {dagbag.py:588} INFO - Filling up the DagBag from /home/ec2-user/environment/async-ai-inference-system/.venv/lib64/python3.9/site-packages/airflow/example_dags/example_subdag_operator.py
[2026-04-29T05:51:48.660+0000] {processor.py:925} INFO - DAG(s) 'example_subdag_operator.section-1', 'example_subdag_operator.section-2', 'example_subdag_operator' retrieved from /home/ec2-user/environment/async-ai-inference-system/.venv/lib64/python3.9/site-packages/airflow/example_dags/example_subdag_operator.py
[2026-04-29T05:51:48.674+0000] {logging_mixin.py:190} INFO - [2026-04-29T05:51:48.674+0000] {dag.py:3239} INFO - Sync 3 DAGs
[2026-04-29T05:51:48.691+0000] {logging_mixin.py:190} INFO - [2026-04-29T05:51:48.691+0000] {dag.py:4180} INFO - Setting next_dagrun for example_subdag_operator to 2022-01-01 00:00:00+00:00, run_after=2022-01-01 00:00:00+00:00
[2026-04-29T05:51:48.694+0000] {logging_mixin.py:190} INFO - [2026-04-29T05:51:48.694+0000] {dag.py:4180} INFO - Setting next_dagrun for example_subdag_operator.section-1 to None, run_after=None
[2026-04-29T05:51:48.695+0000] {logging_mixin.py:190} INFO - [2026-04-29T05:51:48.695+0000] {dag.py:4180} INFO - Setting next_dagrun for example_subdag_operator.section-2 to None, run_after=None
[2026-04-29T05:51:48.700+0000] {logging_mixin.py:190} INFO - [2026-04-29T05:51:48.700+0000] {dag.py:3239} INFO - Sync 2 DAGs
[2026-04-29T05:51:48.703+0000] {logging_mixin.py:190} INFO - [2026-04-29T05:51:48.703+0000] {dag.py:4180} INFO - Setting next_dagrun for example_subdag_operator.section-1 to None, run_after=None
[2026-04-29T05:51:48.703+0000] {logging_mixin.py:190} INFO - [2026-04-29T05:51:48.703+0000] {dag.py:4180} INFO - Setting next_dagrun for example_subdag_operator.section-2 to None, run_after=None
[2026-04-29T05:51:48.717+0000] {processor.py:208} INFO - Processing /home/ec2-user/environment/async-ai-inference-system/.venv/lib64/python3.9/site-packages/airflow/example_dags/example_subdag_operator.py took 0.086 seconds
