[2026-04-29T05:46:52.232+0000] {processor.py:186} INFO - Started process (PID=9915) to work on /home/ec2-user/environment/async-ai-inference-system/.venv/lib64/python3.9/site-packages/airflow/example_dags/example_trigger_target_dag.py
[2026-04-29T05:46:52.232+0000] {processor.py:914} INFO - Processing file /home/ec2-user/environment/async-ai-inference-system/.venv/lib64/python3.9/site-packages/airflow/example_dags/example_trigger_target_dag.py for tasks to queue
[2026-04-29T05:46:52.234+0000] {logging_mixin.py:190} INFO - [2026-04-29T05:46:52.234+0000] {dagbag.py:588} INFO - Filling up the DagBag from /home/ec2-user/environment/async-ai-inference-system/.venv/lib64/python3.9/site-packages/airflow/example_dags/example_trigger_target_dag.py
[2026-04-29T05:46:52.241+0000] {processor.py:925} INFO - DAG(s) 'example_trigger_target_dag' retrieved from /home/ec2-user/environment/async-ai-inference-system/.venv/lib64/python3.9/site-packages/airflow/example_dags/example_trigger_target_dag.py
[2026-04-29T05:46:52.334+0000] {logging_mixin.py:190} INFO - [2026-04-29T05:46:52.333+0000] {override.py:1900} INFO - Created Permission View: can read on DAG:example_trigger_target_dag
[2026-04-29T05:46:52.345+0000] {logging_mixin.py:190} INFO - [2026-04-29T05:46:52.345+0000] {override.py:1900} INFO - Created Permission View: can edit on DAG:example_trigger_target_dag
[2026-04-29T05:46:52.354+0000] {logging_mixin.py:190} INFO - [2026-04-29T05:46:52.354+0000] {override.py:1900} INFO - Created Permission View: can delete on DAG:example_trigger_target_dag
[2026-04-29T05:46:52.368+0000] {logging_mixin.py:190} INFO - [2026-04-29T05:46:52.367+0000] {override.py:1900} INFO - Created Permission View: can create on DAG Run:example_trigger_target_dag
[2026-04-29T05:46:52.376+0000] {logging_mixin.py:190} INFO - [2026-04-29T05:46:52.376+0000] {override.py:1900} INFO - Created Permission View: can read on DAG Run:example_trigger_target_dag
[2026-04-29T05:46:52.385+0000] {logging_mixin.py:190} INFO - [2026-04-29T05:46:52.384+0000] {override.py:1900} INFO - Created Permission View: menu access on DAG Run:example_trigger_target_dag
[2026-04-29T05:46:52.394+0000] {logging_mixin.py:190} INFO - [2026-04-29T05:46:52.393+0000] {override.py:1900} INFO - Created Permission View: can delete on DAG Run:example_trigger_target_dag
[2026-04-29T05:46:52.394+0000] {logging_mixin.py:190} INFO - [2026-04-29T05:46:52.394+0000] {dag.py:3239} INFO - Sync 1 DAGs
[2026-04-29T05:46:52.404+0000] {logging_mixin.py:190} INFO - [2026-04-29T05:46:52.404+0000] {dag.py:3262} INFO - Creating ORM DAG for example_trigger_target_dag
[2026-04-29T05:46:52.405+0000] {logging_mixin.py:190} INFO - [2026-04-29T05:46:52.405+0000] {dag.py:4180} INFO - Setting next_dagrun for example_trigger_target_dag to None, run_after=None
[2026-04-29T05:46:52.546+0000] {processor.py:208} INFO - Processing /home/ec2-user/environment/async-ai-inference-system/.venv/lib64/python3.9/site-packages/airflow/example_dags/example_trigger_target_dag.py took 0.320 seconds
[2026-04-29T05:49:56.036+0000] {processor.py:186} INFO - Started process (PID=10256) to work on /home/ec2-user/environment/async-ai-inference-system/.venv/lib64/python3.9/site-packages/airflow/example_dags/example_trigger_target_dag.py
[2026-04-29T05:49:56.037+0000] {processor.py:914} INFO - Processing file /home/ec2-user/environment/async-ai-inference-system/.venv/lib64/python3.9/site-packages/airflow/example_dags/example_trigger_target_dag.py for tasks to queue
[2026-04-29T05:49:56.039+0000] {logging_mixin.py:190} INFO - [2026-04-29T05:49:56.039+0000] {dagbag.py:588} INFO - Filling up the DagBag from /home/ec2-user/environment/async-ai-inference-system/.venv/lib64/python3.9/site-packages/airflow/example_dags/example_trigger_target_dag.py
[2026-04-29T05:49:56.046+0000] {processor.py:925} INFO - DAG(s) 'example_trigger_target_dag' retrieved from /home/ec2-user/environment/async-ai-inference-system/.venv/lib64/python3.9/site-packages/airflow/example_dags/example_trigger_target_dag.py
[2026-04-29T05:49:56.061+0000] {logging_mixin.py:190} INFO - [2026-04-29T05:49:56.061+0000] {dag.py:3239} INFO - Sync 1 DAGs
[2026-04-29T05:49:56.072+0000] {logging_mixin.py:190} INFO - [2026-04-29T05:49:56.072+0000] {dag.py:4180} INFO - Setting next_dagrun for example_trigger_target_dag to None, run_after=None
[2026-04-29T05:49:56.091+0000] {processor.py:208} INFO - Processing /home/ec2-user/environment/async-ai-inference-system/.venv/lib64/python3.9/site-packages/airflow/example_dags/example_trigger_target_dag.py took 0.060 seconds
[2026-04-29T05:50:54.488+0000] {processor.py:186} INFO - Started process (PID=10356) to work on /home/ec2-user/environment/async-ai-inference-system/.venv/lib64/python3.9/site-packages/airflow/example_dags/example_trigger_target_dag.py
[2026-04-29T05:50:54.489+0000] {processor.py:914} INFO - Processing file /home/ec2-user/environment/async-ai-inference-system/.venv/lib64/python3.9/site-packages/airflow/example_dags/example_trigger_target_dag.py for tasks to queue
[2026-04-29T05:50:54.491+0000] {logging_mixin.py:190} INFO - [2026-04-29T05:50:54.491+0000] {dagbag.py:588} INFO - Filling up the DagBag from /home/ec2-user/environment/async-ai-inference-system/.venv/lib64/python3.9/site-packages/airflow/example_dags/example_trigger_target_dag.py
[2026-04-29T05:50:54.498+0000] {processor.py:925} INFO - DAG(s) 'example_trigger_target_dag' retrieved from /home/ec2-user/environment/async-ai-inference-system/.venv/lib64/python3.9/site-packages/airflow/example_dags/example_trigger_target_dag.py
[2026-04-29T05:50:54.512+0000] {logging_mixin.py:190} INFO - [2026-04-29T05:50:54.511+0000] {dag.py:3239} INFO - Sync 1 DAGs
[2026-04-29T05:50:54.523+0000] {logging_mixin.py:190} INFO - [2026-04-29T05:50:54.522+0000] {dag.py:4180} INFO - Setting next_dagrun for example_trigger_target_dag to None, run_after=None
[2026-04-29T05:50:54.541+0000] {processor.py:208} INFO - Processing /home/ec2-user/environment/async-ai-inference-system/.venv/lib64/python3.9/site-packages/airflow/example_dags/example_trigger_target_dag.py took 0.059 seconds
[2026-04-29T05:51:53.024+0000] {processor.py:186} INFO - Started process (PID=10494) to work on /home/ec2-user/environment/async-ai-inference-system/.venv/lib64/python3.9/site-packages/airflow/example_dags/example_trigger_target_dag.py
[2026-04-29T05:51:53.025+0000] {processor.py:914} INFO - Processing file /home/ec2-user/environment/async-ai-inference-system/.venv/lib64/python3.9/site-packages/airflow/example_dags/example_trigger_target_dag.py for tasks to queue
[2026-04-29T05:51:53.027+0000] {logging_mixin.py:190} INFO - [2026-04-29T05:51:53.026+0000] {dagbag.py:588} INFO - Filling up the DagBag from /home/ec2-user/environment/async-ai-inference-system/.venv/lib64/python3.9/site-packages/airflow/example_dags/example_trigger_target_dag.py
[2026-04-29T05:51:53.033+0000] {processor.py:925} INFO - DAG(s) 'example_trigger_target_dag' retrieved from /home/ec2-user/environment/async-ai-inference-system/.venv/lib64/python3.9/site-packages/airflow/example_dags/example_trigger_target_dag.py
[2026-04-29T05:51:53.047+0000] {logging_mixin.py:190} INFO - [2026-04-29T05:51:53.046+0000] {dag.py:3239} INFO - Sync 1 DAGs
[2026-04-29T05:51:53.058+0000] {logging_mixin.py:190} INFO - [2026-04-29T05:51:53.058+0000] {dag.py:4180} INFO - Setting next_dagrun for example_trigger_target_dag to None, run_after=None
[2026-04-29T05:51:53.077+0000] {processor.py:208} INFO - Processing /home/ec2-user/environment/async-ai-inference-system/.venv/lib64/python3.9/site-packages/airflow/example_dags/example_trigger_target_dag.py took 0.059 seconds
