[2026-04-29T05:47:37.258+0000] {processor.py:186} INFO - Started process (PID=9985) to work on /home/ec2-user/environment/async-ai-inference-system/.venv/lib64/python3.9/site-packages/airflow/example_dags/example_outlet_event_extra.py
[2026-04-29T05:47:37.259+0000] {processor.py:914} INFO - Processing file /home/ec2-user/environment/async-ai-inference-system/.venv/lib64/python3.9/site-packages/airflow/example_dags/example_outlet_event_extra.py for tasks to queue
[2026-04-29T05:47:37.261+0000] {logging_mixin.py:190} INFO - [2026-04-29T05:47:37.261+0000] {dagbag.py:588} INFO - Filling up the DagBag from /home/ec2-user/environment/async-ai-inference-system/.venv/lib64/python3.9/site-packages/airflow/example_dags/example_outlet_event_extra.py
[2026-04-29T05:47:37.274+0000] {processor.py:925} INFO - DAG(s) 'dataset_with_extra_by_yield', 'dataset_with_extra_from_classic_operator', 'dataset_with_extra_by_context' retrieved from /home/ec2-user/environment/async-ai-inference-system/.venv/lib64/python3.9/site-packages/airflow/example_dags/example_outlet_event_extra.py
[2026-04-29T05:47:37.489+0000] {logging_mixin.py:190} INFO - [2026-04-29T05:47:37.489+0000] {override.py:1900} INFO - Created Permission View: can read on DAG:dataset_with_extra_by_yield
[2026-04-29T05:47:37.500+0000] {logging_mixin.py:190} INFO - [2026-04-29T05:47:37.500+0000] {override.py:1900} INFO - Created Permission View: can edit on DAG:dataset_with_extra_by_yield
[2026-04-29T05:47:37.509+0000] {logging_mixin.py:190} INFO - [2026-04-29T05:47:37.509+0000] {override.py:1900} INFO - Created Permission View: can delete on DAG:dataset_with_extra_by_yield
[2026-04-29T05:47:37.523+0000] {logging_mixin.py:190} INFO - [2026-04-29T05:47:37.522+0000] {override.py:1900} INFO - Created Permission View: can create on DAG Run:dataset_with_extra_by_yield
[2026-04-29T05:47:37.531+0000] {logging_mixin.py:190} INFO - [2026-04-29T05:47:37.531+0000] {override.py:1900} INFO - Created Permission View: can read on DAG Run:dataset_with_extra_by_yield
[2026-04-29T05:47:37.540+0000] {logging_mixin.py:190} INFO - [2026-04-29T05:47:37.540+0000] {override.py:1900} INFO - Created Permission View: menu access on DAG Run:dataset_with_extra_by_yield
[2026-04-29T05:47:37.549+0000] {logging_mixin.py:190} INFO - [2026-04-29T05:47:37.548+0000] {override.py:1900} INFO - Created Permission View: can delete on DAG Run:dataset_with_extra_by_yield
[2026-04-29T05:47:37.568+0000] {logging_mixin.py:190} INFO - [2026-04-29T05:47:37.568+0000] {override.py:1900} INFO - Created Permission View: can read on DAG:dataset_with_extra_from_classic_operator
[2026-04-29T05:47:37.578+0000] {logging_mixin.py:190} INFO - [2026-04-29T05:47:37.578+0000] {override.py:1900} INFO - Created Permission View: can edit on DAG:dataset_with_extra_from_classic_operator
[2026-04-29T05:47:37.587+0000] {logging_mixin.py:190} INFO - [2026-04-29T05:47:37.586+0000] {override.py:1900} INFO - Created Permission View: can delete on DAG:dataset_with_extra_from_classic_operator
[2026-04-29T05:47:37.600+0000] {logging_mixin.py:190} INFO - [2026-04-29T05:47:37.600+0000] {override.py:1900} INFO - Created Permission View: can create on DAG Run:dataset_with_extra_from_classic_operator
[2026-04-29T05:47:37.608+0000] {logging_mixin.py:190} INFO - [2026-04-29T05:47:37.608+0000] {override.py:1900} INFO - Created Permission View: can read on DAG Run:dataset_with_extra_from_classic_operator
[2026-04-29T05:47:37.617+0000] {logging_mixin.py:190} INFO - [2026-04-29T05:47:37.617+0000] {override.py:1900} INFO - Created Permission View: menu access on DAG Run:dataset_with_extra_from_classic_operator
[2026-04-29T05:47:37.626+0000] {logging_mixin.py:190} INFO - [2026-04-29T05:47:37.625+0000] {override.py:1900} INFO - Created Permission View: can delete on DAG Run:dataset_with_extra_from_classic_operator
[2026-04-29T05:47:37.645+0000] {logging_mixin.py:190} INFO - [2026-04-29T05:47:37.644+0000] {override.py:1900} INFO - Created Permission View: can read on DAG:dataset_with_extra_by_context
[2026-04-29T05:47:37.653+0000] {logging_mixin.py:190} INFO - [2026-04-29T05:47:37.653+0000] {override.py:1900} INFO - Created Permission View: can edit on DAG:dataset_with_extra_by_context
[2026-04-29T05:47:37.662+0000] {logging_mixin.py:190} INFO - [2026-04-29T05:47:37.661+0000] {override.py:1900} INFO - Created Permission View: can delete on DAG:dataset_with_extra_by_context
[2026-04-29T05:47:37.675+0000] {logging_mixin.py:190} INFO - [2026-04-29T05:47:37.674+0000] {override.py:1900} INFO - Created Permission View: can create on DAG Run:dataset_with_extra_by_context
[2026-04-29T05:47:37.683+0000] {logging_mixin.py:190} INFO - [2026-04-29T05:47:37.682+0000] {override.py:1900} INFO - Created Permission View: can read on DAG Run:dataset_with_extra_by_context
[2026-04-29T05:47:37.691+0000] {logging_mixin.py:190} INFO - [2026-04-29T05:47:37.691+0000] {override.py:1900} INFO - Created Permission View: menu access on DAG Run:dataset_with_extra_by_context
[2026-04-29T05:47:37.699+0000] {logging_mixin.py:190} INFO - [2026-04-29T05:47:37.699+0000] {override.py:1900} INFO - Created Permission View: can delete on DAG Run:dataset_with_extra_by_context
[2026-04-29T05:47:37.699+0000] {logging_mixin.py:190} INFO - [2026-04-29T05:47:37.699+0000] {dag.py:3239} INFO - Sync 3 DAGs
[2026-04-29T05:47:37.709+0000] {logging_mixin.py:190} INFO - [2026-04-29T05:47:37.709+0000] {dag.py:3262} INFO - Creating ORM DAG for dataset_with_extra_by_context
[2026-04-29T05:47:37.710+0000] {logging_mixin.py:190} INFO - [2026-04-29T05:47:37.710+0000] {dag.py:3262} INFO - Creating ORM DAG for dataset_with_extra_from_classic_operator
[2026-04-29T05:47:37.710+0000] {logging_mixin.py:190} INFO - [2026-04-29T05:47:37.710+0000] {dag.py:3262} INFO - Creating ORM DAG for dataset_with_extra_by_yield
[2026-04-29T05:47:37.718+0000] {logging_mixin.py:190} INFO - [2026-04-29T05:47:37.718+0000] {dag.py:4180} INFO - Setting next_dagrun for dataset_with_extra_by_context to 2026-04-28 00:00:00+00:00, run_after=2026-04-29 00:00:00+00:00
[2026-04-29T05:47:37.720+0000] {logging_mixin.py:190} INFO - [2026-04-29T05:47:37.719+0000] {dag.py:4180} INFO - Setting next_dagrun for dataset_with_extra_by_yield to 2026-04-28 00:00:00+00:00, run_after=2026-04-29 00:00:00+00:00
[2026-04-29T05:47:37.721+0000] {logging_mixin.py:190} INFO - [2026-04-29T05:47:37.721+0000] {dag.py:4180} INFO - Setting next_dagrun for dataset_with_extra_from_classic_operator to 2026-04-28 00:00:00+00:00, run_after=2026-04-29 00:00:00+00:00
[2026-04-29T05:47:37.745+0000] {processor.py:208} INFO - Processing /home/ec2-user/environment/async-ai-inference-system/.venv/lib64/python3.9/site-packages/airflow/example_dags/example_outlet_event_extra.py took 0.492 seconds
[2026-04-29T05:50:30.710+0000] {processor.py:186} INFO - Started process (PID=10319) to work on /home/ec2-user/environment/async-ai-inference-system/.venv/lib64/python3.9/site-packages/airflow/example_dags/example_outlet_event_extra.py
[2026-04-29T05:50:30.711+0000] {processor.py:914} INFO - Processing file /home/ec2-user/environment/async-ai-inference-system/.venv/lib64/python3.9/site-packages/airflow/example_dags/example_outlet_event_extra.py for tasks to queue
[2026-04-29T05:50:30.713+0000] {logging_mixin.py:190} INFO - [2026-04-29T05:50:30.713+0000] {dagbag.py:588} INFO - Filling up the DagBag from /home/ec2-user/environment/async-ai-inference-system/.venv/lib64/python3.9/site-packages/airflow/example_dags/example_outlet_event_extra.py
[2026-04-29T05:50:30.726+0000] {processor.py:925} INFO - DAG(s) 'dataset_with_extra_by_yield', 'dataset_with_extra_from_classic_operator', 'dataset_with_extra_by_context' retrieved from /home/ec2-user/environment/async-ai-inference-system/.venv/lib64/python3.9/site-packages/airflow/example_dags/example_outlet_event_extra.py
[2026-04-29T05:50:30.745+0000] {logging_mixin.py:190} INFO - [2026-04-29T05:50:30.745+0000] {dag.py:3239} INFO - Sync 3 DAGs
[2026-04-29T05:50:30.764+0000] {logging_mixin.py:190} INFO - [2026-04-29T05:50:30.764+0000] {dag.py:4180} INFO - Setting next_dagrun for dataset_with_extra_by_context to 2026-04-28 00:00:00+00:00, run_after=2026-04-29 00:00:00+00:00
[2026-04-29T05:50:30.768+0000] {logging_mixin.py:190} INFO - [2026-04-29T05:50:30.768+0000] {dag.py:4180} INFO - Setting next_dagrun for dataset_with_extra_by_yield to 2026-04-28 00:00:00+00:00, run_after=2026-04-29 00:00:00+00:00
[2026-04-29T05:50:30.770+0000] {logging_mixin.py:190} INFO - [2026-04-29T05:50:30.770+0000] {dag.py:4180} INFO - Setting next_dagrun for dataset_with_extra_from_classic_operator to 2026-04-28 00:00:00+00:00, run_after=2026-04-29 00:00:00+00:00
[2026-04-29T05:50:30.790+0000] {processor.py:208} INFO - Processing /home/ec2-user/environment/async-ai-inference-system/.venv/lib64/python3.9/site-packages/airflow/example_dags/example_outlet_event_extra.py took 0.086 seconds
[2026-04-29T05:51:32.668+0000] {processor.py:186} INFO - Started process (PID=10468) to work on /home/ec2-user/environment/async-ai-inference-system/.venv/lib64/python3.9/site-packages/airflow/example_dags/example_outlet_event_extra.py
[2026-04-29T05:51:32.669+0000] {processor.py:914} INFO - Processing file /home/ec2-user/environment/async-ai-inference-system/.venv/lib64/python3.9/site-packages/airflow/example_dags/example_outlet_event_extra.py for tasks to queue
[2026-04-29T05:51:32.671+0000] {logging_mixin.py:190} INFO - [2026-04-29T05:51:32.671+0000] {dagbag.py:588} INFO - Filling up the DagBag from /home/ec2-user/environment/async-ai-inference-system/.venv/lib64/python3.9/site-packages/airflow/example_dags/example_outlet_event_extra.py
[2026-04-29T05:51:32.684+0000] {processor.py:925} INFO - DAG(s) 'dataset_with_extra_from_classic_operator', 'dataset_with_extra_by_yield', 'dataset_with_extra_by_context' retrieved from /home/ec2-user/environment/async-ai-inference-system/.venv/lib64/python3.9/site-packages/airflow/example_dags/example_outlet_event_extra.py
[2026-04-29T05:51:32.707+0000] {logging_mixin.py:190} INFO - [2026-04-29T05:51:32.707+0000] {dag.py:3239} INFO - Sync 3 DAGs
[2026-04-29T05:51:32.728+0000] {logging_mixin.py:190} INFO - [2026-04-29T05:51:32.728+0000] {dag.py:4180} INFO - Setting next_dagrun for dataset_with_extra_by_context to 2026-04-28 00:00:00+00:00, run_after=2026-04-29 00:00:00+00:00
[2026-04-29T05:51:32.732+0000] {logging_mixin.py:190} INFO - [2026-04-29T05:51:32.732+0000] {dag.py:4180} INFO - Setting next_dagrun for dataset_with_extra_by_yield to 2026-04-28 00:00:00+00:00, run_after=2026-04-29 00:00:00+00:00
[2026-04-29T05:51:32.734+0000] {logging_mixin.py:190} INFO - [2026-04-29T05:51:32.734+0000] {dag.py:4180} INFO - Setting next_dagrun for dataset_with_extra_from_classic_operator to 2026-04-28 00:00:00+00:00, run_after=2026-04-29 00:00:00+00:00
[2026-04-29T05:51:32.755+0000] {processor.py:208} INFO - Processing /home/ec2-user/environment/async-ai-inference-system/.venv/lib64/python3.9/site-packages/airflow/example_dags/example_outlet_event_extra.py took 0.093 seconds
[2026-04-29T05:52:30.816+0000] {processor.py:186} INFO - Started process (PID=10569) to work on /home/ec2-user/environment/async-ai-inference-system/.venv/lib64/python3.9/site-packages/airflow/example_dags/example_outlet_event_extra.py
[2026-04-29T05:52:30.818+0000] {processor.py:914} INFO - Processing file /home/ec2-user/environment/async-ai-inference-system/.venv/lib64/python3.9/site-packages/airflow/example_dags/example_outlet_event_extra.py for tasks to queue
[2026-04-29T05:52:30.819+0000] {logging_mixin.py:190} INFO - [2026-04-29T05:52:30.819+0000] {dagbag.py:588} INFO - Filling up the DagBag from /home/ec2-user/environment/async-ai-inference-system/.venv/lib64/python3.9/site-packages/airflow/example_dags/example_outlet_event_extra.py
[2026-04-29T05:52:30.832+0000] {processor.py:925} INFO - DAG(s) 'dataset_with_extra_by_context', 'dataset_with_extra_by_yield', 'dataset_with_extra_from_classic_operator' retrieved from /home/ec2-user/environment/async-ai-inference-system/.venv/lib64/python3.9/site-packages/airflow/example_dags/example_outlet_event_extra.py
[2026-04-29T05:52:30.850+0000] {logging_mixin.py:190} INFO - [2026-04-29T05:52:30.850+0000] {dag.py:3239} INFO - Sync 3 DAGs
[2026-04-29T05:52:30.986+0000] {logging_mixin.py:190} INFO - [2026-04-29T05:52:30.986+0000] {dag.py:4180} INFO - Setting next_dagrun for dataset_with_extra_by_context to 2026-04-28 00:00:00+00:00, run_after=2026-04-29 00:00:00+00:00
[2026-04-29T05:52:30.991+0000] {logging_mixin.py:190} INFO - [2026-04-29T05:52:30.990+0000] {dag.py:4180} INFO - Setting next_dagrun for dataset_with_extra_by_yield to 2026-04-28 00:00:00+00:00, run_after=2026-04-29 00:00:00+00:00
[2026-04-29T05:52:30.993+0000] {logging_mixin.py:190} INFO - [2026-04-29T05:52:30.993+0000] {dag.py:4180} INFO - Setting next_dagrun for dataset_with_extra_from_classic_operator to 2026-04-28 00:00:00+00:00, run_after=2026-04-29 00:00:00+00:00
[2026-04-29T05:52:31.013+0000] {processor.py:208} INFO - Processing /home/ec2-user/environment/async-ai-inference-system/.venv/lib64/python3.9/site-packages/airflow/example_dags/example_outlet_event_extra.py took 0.202 seconds
