[2026-04-29T05:50:47.060+0000] {processor.py:186} INFO - Started process (PID=10337) to work on /home/ec2-user/environment/async-ai-inference-system/.venv/lib64/python3.9/site-packages/airflow/example_dags/example_sla_dag.py
[2026-04-29T05:50:47.061+0000] {processor.py:914} INFO - Processing file /home/ec2-user/environment/async-ai-inference-system/.venv/lib64/python3.9/site-packages/airflow/example_dags/example_sla_dag.py for tasks to queue
[2026-04-29T05:50:47.063+0000] {logging_mixin.py:190} INFO - [2026-04-29T05:50:47.063+0000] {dagbag.py:588} INFO - Filling up the DagBag from /home/ec2-user/environment/async-ai-inference-system/.venv/lib64/python3.9/site-packages/airflow/example_dags/example_sla_dag.py
[2026-04-29T05:50:47.073+0000] {processor.py:925} INFO - DAG(s) 'example_sla_dag' retrieved from /home/ec2-user/environment/async-ai-inference-system/.venv/lib64/python3.9/site-packages/airflow/example_dags/example_sla_dag.py
[2026-04-29T05:50:47.289+0000] {logging_mixin.py:190} INFO - [2026-04-29T05:50:47.288+0000] {override.py:1900} INFO - Created Permission View: can edit on DAG:example_sla_dag
[2026-04-29T05:50:47.299+0000] {logging_mixin.py:190} INFO - [2026-04-29T05:50:47.299+0000] {override.py:1900} INFO - Created Permission View: can delete on DAG:example_sla_dag
[2026-04-29T05:50:47.308+0000] {logging_mixin.py:190} INFO - [2026-04-29T05:50:47.308+0000] {override.py:1900} INFO - Created Permission View: can read on DAG:example_sla_dag
[2026-04-29T05:50:47.321+0000] {logging_mixin.py:190} INFO - [2026-04-29T05:50:47.321+0000] {override.py:1900} INFO - Created Permission View: can create on DAG Run:example_sla_dag
[2026-04-29T05:50:47.329+0000] {logging_mixin.py:190} INFO - [2026-04-29T05:50:47.329+0000] {override.py:1900} INFO - Created Permission View: can delete on DAG Run:example_sla_dag
[2026-04-29T05:50:47.338+0000] {logging_mixin.py:190} INFO - [2026-04-29T05:50:47.338+0000] {override.py:1900} INFO - Created Permission View: menu access on DAG Run:example_sla_dag
[2026-04-29T05:50:47.346+0000] {logging_mixin.py:190} INFO - [2026-04-29T05:50:47.346+0000] {override.py:1900} INFO - Created Permission View: can read on DAG Run:example_sla_dag
[2026-04-29T05:50:47.346+0000] {logging_mixin.py:190} INFO - [2026-04-29T05:50:47.346+0000] {dag.py:3239} INFO - Sync 1 DAGs
[2026-04-29T05:50:47.356+0000] {logging_mixin.py:190} INFO - [2026-04-29T05:50:47.356+0000] {dag.py:3262} INFO - Creating ORM DAG for example_sla_dag
[2026-04-29T05:50:47.366+0000] {logging_mixin.py:190} INFO - [2026-04-29T05:50:47.366+0000] {dag.py:4180} INFO - Setting next_dagrun for example_sla_dag to 2026-04-29 05:48:00+00:00, run_after=2026-04-29 05:50:00+00:00
[2026-04-29T05:50:47.385+0000] {processor.py:208} INFO - Processing /home/ec2-user/environment/async-ai-inference-system/.venv/lib64/python3.9/site-packages/airflow/example_dags/example_sla_dag.py took 0.330 seconds
[2026-04-29T05:51:46.307+0000] {processor.py:186} INFO - Started process (PID=10485) to work on /home/ec2-user/environment/async-ai-inference-system/.venv/lib64/python3.9/site-packages/airflow/example_dags/example_sla_dag.py
[2026-04-29T05:51:46.308+0000] {processor.py:914} INFO - Processing file /home/ec2-user/environment/async-ai-inference-system/.venv/lib64/python3.9/site-packages/airflow/example_dags/example_sla_dag.py for tasks to queue
[2026-04-29T05:51:46.310+0000] {logging_mixin.py:190} INFO - [2026-04-29T05:51:46.310+0000] {dagbag.py:588} INFO - Filling up the DagBag from /home/ec2-user/environment/async-ai-inference-system/.venv/lib64/python3.9/site-packages/airflow/example_dags/example_sla_dag.py
[2026-04-29T05:51:46.319+0000] {processor.py:925} INFO - DAG(s) 'example_sla_dag' retrieved from /home/ec2-user/environment/async-ai-inference-system/.venv/lib64/python3.9/site-packages/airflow/example_dags/example_sla_dag.py
[2026-04-29T05:51:46.333+0000] {logging_mixin.py:190} INFO - [2026-04-29T05:51:46.333+0000] {dag.py:3239} INFO - Sync 1 DAGs
[2026-04-29T05:51:46.353+0000] {logging_mixin.py:190} INFO - [2026-04-29T05:51:46.353+0000] {dag.py:4180} INFO - Setting next_dagrun for example_sla_dag to 2026-04-29 05:48:00+00:00, run_after=2026-04-29 05:50:00+00:00
[2026-04-29T05:51:46.372+0000] {processor.py:208} INFO - Processing /home/ec2-user/environment/async-ai-inference-system/.venv/lib64/python3.9/site-packages/airflow/example_dags/example_sla_dag.py took 0.070 seconds
