[2026-04-29T05:47:27.784+0000] {processor.py:186} INFO - Started process (PID=9973) to work on /home/ec2-user/environment/async-ai-inference-system/.venv/lib64/python3.9/site-packages/airflow/example_dags/example_dynamic_task_mapping_with_no_taskflow_operators.py
[2026-04-29T05:47:27.785+0000] {processor.py:914} INFO - Processing file /home/ec2-user/environment/async-ai-inference-system/.venv/lib64/python3.9/site-packages/airflow/example_dags/example_dynamic_task_mapping_with_no_taskflow_operators.py for tasks to queue
[2026-04-29T05:47:27.787+0000] {logging_mixin.py:190} INFO - [2026-04-29T05:47:27.787+0000] {dagbag.py:588} INFO - Filling up the DagBag from /home/ec2-user/environment/async-ai-inference-system/.venv/lib64/python3.9/site-packages/airflow/example_dags/example_dynamic_task_mapping_with_no_taskflow_operators.py
[2026-04-29T05:47:27.795+0000] {processor.py:925} INFO - DAG(s) 'example_dynamic_task_mapping_with_no_taskflow_operators' retrieved from /home/ec2-user/environment/async-ai-inference-system/.venv/lib64/python3.9/site-packages/airflow/example_dags/example_dynamic_task_mapping_with_no_taskflow_operators.py
[2026-04-29T05:47:27.889+0000] {logging_mixin.py:190} INFO - [2026-04-29T05:47:27.888+0000] {override.py:1900} INFO - Created Permission View: can read on DAG:example_dynamic_task_mapping_with_no_taskflow_operators
[2026-04-29T05:47:28.025+0000] {logging_mixin.py:190} INFO - [2026-04-29T05:47:28.024+0000] {override.py:1900} INFO - Created Permission View: can edit on DAG:example_dynamic_task_mapping_with_no_taskflow_operators
[2026-04-29T05:47:28.033+0000] {logging_mixin.py:190} INFO - [2026-04-29T05:47:28.033+0000] {override.py:1900} INFO - Created Permission View: can delete on DAG:example_dynamic_task_mapping_with_no_taskflow_operators
[2026-04-29T05:47:28.046+0000] {logging_mixin.py:190} INFO - [2026-04-29T05:47:28.046+0000] {override.py:1900} INFO - Created Permission View: can create on DAG Run:example_dynamic_task_mapping_with_no_taskflow_operators
[2026-04-29T05:47:28.055+0000] {logging_mixin.py:190} INFO - [2026-04-29T05:47:28.055+0000] {override.py:1900} INFO - Created Permission View: can read on DAG Run:example_dynamic_task_mapping_with_no_taskflow_operators
[2026-04-29T05:47:28.063+0000] {logging_mixin.py:190} INFO - [2026-04-29T05:47:28.063+0000] {override.py:1900} INFO - Created Permission View: menu access on DAG Run:example_dynamic_task_mapping_with_no_taskflow_operators
[2026-04-29T05:47:28.072+0000] {logging_mixin.py:190} INFO - [2026-04-29T05:47:28.072+0000] {override.py:1900} INFO - Created Permission View: can delete on DAG Run:example_dynamic_task_mapping_with_no_taskflow_operators
[2026-04-29T05:47:28.072+0000] {logging_mixin.py:190} INFO - [2026-04-29T05:47:28.072+0000] {dag.py:3239} INFO - Sync 1 DAGs
[2026-04-29T05:47:28.082+0000] {logging_mixin.py:190} INFO - [2026-04-29T05:47:28.082+0000] {dag.py:3262} INFO - Creating ORM DAG for example_dynamic_task_mapping_with_no_taskflow_operators
[2026-04-29T05:47:28.083+0000] {logging_mixin.py:190} INFO - [2026-04-29T05:47:28.083+0000] {dag.py:4180} INFO - Setting next_dagrun for example_dynamic_task_mapping_with_no_taskflow_operators to None, run_after=None
[2026-04-29T05:47:28.100+0000] {processor.py:208} INFO - Processing /home/ec2-user/environment/async-ai-inference-system/.venv/lib64/python3.9/site-packages/airflow/example_dags/example_dynamic_task_mapping_with_no_taskflow_operators.py took 0.321 seconds
[2026-04-29T05:50:23.936+0000] {processor.py:186} INFO - Started process (PID=10311) to work on /home/ec2-user/environment/async-ai-inference-system/.venv/lib64/python3.9/site-packages/airflow/example_dags/example_dynamic_task_mapping_with_no_taskflow_operators.py
[2026-04-29T05:50:23.937+0000] {processor.py:914} INFO - Processing file /home/ec2-user/environment/async-ai-inference-system/.venv/lib64/python3.9/site-packages/airflow/example_dags/example_dynamic_task_mapping_with_no_taskflow_operators.py for tasks to queue
[2026-04-29T05:50:23.939+0000] {logging_mixin.py:190} INFO - [2026-04-29T05:50:23.939+0000] {dagbag.py:588} INFO - Filling up the DagBag from /home/ec2-user/environment/async-ai-inference-system/.venv/lib64/python3.9/site-packages/airflow/example_dags/example_dynamic_task_mapping_with_no_taskflow_operators.py
[2026-04-29T05:50:23.947+0000] {processor.py:925} INFO - DAG(s) 'example_dynamic_task_mapping_with_no_taskflow_operators' retrieved from /home/ec2-user/environment/async-ai-inference-system/.venv/lib64/python3.9/site-packages/airflow/example_dags/example_dynamic_task_mapping_with_no_taskflow_operators.py
[2026-04-29T05:50:23.961+0000] {logging_mixin.py:190} INFO - [2026-04-29T05:50:23.961+0000] {dag.py:3239} INFO - Sync 1 DAGs
[2026-04-29T05:50:23.973+0000] {logging_mixin.py:190} INFO - [2026-04-29T05:50:23.973+0000] {dag.py:4180} INFO - Setting next_dagrun for example_dynamic_task_mapping_with_no_taskflow_operators to None, run_after=None
[2026-04-29T05:50:23.991+0000] {processor.py:208} INFO - Processing /home/ec2-user/environment/async-ai-inference-system/.venv/lib64/python3.9/site-packages/airflow/example_dags/example_dynamic_task_mapping_with_no_taskflow_operators.py took 0.060 seconds
[2026-04-29T05:51:24.658+0000] {processor.py:186} INFO - Started process (PID=10456) to work on /home/ec2-user/environment/async-ai-inference-system/.venv/lib64/python3.9/site-packages/airflow/example_dags/example_dynamic_task_mapping_with_no_taskflow_operators.py
[2026-04-29T05:51:24.659+0000] {processor.py:914} INFO - Processing file /home/ec2-user/environment/async-ai-inference-system/.venv/lib64/python3.9/site-packages/airflow/example_dags/example_dynamic_task_mapping_with_no_taskflow_operators.py for tasks to queue
[2026-04-29T05:51:24.661+0000] {logging_mixin.py:190} INFO - [2026-04-29T05:51:24.661+0000] {dagbag.py:588} INFO - Filling up the DagBag from /home/ec2-user/environment/async-ai-inference-system/.venv/lib64/python3.9/site-packages/airflow/example_dags/example_dynamic_task_mapping_with_no_taskflow_operators.py
[2026-04-29T05:51:24.669+0000] {processor.py:925} INFO - DAG(s) 'example_dynamic_task_mapping_with_no_taskflow_operators' retrieved from /home/ec2-user/environment/async-ai-inference-system/.venv/lib64/python3.9/site-packages/airflow/example_dags/example_dynamic_task_mapping_with_no_taskflow_operators.py
[2026-04-29T05:51:24.682+0000] {logging_mixin.py:190} INFO - [2026-04-29T05:51:24.682+0000] {dag.py:3239} INFO - Sync 1 DAGs
[2026-04-29T05:51:24.694+0000] {logging_mixin.py:190} INFO - [2026-04-29T05:51:24.694+0000] {dag.py:4180} INFO - Setting next_dagrun for example_dynamic_task_mapping_with_no_taskflow_operators to None, run_after=None
[2026-04-29T05:51:24.713+0000] {processor.py:208} INFO - Processing /home/ec2-user/environment/async-ai-inference-system/.venv/lib64/python3.9/site-packages/airflow/example_dags/example_dynamic_task_mapping_with_no_taskflow_operators.py took 0.060 seconds
[2026-04-29T05:52:22.167+0000] {processor.py:186} INFO - Started process (PID=10551) to work on /home/ec2-user/environment/async-ai-inference-system/.venv/lib64/python3.9/site-packages/airflow/example_dags/example_dynamic_task_mapping_with_no_taskflow_operators.py
[2026-04-29T05:52:22.169+0000] {processor.py:914} INFO - Processing file /home/ec2-user/environment/async-ai-inference-system/.venv/lib64/python3.9/site-packages/airflow/example_dags/example_dynamic_task_mapping_with_no_taskflow_operators.py for tasks to queue
[2026-04-29T05:52:22.170+0000] {logging_mixin.py:190} INFO - [2026-04-29T05:52:22.170+0000] {dagbag.py:588} INFO - Filling up the DagBag from /home/ec2-user/environment/async-ai-inference-system/.venv/lib64/python3.9/site-packages/airflow/example_dags/example_dynamic_task_mapping_with_no_taskflow_operators.py
[2026-04-29T05:52:22.178+0000] {processor.py:925} INFO - DAG(s) 'example_dynamic_task_mapping_with_no_taskflow_operators' retrieved from /home/ec2-user/environment/async-ai-inference-system/.venv/lib64/python3.9/site-packages/airflow/example_dags/example_dynamic_task_mapping_with_no_taskflow_operators.py
[2026-04-29T05:52:22.191+0000] {logging_mixin.py:190} INFO - [2026-04-29T05:52:22.191+0000] {dag.py:3239} INFO - Sync 1 DAGs
[2026-04-29T05:52:22.202+0000] {logging_mixin.py:190} INFO - [2026-04-29T05:52:22.202+0000] {dag.py:4180} INFO - Setting next_dagrun for example_dynamic_task_mapping_with_no_taskflow_operators to None, run_after=None
[2026-04-29T05:52:22.222+0000] {processor.py:208} INFO - Processing /home/ec2-user/environment/async-ai-inference-system/.venv/lib64/python3.9/site-packages/airflow/example_dags/example_dynamic_task_mapping_with_no_taskflow_operators.py took 0.060 seconds
