[2026-04-29T05:47:13.268+0000] {processor.py:186} INFO - Started process (PID=9952) to work on /home/ec2-user/environment/async-ai-inference-system/.venv/lib64/python3.9/site-packages/airflow/example_dags/example_branch_labels.py
[2026-04-29T05:47:13.268+0000] {processor.py:914} INFO - Processing file /home/ec2-user/environment/async-ai-inference-system/.venv/lib64/python3.9/site-packages/airflow/example_dags/example_branch_labels.py for tasks to queue
[2026-04-29T05:47:13.270+0000] {logging_mixin.py:190} INFO - [2026-04-29T05:47:13.270+0000] {dagbag.py:588} INFO - Filling up the DagBag from /home/ec2-user/environment/async-ai-inference-system/.venv/lib64/python3.9/site-packages/airflow/example_dags/example_branch_labels.py
[2026-04-29T05:47:13.279+0000] {processor.py:925} INFO - DAG(s) 'example_branch_labels' retrieved from /home/ec2-user/environment/async-ai-inference-system/.venv/lib64/python3.9/site-packages/airflow/example_dags/example_branch_labels.py
[2026-04-29T05:47:13.371+0000] {logging_mixin.py:190} INFO - [2026-04-29T05:47:13.371+0000] {override.py:1900} INFO - Created Permission View: can read on DAG:example_branch_labels
[2026-04-29T05:47:13.383+0000] {logging_mixin.py:190} INFO - [2026-04-29T05:47:13.383+0000] {override.py:1900} INFO - Created Permission View: can edit on DAG:example_branch_labels
[2026-04-29T05:47:13.391+0000] {logging_mixin.py:190} INFO - [2026-04-29T05:47:13.391+0000] {override.py:1900} INFO - Created Permission View: can delete on DAG:example_branch_labels
[2026-04-29T05:47:13.405+0000] {logging_mixin.py:190} INFO - [2026-04-29T05:47:13.404+0000] {override.py:1900} INFO - Created Permission View: can create on DAG Run:example_branch_labels
[2026-04-29T05:47:13.413+0000] {logging_mixin.py:190} INFO - [2026-04-29T05:47:13.413+0000] {override.py:1900} INFO - Created Permission View: can read on DAG Run:example_branch_labels
[2026-04-29T05:47:13.422+0000] {logging_mixin.py:190} INFO - [2026-04-29T05:47:13.421+0000] {override.py:1900} INFO - Created Permission View: menu access on DAG Run:example_branch_labels
[2026-04-29T05:47:13.430+0000] {logging_mixin.py:190} INFO - [2026-04-29T05:47:13.430+0000] {override.py:1900} INFO - Created Permission View: can delete on DAG Run:example_branch_labels
[2026-04-29T05:47:13.431+0000] {logging_mixin.py:190} INFO - [2026-04-29T05:47:13.430+0000] {dag.py:3239} INFO - Sync 1 DAGs
[2026-04-29T05:47:13.566+0000] {logging_mixin.py:190} INFO - [2026-04-29T05:47:13.566+0000] {dag.py:3262} INFO - Creating ORM DAG for example_branch_labels
[2026-04-29T05:47:13.574+0000] {logging_mixin.py:190} INFO - [2026-04-29T05:47:13.574+0000] {dag.py:4180} INFO - Setting next_dagrun for example_branch_labels to 2026-04-28 00:00:00+00:00, run_after=2026-04-29 00:00:00+00:00
[2026-04-29T05:47:13.591+0000] {processor.py:208} INFO - Processing /home/ec2-user/environment/async-ai-inference-system/.venv/lib64/python3.9/site-packages/airflow/example_dags/example_branch_labels.py took 0.329 seconds
[2026-04-29T05:50:13.538+0000] {processor.py:186} INFO - Started process (PID=10290) to work on /home/ec2-user/environment/async-ai-inference-system/.venv/lib64/python3.9/site-packages/airflow/example_dags/example_branch_labels.py
[2026-04-29T05:50:13.539+0000] {processor.py:914} INFO - Processing file /home/ec2-user/environment/async-ai-inference-system/.venv/lib64/python3.9/site-packages/airflow/example_dags/example_branch_labels.py for tasks to queue
[2026-04-29T05:50:13.541+0000] {logging_mixin.py:190} INFO - [2026-04-29T05:50:13.540+0000] {dagbag.py:588} INFO - Filling up the DagBag from /home/ec2-user/environment/async-ai-inference-system/.venv/lib64/python3.9/site-packages/airflow/example_dags/example_branch_labels.py
[2026-04-29T05:50:13.549+0000] {processor.py:925} INFO - DAG(s) 'example_branch_labels' retrieved from /home/ec2-user/environment/async-ai-inference-system/.venv/lib64/python3.9/site-packages/airflow/example_dags/example_branch_labels.py
[2026-04-29T05:50:13.565+0000] {logging_mixin.py:190} INFO - [2026-04-29T05:50:13.565+0000] {dag.py:3239} INFO - Sync 1 DAGs
[2026-04-29T05:50:13.584+0000] {logging_mixin.py:190} INFO - [2026-04-29T05:50:13.584+0000] {dag.py:4180} INFO - Setting next_dagrun for example_branch_labels to 2026-04-28 00:00:00+00:00, run_after=2026-04-29 00:00:00+00:00
[2026-04-29T05:50:13.603+0000] {processor.py:208} INFO - Processing /home/ec2-user/environment/async-ai-inference-system/.venv/lib64/python3.9/site-packages/airflow/example_dags/example_branch_labels.py took 0.071 seconds
[2026-04-29T05:51:13.020+0000] {processor.py:186} INFO - Started process (PID=10439) to work on /home/ec2-user/environment/async-ai-inference-system/.venv/lib64/python3.9/site-packages/airflow/example_dags/example_branch_labels.py
[2026-04-29T05:51:13.022+0000] {processor.py:914} INFO - Processing file /home/ec2-user/environment/async-ai-inference-system/.venv/lib64/python3.9/site-packages/airflow/example_dags/example_branch_labels.py for tasks to queue
[2026-04-29T05:51:13.024+0000] {logging_mixin.py:190} INFO - [2026-04-29T05:51:13.024+0000] {dagbag.py:588} INFO - Filling up the DagBag from /home/ec2-user/environment/async-ai-inference-system/.venv/lib64/python3.9/site-packages/airflow/example_dags/example_branch_labels.py
[2026-04-29T05:51:13.032+0000] {processor.py:925} INFO - DAG(s) 'example_branch_labels' retrieved from /home/ec2-user/environment/async-ai-inference-system/.venv/lib64/python3.9/site-packages/airflow/example_dags/example_branch_labels.py
[2026-04-29T05:51:13.047+0000] {logging_mixin.py:190} INFO - [2026-04-29T05:51:13.047+0000] {dag.py:3239} INFO - Sync 1 DAGs
[2026-04-29T05:51:13.065+0000] {logging_mixin.py:190} INFO - [2026-04-29T05:51:13.065+0000] {dag.py:4180} INFO - Setting next_dagrun for example_branch_labels to 2026-04-28 00:00:00+00:00, run_after=2026-04-29 00:00:00+00:00
[2026-04-29T05:51:13.208+0000] {processor.py:208} INFO - Processing /home/ec2-user/environment/async-ai-inference-system/.venv/lib64/python3.9/site-packages/airflow/example_dags/example_branch_labels.py took 0.193 seconds
[2026-04-29T05:52:09.899+0000] {processor.py:186} INFO - Started process (PID=10536) to work on /home/ec2-user/environment/async-ai-inference-system/.venv/lib64/python3.9/site-packages/airflow/example_dags/example_branch_labels.py
[2026-04-29T05:52:09.900+0000] {processor.py:914} INFO - Processing file /home/ec2-user/environment/async-ai-inference-system/.venv/lib64/python3.9/site-packages/airflow/example_dags/example_branch_labels.py for tasks to queue
[2026-04-29T05:52:09.902+0000] {logging_mixin.py:190} INFO - [2026-04-29T05:52:09.902+0000] {dagbag.py:588} INFO - Filling up the DagBag from /home/ec2-user/environment/async-ai-inference-system/.venv/lib64/python3.9/site-packages/airflow/example_dags/example_branch_labels.py
[2026-04-29T05:52:09.911+0000] {processor.py:925} INFO - DAG(s) 'example_branch_labels' retrieved from /home/ec2-user/environment/async-ai-inference-system/.venv/lib64/python3.9/site-packages/airflow/example_dags/example_branch_labels.py
[2026-04-29T05:52:09.926+0000] {logging_mixin.py:190} INFO - [2026-04-29T05:52:09.925+0000] {dag.py:3239} INFO - Sync 1 DAGs
[2026-04-29T05:52:09.945+0000] {logging_mixin.py:190} INFO - [2026-04-29T05:52:09.945+0000] {dag.py:4180} INFO - Setting next_dagrun for example_branch_labels to 2026-04-28 00:00:00+00:00, run_after=2026-04-29 00:00:00+00:00
[2026-04-29T05:52:09.963+0000] {processor.py:208} INFO - Processing /home/ec2-user/environment/async-ai-inference-system/.venv/lib64/python3.9/site-packages/airflow/example_dags/example_branch_labels.py took 0.070 seconds
