[2026-04-29T05:47:22.544+0000] {processor.py:186} INFO - Started process (PID=9969) to work on /home/ec2-user/environment/async-ai-inference-system/.venv/lib64/python3.9/site-packages/airflow/example_dags/example_dataset_alias_with_no_taskflow.py
[2026-04-29T05:47:22.544+0000] {processor.py:914} INFO - Processing file /home/ec2-user/environment/async-ai-inference-system/.venv/lib64/python3.9/site-packages/airflow/example_dags/example_dataset_alias_with_no_taskflow.py for tasks to queue
[2026-04-29T05:47:22.546+0000] {logging_mixin.py:190} INFO - [2026-04-29T05:47:22.546+0000] {dagbag.py:588} INFO - Filling up the DagBag from /home/ec2-user/environment/async-ai-inference-system/.venv/lib64/python3.9/site-packages/airflow/example_dags/example_dataset_alias_with_no_taskflow.py
[2026-04-29T05:47:22.562+0000] {processor.py:925} INFO - DAG(s) 'dataset_alias_example_alias_producer_with_no_taskflow', 'dataset_s3_bucket_producer_with_no_taskflow', 'dataset_alias_example_alias_consumer_with_no_taskflow', 'dataset_s3_bucket_consumer_with_no_taskflow' retrieved from /home/ec2-user/environment/async-ai-inference-system/.venv/lib64/python3.9/site-packages/airflow/example_dags/example_dataset_alias_with_no_taskflow.py
[2026-04-29T05:47:22.648+0000] {logging_mixin.py:190} INFO - [2026-04-29T05:47:22.648+0000] {override.py:1900} INFO - Created Permission View: can read on DAG:dataset_alias_example_alias_producer_with_no_taskflow
[2026-04-29T05:47:22.783+0000] {logging_mixin.py:190} INFO - [2026-04-29T05:47:22.782+0000] {override.py:1900} INFO - Created Permission View: can edit on DAG:dataset_alias_example_alias_producer_with_no_taskflow
[2026-04-29T05:47:22.792+0000] {logging_mixin.py:190} INFO - [2026-04-29T05:47:22.791+0000] {override.py:1900} INFO - Created Permission View: can delete on DAG:dataset_alias_example_alias_producer_with_no_taskflow
[2026-04-29T05:47:22.805+0000] {logging_mixin.py:190} INFO - [2026-04-29T05:47:22.805+0000] {override.py:1900} INFO - Created Permission View: can create on DAG Run:dataset_alias_example_alias_producer_with_no_taskflow
[2026-04-29T05:47:22.814+0000] {logging_mixin.py:190} INFO - [2026-04-29T05:47:22.813+0000] {override.py:1900} INFO - Created Permission View: can read on DAG Run:dataset_alias_example_alias_producer_with_no_taskflow
[2026-04-29T05:47:22.822+0000] {logging_mixin.py:190} INFO - [2026-04-29T05:47:22.822+0000] {override.py:1900} INFO - Created Permission View: menu access on DAG Run:dataset_alias_example_alias_producer_with_no_taskflow
[2026-04-29T05:47:22.830+0000] {logging_mixin.py:190} INFO - [2026-04-29T05:47:22.830+0000] {override.py:1900} INFO - Created Permission View: can delete on DAG Run:dataset_alias_example_alias_producer_with_no_taskflow
[2026-04-29T05:47:22.849+0000] {logging_mixin.py:190} INFO - [2026-04-29T05:47:22.849+0000] {override.py:1900} INFO - Created Permission View: can read on DAG:dataset_s3_bucket_producer_with_no_taskflow
[2026-04-29T05:47:22.858+0000] {logging_mixin.py:190} INFO - [2026-04-29T05:47:22.858+0000] {override.py:1900} INFO - Created Permission View: can edit on DAG:dataset_s3_bucket_producer_with_no_taskflow
[2026-04-29T05:47:22.866+0000] {logging_mixin.py:190} INFO - [2026-04-29T05:47:22.866+0000] {override.py:1900} INFO - Created Permission View: can delete on DAG:dataset_s3_bucket_producer_with_no_taskflow
[2026-04-29T05:47:22.880+0000] {logging_mixin.py:190} INFO - [2026-04-29T05:47:22.879+0000] {override.py:1900} INFO - Created Permission View: can create on DAG Run:dataset_s3_bucket_producer_with_no_taskflow
[2026-04-29T05:47:22.888+0000] {logging_mixin.py:190} INFO - [2026-04-29T05:47:22.888+0000] {override.py:1900} INFO - Created Permission View: can read on DAG Run:dataset_s3_bucket_producer_with_no_taskflow
[2026-04-29T05:47:22.897+0000] {logging_mixin.py:190} INFO - [2026-04-29T05:47:22.896+0000] {override.py:1900} INFO - Created Permission View: menu access on DAG Run:dataset_s3_bucket_producer_with_no_taskflow
[2026-04-29T05:47:22.905+0000] {logging_mixin.py:190} INFO - [2026-04-29T05:47:22.905+0000] {override.py:1900} INFO - Created Permission View: can delete on DAG Run:dataset_s3_bucket_producer_with_no_taskflow
[2026-04-29T05:47:22.924+0000] {logging_mixin.py:190} INFO - [2026-04-29T05:47:22.924+0000] {override.py:1900} INFO - Created Permission View: can read on DAG:dataset_alias_example_alias_consumer_with_no_taskflow
[2026-04-29T05:47:22.933+0000] {logging_mixin.py:190} INFO - [2026-04-29T05:47:22.932+0000] {override.py:1900} INFO - Created Permission View: can edit on DAG:dataset_alias_example_alias_consumer_with_no_taskflow
[2026-04-29T05:47:22.941+0000] {logging_mixin.py:190} INFO - [2026-04-29T05:47:22.941+0000] {override.py:1900} INFO - Created Permission View: can delete on DAG:dataset_alias_example_alias_consumer_with_no_taskflow
[2026-04-29T05:47:22.954+0000] {logging_mixin.py:190} INFO - [2026-04-29T05:47:22.954+0000] {override.py:1900} INFO - Created Permission View: can create on DAG Run:dataset_alias_example_alias_consumer_with_no_taskflow
[2026-04-29T05:47:22.963+0000] {logging_mixin.py:190} INFO - [2026-04-29T05:47:22.962+0000] {override.py:1900} INFO - Created Permission View: can read on DAG Run:dataset_alias_example_alias_consumer_with_no_taskflow
[2026-04-29T05:47:22.971+0000] {logging_mixin.py:190} INFO - [2026-04-29T05:47:22.971+0000] {override.py:1900} INFO - Created Permission View: menu access on DAG Run:dataset_alias_example_alias_consumer_with_no_taskflow
[2026-04-29T05:47:22.979+0000] {logging_mixin.py:190} INFO - [2026-04-29T05:47:22.979+0000] {override.py:1900} INFO - Created Permission View: can delete on DAG Run:dataset_alias_example_alias_consumer_with_no_taskflow
[2026-04-29T05:47:22.997+0000] {logging_mixin.py:190} INFO - [2026-04-29T05:47:22.997+0000] {override.py:1900} INFO - Created Permission View: can read on DAG:dataset_s3_bucket_consumer_with_no_taskflow
[2026-04-29T05:47:23.006+0000] {logging_mixin.py:190} INFO - [2026-04-29T05:47:23.005+0000] {override.py:1900} INFO - Created Permission View: can edit on DAG:dataset_s3_bucket_consumer_with_no_taskflow
[2026-04-29T05:47:23.014+0000] {logging_mixin.py:190} INFO - [2026-04-29T05:47:23.014+0000] {override.py:1900} INFO - Created Permission View: can delete on DAG:dataset_s3_bucket_consumer_with_no_taskflow
[2026-04-29T05:47:23.027+0000] {logging_mixin.py:190} INFO - [2026-04-29T05:47:23.026+0000] {override.py:1900} INFO - Created Permission View: can create on DAG Run:dataset_s3_bucket_consumer_with_no_taskflow
[2026-04-29T05:47:23.035+0000] {logging_mixin.py:190} INFO - [2026-04-29T05:47:23.035+0000] {override.py:1900} INFO - Created Permission View: can read on DAG Run:dataset_s3_bucket_consumer_with_no_taskflow
[2026-04-29T05:47:23.043+0000] {logging_mixin.py:190} INFO - [2026-04-29T05:47:23.043+0000] {override.py:1900} INFO - Created Permission View: menu access on DAG Run:dataset_s3_bucket_consumer_with_no_taskflow
[2026-04-29T05:47:23.051+0000] {logging_mixin.py:190} INFO - [2026-04-29T05:47:23.051+0000] {override.py:1900} INFO - Created Permission View: can delete on DAG Run:dataset_s3_bucket_consumer_with_no_taskflow
[2026-04-29T05:47:23.051+0000] {logging_mixin.py:190} INFO - [2026-04-29T05:47:23.051+0000] {dag.py:3239} INFO - Sync 4 DAGs
[2026-04-29T05:47:23.061+0000] {logging_mixin.py:190} INFO - [2026-04-29T05:47:23.061+0000] {dag.py:3262} INFO - Creating ORM DAG for dataset_s3_bucket_producer_with_no_taskflow
[2026-04-29T05:47:23.062+0000] {logging_mixin.py:190} INFO - [2026-04-29T05:47:23.062+0000] {dag.py:3262} INFO - Creating ORM DAG for dataset_alias_example_alias_consumer_with_no_taskflow
[2026-04-29T05:47:23.062+0000] {logging_mixin.py:190} INFO - [2026-04-29T05:47:23.062+0000] {dag.py:3262} INFO - Creating ORM DAG for dataset_s3_bucket_consumer_with_no_taskflow
[2026-04-29T05:47:23.063+0000] {logging_mixin.py:190} INFO - [2026-04-29T05:47:23.063+0000] {dag.py:3262} INFO - Creating ORM DAG for dataset_alias_example_alias_producer_with_no_taskflow
[2026-04-29T05:47:23.069+0000] {logging_mixin.py:190} INFO - [2026-04-29T05:47:23.069+0000] {dag.py:4180} INFO - Setting next_dagrun for dataset_alias_example_alias_consumer_with_no_taskflow to None, run_after=None
[2026-04-29T05:47:23.070+0000] {logging_mixin.py:190} INFO - [2026-04-29T05:47:23.069+0000] {dag.py:4180} INFO - Setting next_dagrun for dataset_alias_example_alias_producer_with_no_taskflow to None, run_after=None
[2026-04-29T05:47:23.070+0000] {logging_mixin.py:190} INFO - [2026-04-29T05:47:23.070+0000] {dag.py:4180} INFO - Setting next_dagrun for dataset_s3_bucket_consumer_with_no_taskflow to None, run_after=None
[2026-04-29T05:47:23.070+0000] {logging_mixin.py:190} INFO - [2026-04-29T05:47:23.070+0000] {dag.py:4180} INFO - Setting next_dagrun for dataset_s3_bucket_producer_with_no_taskflow to None, run_after=None
[2026-04-29T05:47:23.095+0000] {processor.py:208} INFO - Processing /home/ec2-user/environment/async-ai-inference-system/.venv/lib64/python3.9/site-packages/airflow/example_dags/example_dataset_alias_with_no_taskflow.py took 0.557 seconds
[2026-04-29T05:50:19.264+0000] {processor.py:186} INFO - Started process (PID=10297) to work on /home/ec2-user/environment/async-ai-inference-system/.venv/lib64/python3.9/site-packages/airflow/example_dags/example_dataset_alias_with_no_taskflow.py
[2026-04-29T05:50:19.265+0000] {processor.py:914} INFO - Processing file /home/ec2-user/environment/async-ai-inference-system/.venv/lib64/python3.9/site-packages/airflow/example_dags/example_dataset_alias_with_no_taskflow.py for tasks to queue
[2026-04-29T05:50:19.267+0000] {logging_mixin.py:190} INFO - [2026-04-29T05:50:19.267+0000] {dagbag.py:588} INFO - Filling up the DagBag from /home/ec2-user/environment/async-ai-inference-system/.venv/lib64/python3.9/site-packages/airflow/example_dags/example_dataset_alias_with_no_taskflow.py
[2026-04-29T05:50:19.287+0000] {processor.py:925} INFO - DAG(s) 'dataset_alias_example_alias_consumer_with_no_taskflow', 'dataset_s3_bucket_consumer_with_no_taskflow', 'dataset_alias_example_alias_producer_with_no_taskflow', 'dataset_s3_bucket_producer_with_no_taskflow' retrieved from /home/ec2-user/environment/async-ai-inference-system/.venv/lib64/python3.9/site-packages/airflow/example_dags/example_dataset_alias_with_no_taskflow.py
[2026-04-29T05:50:19.308+0000] {logging_mixin.py:190} INFO - [2026-04-29T05:50:19.308+0000] {dag.py:3239} INFO - Sync 4 DAGs
[2026-04-29T05:50:19.326+0000] {logging_mixin.py:190} INFO - [2026-04-29T05:50:19.326+0000] {dag.py:4180} INFO - Setting next_dagrun for dataset_alias_example_alias_consumer_with_no_taskflow to None, run_after=None
[2026-04-29T05:50:19.328+0000] {logging_mixin.py:190} INFO - [2026-04-29T05:50:19.328+0000] {dag.py:4180} INFO - Setting next_dagrun for dataset_alias_example_alias_producer_with_no_taskflow to None, run_after=None
[2026-04-29T05:50:19.329+0000] {logging_mixin.py:190} INFO - [2026-04-29T05:50:19.329+0000] {dag.py:4180} INFO - Setting next_dagrun for dataset_s3_bucket_consumer_with_no_taskflow to None, run_after=None
[2026-04-29T05:50:19.329+0000] {logging_mixin.py:190} INFO - [2026-04-29T05:50:19.329+0000] {dag.py:4180} INFO - Setting next_dagrun for dataset_s3_bucket_producer_with_no_taskflow to None, run_after=None
[2026-04-29T05:50:19.350+0000] {processor.py:208} INFO - Processing /home/ec2-user/environment/async-ai-inference-system/.venv/lib64/python3.9/site-packages/airflow/example_dags/example_dataset_alias_with_no_taskflow.py took 0.091 seconds
[2026-04-29T05:51:20.114+0000] {processor.py:186} INFO - Started process (PID=10446) to work on /home/ec2-user/environment/async-ai-inference-system/.venv/lib64/python3.9/site-packages/airflow/example_dags/example_dataset_alias_with_no_taskflow.py
[2026-04-29T05:51:20.115+0000] {processor.py:914} INFO - Processing file /home/ec2-user/environment/async-ai-inference-system/.venv/lib64/python3.9/site-packages/airflow/example_dags/example_dataset_alias_with_no_taskflow.py for tasks to queue
[2026-04-29T05:51:20.117+0000] {logging_mixin.py:190} INFO - [2026-04-29T05:51:20.116+0000] {dagbag.py:588} INFO - Filling up the DagBag from /home/ec2-user/environment/async-ai-inference-system/.venv/lib64/python3.9/site-packages/airflow/example_dags/example_dataset_alias_with_no_taskflow.py
[2026-04-29T05:51:20.137+0000] {processor.py:925} INFO - DAG(s) 'dataset_alias_example_alias_producer_with_no_taskflow', 'dataset_alias_example_alias_consumer_with_no_taskflow', 'dataset_s3_bucket_consumer_with_no_taskflow', 'dataset_s3_bucket_producer_with_no_taskflow' retrieved from /home/ec2-user/environment/async-ai-inference-system/.venv/lib64/python3.9/site-packages/airflow/example_dags/example_dataset_alias_with_no_taskflow.py
[2026-04-29T05:51:20.156+0000] {logging_mixin.py:190} INFO - [2026-04-29T05:51:20.156+0000] {dag.py:3239} INFO - Sync 4 DAGs
[2026-04-29T05:51:20.294+0000] {logging_mixin.py:190} INFO - [2026-04-29T05:51:20.293+0000] {dag.py:4180} INFO - Setting next_dagrun for dataset_alias_example_alias_consumer_with_no_taskflow to None, run_after=None
[2026-04-29T05:51:20.296+0000] {logging_mixin.py:190} INFO - [2026-04-29T05:51:20.296+0000] {dag.py:4180} INFO - Setting next_dagrun for dataset_alias_example_alias_producer_with_no_taskflow to None, run_after=None
[2026-04-29T05:51:20.297+0000] {logging_mixin.py:190} INFO - [2026-04-29T05:51:20.297+0000] {dag.py:4180} INFO - Setting next_dagrun for dataset_s3_bucket_consumer_with_no_taskflow to None, run_after=None
[2026-04-29T05:51:20.297+0000] {logging_mixin.py:190} INFO - [2026-04-29T05:51:20.297+0000] {dag.py:4180} INFO - Setting next_dagrun for dataset_s3_bucket_producer_with_no_taskflow to None, run_after=None
[2026-04-29T05:51:20.318+0000] {processor.py:208} INFO - Processing /home/ec2-user/environment/async-ai-inference-system/.venv/lib64/python3.9/site-packages/airflow/example_dags/example_dataset_alias_with_no_taskflow.py took 0.210 seconds
[2026-04-29T05:52:17.529+0000] {processor.py:186} INFO - Started process (PID=10547) to work on /home/ec2-user/environment/async-ai-inference-system/.venv/lib64/python3.9/site-packages/airflow/example_dags/example_dataset_alias_with_no_taskflow.py
[2026-04-29T05:52:17.531+0000] {processor.py:914} INFO - Processing file /home/ec2-user/environment/async-ai-inference-system/.venv/lib64/python3.9/site-packages/airflow/example_dags/example_dataset_alias_with_no_taskflow.py for tasks to queue
[2026-04-29T05:52:17.532+0000] {logging_mixin.py:190} INFO - [2026-04-29T05:52:17.532+0000] {dagbag.py:588} INFO - Filling up the DagBag from /home/ec2-user/environment/async-ai-inference-system/.venv/lib64/python3.9/site-packages/airflow/example_dags/example_dataset_alias_with_no_taskflow.py
[2026-04-29T05:52:17.552+0000] {processor.py:925} INFO - DAG(s) 'dataset_alias_example_alias_producer_with_no_taskflow', 'dataset_s3_bucket_producer_with_no_taskflow', 'dataset_s3_bucket_consumer_with_no_taskflow', 'dataset_alias_example_alias_consumer_with_no_taskflow' retrieved from /home/ec2-user/environment/async-ai-inference-system/.venv/lib64/python3.9/site-packages/airflow/example_dags/example_dataset_alias_with_no_taskflow.py
[2026-04-29T05:52:17.570+0000] {logging_mixin.py:190} INFO - [2026-04-29T05:52:17.570+0000] {dag.py:3239} INFO - Sync 4 DAGs
[2026-04-29T05:52:17.586+0000] {logging_mixin.py:190} INFO - [2026-04-29T05:52:17.586+0000] {dag.py:4180} INFO - Setting next_dagrun for dataset_alias_example_alias_consumer_with_no_taskflow to None, run_after=None
[2026-04-29T05:52:17.589+0000] {logging_mixin.py:190} INFO - [2026-04-29T05:52:17.589+0000] {dag.py:4180} INFO - Setting next_dagrun for dataset_alias_example_alias_producer_with_no_taskflow to None, run_after=None
[2026-04-29T05:52:17.590+0000] {logging_mixin.py:190} INFO - [2026-04-29T05:52:17.590+0000] {dag.py:4180} INFO - Setting next_dagrun for dataset_s3_bucket_consumer_with_no_taskflow to None, run_after=None
[2026-04-29T05:52:17.591+0000] {logging_mixin.py:190} INFO - [2026-04-29T05:52:17.591+0000] {dag.py:4180} INFO - Setting next_dagrun for dataset_s3_bucket_producer_with_no_taskflow to None, run_after=None
[2026-04-29T05:52:17.735+0000] {processor.py:208} INFO - Processing /home/ec2-user/environment/async-ai-inference-system/.venv/lib64/python3.9/site-packages/airflow/example_dags/example_dataset_alias_with_no_taskflow.py took 0.212 seconds
