[2026-04-29T05:47:24.891+0000] {processor.py:186} INFO - Started process (PID=9971) to work on /home/ec2-user/environment/async-ai-inference-system/.venv/lib64/python3.9/site-packages/airflow/example_dags/example_display_name.py
[2026-04-29T05:47:24.891+0000] {processor.py:914} INFO - Processing file /home/ec2-user/environment/async-ai-inference-system/.venv/lib64/python3.9/site-packages/airflow/example_dags/example_display_name.py for tasks to queue
[2026-04-29T05:47:24.893+0000] {logging_mixin.py:190} INFO - [2026-04-29T05:47:24.893+0000] {dagbag.py:588} INFO - Filling up the DagBag from /home/ec2-user/environment/async-ai-inference-system/.venv/lib64/python3.9/site-packages/airflow/example_dags/example_display_name.py
[2026-04-29T05:47:24.900+0000] {processor.py:925} INFO - DAG(s) 'example_display_name' retrieved from /home/ec2-user/environment/async-ai-inference-system/.venv/lib64/python3.9/site-packages/airflow/example_dags/example_display_name.py
[2026-04-29T05:47:24.994+0000] {logging_mixin.py:190} INFO - [2026-04-29T05:47:24.994+0000] {override.py:1900} INFO - Created Permission View: can read on DAG:example_display_name
[2026-04-29T05:47:25.129+0000] {logging_mixin.py:190} INFO - [2026-04-29T05:47:25.128+0000] {override.py:1900} INFO - Created Permission View: can edit on DAG:example_display_name
[2026-04-29T05:47:25.137+0000] {logging_mixin.py:190} INFO - [2026-04-29T05:47:25.137+0000] {override.py:1900} INFO - Created Permission View: can delete on DAG:example_display_name
[2026-04-29T05:47:25.150+0000] {logging_mixin.py:190} INFO - [2026-04-29T05:47:25.150+0000] {override.py:1900} INFO - Created Permission View: can create on DAG Run:example_display_name
[2026-04-29T05:47:25.158+0000] {logging_mixin.py:190} INFO - [2026-04-29T05:47:25.158+0000] {override.py:1900} INFO - Created Permission View: can read on DAG Run:example_display_name
[2026-04-29T05:47:25.166+0000] {logging_mixin.py:190} INFO - [2026-04-29T05:47:25.166+0000] {override.py:1900} INFO - Created Permission View: menu access on DAG Run:example_display_name
[2026-04-29T05:47:25.175+0000] {logging_mixin.py:190} INFO - [2026-04-29T05:47:25.174+0000] {override.py:1900} INFO - Created Permission View: can delete on DAG Run:example_display_name
[2026-04-29T05:47:25.175+0000] {logging_mixin.py:190} INFO - [2026-04-29T05:47:25.175+0000] {dag.py:3239} INFO - Sync 1 DAGs
[2026-04-29T05:47:25.185+0000] {logging_mixin.py:190} INFO - [2026-04-29T05:47:25.185+0000] {dag.py:3262} INFO - Creating ORM DAG for example_display_name
[2026-04-29T05:47:25.185+0000] {logging_mixin.py:190} INFO - [2026-04-29T05:47:25.185+0000] {dag.py:4180} INFO - Setting next_dagrun for example_display_name to None, run_after=None
[2026-04-29T05:47:25.203+0000] {processor.py:208} INFO - Processing /home/ec2-user/environment/async-ai-inference-system/.venv/lib64/python3.9/site-packages/airflow/example_dags/example_display_name.py took 0.318 seconds
[2026-04-29T05:50:21.658+0000] {processor.py:186} INFO - Started process (PID=10305) to work on /home/ec2-user/environment/async-ai-inference-system/.venv/lib64/python3.9/site-packages/airflow/example_dags/example_display_name.py
[2026-04-29T05:50:21.659+0000] {processor.py:914} INFO - Processing file /home/ec2-user/environment/async-ai-inference-system/.venv/lib64/python3.9/site-packages/airflow/example_dags/example_display_name.py for tasks to queue
[2026-04-29T05:50:21.661+0000] {logging_mixin.py:190} INFO - [2026-04-29T05:50:21.661+0000] {dagbag.py:588} INFO - Filling up the DagBag from /home/ec2-user/environment/async-ai-inference-system/.venv/lib64/python3.9/site-packages/airflow/example_dags/example_display_name.py
[2026-04-29T05:50:21.668+0000] {processor.py:925} INFO - DAG(s) 'example_display_name' retrieved from /home/ec2-user/environment/async-ai-inference-system/.venv/lib64/python3.9/site-packages/airflow/example_dags/example_display_name.py
[2026-04-29T05:50:21.682+0000] {logging_mixin.py:190} INFO - [2026-04-29T05:50:21.682+0000] {dag.py:3239} INFO - Sync 1 DAGs
[2026-04-29T05:50:21.694+0000] {logging_mixin.py:190} INFO - [2026-04-29T05:50:21.694+0000] {dag.py:4180} INFO - Setting next_dagrun for example_display_name to None, run_after=None
[2026-04-29T05:50:21.713+0000] {processor.py:208} INFO - Processing /home/ec2-user/environment/async-ai-inference-system/.venv/lib64/python3.9/site-packages/airflow/example_dags/example_display_name.py took 0.061 seconds
[2026-04-29T05:51:22.370+0000] {processor.py:186} INFO - Started process (PID=10448) to work on /home/ec2-user/environment/async-ai-inference-system/.venv/lib64/python3.9/site-packages/airflow/example_dags/example_display_name.py
[2026-04-29T05:51:22.371+0000] {processor.py:914} INFO - Processing file /home/ec2-user/environment/async-ai-inference-system/.venv/lib64/python3.9/site-packages/airflow/example_dags/example_display_name.py for tasks to queue
[2026-04-29T05:51:22.373+0000] {logging_mixin.py:190} INFO - [2026-04-29T05:51:22.372+0000] {dagbag.py:588} INFO - Filling up the DagBag from /home/ec2-user/environment/async-ai-inference-system/.venv/lib64/python3.9/site-packages/airflow/example_dags/example_display_name.py
[2026-04-29T05:51:22.380+0000] {processor.py:925} INFO - DAG(s) 'example_display_name' retrieved from /home/ec2-user/environment/async-ai-inference-system/.venv/lib64/python3.9/site-packages/airflow/example_dags/example_display_name.py
[2026-04-29T05:51:22.393+0000] {logging_mixin.py:190} INFO - [2026-04-29T05:51:22.393+0000] {dag.py:3239} INFO - Sync 1 DAGs
[2026-04-29T05:51:22.405+0000] {logging_mixin.py:190} INFO - [2026-04-29T05:51:22.405+0000] {dag.py:4180} INFO - Setting next_dagrun for example_display_name to None, run_after=None
[2026-04-29T05:51:22.425+0000] {processor.py:208} INFO - Processing /home/ec2-user/environment/async-ai-inference-system/.venv/lib64/python3.9/site-packages/airflow/example_dags/example_display_name.py took 0.061 seconds
[2026-04-29T05:52:20.220+0000] {processor.py:186} INFO - Started process (PID=10549) to work on /home/ec2-user/environment/async-ai-inference-system/.venv/lib64/python3.9/site-packages/airflow/example_dags/example_display_name.py
[2026-04-29T05:52:20.221+0000] {processor.py:914} INFO - Processing file /home/ec2-user/environment/async-ai-inference-system/.venv/lib64/python3.9/site-packages/airflow/example_dags/example_display_name.py for tasks to queue
[2026-04-29T05:52:20.223+0000] {logging_mixin.py:190} INFO - [2026-04-29T05:52:20.222+0000] {dagbag.py:588} INFO - Filling up the DagBag from /home/ec2-user/environment/async-ai-inference-system/.venv/lib64/python3.9/site-packages/airflow/example_dags/example_display_name.py
[2026-04-29T05:52:20.230+0000] {processor.py:925} INFO - DAG(s) 'example_display_name' retrieved from /home/ec2-user/environment/async-ai-inference-system/.venv/lib64/python3.9/site-packages/airflow/example_dags/example_display_name.py
[2026-04-29T05:52:20.243+0000] {logging_mixin.py:190} INFO - [2026-04-29T05:52:20.243+0000] {dag.py:3239} INFO - Sync 1 DAGs
[2026-04-29T05:52:20.254+0000] {logging_mixin.py:190} INFO - [2026-04-29T05:52:20.254+0000] {dag.py:4180} INFO - Setting next_dagrun for example_display_name to None, run_after=None
[2026-04-29T05:52:20.275+0000] {processor.py:208} INFO - Processing /home/ec2-user/environment/async-ai-inference-system/.venv/lib64/python3.9/site-packages/airflow/example_dags/example_display_name.py took 0.060 seconds
