[2026-04-29T05:46:47.884+0000] {processor.py:186} INFO - Started process (PID=9912) to work on /home/ec2-user/environment/async-ai-inference-system/.venv/lib64/python3.9/site-packages/airflow/example_dags/example_task_group_decorator.py
[2026-04-29T05:46:47.884+0000] {processor.py:914} INFO - Processing file /home/ec2-user/environment/async-ai-inference-system/.venv/lib64/python3.9/site-packages/airflow/example_dags/example_task_group_decorator.py for tasks to queue
[2026-04-29T05:46:47.886+0000] {logging_mixin.py:190} INFO - [2026-04-29T05:46:47.886+0000] {dagbag.py:588} INFO - Filling up the DagBag from /home/ec2-user/environment/async-ai-inference-system/.venv/lib64/python3.9/site-packages/airflow/example_dags/example_task_group_decorator.py
[2026-04-29T05:46:47.901+0000] {processor.py:925} INFO - DAG(s) 'example_task_group_decorator' retrieved from /home/ec2-user/environment/async-ai-inference-system/.venv/lib64/python3.9/site-packages/airflow/example_dags/example_task_group_decorator.py
[2026-04-29T05:46:48.003+0000] {logging_mixin.py:190} INFO - [2026-04-29T05:46:48.002+0000] {override.py:1900} INFO - Created Permission View: can read on DAG:example_task_group_decorator
[2026-04-29T05:46:48.014+0000] {logging_mixin.py:190} INFO - [2026-04-29T05:46:48.014+0000] {override.py:1900} INFO - Created Permission View: can edit on DAG:example_task_group_decorator
[2026-04-29T05:46:48.023+0000] {logging_mixin.py:190} INFO - [2026-04-29T05:46:48.023+0000] {override.py:1900} INFO - Created Permission View: can delete on DAG:example_task_group_decorator
[2026-04-29T05:46:48.037+0000] {logging_mixin.py:190} INFO - [2026-04-29T05:46:48.036+0000] {override.py:1900} INFO - Created Permission View: can create on DAG Run:example_task_group_decorator
[2026-04-29T05:46:48.045+0000] {logging_mixin.py:190} INFO - [2026-04-29T05:46:48.045+0000] {override.py:1900} INFO - Created Permission View: can read on DAG Run:example_task_group_decorator
[2026-04-29T05:46:48.054+0000] {logging_mixin.py:190} INFO - [2026-04-29T05:46:48.053+0000] {override.py:1900} INFO - Created Permission View: menu access on DAG Run:example_task_group_decorator
[2026-04-29T05:46:48.062+0000] {logging_mixin.py:190} INFO - [2026-04-29T05:46:48.062+0000] {override.py:1900} INFO - Created Permission View: can delete on DAG Run:example_task_group_decorator
[2026-04-29T05:46:48.063+0000] {logging_mixin.py:190} INFO - [2026-04-29T05:46:48.063+0000] {dag.py:3239} INFO - Sync 1 DAGs
[2026-04-29T05:46:48.075+0000] {logging_mixin.py:190} INFO - [2026-04-29T05:46:48.075+0000] {dag.py:3262} INFO - Creating ORM DAG for example_task_group_decorator
[2026-04-29T05:46:48.075+0000] {logging_mixin.py:190} INFO - [2026-04-29T05:46:48.075+0000] {dag.py:4180} INFO - Setting next_dagrun for example_task_group_decorator to None, run_after=None
[2026-04-29T05:46:48.217+0000] {processor.py:208} INFO - Processing /home/ec2-user/environment/async-ai-inference-system/.venv/lib64/python3.9/site-packages/airflow/example_dags/example_task_group_decorator.py took 0.339 seconds
[2026-04-29T05:49:52.888+0000] {processor.py:186} INFO - Started process (PID=10219) to work on /home/ec2-user/environment/async-ai-inference-system/.venv/lib64/python3.9/site-packages/airflow/example_dags/example_task_group_decorator.py
[2026-04-29T05:49:52.890+0000] {processor.py:914} INFO - Processing file /home/ec2-user/environment/async-ai-inference-system/.venv/lib64/python3.9/site-packages/airflow/example_dags/example_task_group_decorator.py for tasks to queue
[2026-04-29T05:49:52.892+0000] {logging_mixin.py:190} INFO - [2026-04-29T05:49:52.892+0000] {dagbag.py:588} INFO - Filling up the DagBag from /home/ec2-user/environment/async-ai-inference-system/.venv/lib64/python3.9/site-packages/airflow/example_dags/example_task_group_decorator.py
[2026-04-29T05:49:52.912+0000] {processor.py:925} INFO - DAG(s) 'example_task_group_decorator' retrieved from /home/ec2-user/environment/async-ai-inference-system/.venv/lib64/python3.9/site-packages/airflow/example_dags/example_task_group_decorator.py
[2026-04-29T05:49:52.938+0000] {logging_mixin.py:190} INFO - [2026-04-29T05:49:52.938+0000] {dag.py:3239} INFO - Sync 1 DAGs
[2026-04-29T05:49:52.950+0000] {logging_mixin.py:190} INFO - [2026-04-29T05:49:52.950+0000] {dag.py:4180} INFO - Setting next_dagrun for example_task_group_decorator to None, run_after=None
[2026-04-29T05:49:52.969+0000] {processor.py:208} INFO - Processing /home/ec2-user/environment/async-ai-inference-system/.venv/lib64/python3.9/site-packages/airflow/example_dags/example_task_group_decorator.py took 0.089 seconds
[2026-04-29T05:50:51.059+0000] {processor.py:186} INFO - Started process (PID=10343) to work on /home/ec2-user/environment/async-ai-inference-system/.venv/lib64/python3.9/site-packages/airflow/example_dags/example_task_group_decorator.py
[2026-04-29T05:50:51.060+0000] {processor.py:914} INFO - Processing file /home/ec2-user/environment/async-ai-inference-system/.venv/lib64/python3.9/site-packages/airflow/example_dags/example_task_group_decorator.py for tasks to queue
[2026-04-29T05:50:51.062+0000] {logging_mixin.py:190} INFO - [2026-04-29T05:50:51.062+0000] {dagbag.py:588} INFO - Filling up the DagBag from /home/ec2-user/environment/async-ai-inference-system/.venv/lib64/python3.9/site-packages/airflow/example_dags/example_task_group_decorator.py
[2026-04-29T05:50:51.076+0000] {processor.py:925} INFO - DAG(s) 'example_task_group_decorator' retrieved from /home/ec2-user/environment/async-ai-inference-system/.venv/lib64/python3.9/site-packages/airflow/example_dags/example_task_group_decorator.py
[2026-04-29T05:50:51.096+0000] {logging_mixin.py:190} INFO - [2026-04-29T05:50:51.096+0000] {dag.py:3239} INFO - Sync 1 DAGs
[2026-04-29T05:50:51.107+0000] {logging_mixin.py:190} INFO - [2026-04-29T05:50:51.107+0000] {dag.py:4180} INFO - Setting next_dagrun for example_task_group_decorator to None, run_after=None
[2026-04-29T05:50:51.126+0000] {processor.py:208} INFO - Processing /home/ec2-user/environment/async-ai-inference-system/.venv/lib64/python3.9/site-packages/airflow/example_dags/example_task_group_decorator.py took 0.072 seconds
[2026-04-29T05:51:49.980+0000] {processor.py:186} INFO - Started process (PID=10491) to work on /home/ec2-user/environment/async-ai-inference-system/.venv/lib64/python3.9/site-packages/airflow/example_dags/example_task_group_decorator.py
[2026-04-29T05:51:49.982+0000] {processor.py:914} INFO - Processing file /home/ec2-user/environment/async-ai-inference-system/.venv/lib64/python3.9/site-packages/airflow/example_dags/example_task_group_decorator.py for tasks to queue
[2026-04-29T05:51:49.984+0000] {logging_mixin.py:190} INFO - [2026-04-29T05:51:49.983+0000] {dagbag.py:588} INFO - Filling up the DagBag from /home/ec2-user/environment/async-ai-inference-system/.venv/lib64/python3.9/site-packages/airflow/example_dags/example_task_group_decorator.py
[2026-04-29T05:51:49.998+0000] {processor.py:925} INFO - DAG(s) 'example_task_group_decorator' retrieved from /home/ec2-user/environment/async-ai-inference-system/.venv/lib64/python3.9/site-packages/airflow/example_dags/example_task_group_decorator.py
[2026-04-29T05:51:50.017+0000] {logging_mixin.py:190} INFO - [2026-04-29T05:51:50.017+0000] {dag.py:3239} INFO - Sync 1 DAGs
[2026-04-29T05:51:50.028+0000] {logging_mixin.py:190} INFO - [2026-04-29T05:51:50.028+0000] {dag.py:4180} INFO - Setting next_dagrun for example_task_group_decorator to None, run_after=None
[2026-04-29T05:51:50.046+0000] {processor.py:208} INFO - Processing /home/ec2-user/environment/async-ai-inference-system/.venv/lib64/python3.9/site-packages/airflow/example_dags/example_task_group_decorator.py took 0.071 seconds
