[2026-04-29T05:46:53.052+0000] {processor.py:186} INFO - Started process (PID=9916) to work on /home/ec2-user/environment/async-ai-inference-system/.venv/lib64/python3.9/site-packages/airflow/example_dags/example_workday_timetable.py
[2026-04-29T05:46:53.052+0000] {processor.py:914} INFO - Processing file /home/ec2-user/environment/async-ai-inference-system/.venv/lib64/python3.9/site-packages/airflow/example_dags/example_workday_timetable.py for tasks to queue
[2026-04-29T05:46:53.054+0000] {logging_mixin.py:190} INFO - [2026-04-29T05:46:53.054+0000] {dagbag.py:588} INFO - Filling up the DagBag from /home/ec2-user/environment/async-ai-inference-system/.venv/lib64/python3.9/site-packages/airflow/example_dags/example_workday_timetable.py
[2026-04-29T05:46:53.060+0000] {processor.py:925} INFO - DAG(s) 'example_workday_timetable' retrieved from /home/ec2-user/environment/async-ai-inference-system/.venv/lib64/python3.9/site-packages/airflow/example_dags/example_workday_timetable.py
[2026-04-29T05:46:53.154+0000] {logging_mixin.py:190} INFO - [2026-04-29T05:46:53.153+0000] {override.py:1900} INFO - Created Permission View: can read on DAG:example_workday_timetable
[2026-04-29T05:46:53.165+0000] {logging_mixin.py:190} INFO - [2026-04-29T05:46:53.165+0000] {override.py:1900} INFO - Created Permission View: can edit on DAG:example_workday_timetable
[2026-04-29T05:46:53.174+0000] {logging_mixin.py:190} INFO - [2026-04-29T05:46:53.174+0000] {override.py:1900} INFO - Created Permission View: can delete on DAG:example_workday_timetable
[2026-04-29T05:46:53.187+0000] {logging_mixin.py:190} INFO - [2026-04-29T05:46:53.187+0000] {override.py:1900} INFO - Created Permission View: can create on DAG Run:example_workday_timetable
[2026-04-29T05:46:53.196+0000] {logging_mixin.py:190} INFO - [2026-04-29T05:46:53.196+0000] {override.py:1900} INFO - Created Permission View: can read on DAG Run:example_workday_timetable
[2026-04-29T05:46:53.204+0000] {logging_mixin.py:190} INFO - [2026-04-29T05:46:53.204+0000] {override.py:1900} INFO - Created Permission View: menu access on DAG Run:example_workday_timetable
[2026-04-29T05:46:53.213+0000] {logging_mixin.py:190} INFO - [2026-04-29T05:46:53.212+0000] {override.py:1900} INFO - Created Permission View: can delete on DAG Run:example_workday_timetable
[2026-04-29T05:46:53.213+0000] {logging_mixin.py:190} INFO - [2026-04-29T05:46:53.213+0000] {dag.py:3239} INFO - Sync 1 DAGs
[2026-04-29T05:46:53.224+0000] {logging_mixin.py:190} INFO - [2026-04-29T05:46:53.224+0000] {dag.py:3262} INFO - Creating ORM DAG for example_workday_timetable
[2026-04-29T05:46:53.385+0000] {logging_mixin.py:190} INFO - [2026-04-29T05:46:53.385+0000] {dag.py:4180} INFO - Setting next_dagrun for example_workday_timetable to 2021-01-04 00:00:00+00:00, run_after=2021-01-05 00:00:00+00:00
[2026-04-29T05:46:53.406+0000] {processor.py:208} INFO - Processing /home/ec2-user/environment/async-ai-inference-system/.venv/lib64/python3.9/site-packages/airflow/example_dags/example_workday_timetable.py took 0.360 seconds
[2026-04-29T05:49:57.176+0000] {processor.py:186} INFO - Started process (PID=10257) to work on /home/ec2-user/environment/async-ai-inference-system/.venv/lib64/python3.9/site-packages/airflow/example_dags/example_workday_timetable.py
[2026-04-29T05:49:57.177+0000] {processor.py:914} INFO - Processing file /home/ec2-user/environment/async-ai-inference-system/.venv/lib64/python3.9/site-packages/airflow/example_dags/example_workday_timetable.py for tasks to queue
[2026-04-29T05:49:57.180+0000] {logging_mixin.py:190} INFO - [2026-04-29T05:49:57.179+0000] {dagbag.py:588} INFO - Filling up the DagBag from /home/ec2-user/environment/async-ai-inference-system/.venv/lib64/python3.9/site-packages/airflow/example_dags/example_workday_timetable.py
[2026-04-29T05:49:57.185+0000] {processor.py:925} INFO - DAG(s) 'example_workday_timetable' retrieved from /home/ec2-user/environment/async-ai-inference-system/.venv/lib64/python3.9/site-packages/airflow/example_dags/example_workday_timetable.py
[2026-04-29T05:49:57.199+0000] {logging_mixin.py:190} INFO - [2026-04-29T05:49:57.199+0000] {dag.py:3239} INFO - Sync 1 DAGs
[2026-04-29T05:49:57.250+0000] {logging_mixin.py:190} INFO - [2026-04-29T05:49:57.250+0000] {dag.py:4180} INFO - Setting next_dagrun for example_workday_timetable to 2021-01-04 00:00:00+00:00, run_after=2021-01-05 00:00:00+00:00
[2026-04-29T05:49:57.386+0000] {processor.py:208} INFO - Processing /home/ec2-user/environment/async-ai-inference-system/.venv/lib64/python3.9/site-packages/airflow/example_dags/example_workday_timetable.py took 0.216 seconds
[2026-04-29T05:50:55.628+0000] {processor.py:186} INFO - Started process (PID=10357) to work on /home/ec2-user/environment/async-ai-inference-system/.venv/lib64/python3.9/site-packages/airflow/example_dags/example_workday_timetable.py
[2026-04-29T05:50:55.629+0000] {processor.py:914} INFO - Processing file /home/ec2-user/environment/async-ai-inference-system/.venv/lib64/python3.9/site-packages/airflow/example_dags/example_workday_timetable.py for tasks to queue
[2026-04-29T05:50:55.631+0000] {logging_mixin.py:190} INFO - [2026-04-29T05:50:55.631+0000] {dagbag.py:588} INFO - Filling up the DagBag from /home/ec2-user/environment/async-ai-inference-system/.venv/lib64/python3.9/site-packages/airflow/example_dags/example_workday_timetable.py
[2026-04-29T05:50:55.637+0000] {processor.py:925} INFO - DAG(s) 'example_workday_timetable' retrieved from /home/ec2-user/environment/async-ai-inference-system/.venv/lib64/python3.9/site-packages/airflow/example_dags/example_workday_timetable.py
[2026-04-29T05:50:55.650+0000] {logging_mixin.py:190} INFO - [2026-04-29T05:50:55.650+0000] {dag.py:3239} INFO - Sync 1 DAGs
[2026-04-29T05:50:55.700+0000] {logging_mixin.py:190} INFO - [2026-04-29T05:50:55.700+0000] {dag.py:4180} INFO - Setting next_dagrun for example_workday_timetable to 2021-01-04 00:00:00+00:00, run_after=2021-01-05 00:00:00+00:00
[2026-04-29T05:50:55.720+0000] {processor.py:208} INFO - Processing /home/ec2-user/environment/async-ai-inference-system/.venv/lib64/python3.9/site-packages/airflow/example_dags/example_workday_timetable.py took 0.098 seconds
[2026-04-29T05:51:53.301+0000] {processor.py:186} INFO - Started process (PID=10495) to work on /home/ec2-user/environment/async-ai-inference-system/.venv/lib64/python3.9/site-packages/airflow/example_dags/example_workday_timetable.py
[2026-04-29T05:51:53.303+0000] {processor.py:914} INFO - Processing file /home/ec2-user/environment/async-ai-inference-system/.venv/lib64/python3.9/site-packages/airflow/example_dags/example_workday_timetable.py for tasks to queue
[2026-04-29T05:51:53.304+0000] {logging_mixin.py:190} INFO - [2026-04-29T05:51:53.304+0000] {dagbag.py:588} INFO - Filling up the DagBag from /home/ec2-user/environment/async-ai-inference-system/.venv/lib64/python3.9/site-packages/airflow/example_dags/example_workday_timetable.py
[2026-04-29T05:51:53.310+0000] {processor.py:925} INFO - DAG(s) 'example_workday_timetable' retrieved from /home/ec2-user/environment/async-ai-inference-system/.venv/lib64/python3.9/site-packages/airflow/example_dags/example_workday_timetable.py
[2026-04-29T05:51:53.323+0000] {logging_mixin.py:190} INFO - [2026-04-29T05:51:53.323+0000] {dag.py:3239} INFO - Sync 1 DAGs
[2026-04-29T05:51:53.372+0000] {logging_mixin.py:190} INFO - [2026-04-29T05:51:53.372+0000] {dag.py:4180} INFO - Setting next_dagrun for example_workday_timetable to 2021-01-04 00:00:00+00:00, run_after=2021-01-05 00:00:00+00:00
[2026-04-29T05:51:53.391+0000] {processor.py:208} INFO - Processing /home/ec2-user/environment/async-ai-inference-system/.venv/lib64/python3.9/site-packages/airflow/example_dags/example_workday_timetable.py took 0.096 seconds
