[2026-04-29T05:47:07.393+0000] {processor.py:186} INFO - Started process (PID=9947) to work on /home/ec2-user/environment/async-ai-inference-system/.venv/lib64/python3.9/site-packages/airflow/example_dags/example_bash_decorator.py
[2026-04-29T05:47:07.394+0000] {processor.py:914} INFO - Processing file /home/ec2-user/environment/async-ai-inference-system/.venv/lib64/python3.9/site-packages/airflow/example_dags/example_bash_decorator.py for tasks to queue
[2026-04-29T05:47:07.396+0000] {logging_mixin.py:190} INFO - [2026-04-29T05:47:07.395+0000] {dagbag.py:588} INFO - Filling up the DagBag from /home/ec2-user/environment/async-ai-inference-system/.venv/lib64/python3.9/site-packages/airflow/example_dags/example_bash_decorator.py
[2026-04-29T05:47:07.410+0000] {processor.py:925} INFO - DAG(s) 'example_bash_decorator' retrieved from /home/ec2-user/environment/async-ai-inference-system/.venv/lib64/python3.9/site-packages/airflow/example_dags/example_bash_decorator.py
[2026-04-29T05:47:07.508+0000] {logging_mixin.py:190} INFO - [2026-04-29T05:47:07.508+0000] {override.py:1900} INFO - Created Permission View: can read on DAG:example_bash_decorator
[2026-04-29T05:47:07.520+0000] {logging_mixin.py:190} INFO - [2026-04-29T05:47:07.520+0000] {override.py:1900} INFO - Created Permission View: can edit on DAG:example_bash_decorator
[2026-04-29T05:47:07.529+0000] {logging_mixin.py:190} INFO - [2026-04-29T05:47:07.529+0000] {override.py:1900} INFO - Created Permission View: can delete on DAG:example_bash_decorator
[2026-04-29T05:47:07.543+0000] {logging_mixin.py:190} INFO - [2026-04-29T05:47:07.543+0000] {override.py:1900} INFO - Created Permission View: can create on DAG Run:example_bash_decorator
[2026-04-29T05:47:07.552+0000] {logging_mixin.py:190} INFO - [2026-04-29T05:47:07.552+0000] {override.py:1900} INFO - Created Permission View: can read on DAG Run:example_bash_decorator
[2026-04-29T05:47:07.560+0000] {logging_mixin.py:190} INFO - [2026-04-29T05:47:07.560+0000] {override.py:1900} INFO - Created Permission View: menu access on DAG Run:example_bash_decorator
[2026-04-29T05:47:07.569+0000] {logging_mixin.py:190} INFO - [2026-04-29T05:47:07.569+0000] {override.py:1900} INFO - Created Permission View: can delete on DAG Run:example_bash_decorator
[2026-04-29T05:47:07.569+0000] {logging_mixin.py:190} INFO - [2026-04-29T05:47:07.569+0000] {dag.py:3239} INFO - Sync 1 DAGs
[2026-04-29T05:47:07.709+0000] {logging_mixin.py:190} INFO - [2026-04-29T05:47:07.709+0000] {dag.py:3262} INFO - Creating ORM DAG for example_bash_decorator
[2026-04-29T05:47:07.710+0000] {logging_mixin.py:190} INFO - [2026-04-29T05:47:07.710+0000] {dag.py:4180} INFO - Setting next_dagrun for example_bash_decorator to None, run_after=None
[2026-04-29T05:47:07.727+0000] {processor.py:208} INFO - Processing /home/ec2-user/environment/async-ai-inference-system/.venv/lib64/python3.9/site-packages/airflow/example_dags/example_bash_decorator.py took 0.340 seconds
[2026-04-29T05:50:08.766+0000] {processor.py:186} INFO - Started process (PID=10286) to work on /home/ec2-user/environment/async-ai-inference-system/.venv/lib64/python3.9/site-packages/airflow/example_dags/example_bash_decorator.py
[2026-04-29T05:50:08.767+0000] {processor.py:914} INFO - Processing file /home/ec2-user/environment/async-ai-inference-system/.venv/lib64/python3.9/site-packages/airflow/example_dags/example_bash_decorator.py for tasks to queue
[2026-04-29T05:50:08.769+0000] {logging_mixin.py:190} INFO - [2026-04-29T05:50:08.769+0000] {dagbag.py:588} INFO - Filling up the DagBag from /home/ec2-user/environment/async-ai-inference-system/.venv/lib64/python3.9/site-packages/airflow/example_dags/example_bash_decorator.py
[2026-04-29T05:50:08.782+0000] {processor.py:925} INFO - DAG(s) 'example_bash_decorator' retrieved from /home/ec2-user/environment/async-ai-inference-system/.venv/lib64/python3.9/site-packages/airflow/example_dags/example_bash_decorator.py
[2026-04-29T05:50:08.875+0000] {logging_mixin.py:190} INFO - [2026-04-29T05:50:08.874+0000] {dag.py:3239} INFO - Sync 1 DAGs
[2026-04-29T05:50:09.009+0000] {logging_mixin.py:190} INFO - [2026-04-29T05:50:09.009+0000] {dag.py:4180} INFO - Setting next_dagrun for example_bash_decorator to None, run_after=None
[2026-04-29T05:50:09.027+0000] {processor.py:208} INFO - Processing /home/ec2-user/environment/async-ai-inference-system/.venv/lib64/python3.9/site-packages/airflow/example_dags/example_bash_decorator.py took 0.266 seconds
[2026-04-29T05:51:08.795+0000] {processor.py:186} INFO - Started process (PID=10431) to work on /home/ec2-user/environment/async-ai-inference-system/.venv/lib64/python3.9/site-packages/airflow/example_dags/example_bash_decorator.py
[2026-04-29T05:51:08.796+0000] {processor.py:914} INFO - Processing file /home/ec2-user/environment/async-ai-inference-system/.venv/lib64/python3.9/site-packages/airflow/example_dags/example_bash_decorator.py for tasks to queue
[2026-04-29T05:51:08.798+0000] {logging_mixin.py:190} INFO - [2026-04-29T05:51:08.797+0000] {dagbag.py:588} INFO - Filling up the DagBag from /home/ec2-user/environment/async-ai-inference-system/.venv/lib64/python3.9/site-packages/airflow/example_dags/example_bash_decorator.py
[2026-04-29T05:51:08.811+0000] {processor.py:925} INFO - DAG(s) 'example_bash_decorator' retrieved from /home/ec2-user/environment/async-ai-inference-system/.venv/lib64/python3.9/site-packages/airflow/example_dags/example_bash_decorator.py
[2026-04-29T05:51:08.829+0000] {logging_mixin.py:190} INFO - [2026-04-29T05:51:08.829+0000] {dag.py:3239} INFO - Sync 1 DAGs
[2026-04-29T05:51:08.840+0000] {logging_mixin.py:190} INFO - [2026-04-29T05:51:08.840+0000] {dag.py:4180} INFO - Setting next_dagrun for example_bash_decorator to None, run_after=None
[2026-04-29T05:51:08.860+0000] {processor.py:208} INFO - Processing /home/ec2-user/environment/async-ai-inference-system/.venv/lib64/python3.9/site-packages/airflow/example_dags/example_bash_decorator.py took 0.071 seconds
[2026-04-29T05:52:06.264+0000] {processor.py:186} INFO - Started process (PID=10532) to work on /home/ec2-user/environment/async-ai-inference-system/.venv/lib64/python3.9/site-packages/airflow/example_dags/example_bash_decorator.py
[2026-04-29T05:52:06.265+0000] {processor.py:914} INFO - Processing file /home/ec2-user/environment/async-ai-inference-system/.venv/lib64/python3.9/site-packages/airflow/example_dags/example_bash_decorator.py for tasks to queue
[2026-04-29T05:52:06.267+0000] {logging_mixin.py:190} INFO - [2026-04-29T05:52:06.266+0000] {dagbag.py:588} INFO - Filling up the DagBag from /home/ec2-user/environment/async-ai-inference-system/.venv/lib64/python3.9/site-packages/airflow/example_dags/example_bash_decorator.py
[2026-04-29T05:52:06.280+0000] {processor.py:925} INFO - DAG(s) 'example_bash_decorator' retrieved from /home/ec2-user/environment/async-ai-inference-system/.venv/lib64/python3.9/site-packages/airflow/example_dags/example_bash_decorator.py
[2026-04-29T05:52:06.298+0000] {logging_mixin.py:190} INFO - [2026-04-29T05:52:06.298+0000] {dag.py:3239} INFO - Sync 1 DAGs
[2026-04-29T05:52:06.309+0000] {logging_mixin.py:190} INFO - [2026-04-29T05:52:06.309+0000] {dag.py:4180} INFO - Setting next_dagrun for example_bash_decorator to None, run_after=None
[2026-04-29T05:52:06.328+0000] {processor.py:208} INFO - Processing /home/ec2-user/environment/async-ai-inference-system/.venv/lib64/python3.9/site-packages/airflow/example_dags/example_bash_decorator.py took 0.069 seconds
