[2026-04-29T05:50:37.600+0000] {processor.py:186} INFO - Started process (PID=10325) to work on /home/ec2-user/environment/async-ai-inference-system/.venv/lib64/python3.9/site-packages/airflow/example_dags/example_sensor_decorator.py
[2026-04-29T05:50:37.601+0000] {processor.py:914} INFO - Processing file /home/ec2-user/environment/async-ai-inference-system/.venv/lib64/python3.9/site-packages/airflow/example_dags/example_sensor_decorator.py for tasks to queue
[2026-04-29T05:50:37.603+0000] {logging_mixin.py:190} INFO - [2026-04-29T05:50:37.602+0000] {dagbag.py:588} INFO - Filling up the DagBag from /home/ec2-user/environment/async-ai-inference-system/.venv/lib64/python3.9/site-packages/airflow/example_dags/example_sensor_decorator.py
[2026-04-29T05:50:37.611+0000] {processor.py:925} INFO - DAG(s) 'example_sensor_decorator' retrieved from /home/ec2-user/environment/async-ai-inference-system/.venv/lib64/python3.9/site-packages/airflow/example_dags/example_sensor_decorator.py
[2026-04-29T05:50:37.826+0000] {logging_mixin.py:190} INFO - [2026-04-29T05:50:37.825+0000] {override.py:1900} INFO - Created Permission View: can edit on DAG:example_sensor_decorator
[2026-04-29T05:50:37.837+0000] {logging_mixin.py:190} INFO - [2026-04-29T05:50:37.837+0000] {override.py:1900} INFO - Created Permission View: can delete on DAG:example_sensor_decorator
[2026-04-29T05:50:37.846+0000] {logging_mixin.py:190} INFO - [2026-04-29T05:50:37.845+0000] {override.py:1900} INFO - Created Permission View: can read on DAG:example_sensor_decorator
[2026-04-29T05:50:37.860+0000] {logging_mixin.py:190} INFO - [2026-04-29T05:50:37.859+0000] {override.py:1900} INFO - Created Permission View: can create on DAG Run:example_sensor_decorator
[2026-04-29T05:50:37.869+0000] {logging_mixin.py:190} INFO - [2026-04-29T05:50:37.868+0000] {override.py:1900} INFO - Created Permission View: can delete on DAG Run:example_sensor_decorator
[2026-04-29T05:50:37.878+0000] {logging_mixin.py:190} INFO - [2026-04-29T05:50:37.877+0000] {override.py:1900} INFO - Created Permission View: menu access on DAG Run:example_sensor_decorator
[2026-04-29T05:50:37.887+0000] {logging_mixin.py:190} INFO - [2026-04-29T05:50:37.886+0000] {override.py:1900} INFO - Created Permission View: can read on DAG Run:example_sensor_decorator
[2026-04-29T05:50:37.887+0000] {logging_mixin.py:190} INFO - [2026-04-29T05:50:37.887+0000] {dag.py:3239} INFO - Sync 1 DAGs
[2026-04-29T05:50:37.897+0000] {logging_mixin.py:190} INFO - [2026-04-29T05:50:37.897+0000] {dag.py:3262} INFO - Creating ORM DAG for example_sensor_decorator
[2026-04-29T05:50:37.898+0000] {logging_mixin.py:190} INFO - [2026-04-29T05:50:37.898+0000] {dag.py:4180} INFO - Setting next_dagrun for example_sensor_decorator to None, run_after=None
[2026-04-29T05:50:37.915+0000] {processor.py:208} INFO - Processing /home/ec2-user/environment/async-ai-inference-system/.venv/lib64/python3.9/site-packages/airflow/example_dags/example_sensor_decorator.py took 0.320 seconds
[2026-04-29T05:51:38.965+0000] {processor.py:186} INFO - Started process (PID=10474) to work on /home/ec2-user/environment/async-ai-inference-system/.venv/lib64/python3.9/site-packages/airflow/example_dags/example_sensor_decorator.py
[2026-04-29T05:51:38.966+0000] {processor.py:914} INFO - Processing file /home/ec2-user/environment/async-ai-inference-system/.venv/lib64/python3.9/site-packages/airflow/example_dags/example_sensor_decorator.py for tasks to queue
[2026-04-29T05:51:38.968+0000] {logging_mixin.py:190} INFO - [2026-04-29T05:51:38.967+0000] {dagbag.py:588} INFO - Filling up the DagBag from /home/ec2-user/environment/async-ai-inference-system/.venv/lib64/python3.9/site-packages/airflow/example_dags/example_sensor_decorator.py
[2026-04-29T05:51:38.975+0000] {processor.py:925} INFO - DAG(s) 'example_sensor_decorator' retrieved from /home/ec2-user/environment/async-ai-inference-system/.venv/lib64/python3.9/site-packages/airflow/example_dags/example_sensor_decorator.py
[2026-04-29T05:51:38.989+0000] {logging_mixin.py:190} INFO - [2026-04-29T05:51:38.989+0000] {dag.py:3239} INFO - Sync 1 DAGs
[2026-04-29T05:51:39.000+0000] {logging_mixin.py:190} INFO - [2026-04-29T05:51:39.000+0000] {dag.py:4180} INFO - Setting next_dagrun for example_sensor_decorator to None, run_after=None
[2026-04-29T05:51:39.018+0000] {processor.py:208} INFO - Processing /home/ec2-user/environment/async-ai-inference-system/.venv/lib64/python3.9/site-packages/airflow/example_dags/example_sensor_decorator.py took 0.059 seconds
[2026-04-29T05:52:36.603+0000] {processor.py:186} INFO - Started process (PID=10575) to work on /home/ec2-user/environment/async-ai-inference-system/.venv/lib64/python3.9/site-packages/airflow/example_dags/example_sensor_decorator.py
[2026-04-29T05:52:36.605+0000] {processor.py:914} INFO - Processing file /home/ec2-user/environment/async-ai-inference-system/.venv/lib64/python3.9/site-packages/airflow/example_dags/example_sensor_decorator.py for tasks to queue
[2026-04-29T05:52:36.606+0000] {logging_mixin.py:190} INFO - [2026-04-29T05:52:36.606+0000] {dagbag.py:588} INFO - Filling up the DagBag from /home/ec2-user/environment/async-ai-inference-system/.venv/lib64/python3.9/site-packages/airflow/example_dags/example_sensor_decorator.py
[2026-04-29T05:52:36.614+0000] {processor.py:925} INFO - DAG(s) 'example_sensor_decorator' retrieved from /home/ec2-user/environment/async-ai-inference-system/.venv/lib64/python3.9/site-packages/airflow/example_dags/example_sensor_decorator.py
[2026-04-29T05:52:36.628+0000] {logging_mixin.py:190} INFO - [2026-04-29T05:52:36.627+0000] {dag.py:3239} INFO - Sync 1 DAGs
[2026-04-29T05:52:36.639+0000] {logging_mixin.py:190} INFO - [2026-04-29T05:52:36.639+0000] {dag.py:4180} INFO - Setting next_dagrun for example_sensor_decorator to None, run_after=None
[2026-04-29T05:52:36.775+0000] {processor.py:208} INFO - Processing /home/ec2-user/environment/async-ai-inference-system/.venv/lib64/python3.9/site-packages/airflow/example_dags/example_sensor_decorator.py took 0.178 seconds
