[2026-04-29T05:50:41.610+0000] {processor.py:186} INFO - Started process (PID=10333) to work on /home/ec2-user/environment/async-ai-inference-system/.venv/lib64/python3.9/site-packages/airflow/example_dags/example_setup_teardown_taskflow.py
[2026-04-29T05:50:41.611+0000] {processor.py:914} INFO - Processing file /home/ec2-user/environment/async-ai-inference-system/.venv/lib64/python3.9/site-packages/airflow/example_dags/example_setup_teardown_taskflow.py for tasks to queue
[2026-04-29T05:50:41.613+0000] {logging_mixin.py:190} INFO - [2026-04-29T05:50:41.612+0000] {dagbag.py:588} INFO - Filling up the DagBag from /home/ec2-user/environment/async-ai-inference-system/.venv/lib64/python3.9/site-packages/airflow/example_dags/example_setup_teardown_taskflow.py
[2026-04-29T05:50:41.623+0000] {processor.py:925} INFO - DAG(s) 'example_setup_teardown_taskflow' retrieved from /home/ec2-user/environment/async-ai-inference-system/.venv/lib64/python3.9/site-packages/airflow/example_dags/example_setup_teardown_taskflow.py
[2026-04-29T05:50:41.842+0000] {logging_mixin.py:190} INFO - [2026-04-29T05:50:41.842+0000] {override.py:1900} INFO - Created Permission View: can edit on DAG:example_setup_teardown_taskflow
[2026-04-29T05:50:41.853+0000] {logging_mixin.py:190} INFO - [2026-04-29T05:50:41.853+0000] {override.py:1900} INFO - Created Permission View: can delete on DAG:example_setup_teardown_taskflow
[2026-04-29T05:50:41.862+0000] {logging_mixin.py:190} INFO - [2026-04-29T05:50:41.861+0000] {override.py:1900} INFO - Created Permission View: can read on DAG:example_setup_teardown_taskflow
[2026-04-29T05:50:41.875+0000] {logging_mixin.py:190} INFO - [2026-04-29T05:50:41.874+0000] {override.py:1900} INFO - Created Permission View: can create on DAG Run:example_setup_teardown_taskflow
[2026-04-29T05:50:41.883+0000] {logging_mixin.py:190} INFO - [2026-04-29T05:50:41.883+0000] {override.py:1900} INFO - Created Permission View: can delete on DAG Run:example_setup_teardown_taskflow
[2026-04-29T05:50:41.891+0000] {logging_mixin.py:190} INFO - [2026-04-29T05:50:41.891+0000] {override.py:1900} INFO - Created Permission View: menu access on DAG Run:example_setup_teardown_taskflow
[2026-04-29T05:50:41.900+0000] {logging_mixin.py:190} INFO - [2026-04-29T05:50:41.899+0000] {override.py:1900} INFO - Created Permission View: can read on DAG Run:example_setup_teardown_taskflow
[2026-04-29T05:50:41.900+0000] {logging_mixin.py:190} INFO - [2026-04-29T05:50:41.900+0000] {dag.py:3239} INFO - Sync 1 DAGs
[2026-04-29T05:50:41.910+0000] {logging_mixin.py:190} INFO - [2026-04-29T05:50:41.910+0000] {dag.py:3262} INFO - Creating ORM DAG for example_setup_teardown_taskflow
[2026-04-29T05:50:41.910+0000] {logging_mixin.py:190} INFO - [2026-04-29T05:50:41.910+0000] {dag.py:4180} INFO - Setting next_dagrun for example_setup_teardown_taskflow to None, run_after=None
[2026-04-29T05:50:41.928+0000] {processor.py:208} INFO - Processing /home/ec2-user/environment/async-ai-inference-system/.venv/lib64/python3.9/site-packages/airflow/example_dags/example_setup_teardown_taskflow.py took 0.323 seconds
[2026-04-29T05:51:41.739+0000] {processor.py:186} INFO - Started process (PID=10477) to work on /home/ec2-user/environment/async-ai-inference-system/.venv/lib64/python3.9/site-packages/airflow/example_dags/example_setup_teardown_taskflow.py
[2026-04-29T05:51:41.740+0000] {processor.py:914} INFO - Processing file /home/ec2-user/environment/async-ai-inference-system/.venv/lib64/python3.9/site-packages/airflow/example_dags/example_setup_teardown_taskflow.py for tasks to queue
[2026-04-29T05:51:41.742+0000] {logging_mixin.py:190} INFO - [2026-04-29T05:51:41.741+0000] {dagbag.py:588} INFO - Filling up the DagBag from /home/ec2-user/environment/async-ai-inference-system/.venv/lib64/python3.9/site-packages/airflow/example_dags/example_setup_teardown_taskflow.py
[2026-04-29T05:51:41.752+0000] {processor.py:925} INFO - DAG(s) 'example_setup_teardown_taskflow' retrieved from /home/ec2-user/environment/async-ai-inference-system/.venv/lib64/python3.9/site-packages/airflow/example_dags/example_setup_teardown_taskflow.py
[2026-04-29T05:51:41.770+0000] {logging_mixin.py:190} INFO - [2026-04-29T05:51:41.769+0000] {dag.py:3239} INFO - Sync 1 DAGs
[2026-04-29T05:51:41.781+0000] {logging_mixin.py:190} INFO - [2026-04-29T05:51:41.781+0000] {dag.py:4180} INFO - Setting next_dagrun for example_setup_teardown_taskflow to None, run_after=None
[2026-04-29T05:51:41.801+0000] {processor.py:208} INFO - Processing /home/ec2-user/environment/async-ai-inference-system/.venv/lib64/python3.9/site-packages/airflow/example_dags/example_setup_teardown_taskflow.py took 0.068 seconds
[2026-04-29T05:52:40.065+0000] {processor.py:186} INFO - Started process (PID=10578) to work on /home/ec2-user/environment/async-ai-inference-system/.venv/lib64/python3.9/site-packages/airflow/example_dags/example_setup_teardown_taskflow.py
[2026-04-29T05:52:40.067+0000] {processor.py:914} INFO - Processing file /home/ec2-user/environment/async-ai-inference-system/.venv/lib64/python3.9/site-packages/airflow/example_dags/example_setup_teardown_taskflow.py for tasks to queue
[2026-04-29T05:52:40.068+0000] {logging_mixin.py:190} INFO - [2026-04-29T05:52:40.068+0000] {dagbag.py:588} INFO - Filling up the DagBag from /home/ec2-user/environment/async-ai-inference-system/.venv/lib64/python3.9/site-packages/airflow/example_dags/example_setup_teardown_taskflow.py
[2026-04-29T05:52:40.078+0000] {processor.py:925} INFO - DAG(s) 'example_setup_teardown_taskflow' retrieved from /home/ec2-user/environment/async-ai-inference-system/.venv/lib64/python3.9/site-packages/airflow/example_dags/example_setup_teardown_taskflow.py
[2026-04-29T05:52:40.094+0000] {logging_mixin.py:190} INFO - [2026-04-29T05:52:40.094+0000] {dag.py:3239} INFO - Sync 1 DAGs
[2026-04-29T05:52:40.106+0000] {logging_mixin.py:190} INFO - [2026-04-29T05:52:40.106+0000] {dag.py:4180} INFO - Setting next_dagrun for example_setup_teardown_taskflow to None, run_after=None
[2026-04-29T05:52:40.125+0000] {processor.py:208} INFO - Processing /home/ec2-user/environment/async-ai-inference-system/.venv/lib64/python3.9/site-packages/airflow/example_dags/example_setup_teardown_taskflow.py took 0.065 seconds
