[2026-04-29T05:47:08.834+0000] {processor.py:186} INFO - Started process (PID=9948) to work on /home/ec2-user/environment/async-ai-inference-system/.venv/lib64/python3.9/site-packages/airflow/example_dags/example_bash_operator.py
[2026-04-29T05:47:08.835+0000] {processor.py:914} INFO - Processing file /home/ec2-user/environment/async-ai-inference-system/.venv/lib64/python3.9/site-packages/airflow/example_dags/example_bash_operator.py for tasks to queue
[2026-04-29T05:47:08.837+0000] {logging_mixin.py:190} INFO - [2026-04-29T05:47:08.837+0000] {dagbag.py:588} INFO - Filling up the DagBag from /home/ec2-user/environment/async-ai-inference-system/.venv/lib64/python3.9/site-packages/airflow/example_dags/example_bash_operator.py
[2026-04-29T05:47:08.849+0000] {processor.py:925} INFO - DAG(s) 'example_bash_operator' retrieved from /home/ec2-user/environment/async-ai-inference-system/.venv/lib64/python3.9/site-packages/airflow/example_dags/example_bash_operator.py
[2026-04-29T05:47:08.950+0000] {logging_mixin.py:190} INFO - [2026-04-29T05:47:08.950+0000] {override.py:1900} INFO - Created Permission View: can read on DAG:example_bash_operator
[2026-04-29T05:47:08.963+0000] {logging_mixin.py:190} INFO - [2026-04-29T05:47:08.962+0000] {override.py:1900} INFO - Created Permission View: can edit on DAG:example_bash_operator
[2026-04-29T05:47:08.971+0000] {logging_mixin.py:190} INFO - [2026-04-29T05:47:08.971+0000] {override.py:1900} INFO - Created Permission View: can delete on DAG:example_bash_operator
[2026-04-29T05:47:08.985+0000] {logging_mixin.py:190} INFO - [2026-04-29T05:47:08.985+0000] {override.py:1900} INFO - Created Permission View: can create on DAG Run:example_bash_operator
[2026-04-29T05:47:08.994+0000] {logging_mixin.py:190} INFO - [2026-04-29T05:47:08.994+0000] {override.py:1900} INFO - Created Permission View: can read on DAG Run:example_bash_operator
[2026-04-29T05:47:09.002+0000] {logging_mixin.py:190} INFO - [2026-04-29T05:47:09.002+0000] {override.py:1900} INFO - Created Permission View: menu access on DAG Run:example_bash_operator
[2026-04-29T05:47:09.011+0000] {logging_mixin.py:190} INFO - [2026-04-29T05:47:09.010+0000] {override.py:1900} INFO - Created Permission View: can delete on DAG Run:example_bash_operator
[2026-04-29T05:47:09.011+0000] {logging_mixin.py:190} INFO - [2026-04-29T05:47:09.011+0000] {dag.py:3239} INFO - Sync 1 DAGs
[2026-04-29T05:47:09.142+0000] {logging_mixin.py:190} INFO - [2026-04-29T05:47:09.142+0000] {dag.py:3262} INFO - Creating ORM DAG for example_bash_operator
[2026-04-29T05:47:09.151+0000] {logging_mixin.py:190} INFO - [2026-04-29T05:47:09.150+0000] {dag.py:4180} INFO - Setting next_dagrun for example_bash_operator to 2026-04-28 00:00:00+00:00, run_after=2026-04-29 00:00:00+00:00
[2026-04-29T05:47:09.170+0000] {processor.py:208} INFO - Processing /home/ec2-user/environment/async-ai-inference-system/.venv/lib64/python3.9/site-packages/airflow/example_dags/example_bash_operator.py took 0.341 seconds
[2026-04-29T05:50:10.117+0000] {processor.py:186} INFO - Started process (PID=10287) to work on /home/ec2-user/environment/async-ai-inference-system/.venv/lib64/python3.9/site-packages/airflow/example_dags/example_bash_operator.py
[2026-04-29T05:50:10.119+0000] {processor.py:914} INFO - Processing file /home/ec2-user/environment/async-ai-inference-system/.venv/lib64/python3.9/site-packages/airflow/example_dags/example_bash_operator.py for tasks to queue
[2026-04-29T05:50:10.121+0000] {logging_mixin.py:190} INFO - [2026-04-29T05:50:10.120+0000] {dagbag.py:588} INFO - Filling up the DagBag from /home/ec2-user/environment/async-ai-inference-system/.venv/lib64/python3.9/site-packages/airflow/example_dags/example_bash_operator.py
[2026-04-29T05:50:10.133+0000] {processor.py:925} INFO - DAG(s) 'example_bash_operator' retrieved from /home/ec2-user/environment/async-ai-inference-system/.venv/lib64/python3.9/site-packages/airflow/example_dags/example_bash_operator.py
[2026-04-29T05:50:10.155+0000] {logging_mixin.py:190} INFO - [2026-04-29T05:50:10.155+0000] {dag.py:3239} INFO - Sync 1 DAGs
[2026-04-29T05:50:10.174+0000] {logging_mixin.py:190} INFO - [2026-04-29T05:50:10.174+0000] {dag.py:4180} INFO - Setting next_dagrun for example_bash_operator to 2026-04-28 00:00:00+00:00, run_after=2026-04-29 00:00:00+00:00
[2026-04-29T05:50:10.192+0000] {processor.py:208} INFO - Processing /home/ec2-user/environment/async-ai-inference-system/.venv/lib64/python3.9/site-packages/airflow/example_dags/example_bash_operator.py took 0.080 seconds
[2026-04-29T05:51:09.772+0000] {processor.py:186} INFO - Started process (PID=10432) to work on /home/ec2-user/environment/async-ai-inference-system/.venv/lib64/python3.9/site-packages/airflow/example_dags/example_bash_operator.py
[2026-04-29T05:51:09.773+0000] {processor.py:914} INFO - Processing file /home/ec2-user/environment/async-ai-inference-system/.venv/lib64/python3.9/site-packages/airflow/example_dags/example_bash_operator.py for tasks to queue
[2026-04-29T05:51:09.775+0000] {logging_mixin.py:190} INFO - [2026-04-29T05:51:09.774+0000] {dagbag.py:588} INFO - Filling up the DagBag from /home/ec2-user/environment/async-ai-inference-system/.venv/lib64/python3.9/site-packages/airflow/example_dags/example_bash_operator.py
[2026-04-29T05:51:09.787+0000] {processor.py:925} INFO - DAG(s) 'example_bash_operator' retrieved from /home/ec2-user/environment/async-ai-inference-system/.venv/lib64/python3.9/site-packages/airflow/example_dags/example_bash_operator.py
[2026-04-29T05:51:09.809+0000] {logging_mixin.py:190} INFO - [2026-04-29T05:51:09.809+0000] {dag.py:3239} INFO - Sync 1 DAGs
[2026-04-29T05:51:09.828+0000] {logging_mixin.py:190} INFO - [2026-04-29T05:51:09.827+0000] {dag.py:4180} INFO - Setting next_dagrun for example_bash_operator to 2026-04-28 00:00:00+00:00, run_after=2026-04-29 00:00:00+00:00
[2026-04-29T05:51:09.972+0000] {processor.py:208} INFO - Processing /home/ec2-user/environment/async-ai-inference-system/.venv/lib64/python3.9/site-packages/airflow/example_dags/example_bash_operator.py took 0.206 seconds
[2026-04-29T05:52:07.404+0000] {processor.py:186} INFO - Started process (PID=10533) to work on /home/ec2-user/environment/async-ai-inference-system/.venv/lib64/python3.9/site-packages/airflow/example_dags/example_bash_operator.py
[2026-04-29T05:52:07.405+0000] {processor.py:914} INFO - Processing file /home/ec2-user/environment/async-ai-inference-system/.venv/lib64/python3.9/site-packages/airflow/example_dags/example_bash_operator.py for tasks to queue
[2026-04-29T05:52:07.407+0000] {logging_mixin.py:190} INFO - [2026-04-29T05:52:07.407+0000] {dagbag.py:588} INFO - Filling up the DagBag from /home/ec2-user/environment/async-ai-inference-system/.venv/lib64/python3.9/site-packages/airflow/example_dags/example_bash_operator.py
[2026-04-29T05:52:07.420+0000] {processor.py:925} INFO - DAG(s) 'example_bash_operator' retrieved from /home/ec2-user/environment/async-ai-inference-system/.venv/lib64/python3.9/site-packages/airflow/example_dags/example_bash_operator.py
[2026-04-29T05:52:07.442+0000] {logging_mixin.py:190} INFO - [2026-04-29T05:52:07.442+0000] {dag.py:3239} INFO - Sync 1 DAGs
[2026-04-29T05:52:07.462+0000] {logging_mixin.py:190} INFO - [2026-04-29T05:52:07.461+0000] {dag.py:4180} INFO - Setting next_dagrun for example_bash_operator to 2026-04-28 00:00:00+00:00, run_after=2026-04-29 00:00:00+00:00
[2026-04-29T05:52:07.481+0000] {processor.py:208} INFO - Processing /home/ec2-user/environment/async-ai-inference-system/.venv/lib64/python3.9/site-packages/airflow/example_dags/example_bash_operator.py took 0.083 seconds
