[2026-04-29T05:47:15.441+0000] {processor.py:186} INFO - Started process (PID=9954) to work on /home/ec2-user/environment/async-ai-inference-system/.venv/lib64/python3.9/site-packages/airflow/example_dags/example_branch_operator_decorator.py
[2026-04-29T05:47:15.442+0000] {processor.py:914} INFO - Processing file /home/ec2-user/environment/async-ai-inference-system/.venv/lib64/python3.9/site-packages/airflow/example_dags/example_branch_operator_decorator.py for tasks to queue
[2026-04-29T05:47:15.444+0000] {logging_mixin.py:190} INFO - [2026-04-29T05:47:15.444+0000] {dagbag.py:588} INFO - Filling up the DagBag from /home/ec2-user/environment/async-ai-inference-system/.venv/lib64/python3.9/site-packages/airflow/example_dags/example_branch_operator_decorator.py
[2026-04-29T05:47:15.446+0000] {processor.py:927} WARNING - No viable dags retrieved from /home/ec2-user/environment/async-ai-inference-system/.venv/lib64/python3.9/site-packages/airflow/example_dags/example_branch_operator_decorator.py
[2026-04-29T05:47:15.455+0000] {processor.py:208} INFO - Processing /home/ec2-user/environment/async-ai-inference-system/.venv/lib64/python3.9/site-packages/airflow/example_dags/example_branch_operator_decorator.py took 0.020 seconds
[2026-04-29T05:50:15.267+0000] {processor.py:186} INFO - Started process (PID=10292) to work on /home/ec2-user/environment/async-ai-inference-system/.venv/lib64/python3.9/site-packages/airflow/example_dags/example_branch_operator_decorator.py
[2026-04-29T05:50:15.268+0000] {processor.py:914} INFO - Processing file /home/ec2-user/environment/async-ai-inference-system/.venv/lib64/python3.9/site-packages/airflow/example_dags/example_branch_operator_decorator.py for tasks to queue
[2026-04-29T05:50:15.270+0000] {logging_mixin.py:190} INFO - [2026-04-29T05:50:15.270+0000] {dagbag.py:588} INFO - Filling up the DagBag from /home/ec2-user/environment/async-ai-inference-system/.venv/lib64/python3.9/site-packages/airflow/example_dags/example_branch_operator_decorator.py
[2026-04-29T05:50:15.272+0000] {processor.py:927} WARNING - No viable dags retrieved from /home/ec2-user/environment/async-ai-inference-system/.venv/lib64/python3.9/site-packages/airflow/example_dags/example_branch_operator_decorator.py
[2026-04-29T05:50:15.282+0000] {processor.py:208} INFO - Processing /home/ec2-user/environment/async-ai-inference-system/.venv/lib64/python3.9/site-packages/airflow/example_dags/example_branch_operator_decorator.py took 0.020 seconds
[2026-04-29T05:51:15.403+0000] {processor.py:186} INFO - Started process (PID=10441) to work on /home/ec2-user/environment/async-ai-inference-system/.venv/lib64/python3.9/site-packages/airflow/example_dags/example_branch_operator_decorator.py
[2026-04-29T05:51:15.404+0000] {processor.py:914} INFO - Processing file /home/ec2-user/environment/async-ai-inference-system/.venv/lib64/python3.9/site-packages/airflow/example_dags/example_branch_operator_decorator.py for tasks to queue
[2026-04-29T05:51:15.406+0000] {logging_mixin.py:190} INFO - [2026-04-29T05:51:15.406+0000] {dagbag.py:588} INFO - Filling up the DagBag from /home/ec2-user/environment/async-ai-inference-system/.venv/lib64/python3.9/site-packages/airflow/example_dags/example_branch_operator_decorator.py
[2026-04-29T05:51:15.408+0000] {processor.py:927} WARNING - No viable dags retrieved from /home/ec2-user/environment/async-ai-inference-system/.venv/lib64/python3.9/site-packages/airflow/example_dags/example_branch_operator_decorator.py
[2026-04-29T05:51:15.417+0000] {processor.py:208} INFO - Processing /home/ec2-user/environment/async-ai-inference-system/.venv/lib64/python3.9/site-packages/airflow/example_dags/example_branch_operator_decorator.py took 0.020 seconds
[2026-04-29T05:52:12.026+0000] {processor.py:186} INFO - Started process (PID=10538) to work on /home/ec2-user/environment/async-ai-inference-system/.venv/lib64/python3.9/site-packages/airflow/example_dags/example_branch_operator_decorator.py
[2026-04-29T05:52:12.029+0000] {processor.py:914} INFO - Processing file /home/ec2-user/environment/async-ai-inference-system/.venv/lib64/python3.9/site-packages/airflow/example_dags/example_branch_operator_decorator.py for tasks to queue
[2026-04-29T05:52:12.031+0000] {logging_mixin.py:190} INFO - [2026-04-29T05:52:12.030+0000] {dagbag.py:588} INFO - Filling up the DagBag from /home/ec2-user/environment/async-ai-inference-system/.venv/lib64/python3.9/site-packages/airflow/example_dags/example_branch_operator_decorator.py
[2026-04-29T05:52:12.033+0000] {processor.py:927} WARNING - No viable dags retrieved from /home/ec2-user/environment/async-ai-inference-system/.venv/lib64/python3.9/site-packages/airflow/example_dags/example_branch_operator_decorator.py
[2026-04-29T05:52:12.042+0000] {processor.py:208} INFO - Processing /home/ec2-user/environment/async-ai-inference-system/.venv/lib64/python3.9/site-packages/airflow/example_dags/example_branch_operator_decorator.py took 0.021 seconds
