[2026-04-29T05:46:54.508+0000] {processor.py:186} INFO - Started process (PID=9917) to work on /home/ec2-user/environment/async-ai-inference-system/.venv/lib64/python3.9/site-packages/airflow/example_dags/example_xcom.py
[2026-04-29T05:46:54.509+0000] {processor.py:914} INFO - Processing file /home/ec2-user/environment/async-ai-inference-system/.venv/lib64/python3.9/site-packages/airflow/example_dags/example_xcom.py for tasks to queue
[2026-04-29T05:46:54.511+0000] {logging_mixin.py:190} INFO - [2026-04-29T05:46:54.511+0000] {dagbag.py:588} INFO - Filling up the DagBag from /home/ec2-user/environment/async-ai-inference-system/.venv/lib64/python3.9/site-packages/airflow/example_dags/example_xcom.py
[2026-04-29T05:46:54.519+0000] {processor.py:925} INFO - DAG(s) 'example_xcom' retrieved from /home/ec2-user/environment/async-ai-inference-system/.venv/lib64/python3.9/site-packages/airflow/example_dags/example_xcom.py
[2026-04-29T05:46:54.614+0000] {logging_mixin.py:190} INFO - [2026-04-29T05:46:54.614+0000] {override.py:1900} INFO - Created Permission View: can read on DAG:example_xcom
[2026-04-29T05:46:54.626+0000] {logging_mixin.py:190} INFO - [2026-04-29T05:46:54.625+0000] {override.py:1900} INFO - Created Permission View: can edit on DAG:example_xcom
[2026-04-29T05:46:54.634+0000] {logging_mixin.py:190} INFO - [2026-04-29T05:46:54.634+0000] {override.py:1900} INFO - Created Permission View: can delete on DAG:example_xcom
[2026-04-29T05:46:54.648+0000] {logging_mixin.py:190} INFO - [2026-04-29T05:46:54.647+0000] {override.py:1900} INFO - Created Permission View: can create on DAG Run:example_xcom
[2026-04-29T05:46:54.656+0000] {logging_mixin.py:190} INFO - [2026-04-29T05:46:54.656+0000] {override.py:1900} INFO - Created Permission View: can read on DAG Run:example_xcom
[2026-04-29T05:46:54.665+0000] {logging_mixin.py:190} INFO - [2026-04-29T05:46:54.665+0000] {override.py:1900} INFO - Created Permission View: menu access on DAG Run:example_xcom
[2026-04-29T05:46:54.674+0000] {logging_mixin.py:190} INFO - [2026-04-29T05:46:54.673+0000] {override.py:1900} INFO - Created Permission View: can delete on DAG Run:example_xcom
[2026-04-29T05:46:54.674+0000] {logging_mixin.py:190} INFO - [2026-04-29T05:46:54.674+0000] {dag.py:3239} INFO - Sync 1 DAGs
[2026-04-29T05:46:54.686+0000] {logging_mixin.py:190} INFO - [2026-04-29T05:46:54.686+0000] {dag.py:3262} INFO - Creating ORM DAG for example_xcom
[2026-04-29T05:46:54.818+0000] {logging_mixin.py:190} INFO - [2026-04-29T05:46:54.818+0000] {dag.py:4180} INFO - Setting next_dagrun for example_xcom to 2021-01-01 00:00:00+00:00, run_after=2021-01-01 00:00:00+00:00
[2026-04-29T05:46:54.837+0000] {processor.py:208} INFO - Processing /home/ec2-user/environment/async-ai-inference-system/.venv/lib64/python3.9/site-packages/airflow/example_dags/example_xcom.py took 0.334 seconds
[2026-04-29T05:49:58.516+0000] {processor.py:186} INFO - Started process (PID=10258) to work on /home/ec2-user/environment/async-ai-inference-system/.venv/lib64/python3.9/site-packages/airflow/example_dags/example_xcom.py
[2026-04-29T05:49:58.518+0000] {processor.py:914} INFO - Processing file /home/ec2-user/environment/async-ai-inference-system/.venv/lib64/python3.9/site-packages/airflow/example_dags/example_xcom.py for tasks to queue
[2026-04-29T05:49:58.519+0000] {logging_mixin.py:190} INFO - [2026-04-29T05:49:58.519+0000] {dagbag.py:588} INFO - Filling up the DagBag from /home/ec2-user/environment/async-ai-inference-system/.venv/lib64/python3.9/site-packages/airflow/example_dags/example_xcom.py
[2026-04-29T05:49:58.528+0000] {processor.py:925} INFO - DAG(s) 'example_xcom' retrieved from /home/ec2-user/environment/async-ai-inference-system/.venv/lib64/python3.9/site-packages/airflow/example_dags/example_xcom.py
[2026-04-29T05:49:58.544+0000] {logging_mixin.py:190} INFO - [2026-04-29T05:49:58.544+0000] {dag.py:3239} INFO - Sync 1 DAGs
[2026-04-29T05:49:58.561+0000] {logging_mixin.py:190} INFO - [2026-04-29T05:49:58.561+0000] {dag.py:4180} INFO - Setting next_dagrun for example_xcom to 2021-01-01 00:00:00+00:00, run_after=2021-01-01 00:00:00+00:00
[2026-04-29T05:49:58.706+0000] {processor.py:208} INFO - Processing /home/ec2-user/environment/async-ai-inference-system/.venv/lib64/python3.9/site-packages/airflow/example_dags/example_xcom.py took 0.195 seconds
[2026-04-29T05:50:56.208+0000] {processor.py:186} INFO - Started process (PID=10358) to work on /home/ec2-user/environment/async-ai-inference-system/.venv/lib64/python3.9/site-packages/airflow/example_dags/example_xcom.py
[2026-04-29T05:50:56.209+0000] {processor.py:914} INFO - Processing file /home/ec2-user/environment/async-ai-inference-system/.venv/lib64/python3.9/site-packages/airflow/example_dags/example_xcom.py for tasks to queue
[2026-04-29T05:50:56.211+0000] {logging_mixin.py:190} INFO - [2026-04-29T05:50:56.211+0000] {dagbag.py:588} INFO - Filling up the DagBag from /home/ec2-user/environment/async-ai-inference-system/.venv/lib64/python3.9/site-packages/airflow/example_dags/example_xcom.py
[2026-04-29T05:50:56.220+0000] {processor.py:925} INFO - DAG(s) 'example_xcom' retrieved from /home/ec2-user/environment/async-ai-inference-system/.venv/lib64/python3.9/site-packages/airflow/example_dags/example_xcom.py
[2026-04-29T05:50:56.235+0000] {logging_mixin.py:190} INFO - [2026-04-29T05:50:56.235+0000] {dag.py:3239} INFO - Sync 1 DAGs
[2026-04-29T05:50:56.252+0000] {logging_mixin.py:190} INFO - [2026-04-29T05:50:56.252+0000] {dag.py:4180} INFO - Setting next_dagrun for example_xcom to 2021-01-01 00:00:00+00:00, run_after=2021-01-01 00:00:00+00:00
[2026-04-29T05:50:56.270+0000] {processor.py:208} INFO - Processing /home/ec2-user/environment/async-ai-inference-system/.venv/lib64/python3.9/site-packages/airflow/example_dags/example_xcom.py took 0.068 seconds
[2026-04-29T05:51:54.453+0000] {processor.py:186} INFO - Started process (PID=10502) to work on /home/ec2-user/environment/async-ai-inference-system/.venv/lib64/python3.9/site-packages/airflow/example_dags/example_xcom.py
[2026-04-29T05:51:54.455+0000] {processor.py:914} INFO - Processing file /home/ec2-user/environment/async-ai-inference-system/.venv/lib64/python3.9/site-packages/airflow/example_dags/example_xcom.py for tasks to queue
[2026-04-29T05:51:54.456+0000] {logging_mixin.py:190} INFO - [2026-04-29T05:51:54.456+0000] {dagbag.py:588} INFO - Filling up the DagBag from /home/ec2-user/environment/async-ai-inference-system/.venv/lib64/python3.9/site-packages/airflow/example_dags/example_xcom.py
[2026-04-29T05:51:54.465+0000] {processor.py:925} INFO - DAG(s) 'example_xcom' retrieved from /home/ec2-user/environment/async-ai-inference-system/.venv/lib64/python3.9/site-packages/airflow/example_dags/example_xcom.py
[2026-04-29T05:51:54.480+0000] {logging_mixin.py:190} INFO - [2026-04-29T05:51:54.479+0000] {dag.py:3239} INFO - Sync 1 DAGs
[2026-04-29T05:51:54.496+0000] {logging_mixin.py:190} INFO - [2026-04-29T05:51:54.496+0000] {dag.py:4180} INFO - Setting next_dagrun for example_xcom to 2021-01-01 00:00:00+00:00, run_after=2021-01-01 00:00:00+00:00
[2026-04-29T05:51:54.515+0000] {processor.py:208} INFO - Processing /home/ec2-user/environment/async-ai-inference-system/.venv/lib64/python3.9/site-packages/airflow/example_dags/example_xcom.py took 0.067 seconds
