[2026-04-29T05:47:40.242+0000] {processor.py:186} INFO - Started process (PID=9987) to work on /home/ec2-user/environment/async-ai-inference-system/.venv/lib64/python3.9/site-packages/airflow/example_dags/example_params_ui_tutorial.py
[2026-04-29T05:47:40.242+0000] {processor.py:914} INFO - Processing file /home/ec2-user/environment/async-ai-inference-system/.venv/lib64/python3.9/site-packages/airflow/example_dags/example_params_ui_tutorial.py for tasks to queue
[2026-04-29T05:47:40.244+0000] {logging_mixin.py:190} INFO - [2026-04-29T05:47:40.244+0000] {dagbag.py:588} INFO - Filling up the DagBag from /home/ec2-user/environment/async-ai-inference-system/.venv/lib64/python3.9/site-packages/airflow/example_dags/example_params_ui_tutorial.py
[2026-04-29T05:47:40.253+0000] {processor.py:925} INFO - DAG(s) 'example_params_ui_tutorial' retrieved from /home/ec2-user/environment/async-ai-inference-system/.venv/lib64/python3.9/site-packages/airflow/example_dags/example_params_ui_tutorial.py
[2026-04-29T05:47:40.492+0000] {logging_mixin.py:190} INFO - [2026-04-29T05:47:40.492+0000] {override.py:1900} INFO - Created Permission View: can read on DAG:example_params_ui_tutorial
[2026-04-29T05:47:40.503+0000] {logging_mixin.py:190} INFO - [2026-04-29T05:47:40.503+0000] {override.py:1900} INFO - Created Permission View: can edit on DAG:example_params_ui_tutorial
[2026-04-29T05:47:40.511+0000] {logging_mixin.py:190} INFO - [2026-04-29T05:47:40.511+0000] {override.py:1900} INFO - Created Permission View: can delete on DAG:example_params_ui_tutorial
[2026-04-29T05:47:40.524+0000] {logging_mixin.py:190} INFO - [2026-04-29T05:47:40.524+0000] {override.py:1900} INFO - Created Permission View: can create on DAG Run:example_params_ui_tutorial
[2026-04-29T05:47:40.533+0000] {logging_mixin.py:190} INFO - [2026-04-29T05:47:40.532+0000] {override.py:1900} INFO - Created Permission View: can read on DAG Run:example_params_ui_tutorial
[2026-04-29T05:47:40.541+0000] {logging_mixin.py:190} INFO - [2026-04-29T05:47:40.540+0000] {override.py:1900} INFO - Created Permission View: menu access on DAG Run:example_params_ui_tutorial
[2026-04-29T05:47:40.549+0000] {logging_mixin.py:190} INFO - [2026-04-29T05:47:40.549+0000] {override.py:1900} INFO - Created Permission View: can delete on DAG Run:example_params_ui_tutorial
[2026-04-29T05:47:40.549+0000] {logging_mixin.py:190} INFO - [2026-04-29T05:47:40.549+0000] {dag.py:3239} INFO - Sync 1 DAGs
[2026-04-29T05:47:40.559+0000] {logging_mixin.py:190} INFO - [2026-04-29T05:47:40.559+0000] {dag.py:3262} INFO - Creating ORM DAG for example_params_ui_tutorial
[2026-04-29T05:47:40.559+0000] {logging_mixin.py:190} INFO - [2026-04-29T05:47:40.559+0000] {dag.py:4180} INFO - Setting next_dagrun for example_params_ui_tutorial to None, run_after=None
[2026-04-29T05:47:40.578+0000] {processor.py:208} INFO - Processing /home/ec2-user/environment/async-ai-inference-system/.venv/lib64/python3.9/site-packages/airflow/example_dags/example_params_ui_tutorial.py took 0.342 seconds
[2026-04-29T05:50:32.990+0000] {processor.py:186} INFO - Started process (PID=10321) to work on /home/ec2-user/environment/async-ai-inference-system/.venv/lib64/python3.9/site-packages/airflow/example_dags/example_params_ui_tutorial.py
[2026-04-29T05:50:32.991+0000] {processor.py:914} INFO - Processing file /home/ec2-user/environment/async-ai-inference-system/.venv/lib64/python3.9/site-packages/airflow/example_dags/example_params_ui_tutorial.py for tasks to queue
[2026-04-29T05:50:32.993+0000] {logging_mixin.py:190} INFO - [2026-04-29T05:50:32.993+0000] {dagbag.py:588} INFO - Filling up the DagBag from /home/ec2-user/environment/async-ai-inference-system/.venv/lib64/python3.9/site-packages/airflow/example_dags/example_params_ui_tutorial.py
[2026-04-29T05:50:33.002+0000] {processor.py:925} INFO - DAG(s) 'example_params_ui_tutorial' retrieved from /home/ec2-user/environment/async-ai-inference-system/.venv/lib64/python3.9/site-packages/airflow/example_dags/example_params_ui_tutorial.py
[2026-04-29T05:50:33.045+0000] {logging_mixin.py:190} INFO - [2026-04-29T05:50:33.044+0000] {dag.py:3239} INFO - Sync 1 DAGs
[2026-04-29T05:50:33.056+0000] {logging_mixin.py:190} INFO - [2026-04-29T05:50:33.056+0000] {dag.py:4180} INFO - Setting next_dagrun for example_params_ui_tutorial to None, run_after=None
[2026-04-29T05:50:33.076+0000] {processor.py:208} INFO - Processing /home/ec2-user/environment/async-ai-inference-system/.venv/lib64/python3.9/site-packages/airflow/example_dags/example_params_ui_tutorial.py took 0.091 seconds
[2026-04-29T05:51:34.837+0000] {processor.py:186} INFO - Started process (PID=10470) to work on /home/ec2-user/environment/async-ai-inference-system/.venv/lib64/python3.9/site-packages/airflow/example_dags/example_params_ui_tutorial.py
[2026-04-29T05:51:34.839+0000] {processor.py:914} INFO - Processing file /home/ec2-user/environment/async-ai-inference-system/.venv/lib64/python3.9/site-packages/airflow/example_dags/example_params_ui_tutorial.py for tasks to queue
[2026-04-29T05:51:34.841+0000] {logging_mixin.py:190} INFO - [2026-04-29T05:51:34.840+0000] {dagbag.py:588} INFO - Filling up the DagBag from /home/ec2-user/environment/async-ai-inference-system/.venv/lib64/python3.9/site-packages/airflow/example_dags/example_params_ui_tutorial.py
[2026-04-29T05:51:34.849+0000] {processor.py:925} INFO - DAG(s) 'example_params_ui_tutorial' retrieved from /home/ec2-user/environment/async-ai-inference-system/.venv/lib64/python3.9/site-packages/airflow/example_dags/example_params_ui_tutorial.py
[2026-04-29T05:51:34.889+0000] {logging_mixin.py:190} INFO - [2026-04-29T05:51:34.889+0000] {dag.py:3239} INFO - Sync 1 DAGs
[2026-04-29T05:51:34.900+0000] {logging_mixin.py:190} INFO - [2026-04-29T05:51:34.900+0000] {dag.py:4180} INFO - Setting next_dagrun for example_params_ui_tutorial to None, run_after=None
[2026-04-29T05:51:34.919+0000] {processor.py:208} INFO - Processing /home/ec2-user/environment/async-ai-inference-system/.venv/lib64/python3.9/site-packages/airflow/example_dags/example_params_ui_tutorial.py took 0.087 seconds
[2026-04-29T05:52:32.510+0000] {processor.py:186} INFO - Started process (PID=10571) to work on /home/ec2-user/environment/async-ai-inference-system/.venv/lib64/python3.9/site-packages/airflow/example_dags/example_params_ui_tutorial.py
[2026-04-29T05:52:32.511+0000] {processor.py:914} INFO - Processing file /home/ec2-user/environment/async-ai-inference-system/.venv/lib64/python3.9/site-packages/airflow/example_dags/example_params_ui_tutorial.py for tasks to queue
[2026-04-29T05:52:32.513+0000] {logging_mixin.py:190} INFO - [2026-04-29T05:52:32.513+0000] {dagbag.py:588} INFO - Filling up the DagBag from /home/ec2-user/environment/async-ai-inference-system/.venv/lib64/python3.9/site-packages/airflow/example_dags/example_params_ui_tutorial.py
[2026-04-29T05:52:32.521+0000] {processor.py:925} INFO - DAG(s) 'example_params_ui_tutorial' retrieved from /home/ec2-user/environment/async-ai-inference-system/.venv/lib64/python3.9/site-packages/airflow/example_dags/example_params_ui_tutorial.py
[2026-04-29T05:52:32.561+0000] {logging_mixin.py:190} INFO - [2026-04-29T05:52:32.561+0000] {dag.py:3239} INFO - Sync 1 DAGs
[2026-04-29T05:52:32.690+0000] {logging_mixin.py:190} INFO - [2026-04-29T05:52:32.690+0000] {dag.py:4180} INFO - Setting next_dagrun for example_params_ui_tutorial to None, run_after=None
[2026-04-29T05:52:32.709+0000] {processor.py:208} INFO - Processing /home/ec2-user/environment/async-ai-inference-system/.venv/lib64/python3.9/site-packages/airflow/example_dags/example_params_ui_tutorial.py took 0.204 seconds
