[2026-04-29T05:46:46.531+0000] {processor.py:186} INFO - Started process (PID=9905) to work on /home/ec2-user/environment/async-ai-inference-system/.venv/lib64/python3.9/site-packages/airflow/example_dags/example_task_group.py
[2026-04-29T05:46:46.532+0000] {processor.py:914} INFO - Processing file /home/ec2-user/environment/async-ai-inference-system/.venv/lib64/python3.9/site-packages/airflow/example_dags/example_task_group.py for tasks to queue
[2026-04-29T05:46:46.533+0000] {logging_mixin.py:190} INFO - [2026-04-29T05:46:46.533+0000] {dagbag.py:588} INFO - Filling up the DagBag from /home/ec2-user/environment/async-ai-inference-system/.venv/lib64/python3.9/site-packages/airflow/example_dags/example_task_group.py
[2026-04-29T05:46:46.546+0000] {processor.py:925} INFO - DAG(s) 'example_task_group' retrieved from /home/ec2-user/environment/async-ai-inference-system/.venv/lib64/python3.9/site-packages/airflow/example_dags/example_task_group.py
[2026-04-29T05:46:46.644+0000] {logging_mixin.py:190} INFO - [2026-04-29T05:46:46.643+0000] {override.py:1900} INFO - Created Permission View: can read on DAG:example_task_group
[2026-04-29T05:46:46.655+0000] {logging_mixin.py:190} INFO - [2026-04-29T05:46:46.655+0000] {override.py:1900} INFO - Created Permission View: can edit on DAG:example_task_group
[2026-04-29T05:46:46.664+0000] {logging_mixin.py:190} INFO - [2026-04-29T05:46:46.663+0000] {override.py:1900} INFO - Created Permission View: can delete on DAG:example_task_group
[2026-04-29T05:46:46.677+0000] {logging_mixin.py:190} INFO - [2026-04-29T05:46:46.677+0000] {override.py:1900} INFO - Created Permission View: can create on DAG Run:example_task_group
[2026-04-29T05:46:46.685+0000] {logging_mixin.py:190} INFO - [2026-04-29T05:46:46.685+0000] {override.py:1900} INFO - Created Permission View: can read on DAG Run:example_task_group
[2026-04-29T05:46:46.694+0000] {logging_mixin.py:190} INFO - [2026-04-29T05:46:46.694+0000] {override.py:1900} INFO - Created Permission View: menu access on DAG Run:example_task_group
[2026-04-29T05:46:46.702+0000] {logging_mixin.py:190} INFO - [2026-04-29T05:46:46.702+0000] {override.py:1900} INFO - Created Permission View: can delete on DAG Run:example_task_group
[2026-04-29T05:46:46.702+0000] {logging_mixin.py:190} INFO - [2026-04-29T05:46:46.702+0000] {dag.py:3239} INFO - Sync 1 DAGs
[2026-04-29T05:46:46.713+0000] {logging_mixin.py:190} INFO - [2026-04-29T05:46:46.713+0000] {dag.py:3262} INFO - Creating ORM DAG for example_task_group
[2026-04-29T05:46:46.714+0000] {logging_mixin.py:190} INFO - [2026-04-29T05:46:46.714+0000] {dag.py:4180} INFO - Setting next_dagrun for example_task_group to None, run_after=None
[2026-04-29T05:46:46.733+0000] {processor.py:208} INFO - Processing /home/ec2-user/environment/async-ai-inference-system/.venv/lib64/python3.9/site-packages/airflow/example_dags/example_task_group.py took 0.207 seconds
[2026-04-29T05:49:51.713+0000] {processor.py:186} INFO - Started process (PID=10159) to work on /home/ec2-user/environment/async-ai-inference-system/.venv/lib64/python3.9/site-packages/airflow/example_dags/example_task_group.py
[2026-04-29T05:49:51.714+0000] {processor.py:914} INFO - Processing file /home/ec2-user/environment/async-ai-inference-system/.venv/lib64/python3.9/site-packages/airflow/example_dags/example_task_group.py for tasks to queue
[2026-04-29T05:49:51.716+0000] {logging_mixin.py:190} INFO - [2026-04-29T05:49:51.716+0000] {dagbag.py:588} INFO - Filling up the DagBag from /home/ec2-user/environment/async-ai-inference-system/.venv/lib64/python3.9/site-packages/airflow/example_dags/example_task_group.py
[2026-04-29T05:49:51.727+0000] {processor.py:925} INFO - DAG(s) 'example_task_group' retrieved from /home/ec2-user/environment/async-ai-inference-system/.venv/lib64/python3.9/site-packages/airflow/example_dags/example_task_group.py
[2026-04-29T05:49:51.747+0000] {logging_mixin.py:190} INFO - [2026-04-29T05:49:51.747+0000] {dag.py:3239} INFO - Sync 1 DAGs
[2026-04-29T05:49:51.757+0000] {logging_mixin.py:190} INFO - [2026-04-29T05:49:51.757+0000] {dag.py:4180} INFO - Setting next_dagrun for example_task_group to None, run_after=None
[2026-04-29T05:49:51.776+0000] {processor.py:208} INFO - Processing /home/ec2-user/environment/async-ai-inference-system/.venv/lib64/python3.9/site-packages/airflow/example_dags/example_task_group.py took 0.068 seconds
[2026-04-29T05:50:50.630+0000] {processor.py:186} INFO - Started process (PID=10342) to work on /home/ec2-user/environment/async-ai-inference-system/.venv/lib64/python3.9/site-packages/airflow/example_dags/example_task_group.py
[2026-04-29T05:50:50.631+0000] {processor.py:914} INFO - Processing file /home/ec2-user/environment/async-ai-inference-system/.venv/lib64/python3.9/site-packages/airflow/example_dags/example_task_group.py for tasks to queue
[2026-04-29T05:50:50.633+0000] {logging_mixin.py:190} INFO - [2026-04-29T05:50:50.633+0000] {dagbag.py:588} INFO - Filling up the DagBag from /home/ec2-user/environment/async-ai-inference-system/.venv/lib64/python3.9/site-packages/airflow/example_dags/example_task_group.py
[2026-04-29T05:50:50.641+0000] {processor.py:925} INFO - DAG(s) 'example_task_group' retrieved from /home/ec2-user/environment/async-ai-inference-system/.venv/lib64/python3.9/site-packages/airflow/example_dags/example_task_group.py
[2026-04-29T05:50:50.657+0000] {logging_mixin.py:190} INFO - [2026-04-29T05:50:50.657+0000] {dag.py:3239} INFO - Sync 1 DAGs
[2026-04-29T05:50:50.669+0000] {logging_mixin.py:190} INFO - [2026-04-29T05:50:50.669+0000] {dag.py:4180} INFO - Setting next_dagrun for example_task_group to None, run_after=None
[2026-04-29T05:50:50.689+0000] {processor.py:208} INFO - Processing /home/ec2-user/environment/async-ai-inference-system/.venv/lib64/python3.9/site-packages/airflow/example_dags/example_task_group.py took 0.064 seconds
[2026-04-29T05:51:49.346+0000] {processor.py:186} INFO - Started process (PID=10490) to work on /home/ec2-user/environment/async-ai-inference-system/.venv/lib64/python3.9/site-packages/airflow/example_dags/example_task_group.py
[2026-04-29T05:51:49.347+0000] {processor.py:914} INFO - Processing file /home/ec2-user/environment/async-ai-inference-system/.venv/lib64/python3.9/site-packages/airflow/example_dags/example_task_group.py for tasks to queue
[2026-04-29T05:51:49.349+0000] {logging_mixin.py:190} INFO - [2026-04-29T05:51:49.349+0000] {dagbag.py:588} INFO - Filling up the DagBag from /home/ec2-user/environment/async-ai-inference-system/.venv/lib64/python3.9/site-packages/airflow/example_dags/example_task_group.py
[2026-04-29T05:51:49.357+0000] {processor.py:925} INFO - DAG(s) 'example_task_group' retrieved from /home/ec2-user/environment/async-ai-inference-system/.venv/lib64/python3.9/site-packages/airflow/example_dags/example_task_group.py
[2026-04-29T05:51:49.373+0000] {logging_mixin.py:190} INFO - [2026-04-29T05:51:49.373+0000] {dag.py:3239} INFO - Sync 1 DAGs
[2026-04-29T05:51:49.384+0000] {logging_mixin.py:190} INFO - [2026-04-29T05:51:49.384+0000] {dag.py:4180} INFO - Setting next_dagrun for example_task_group to None, run_after=None
[2026-04-29T05:51:49.402+0000] {processor.py:208} INFO - Processing /home/ec2-user/environment/async-ai-inference-system/.venv/lib64/python3.9/site-packages/airflow/example_dags/example_task_group.py took 0.062 seconds
