[2026-04-29T05:46:59.959+0000] {processor.py:186} INFO - Started process (PID=9922) to work on /home/ec2-user/environment/async-ai-inference-system/.venv/lib64/python3.9/site-packages/airflow/example_dags/tutorial_taskflow_api.py
[2026-04-29T05:46:59.959+0000] {processor.py:914} INFO - Processing file /home/ec2-user/environment/async-ai-inference-system/.venv/lib64/python3.9/site-packages/airflow/example_dags/tutorial_taskflow_api.py for tasks to queue
[2026-04-29T05:46:59.961+0000] {logging_mixin.py:190} INFO - [2026-04-29T05:46:59.961+0000] {dagbag.py:588} INFO - Filling up the DagBag from /home/ec2-user/environment/async-ai-inference-system/.venv/lib64/python3.9/site-packages/airflow/example_dags/tutorial_taskflow_api.py
[2026-04-29T05:46:59.969+0000] {processor.py:925} INFO - DAG(s) 'tutorial_taskflow_api' retrieved from /home/ec2-user/environment/async-ai-inference-system/.venv/lib64/python3.9/site-packages/airflow/example_dags/tutorial_taskflow_api.py
[2026-04-29T05:47:00.062+0000] {logging_mixin.py:190} INFO - [2026-04-29T05:47:00.061+0000] {override.py:1900} INFO - Created Permission View: can read on DAG:tutorial_taskflow_api
[2026-04-29T05:47:00.073+0000] {logging_mixin.py:190} INFO - [2026-04-29T05:47:00.072+0000] {override.py:1900} INFO - Created Permission View: can edit on DAG:tutorial_taskflow_api
[2026-04-29T05:47:00.081+0000] {logging_mixin.py:190} INFO - [2026-04-29T05:47:00.081+0000] {override.py:1900} INFO - Created Permission View: can delete on DAG:tutorial_taskflow_api
[2026-04-29T05:47:00.095+0000] {logging_mixin.py:190} INFO - [2026-04-29T05:47:00.094+0000] {override.py:1900} INFO - Created Permission View: can create on DAG Run:tutorial_taskflow_api
[2026-04-29T05:47:00.103+0000] {logging_mixin.py:190} INFO - [2026-04-29T05:47:00.103+0000] {override.py:1900} INFO - Created Permission View: can read on DAG Run:tutorial_taskflow_api
[2026-04-29T05:47:00.112+0000] {logging_mixin.py:190} INFO - [2026-04-29T05:47:00.112+0000] {override.py:1900} INFO - Created Permission View: menu access on DAG Run:tutorial_taskflow_api
[2026-04-29T05:47:00.121+0000] {logging_mixin.py:190} INFO - [2026-04-29T05:47:00.121+0000] {override.py:1900} INFO - Created Permission View: can delete on DAG Run:tutorial_taskflow_api
[2026-04-29T05:47:00.121+0000] {logging_mixin.py:190} INFO - [2026-04-29T05:47:00.121+0000] {dag.py:3239} INFO - Sync 1 DAGs
[2026-04-29T05:47:00.133+0000] {logging_mixin.py:190} INFO - [2026-04-29T05:47:00.133+0000] {dag.py:3262} INFO - Creating ORM DAG for tutorial_taskflow_api
[2026-04-29T05:47:00.134+0000] {logging_mixin.py:190} INFO - [2026-04-29T05:47:00.133+0000] {dag.py:4180} INFO - Setting next_dagrun for tutorial_taskflow_api to None, run_after=None
[2026-04-29T05:47:00.275+0000] {processor.py:208} INFO - Processing /home/ec2-user/environment/async-ai-inference-system/.venv/lib64/python3.9/site-packages/airflow/example_dags/tutorial_taskflow_api.py took 0.322 seconds
[2026-04-29T05:50:03.466+0000] {processor.py:186} INFO - Started process (PID=10275) to work on /home/ec2-user/environment/async-ai-inference-system/.venv/lib64/python3.9/site-packages/airflow/example_dags/tutorial_taskflow_api.py
[2026-04-29T05:50:03.467+0000] {processor.py:914} INFO - Processing file /home/ec2-user/environment/async-ai-inference-system/.venv/lib64/python3.9/site-packages/airflow/example_dags/tutorial_taskflow_api.py for tasks to queue
[2026-04-29T05:50:03.469+0000] {logging_mixin.py:190} INFO - [2026-04-29T05:50:03.469+0000] {dagbag.py:588} INFO - Filling up the DagBag from /home/ec2-user/environment/async-ai-inference-system/.venv/lib64/python3.9/site-packages/airflow/example_dags/tutorial_taskflow_api.py
[2026-04-29T05:50:03.476+0000] {processor.py:925} INFO - DAG(s) 'tutorial_taskflow_api' retrieved from /home/ec2-user/environment/async-ai-inference-system/.venv/lib64/python3.9/site-packages/airflow/example_dags/tutorial_taskflow_api.py
[2026-04-29T05:50:03.491+0000] {logging_mixin.py:190} INFO - [2026-04-29T05:50:03.491+0000] {dag.py:3239} INFO - Sync 1 DAGs
[2026-04-29T05:50:03.503+0000] {logging_mixin.py:190} INFO - [2026-04-29T05:50:03.503+0000] {dag.py:4180} INFO - Setting next_dagrun for tutorial_taskflow_api to None, run_after=None
[2026-04-29T05:50:03.523+0000] {processor.py:208} INFO - Processing /home/ec2-user/environment/async-ai-inference-system/.venv/lib64/python3.9/site-packages/airflow/example_dags/tutorial_taskflow_api.py took 0.063 seconds
[2026-04-29T05:51:01.357+0000] {processor.py:186} INFO - Started process (PID=10363) to work on /home/ec2-user/environment/async-ai-inference-system/.venv/lib64/python3.9/site-packages/airflow/example_dags/tutorial_taskflow_api.py
[2026-04-29T05:51:01.358+0000] {processor.py:914} INFO - Processing file /home/ec2-user/environment/async-ai-inference-system/.venv/lib64/python3.9/site-packages/airflow/example_dags/tutorial_taskflow_api.py for tasks to queue
[2026-04-29T05:51:01.360+0000] {logging_mixin.py:190} INFO - [2026-04-29T05:51:01.360+0000] {dagbag.py:588} INFO - Filling up the DagBag from /home/ec2-user/environment/async-ai-inference-system/.venv/lib64/python3.9/site-packages/airflow/example_dags/tutorial_taskflow_api.py
[2026-04-29T05:51:01.367+0000] {processor.py:925} INFO - DAG(s) 'tutorial_taskflow_api' retrieved from /home/ec2-user/environment/async-ai-inference-system/.venv/lib64/python3.9/site-packages/airflow/example_dags/tutorial_taskflow_api.py
[2026-04-29T05:51:01.381+0000] {logging_mixin.py:190} INFO - [2026-04-29T05:51:01.381+0000] {dag.py:3239} INFO - Sync 1 DAGs
[2026-04-29T05:51:01.393+0000] {logging_mixin.py:190} INFO - [2026-04-29T05:51:01.392+0000] {dag.py:4180} INFO - Setting next_dagrun for tutorial_taskflow_api to None, run_after=None
[2026-04-29T05:51:01.412+0000] {processor.py:208} INFO - Processing /home/ec2-user/environment/async-ai-inference-system/.venv/lib64/python3.9/site-packages/airflow/example_dags/tutorial_taskflow_api.py took 0.061 seconds
[2026-04-29T05:51:59.602+0000] {processor.py:186} INFO - Started process (PID=10512) to work on /home/ec2-user/environment/async-ai-inference-system/.venv/lib64/python3.9/site-packages/airflow/example_dags/tutorial_taskflow_api.py
[2026-04-29T05:51:59.603+0000] {processor.py:914} INFO - Processing file /home/ec2-user/environment/async-ai-inference-system/.venv/lib64/python3.9/site-packages/airflow/example_dags/tutorial_taskflow_api.py for tasks to queue
[2026-04-29T05:51:59.605+0000] {logging_mixin.py:190} INFO - [2026-04-29T05:51:59.605+0000] {dagbag.py:588} INFO - Filling up the DagBag from /home/ec2-user/environment/async-ai-inference-system/.venv/lib64/python3.9/site-packages/airflow/example_dags/tutorial_taskflow_api.py
[2026-04-29T05:51:59.612+0000] {processor.py:925} INFO - DAG(s) 'tutorial_taskflow_api' retrieved from /home/ec2-user/environment/async-ai-inference-system/.venv/lib64/python3.9/site-packages/airflow/example_dags/tutorial_taskflow_api.py
[2026-04-29T05:51:59.626+0000] {logging_mixin.py:190} INFO - [2026-04-29T05:51:59.626+0000] {dag.py:3239} INFO - Sync 1 DAGs
[2026-04-29T05:51:59.637+0000] {logging_mixin.py:190} INFO - [2026-04-29T05:51:59.637+0000] {dag.py:4180} INFO - Setting next_dagrun for tutorial_taskflow_api to None, run_after=None
[2026-04-29T05:51:59.656+0000] {processor.py:208} INFO - Processing /home/ec2-user/environment/async-ai-inference-system/.venv/lib64/python3.9/site-packages/airflow/example_dags/tutorial_taskflow_api.py took 0.060 seconds
