[2026-04-29T05:46:58.507+0000] {processor.py:186} INFO - Started process (PID=9921) to work on /home/ec2-user/environment/async-ai-inference-system/.venv/lib64/python3.9/site-packages/airflow/example_dags/tutorial_objectstorage.py
[2026-04-29T05:46:58.508+0000] {processor.py:914} INFO - Processing file /home/ec2-user/environment/async-ai-inference-system/.venv/lib64/python3.9/site-packages/airflow/example_dags/tutorial_objectstorage.py for tasks to queue
[2026-04-29T05:46:58.510+0000] {logging_mixin.py:190} INFO - [2026-04-29T05:46:58.509+0000] {dagbag.py:588} INFO - Filling up the DagBag from /home/ec2-user/environment/async-ai-inference-system/.venv/lib64/python3.9/site-packages/airflow/example_dags/tutorial_objectstorage.py
[2026-04-29T05:46:58.518+0000] {processor.py:925} INFO - DAG(s) 'tutorial_objectstorage' retrieved from /home/ec2-user/environment/async-ai-inference-system/.venv/lib64/python3.9/site-packages/airflow/example_dags/tutorial_objectstorage.py
[2026-04-29T05:46:58.611+0000] {logging_mixin.py:190} INFO - [2026-04-29T05:46:58.611+0000] {override.py:1900} INFO - Created Permission View: can read on DAG:tutorial_objectstorage
[2026-04-29T05:46:58.622+0000] {logging_mixin.py:190} INFO - [2026-04-29T05:46:58.622+0000] {override.py:1900} INFO - Created Permission View: can edit on DAG:tutorial_objectstorage
[2026-04-29T05:46:58.631+0000] {logging_mixin.py:190} INFO - [2026-04-29T05:46:58.631+0000] {override.py:1900} INFO - Created Permission View: can delete on DAG:tutorial_objectstorage
[2026-04-29T05:46:58.644+0000] {logging_mixin.py:190} INFO - [2026-04-29T05:46:58.644+0000] {override.py:1900} INFO - Created Permission View: can create on DAG Run:tutorial_objectstorage
[2026-04-29T05:46:58.653+0000] {logging_mixin.py:190} INFO - [2026-04-29T05:46:58.652+0000] {override.py:1900} INFO - Created Permission View: can read on DAG Run:tutorial_objectstorage
[2026-04-29T05:46:58.661+0000] {logging_mixin.py:190} INFO - [2026-04-29T05:46:58.660+0000] {override.py:1900} INFO - Created Permission View: menu access on DAG Run:tutorial_objectstorage
[2026-04-29T05:46:58.669+0000] {logging_mixin.py:190} INFO - [2026-04-29T05:46:58.669+0000] {override.py:1900} INFO - Created Permission View: can delete on DAG Run:tutorial_objectstorage
[2026-04-29T05:46:58.669+0000] {logging_mixin.py:190} INFO - [2026-04-29T05:46:58.669+0000] {dag.py:3239} INFO - Sync 1 DAGs
[2026-04-29T05:46:58.681+0000] {logging_mixin.py:190} INFO - [2026-04-29T05:46:58.681+0000] {dag.py:3262} INFO - Creating ORM DAG for tutorial_objectstorage
[2026-04-29T05:46:58.682+0000] {logging_mixin.py:190} INFO - [2026-04-29T05:46:58.681+0000] {dag.py:4180} INFO - Setting next_dagrun for tutorial_objectstorage to None, run_after=None
[2026-04-29T05:46:58.826+0000] {processor.py:208} INFO - Processing /home/ec2-user/environment/async-ai-inference-system/.venv/lib64/python3.9/site-packages/airflow/example_dags/tutorial_objectstorage.py took 0.324 seconds
[2026-04-29T05:50:02.326+0000] {processor.py:186} INFO - Started process (PID=10274) to work on /home/ec2-user/environment/async-ai-inference-system/.venv/lib64/python3.9/site-packages/airflow/example_dags/tutorial_objectstorage.py
[2026-04-29T05:50:02.328+0000] {processor.py:914} INFO - Processing file /home/ec2-user/environment/async-ai-inference-system/.venv/lib64/python3.9/site-packages/airflow/example_dags/tutorial_objectstorage.py for tasks to queue
[2026-04-29T05:50:02.330+0000] {logging_mixin.py:190} INFO - [2026-04-29T05:50:02.329+0000] {dagbag.py:588} INFO - Filling up the DagBag from /home/ec2-user/environment/async-ai-inference-system/.venv/lib64/python3.9/site-packages/airflow/example_dags/tutorial_objectstorage.py
[2026-04-29T05:50:02.338+0000] {processor.py:925} INFO - DAG(s) 'tutorial_objectstorage' retrieved from /home/ec2-user/environment/async-ai-inference-system/.venv/lib64/python3.9/site-packages/airflow/example_dags/tutorial_objectstorage.py
[2026-04-29T05:50:02.353+0000] {logging_mixin.py:190} INFO - [2026-04-29T05:50:02.353+0000] {dag.py:3239} INFO - Sync 1 DAGs
[2026-04-29T05:50:02.364+0000] {logging_mixin.py:190} INFO - [2026-04-29T05:50:02.364+0000] {dag.py:4180} INFO - Setting next_dagrun for tutorial_objectstorage to None, run_after=None
[2026-04-29T05:50:02.385+0000] {processor.py:208} INFO - Processing /home/ec2-user/environment/async-ai-inference-system/.venv/lib64/python3.9/site-packages/airflow/example_dags/tutorial_objectstorage.py took 0.064 seconds
[2026-04-29T05:51:00.772+0000] {processor.py:186} INFO - Started process (PID=10362) to work on /home/ec2-user/environment/async-ai-inference-system/.venv/lib64/python3.9/site-packages/airflow/example_dags/tutorial_objectstorage.py
[2026-04-29T05:51:00.773+0000] {processor.py:914} INFO - Processing file /home/ec2-user/environment/async-ai-inference-system/.venv/lib64/python3.9/site-packages/airflow/example_dags/tutorial_objectstorage.py for tasks to queue
[2026-04-29T05:51:00.775+0000] {logging_mixin.py:190} INFO - [2026-04-29T05:51:00.775+0000] {dagbag.py:588} INFO - Filling up the DagBag from /home/ec2-user/environment/async-ai-inference-system/.venv/lib64/python3.9/site-packages/airflow/example_dags/tutorial_objectstorage.py
[2026-04-29T05:51:00.784+0000] {processor.py:925} INFO - DAG(s) 'tutorial_objectstorage' retrieved from /home/ec2-user/environment/async-ai-inference-system/.venv/lib64/python3.9/site-packages/airflow/example_dags/tutorial_objectstorage.py
[2026-04-29T05:51:00.797+0000] {logging_mixin.py:190} INFO - [2026-04-29T05:51:00.797+0000] {dag.py:3239} INFO - Sync 1 DAGs
[2026-04-29T05:51:00.809+0000] {logging_mixin.py:190} INFO - [2026-04-29T05:51:00.808+0000] {dag.py:4180} INFO - Setting next_dagrun for tutorial_objectstorage to None, run_after=None
[2026-04-29T05:51:00.828+0000] {processor.py:208} INFO - Processing /home/ec2-user/environment/async-ai-inference-system/.venv/lib64/python3.9/site-packages/airflow/example_dags/tutorial_objectstorage.py took 0.061 seconds
[2026-04-29T05:51:58.453+0000] {processor.py:186} INFO - Started process (PID=10511) to work on /home/ec2-user/environment/async-ai-inference-system/.venv/lib64/python3.9/site-packages/airflow/example_dags/tutorial_objectstorage.py
[2026-04-29T05:51:58.454+0000] {processor.py:914} INFO - Processing file /home/ec2-user/environment/async-ai-inference-system/.venv/lib64/python3.9/site-packages/airflow/example_dags/tutorial_objectstorage.py for tasks to queue
[2026-04-29T05:51:58.456+0000] {logging_mixin.py:190} INFO - [2026-04-29T05:51:58.455+0000] {dagbag.py:588} INFO - Filling up the DagBag from /home/ec2-user/environment/async-ai-inference-system/.venv/lib64/python3.9/site-packages/airflow/example_dags/tutorial_objectstorage.py
[2026-04-29T05:51:58.464+0000] {processor.py:925} INFO - DAG(s) 'tutorial_objectstorage' retrieved from /home/ec2-user/environment/async-ai-inference-system/.venv/lib64/python3.9/site-packages/airflow/example_dags/tutorial_objectstorage.py
[2026-04-29T05:51:58.477+0000] {logging_mixin.py:190} INFO - [2026-04-29T05:51:58.477+0000] {dag.py:3239} INFO - Sync 1 DAGs
[2026-04-29T05:51:58.489+0000] {logging_mixin.py:190} INFO - [2026-04-29T05:51:58.488+0000] {dag.py:4180} INFO - Setting next_dagrun for tutorial_objectstorage to None, run_after=None
[2026-04-29T05:51:58.508+0000] {processor.py:208} INFO - Processing /home/ec2-user/environment/async-ai-inference-system/.venv/lib64/python3.9/site-packages/airflow/example_dags/tutorial_objectstorage.py took 0.061 seconds
