[2026-04-29T05:47:01.400+0000] {processor.py:186} INFO - Started process (PID=9927) to work on /home/ec2-user/environment/async-ai-inference-system/.venv/lib64/python3.9/site-packages/airflow/example_dags/tutorial_taskflow_api_virtualenv.py
[2026-04-29T05:47:01.401+0000] {processor.py:914} INFO - Processing file /home/ec2-user/environment/async-ai-inference-system/.venv/lib64/python3.9/site-packages/airflow/example_dags/tutorial_taskflow_api_virtualenv.py for tasks to queue
[2026-04-29T05:47:01.403+0000] {logging_mixin.py:190} INFO - [2026-04-29T05:47:01.403+0000] {dagbag.py:588} INFO - Filling up the DagBag from /home/ec2-user/environment/async-ai-inference-system/.venv/lib64/python3.9/site-packages/airflow/example_dags/tutorial_taskflow_api_virtualenv.py
[2026-04-29T05:47:01.405+0000] {logging_mixin.py:190} INFO - [2026-04-29T05:47:01.405+0000] {tutorial_taskflow_api_virtualenv.py:29} WARNING - The tutorial_taskflow_api_virtualenv example DAG requires virtualenv, please install it.
[2026-04-29T05:47:01.405+0000] {processor.py:927} WARNING - No viable dags retrieved from /home/ec2-user/environment/async-ai-inference-system/.venv/lib64/python3.9/site-packages/airflow/example_dags/tutorial_taskflow_api_virtualenv.py
[2026-04-29T05:47:01.415+0000] {processor.py:208} INFO - Processing /home/ec2-user/environment/async-ai-inference-system/.venv/lib64/python3.9/site-packages/airflow/example_dags/tutorial_taskflow_api_virtualenv.py took 0.020 seconds
[2026-04-29T05:50:03.636+0000] {processor.py:186} INFO - Started process (PID=10276) to work on /home/ec2-user/environment/async-ai-inference-system/.venv/lib64/python3.9/site-packages/airflow/example_dags/tutorial_taskflow_api_virtualenv.py
[2026-04-29T05:50:03.637+0000] {processor.py:914} INFO - Processing file /home/ec2-user/environment/async-ai-inference-system/.venv/lib64/python3.9/site-packages/airflow/example_dags/tutorial_taskflow_api_virtualenv.py for tasks to queue
[2026-04-29T05:50:03.640+0000] {logging_mixin.py:190} INFO - [2026-04-29T05:50:03.639+0000] {dagbag.py:588} INFO - Filling up the DagBag from /home/ec2-user/environment/async-ai-inference-system/.venv/lib64/python3.9/site-packages/airflow/example_dags/tutorial_taskflow_api_virtualenv.py
[2026-04-29T05:50:03.642+0000] {logging_mixin.py:190} INFO - [2026-04-29T05:50:03.642+0000] {tutorial_taskflow_api_virtualenv.py:29} WARNING - The tutorial_taskflow_api_virtualenv example DAG requires virtualenv, please install it.
[2026-04-29T05:50:03.642+0000] {processor.py:927} WARNING - No viable dags retrieved from /home/ec2-user/environment/async-ai-inference-system/.venv/lib64/python3.9/site-packages/airflow/example_dags/tutorial_taskflow_api_virtualenv.py
[2026-04-29T05:50:03.651+0000] {processor.py:208} INFO - Processing /home/ec2-user/environment/async-ai-inference-system/.venv/lib64/python3.9/site-packages/airflow/example_dags/tutorial_taskflow_api_virtualenv.py took 0.020 seconds
[2026-04-29T05:51:02.506+0000] {processor.py:186} INFO - Started process (PID=10376) to work on /home/ec2-user/environment/async-ai-inference-system/.venv/lib64/python3.9/site-packages/airflow/example_dags/tutorial_taskflow_api_virtualenv.py
[2026-04-29T05:51:02.507+0000] {processor.py:914} INFO - Processing file /home/ec2-user/environment/async-ai-inference-system/.venv/lib64/python3.9/site-packages/airflow/example_dags/tutorial_taskflow_api_virtualenv.py for tasks to queue
[2026-04-29T05:51:02.509+0000] {logging_mixin.py:190} INFO - [2026-04-29T05:51:02.508+0000] {dagbag.py:588} INFO - Filling up the DagBag from /home/ec2-user/environment/async-ai-inference-system/.venv/lib64/python3.9/site-packages/airflow/example_dags/tutorial_taskflow_api_virtualenv.py
[2026-04-29T05:51:02.511+0000] {logging_mixin.py:190} INFO - [2026-04-29T05:51:02.511+0000] {tutorial_taskflow_api_virtualenv.py:29} WARNING - The tutorial_taskflow_api_virtualenv example DAG requires virtualenv, please install it.
[2026-04-29T05:51:02.511+0000] {processor.py:927} WARNING - No viable dags retrieved from /home/ec2-user/environment/async-ai-inference-system/.venv/lib64/python3.9/site-packages/airflow/example_dags/tutorial_taskflow_api_virtualenv.py
[2026-04-29T05:51:02.521+0000] {processor.py:208} INFO - Processing /home/ec2-user/environment/async-ai-inference-system/.venv/lib64/python3.9/site-packages/airflow/example_dags/tutorial_taskflow_api_virtualenv.py took 0.021 seconds
[2026-04-29T05:52:00.741+0000] {processor.py:186} INFO - Started process (PID=10514) to work on /home/ec2-user/environment/async-ai-inference-system/.venv/lib64/python3.9/site-packages/airflow/example_dags/tutorial_taskflow_api_virtualenv.py
[2026-04-29T05:52:00.743+0000] {processor.py:914} INFO - Processing file /home/ec2-user/environment/async-ai-inference-system/.venv/lib64/python3.9/site-packages/airflow/example_dags/tutorial_taskflow_api_virtualenv.py for tasks to queue
[2026-04-29T05:52:00.745+0000] {logging_mixin.py:190} INFO - [2026-04-29T05:52:00.744+0000] {dagbag.py:588} INFO - Filling up the DagBag from /home/ec2-user/environment/async-ai-inference-system/.venv/lib64/python3.9/site-packages/airflow/example_dags/tutorial_taskflow_api_virtualenv.py
[2026-04-29T05:52:00.747+0000] {logging_mixin.py:190} INFO - [2026-04-29T05:52:00.747+0000] {tutorial_taskflow_api_virtualenv.py:29} WARNING - The tutorial_taskflow_api_virtualenv example DAG requires virtualenv, please install it.
[2026-04-29T05:52:00.748+0000] {processor.py:927} WARNING - No viable dags retrieved from /home/ec2-user/environment/async-ai-inference-system/.venv/lib64/python3.9/site-packages/airflow/example_dags/tutorial_taskflow_api_virtualenv.py
[2026-04-29T05:52:00.756+0000] {processor.py:208} INFO - Processing /home/ec2-user/environment/async-ai-inference-system/.venv/lib64/python3.9/site-packages/airflow/example_dags/tutorial_taskflow_api_virtualenv.py took 0.021 seconds
